1        1   (0)      3  : 0.0010 0.9940 0.0010 0.0010 0.0030
2        2   (0)      3  : 0.0020 0.9790 0.0020 0.0070 0.0100
3        3   (0)      3  : 0.0010 0.9960 0.0010 0.0010 0.0010
4        4   (0)      3  : 0.0010 0.9930 0.0010 0.0020 0.0030
5        5   (0)      3  : 0.0010 0.9970 0.0000 0.0010 0.0010
6        6   (0)      3  : 0.0010 0.9930 0.0020 0.0020 0.0020
7        7   (0)      3  : 0.0010 0.9950 0.0010 0.0010 0.0020
8        8   (0)      3  : 0.0010 0.9900 0.0010 0.0010 0.0070
9        9   (0)      3  : 0.0010 0.9940 0.0010 0.0020 0.0020
10       10   (0)      3  : 0.0030 0.9740 0.0050 0.0040 0.0140
11       11   (0)      3  : 0.0020 0.9450 0.0010 0.0100 0.0420
12       12   (0)      3  : 0.0020 0.9870 0.0030 0.0030 0.0050
13       13   (0)      3  : 0.0000 0.9980 0.0000 0.0010 0.0010
14       14   (0)      3  : 0.0010 0.9910 0.0020 0.0020 0.0040
15       15   (0)      3  : 0.0010 0.9950 0.0010 0.0010 0.0020
16       16   (0)      3  : 0.0000 0.9940 0.0010 0.0010 0.0040
17       17   (0)      3  : 0.0010 0.9740 0.0010 0.0010 0.0230
18       18   (0)      3  : 0.0090 0.9600 0.0030 0.0100 0.0180
19       19   (0)      3  : 0.0010 0.9950 0.0010 0.0010 0.0020
20       20   (0)      3  : 0.0010 0.9930 0.0010 0.0020 0.0030
21       21   (0)      3  : 0.0010 0.9940 0.0010 0.0020 0.0020
22       22   (0)      3  : 0.0030 0.9750 0.0020 0.0060 0.0140
23       23   (0)      3  : 0.0010 0.9950 0.0010 0.0010 0.0020
24       24   (0)      3  : 0.0010 0.9940 0.0010 0.0010 0.0030
25       25   (0)      3  : 0.0010 0.9940 0.0010 0.0020 0.0020
26       26   (0)      3  : 0.0010 0.9960 0.0010 0.0010 0.0010
27       27   (0)      3  : 0.0010 0.9950 0.0010 0.0010 0.0020
28       28   (0)      3  : 0.0010 0.9920 0.0010 0.0020 0.0040
29       29   (0)      3  : 0.0010 0.9960 0.0010 0.0010 0.0010
30       30   (0)      3  : 0.0010 0.9960 0.0010 0.0010 0.0010
31       31   (0)      3  : 0.0030 0.9810 0.0010 0.0080 0.0070
32       32   (0)      3  : 0.0010 0.9890 0.0010 0.0030 0.0060
33       33   (0)      3  : 0.0000 0.9980 0.0000 0.0010 0.0010
34       34   (0)      3  : 0.0010 0.9960 0.0010 0.0010 0.0010
35       35   (0)      3  : 0.0010 0.9950 0.0010 0.0010 0.0020
36       36   (0)      5  : 0.0060 0.0950 0.0170 0.8230 0.0590
37       37   (0)      5  : 0.0110 0.0020 0.0020 0.9760 0.0090
38       38   (0)      6  : 0.0030 0.0050 0.0010 0.0020 0.9890
39       39   (0)      6  : 0.0010 0.4044 0.0100 0.5766 0.0080
40       40   (0)      6  : 0.0120 0.4825 0.0120 0.4715 0.0220
41       41   (0)      6  : 0.0050 0.0040 0.0040 0.1770 0.8100
42       42   (0)      6  : 0.0210 0.0100 0.0020 0.1000 0.8670
43       43   (0)      5  : 0.0150 0.0010 0.0050 0.9770 0.0020
44       44   (0)      5  : 0.0130 0.0200 0.0020 0.0699 0.8951
45       45   (0)      5  : 0.0160 0.0010 0.0340 0.9469 0.0020
46       46   (0)      5  : 0.0240 0.0030 0.0040 0.9670 0.0020
47       47   (0)      5  : 0.0050 0.0170 0.0040 0.8540 0.1200
48       48   (0)      5  : 0.0040 0.2680 0.0040 0.7020 0.0220
49       49   (0)      5  : 0.0370 0.0090 0.0070 0.2540 0.6930
50       50   (0)      5  : 0.3023 0.0030 0.0020 0.6897 0.0030
51       51   (0)      5  : 0.0100 0.0020 0.0070 0.9760 0.0050
52       52   (0)      6  : 0.0020 0.0691 0.0010 0.0050 0.9229
53       53   (0)      6  : 0.0200 0.1189 0.0250 0.0490 0.7872
54       54   (0)      6  : 0.0090 0.0170 0.0040 0.0100 0.9600
55       55   (0)      6  : 0.2190 0.0040 0.0080 0.0370 0.7320
56       56   (0)      6  : 0.0010 0.0290 0.0010 0.0010 0.9680
57       57   (0)      6  : 0.0050 0.0480 0.0020 0.0360 0.9091
58       58   (0)      6  : 0.0080 0.0070 0.0110 0.0040 0.9700
59       59   (0)      6  : 0.2440 0.2290 0.0100 0.1590 0.3580
60       60   (0)      6  : 0.0010 0.0030 0.0020 0.0020 0.9920
61       61   (0)      6  : 0.0010 0.0050 0.0010 0.0020 0.9910
62       62   (0)      6  : 0.0030 0.0060 0.0020 0.0080 0.9810
63       63   (0)      6  : 0.0020 0.0050 0.0030 0.0020 0.9880
64       64   (0)      6  : 0.0040 0.4390 0.0190 0.0020 0.5360
65       65   (0)      6  : 0.0050 0.3860 0.0070 0.0170 0.5850
66       66   (0)      6  : 0.0020 0.5856 0.0010 0.4034 0.0080
67       67   (0)      6  : 0.0090 0.5400 0.0020 0.3260 0.1230
68       68   (0)      6  : 0.0010 0.0040 0.0010 0.0030 0.9910
69       69   (0)      6  : 0.0050 0.5610 0.0040 0.2660 0.1640
70       70   (0)      6  : 0.0010 0.0100 0.0010 0.0010 0.9870
71       71   (0)      6  : 0.0010 0.0070 0.0010 0.0020 0.9890
72       72   (0)      6  : 0.0010 0.0020 0.0010 0.0030 0.9930
73       73   (0)      6  : 0.0060 0.0120 0.0050 0.0030 0.9740
74       74   (0)      6  : 0.0080 0.0180 0.0110 0.0300 0.9329
75       75   (0)      6  : 0.0080 0.0480 0.0030 0.0100 0.9310
76       76   (0)      6  : 0.0500 0.0050 0.0060 0.0440 0.8950
77       77   (0)      6  : 0.0170 0.0020 0.0680 0.0070 0.9060
78       78   (0)      6  : 0.0020 0.0220 0.0050 0.0040 0.9670
79       79   (0)      6  : 0.0120 0.0050 0.0150 0.0270 0.9409
80       80   (0)      6  : 0.0020 0.0120 0.0010 0.0030 0.9820
81       81   (0)      6  : 0.0030 0.0100 0.0020 0.0040 0.9810
82       82   (0)      6  : 0.0280 0.0410 0.0050 0.0200 0.9060
83       83   (0)      6  : 0.0030 0.0030 0.0040 0.0010 0.9890
84       84   (0)      6  : 0.0020 0.0070 0.0020 0.0020 0.9870
85       85   (0)      6  : 0.0010 0.0050 0.0010 0.0010 0.9920
86       86   (0)      6  : 0.0460 0.0380 0.0589 0.3357 0.5215
87       87   (0)      6  : 0.0040 0.0571 0.0190 0.0050 0.9149
88       88   (0)      5  : 0.0070 0.0010 0.0020 0.9880 0.0020
89       89   (0)      5  : 0.0070 0.0020 0.0040 0.9850 0.0020
90       90   (0)      5  : 0.0050 0.0010 0.0010 0.9920 0.0010
91       91   (0)      5  : 0.0120 0.0070 0.0060 0.5150 0.4600
92       92   (0)      5  : 0.0020 0.0010 0.0020 0.9920 0.0030
93       93   (0)      5  : 0.1011 0.0010 0.0020 0.8949 0.0010
94       94   (2)      1  : 0.7542 0.0060 0.2258 0.0040 0.0100
95       95   (3)      1  : 0.9890 0.0020 0.0030 0.0020 0.0040
96       96   (2)      1  : 0.9900 0.0020 0.0020 0.0030 0.0030
97       97   (0)      1  : 0.9650 0.0020 0.0290 0.0030 0.0010
98       98   (1)      1  : 0.8418 0.0430 0.1061 0.0020 0.0070
99       99   (6)      1  : 0.9920 0.0030 0.0010 0.0020 0.0020
100      100  (11)      1  : 0.9850 0.0030 0.0060 0.0030 0.0030
101      101   (3)      1  : 0.9800 0.0030 0.0130 0.0020 0.0020
102      102   (2)      1  : 0.8870 0.0160 0.0680 0.0140 0.0150
103      103   (5)      1  : 0.8800 0.0030 0.1130 0.0010 0.0030
104      104   (1)      1  : 0.9890 0.0010 0.0080 0.0010 0.0010
105      105   (0)      1  : 0.7120 0.0020 0.2610 0.0150 0.0100
106      106   (1)      1  : 0.9850 0.0050 0.0040 0.0030 0.0030
107      107   (6)      1  : 0.9830 0.0050 0.0030 0.0040 0.0050
108      108   (1)      1  : 0.9710 0.0040 0.0050 0.0110 0.0090
109      109  (18)      1  : 0.9150 0.0010 0.0780 0.0020 0.0040
110      110   (2)      1  : 0.9560 0.0070 0.0280 0.0020 0.0070
111      111   (1)      1  : 0.9910 0.0020 0.0030 0.0020 0.0020
112      112   (2)      1  : 0.9320 0.0010 0.0640 0.0020 0.0010
113      113   (2)      1  : 0.9820 0.0020 0.0130 0.0020 0.0010
114      114   (3)      1  : 0.9580 0.0080 0.0280 0.0040 0.0020
115      115   (2)      1  : 0.9910 0.0020 0.0040 0.0020 0.0010
116      116   (1)      1  : 0.9890 0.0010 0.0080 0.0010 0.0010
117      117   (1)      1  : 0.9750 0.0020 0.0190 0.0020 0.0020
118      118   (3)      1  : 0.8570 0.0070 0.1230 0.0090 0.0040
119      119   (2)      1  : 0.8980 0.0220 0.0130 0.0430 0.0240
120      120   (3)      1  : 0.9910 0.0020 0.0040 0.0020 0.0010
121      121   (0)      1  : 0.9740 0.0030 0.0140 0.0040 0.0050
122      122   (1)      1  : 0.9460 0.0290 0.0110 0.0050 0.0090
123      123   (3)      1  : 0.9480 0.0020 0.0430 0.0020 0.0050
124      124   (3)      1  : 0.9459 0.0020 0.0490 0.0020 0.0010
125      125   (2)      1  : 0.9820 0.0010 0.0140 0.0010 0.0020
126      126   (3)      1  : 0.9411 0.0120 0.0390 0.0040 0.0040
127      127   (1)      1  : 0.9720 0.0050 0.0140 0.0040 0.0050
128      128   (5)      1  : 0.9960 0.0010 0.0010 0.0010 0.0010
129      129   (1)      1  : 0.9810 0.0010 0.0150 0.0020 0.0010
130      130   (5)      1  : 0.9840 0.0030 0.0080 0.0030 0.0020
131      131  (10)      1  : 0.9490 0.0090 0.0300 0.0020 0.0100
132      132   (2)      1  : 0.9670 0.0100 0.0110 0.0060 0.0060
133      133   (4)      1  : 0.9890 0.0020 0.0040 0.0030 0.0020
134      134   (2)      1  : 0.8721 0.0669 0.0310 0.0020 0.0280
135      135  (18)      1  : 0.9900 0.0010 0.0060 0.0010 0.0020
136      136   (3)      1  : 0.9830 0.0020 0.0130 0.0010 0.0010
137      137   (0)      1  : 0.0150 0.1700 0.0080 0.1060 0.7010
138      138   (6)      1  : 0.0030 0.0490 0.0420 0.0960 0.8100
139      139  (17)      2  : 0.9600 0.0030 0.0020 0.0320 0.0030
140      140   (2)      2  : 0.9950 0.0010 0.0010 0.0020 0.0010
141      141   (3)      2  : 0.9930 0.0000 0.0020 0.0040 0.0010
142      142   (0)      2  : 0.9830 0.0010 0.0020 0.0120 0.0020
143      143   (4)      2  : 0.9720 0.0030 0.0030 0.0130 0.0090
144      144   (1)      2  : 0.9590 0.0030 0.0020 0.0310 0.0050
145      145   (8)      2  : 0.9870 0.0010 0.0030 0.0070 0.0020
146      146   (4)      2  : 0.9900 0.0010 0.0010 0.0070 0.0010
147      147   (1)      2  : 0.9920 0.0020 0.0010 0.0030 0.0020
148      148  (17)      2  : 0.9920 0.0020 0.0010 0.0040 0.0010
149      149   (8)      2  : 0.9860 0.0010 0.0020 0.0070 0.0040
150      150   (3)      2  : 0.9700 0.0050 0.0030 0.0140 0.0080
151      151   (0)      2  : 0.9920 0.0010 0.0020 0.0030 0.0020
152      152   (0)      2  : 0.9920 0.0010 0.0030 0.0030 0.0010
153      153   (3)      2  : 0.9910 0.0010 0.0020 0.0050 0.0010
154      154   (1)      2  : 0.9830 0.0010 0.0030 0.0120 0.0010
155      155   (1)      2  : 0.9860 0.0010 0.0010 0.0090 0.0030
156      156  (15)      2  : 0.9760 0.0030 0.0030 0.0140 0.0040
157      157   (3)      2  : 0.9820 0.0010 0.0020 0.0130 0.0020
158      158   (2)      2  : 0.8470 0.0020 0.0020 0.1450 0.0040
159      159   (7)      2  : 0.9760 0.0020 0.0020 0.0140 0.0060
160      160   (4)      2  : 0.9710 0.0030 0.0010 0.0090 0.0160
161      161   (1)      2  : 0.9880 0.0020 0.0020 0.0070 0.0010
162      162  (14)      2  : 0.9930 0.0010 0.0020 0.0030 0.0010
163      163  (15)      2  : 0.9770 0.0040 0.0020 0.0110 0.0060
164      164  (11)      2  : 0.9940 0.0010 0.0010 0.0030 0.0010
165      165   (1)      2  : 0.9860 0.0020 0.0010 0.0090 0.0020
166      166   (8)      2  : 0.9530 0.0040 0.0020 0.0240 0.0170
167      167   (6)      2  : 0.8839 0.0020 0.0070 0.1051 0.0020
168      168   (3)      2  : 0.9179 0.0050 0.0220 0.0140 0.0410
169      169   (6)      2  : 0.9570 0.0010 0.0260 0.0120 0.0040
170      170   (4)      2  : 0.9680 0.0010 0.0020 0.0280 0.0010
171      171   (2)      2  : 0.9560 0.0070 0.0020 0.0240 0.0110
172      172   (6)      2  : 0.9099 0.0020 0.0170 0.0681 0.0030
173      173   (1)      2  : 0.9850 0.0010 0.0030 0.0100 0.0010
174      174   (3)      2  : 0.9840 0.0010 0.0040 0.0090 0.0020
175      175   (2)      2  : 0.9930 0.0010 0.0020 0.0020 0.0020
176      176   (4)      2  : 0.9900 0.0010 0.0040 0.0030 0.0020
177      177   (2)      2  : 0.9590 0.0010 0.0290 0.0090 0.0020
178      178   (3)      2  : 0.9940 0.0010 0.0010 0.0020 0.0020
179      179   (1)      2  : 0.9930 0.0010 0.0010 0.0030 0.0020
180      180   (7)      2  : 0.9890 0.0010 0.0020 0.0070 0.0010
181      181   (0)      2  : 0.9920 0.0020 0.0010 0.0030 0.0020
182      182   (0)      7  : 0.0040 0.0020 0.0030 0.9880 0.0030
183      183   (0)      7  : 0.0380 0.0040 0.0040 0.9430 0.0110
184      184   (1)      7  : 0.0090 0.0040 0.0160 0.9650 0.0060
185      185   (0)      7  : 0.0070 0.0060 0.0020 0.9760 0.0090
186      186   (2)      7  : 0.0060 0.0070 0.0230 0.9530 0.0110
187      187   (0)      7  : 0.0110 0.0120 0.0040 0.9690 0.0040
188      188   (1)      7  : 0.0030 0.0020 0.0010 0.9900 0.0040
189      189   (1)      7  : 0.0140 0.0030 0.0030 0.9010 0.0790
190      190   (0)      7  : 0.0040 0.0020 0.0040 0.9870 0.0030
191      191   (0)      7  : 0.0030 0.0030 0.0020 0.9890 0.0030
192      192   (2)      7  : 0.0180 0.0020 0.1728 0.7922 0.0150
193      193   (1)      7  : 0.0250 0.0050 0.0060 0.9620 0.0020
194      194   (1)      7  : 0.0030 0.0150 0.0080 0.9570 0.0170
195      195   (0)      7  : 0.0310 0.0020 0.0120 0.9530 0.0020
196      196   (0)      7  : 0.0050 0.0030 0.0020 0.9860 0.0040
197      197   (1)      7  : 0.0040 0.0080 0.0040 0.9780 0.0060
198      198   (1)      7  : 0.0020 0.0020 0.0020 0.9900 0.0040
199      199   (0)      7  : 0.0030 0.0110 0.0010 0.9760 0.0090
200      200   (0)      7  : 0.0460 0.0060 0.1668 0.7742 0.0070
201      201   (1)      7  : 0.2320 0.0020 0.0020 0.7610 0.0030
202      202   (0)      7  : 0.0010 0.0010 0.0010 0.9950 0.0020
203      203   (1)      7  : 0.0060 0.0030 0.0050 0.9830 0.0030
204      204   (1)      7  : 0.3670 0.0650 0.0060 0.5330 0.0290
205      205   (0)      7  : 0.0090 0.0110 0.0040 0.9690 0.0070
206      206   (2)      7  : 0.1060 0.0030 0.0180 0.8710 0.0020
207      207   (2)      7  : 0.0020 0.0310 0.0020 0.9510 0.0140
208      208   (2)      7  : 0.0150 0.0070 0.0250 0.8990 0.0540
209      209   (0)      7  : 0.0110 0.0730 0.0020 0.9020 0.0120
210      210   (1)      7  : 0.0050 0.0050 0.0030 0.9810 0.0060
211      211   (0)      7  : 0.0040 0.0040 0.0040 0.9870 0.0010
212      212  (10)      7  : 0.0060 0.0030 0.0030 0.9840 0.0040
213      213   (1)      7  : 0.0040 0.0030 0.0010 0.9850 0.0070
214      214   (0)      7  : 0.0090 0.0040 0.0040 0.9710 0.0120
215      215   (2)      7  : 0.3313 0.0030 0.1612 0.5025 0.0020
216      216   (1)      4  : 0.0010 0.0010 0.9960 0.0010 0.0010
217      217   (1)      4  : 0.0010 0.0030 0.9900 0.0020 0.0040
218      218   (1)      4  : 0.0010 0.0010 0.9960 0.0010 0.0010
219      219   (1)      4  : 0.0010 0.0010 0.9960 0.0010 0.0010
220      220   (1)      4  : 0.2777 0.0020 0.7023 0.0160 0.0020
221      221   (1)      4  : 0.0020 0.0020 0.9920 0.0020 0.0020
222      222  (10)      4  : 0.0070 0.0020 0.9840 0.0030 0.0040
223      223   (2)      4  : 0.0020 0.0010 0.9950 0.0010 0.0010
224      224   (0)      4  : 0.0030 0.0020 0.9920 0.0020 0.0010
225      225   (2)      4  : 0.0010 0.0010 0.9960 0.0010 0.0010
226      226   (0)      4  : 0.0010 0.0010 0.9960 0.0010 0.0010
