  1        1   (0)      3 :  0.0017 0.0020 0.0018 0.9945 
  2        2   (0)      3 :  0.0034 0.0037 0.0066 0.9863 
  3        3   (0)      3 :  0.0011 0.0012 0.0017 0.9960 
  4        4   (0)      3 :  0.0013 0.0016 0.0022 0.9949 
  5        5   (0)      3 :  0.0011 0.0010 0.0012 0.9967 
  6        6   (0)      3 :  0.0022 0.0021 0.0027 0.9930 
  7        7   (0)      3 :  0.0013 0.0012 0.0018 0.9957 
  8        8   (0)      3 :  0.0011 0.0020 0.0015 0.9954 
  9        9   (0)      3 :  0.0013 0.0014 0.0017 0.9956 
 10       10   (0)      3 :  0.0054 0.0035 0.0064 0.9847 
 11       11   (0)      3 :  0.0017 0.0040 0.0050 0.9893 
 12       12   (0)      3 :  0.0030 0.0027 0.0042 0.9901 
 13       13   (0)      3 :  0.0009 0.0011 0.0011 0.9969 
 14       14   (0)      3 :  0.0016 0.0016 0.0015 0.9953 
 15       15   (0)      3 :  0.0018 0.0014 0.0019 0.9949 
 16       16   (0)      3 :  0.0009 0.0011 0.0013 0.9967 
 17       17   (0)      3 :  0.0010 0.0027 0.0012 0.9951 
 18       18   (0)      3 :  0.0114 0.0120 0.0117 0.9649 
 19       19   (0)      3 :  0.0011 0.0010 0.0011 0.9968 
 20       20   (0)      3 :  0.0015 0.0014 0.0015 0.9956 
 21       21   (0)      3 :  0.0017 0.0019 0.0029 0.9935 
 22       22   (0)      3 :  0.0023 0.0033 0.0037 0.9907 
 23       23   (0)      3 :  0.0011 0.0011 0.0012 0.9966 
 24       24   (0)      3 :  0.0013 0.0012 0.0012 0.9963 
 25       25   (0)      3 :  0.0029 0.0028 0.0030 0.9913 
 26       26   (0)      3 :  0.0019 0.0021 0.0028 0.9932 
 27       27   (0)      3 :  0.0011 0.0012 0.0015 0.9962 
 28       28   (0)      3 :  0.0031 0.0016 0.0019 0.9934 
 29       29   (0)      3 :  0.0011 0.0012 0.0014 0.9963 
 30       30   (0)      3 :  0.0012 0.0011 0.0011 0.9966 
 31       31   (0)      3 :  0.0023 0.0033 0.0047 0.9897 
 32       32   (0)      3 :  0.0018 0.0017 0.0031 0.9934 
 33       33   (0)      3 :  0.0009 0.0013 0.0011 0.9967 
 34       34   (0)      3 :  0.0012 0.0011 0.0011 0.9966 
 35       35   (0)      3 :  0.0016 0.0012 0.0014 0.9958 
 36       36   (0)      5 :  0.0393 0.0572 0.7350 0.1685 
 37       37   (0)      5 :  0.0049 0.0824 0.8712 0.0415 
 38       38   (0)      6 :  0.0115 0.3082 0.0204 0.6599 
 39       39   (0)      6 :  0.0077 0.0327 0.5093 0.4503 
 40       40   (0)      6 :  0.0344 0.0278 0.4032 0.5346 
 41       41   (0)      6 :  0.0064 0.1063 0.4812 0.4061 
 42       42   (0)      6 :  0.0223 0.1304 0.3958 0.4515 
 43       43   (0)      5 :  0.0066 0.1300 0.8408 0.0226 
 44       44   (0)      5 :  0.0132 0.1338 0.3873 0.4657 
 45       45   (0)      5 :  0.0148 0.0928 0.8703 0.0221 
 46       46   (0)      5 :  0.0166 0.0706 0.8765 0.0363 
 47       47   (0)      5 :  0.0050 0.0782 0.8033 0.1135 
 48       48   (0)      5 :  0.0076 0.0533 0.6218 0.3173 
 49       49   (0)      5 :  0.0073 0.1207 0.4884 0.3836 
 50       50   (0)      5 :  0.1014 0.1249 0.7459 0.0278 
 51       51   (0)      5 :  0.0129 0.0690 0.8781 0.0400 
 52       52   (0)      6 :  0.0047 0.1146 0.3230 0.5577 
 53       53   (0)      6 :  0.0053 0.2648 0.1683 0.5617 
 54       54   (0)      6 :  0.0986 0.1373 0.1831 0.5810 
 55       55   (0)      6 :  0.2352 0.1018 0.3052 0.3578 
 56       56   (0)      6 :  0.0152 0.1208 0.1420 0.7220 
 57       57   (0)      6 :  0.0073 0.1346 0.3516 0.5065 
 58       58   (0)      6 :  0.1718 0.1759 0.0685 0.5838 
 59       59   (0)      6 :  0.1667 0.0774 0.3447 0.4113 
 60       60   (0)      6 :  0.0101 0.1249 0.3145 0.5505 
 61       61   (0)      6 :  0.0055 0.1256 0.3096 0.5593 
 62       62   (0)      6 :  0.0036 0.1449 0.3649 0.4866 
 63       63   (0)      6 :  0.0573 0.1184 0.2982 0.5261 
 64       64   (0)      6 :  0.0404 0.1806 0.0165 0.7625 
 65       65   (0)      6 :  0.0416 0.0730 0.2116 0.6737 
 66       66   (0)      6 :  0.0028 0.0338 0.3280 0.6354 
 67       67   (0)      6 :  0.0108 0.0606 0.3101 0.6185 
 68       68   (0)      6 :  0.0038 0.1584 0.2795 0.5583 
 69       69   (0)      6 :  0.0049 0.0668 0.2550 0.6732 
 70       70   (0)      6 :  0.0229 0.2622 0.0733 0.6416 
 71       71   (0)      6 :  0.0056 0.1456 0.1605 0.6883 
 72       72   (0)      6 :  0.0031 0.1304 0.3102 0.5563 
 73       73   (0)      6 :  0.2017 0.1573 0.0240 0.6170 
 74       74   (0)      6 :  0.0081 0.1487 0.3369 0.5063 
 75       75   (0)      6 :  0.0217 0.1095 0.3905 0.4782 
 76       76   (0)      6 :  0.0145 0.2944 0.2199 0.4712 
 77       77   (0)      6 :  0.0646 0.3390 0.0522 0.5442 
 78       78   (0)      6 :  0.0095 0.2308 0.1373 0.6224 
 79       79   (0)      6 :  0.0046 0.3825 0.0517 0.5612 
 80       80   (0)      6 :  0.0118 0.3035 0.0714 0.6133 
 81       81   (0)      6 :  0.0550 0.1226 0.3234 0.4990 
 82       82   (0)      6 :  0.0140 0.2633 0.1911 0.5316 
 83       83   (0)      6 :  0.0117 0.3063 0.0616 0.6204 
 84       84   (0)      6 :  0.0103 0.2952 0.0355 0.6590 
 85       85   (0)      6 :  0.0026 0.1201 0.2962 0.5811 
 86       86   (0)      6 :  0.0865 0.0942 0.4763 0.3430 
 87       87   (0)      6 :  0.0684 0.1643 0.1917 0.5756 
 88       88   (0)      5 :  0.0060 0.1359 0.8356 0.0225 
 89       89   (0)      5 :  0.0093 0.0853 0.8674 0.0380 
 90       90   (0)      5 :  0.0031 0.0687 0.8903 0.0379 
 91       91   (0)      5 :  0.0322 0.0715 0.6077 0.2886 
 92       92   (0)      5 :  0.0028 0.0659 0.8924 0.0389 
 93       93   (0)      5 :  0.0286 0.1579 0.7905 0.0230 
 94       94   (2)      1 :  0.9734 0.0055 0.0150 0.0061 
 95       95   (3)      1 :  0.9894 0.0047 0.0033 0.0026 
 96       96   (2)      1 :  0.9890 0.0048 0.0042 0.0020 
 97       97   (0)      1 :  0.9865 0.0084 0.0037 0.0014 
 98       98   (1)      1 :  0.9589 0.0078 0.0088 0.0245 
 99       99   (6)      1 :  0.9738 0.0194 0.0037 0.0031 
100      100  (11)      1 :  0.9863 0.0048 0.0058 0.0031 
101      101   (3)      1 :  0.9890 0.0051 0.0036 0.0023 
102      102   (2)      1 :  0.9775 0.0070 0.0098 0.0057 
103      103   (5)      1 :  0.9846 0.0062 0.0070 0.0022 
104      104   (1)      1 :  0.9911 0.0046 0.0028 0.0015 
105      105   (0)      1 :  0.9681 0.0078 0.0202 0.0039 
106      106   (1)      1 :  0.9642 0.0204 0.0063 0.0091 
107      107   (6)      1 :  0.9841 0.0045 0.0063 0.0051 
108      108   (1)      1 :  0.9300 0.0156 0.0499 0.0045 
109      109  (18)      1 :  0.9830 0.0076 0.0073 0.0021 
110      110   (2)      1 :  0.9815 0.0096 0.0061 0.0028 
111      111   (1)      1 :  0.9925 0.0032 0.0025 0.0018 
112      112   (2)      1 :  0.9924 0.0037 0.0028 0.0011 
113      113   (2)      1 :  0.9850 0.0084 0.0045 0.0021 
114      114   (3)      1 :  0.9854 0.0056 0.0057 0.0033 
115      115   (2)      1 :  0.9857 0.0084 0.0046 0.0013 
116      116   (1)      1 :  0.9911 0.0057 0.0021 0.0011 
117      117   (1)      1 :  0.9881 0.0065 0.0032 0.0022 
118      118   (3)      1 :  0.9658 0.0064 0.0187 0.0091 
119      119   (2)      1 :  0.8648 0.0444 0.0764 0.0144 
120      120   (3)      1 :  0.9814 0.0141 0.0025 0.0020 
121      121   (0)      1 :  0.9895 0.0044 0.0040 0.0021 
122      122   (1)      1 :  0.9608 0.0078 0.0088 0.0226 
123      123   (3)      1 :  0.9884 0.0050 0.0036 0.0030 
124      124   (3)      1 :  0.9795 0.0121 0.0070 0.0014 
125      125   (2)      1 :  0.8792 0.1121 0.0067 0.0020 
126      126   (3)      1 :  0.9857 0.0044 0.0041 0.0058 
127      127   (1)      1 :  0.9915 0.0030 0.0031 0.0024 
128      128   (5)      1 :  0.9810 0.0151 0.0027 0.0012 
129      129   (1)      1 :  0.9920 0.0038 0.0029 0.0013 
130      130   (5)      1 :  0.9935 0.0022 0.0023 0.0020 
131      131  (10)      1 :  0.9641 0.0173 0.0131 0.0055 
132      132   (2)      1 :  0.9553 0.0238 0.0133 0.0076 
133      133   (4)      1 :  0.9391 0.0474 0.0118 0.0017 
134      134   (2)      1 :  0.9650 0.0050 0.0059 0.0241 
135      135  (18)      1 :  0.9833 0.0116 0.0030 0.0021 
136      136   (3)      1 :  0.9756 0.0180 0.0045 0.0019 
137      137   (0)      1 :  0.0147 0.0963 0.3408 0.5482 
138      138   (6)      1 :  0.0052 0.1036 0.4160 0.4753 
139      139  (17)      2 :  0.0988 0.8840 0.0138 0.0034 
140      140   (2)      2 :  0.1091 0.8866 0.0028 0.0015 
141      141   (3)      2 :  0.1011 0.8955 0.0024 0.0010 
142      142   (0)      2 :  0.1046 0.8871 0.0060 0.0023 
143      143   (4)      2 :  0.1021 0.8875 0.0056 0.0048 
144      144   (1)      2 :  0.0995 0.8811 0.0141 0.0053 
145      145   (8)      2 :  0.1072 0.8849 0.0058 0.0021 
146      146   (4)      2 :  0.1040 0.8901 0.0049 0.0010 
147      147   (1)      2 :  0.1250 0.8654 0.0054 0.0042 
148      148  (17)      2 :  0.1004 0.8953 0.0030 0.0013 
149      149   (8)      2 :  0.1129 0.8785 0.0061 0.0025 
150      150   (3)      2 :  0.0969 0.8891 0.0103 0.0037 
151      151   (0)      2 :  0.1026 0.8912 0.0044 0.0018 
152      152   (0)      2 :  0.1079 0.8859 0.0044 0.0018 
153      153   (3)      2 :  0.1085 0.8866 0.0038 0.0011 
154      154   (1)      2 :  0.1044 0.8860 0.0085 0.0011 
155      155   (1)      2 :  0.1023 0.8901 0.0042 0.0034 
156      156  (15)      2 :  0.1000 0.8921 0.0044 0.0035 
157      157   (3)      2 :  0.1023 0.8903 0.0061 0.0013 
158      158   (2)      2 :  0.0868 0.8729 0.0362 0.0041 
159      159   (7)      2 :  0.1204 0.8370 0.0303 0.0123 
160      160   (4)      2 :  0.1048 0.8652 0.0120 0.0180 
161      161   (1)      2 :  0.1088 0.8814 0.0065 0.0033 
162      162  (14)      2 :  0.1035 0.8924 0.0027 0.0014 
163      163  (15)      2 :  0.1019 0.8846 0.0078 0.0057 
164      164  (11)      2 :  0.1032 0.8928 0.0028 0.0012 
165      165   (1)      2 :  0.1074 0.8828 0.0074 0.0024 
166      166   (8)      2 :  0.1027 0.8687 0.0193 0.0093 
167      167   (6)      2 :  0.0928 0.8722 0.0308 0.0042 
168      168   (3)      2 :  0.1310 0.8259 0.0217 0.0214 
169      169   (6)      2 :  0.1388 0.8333 0.0231 0.0048 
170      170   (4)      2 :  0.1005 0.8874 0.0108 0.0013 
171      171   (2)      2 :  0.0971 0.8638 0.0228 0.0163 
172      172   (6)      2 :  0.1057 0.8803 0.0112 0.0028 
173      173   (1)      2 :  0.1085 0.8804 0.0090 0.0021 
174      174   (3)      2 :  0.1023 0.8910 0.0054 0.0013 
175      175   (2)      2 :  0.1367 0.8562 0.0050 0.0021 
176      176   (4)      2 :  0.1733 0.8155 0.0091 0.0021 
177      177   (2)      2 :  0.2558 0.7273 0.0145 0.0024 
178      178   (3)      2 :  0.1051 0.8911 0.0027 0.0011 
179      179   (1)      2 :  0.1067 0.8877 0.0036 0.0020 
180      180   (7)      2 :  0.1039 0.8880 0.0063 0.0018 
181      181   (0)      2 :  0.1088 0.8831 0.0049 0.0032 
182      182   (0)      7 :  0.0069 0.0637 0.8895 0.0399 
183      183   (0)      7 :  0.0270 0.0826 0.8532 0.0372 
184      184   (1)      7 :  0.0118 0.0661 0.8732 0.0489 
185      185   (0)      7 :  0.0158 0.0496 0.8796 0.0550 
186      186   (2)      7 :  0.0150 0.0605 0.8756 0.0489 
187      187   (0)      7 :  0.0114 0.0841 0.8452 0.0593 
188      188   (1)      7 :  0.0061 0.0606 0.8899 0.0434 
189      189   (1)      7 :  0.0058 0.1013 0.8434 0.0495 
190      190   (0)      7 :  0.0045 0.0785 0.8822 0.0348 
191      191   (0)      7 :  0.0156 0.0538 0.8853 0.0453 
192      192   (2)      7 :  0.1043 0.0683 0.7898 0.0376 
193      193   (1)      7 :  0.0373 0.0636 0.8575 0.0416 
194      194   (1)      7 :  0.0070 0.0477 0.8620 0.0833 
195      195   (0)      7 :  0.0390 0.0814 0.8461 0.0335 
196      196   (0)      7 :  0.0091 0.0582 0.8868 0.0459 
197      197   (1)      7 :  0.0085 0.0579 0.8776 0.0560 
198      198   (1)      7 :  0.0028 0.0611 0.8906 0.0455 
199      199   (0)      7 :  0.0040 0.0569 0.8800 0.0591 
200      200   (0)      7 :  0.3457 0.0180 0.5944 0.0419 
201      201   (1)      7 :  0.0382 0.2937 0.6411 0.0270 
202      202   (0)      7 :  0.0020 0.0661 0.8932 0.0387 
203      203   (1)      7 :  0.0071 0.0726 0.8801 0.0402 
204      204   (1)      7 :  0.2977 0.0484 0.5792 0.0747 
205      205   (0)      7 :  0.0151 0.0563 0.8714 0.0572 
206      206   (2)      7 :  0.0244 0.2781 0.6633 0.0342 
207      207   (2)      7 :  0.0026 0.0468 0.7925 0.1581 
208      208   (2)      7 :  0.0209 0.0727 0.8558 0.0506 
209      209   (0)      7 :  0.0062 0.0717 0.7859 0.1362 
210      210   (1)      7 :  0.0120 0.0511 0.8808 0.0560 
211      211   (0)      7 :  0.0042 0.0816 0.8804 0.0338 
212      212  (10)      7 :  0.0041 0.1510 0.8093 0.0356 
213      213   (1)      7 :  0.0039 0.0665 0.8844 0.0452 
214      214   (0)      7 :  0.0055 0.0804 0.8763 0.0378 
215      215   (2)      7 :  0.4509 0.0492 0.4763 0.0236 
216      216   (1)      4 :  0.8393 0.0237 0.1270 0.0100 
217      217   (1)      4 :  0.7303 0.0522 0.1542 0.0633 
218      218   (1)      4 :  0.8529 0.0209 0.1048 0.0214 
219      219   (1)      4 :  0.8622 0.0154 0.1096 0.0128 
220      220   (1)      4 :  0.7265 0.1107 0.1548 0.0080 
221      221   (1)      4 :  0.8265 0.0326 0.1162 0.0247 
222      222  (10)      4 :  0.8505 0.0309 0.1110 0.0076 
223      223   (2)      4 :  0.8641 0.0145 0.1119 0.0095 
224      224   (0)      4 :  0.8830 0.0076 0.1041 0.0053 
225      225   (2)      4 :  0.8200 0.0202 0.1478 0.0120 
226      226   (0)      4 :  0.8839 0.0067 0.1055 0.0039 
