1        1   (0)      3  : 0.0012 0.9948 0.0011 0.0012 0.0017
2        2   (0)      3  : 0.0017 0.9856 0.0032 0.0058 0.0038
3        3   (0)      3  : 0.0010 0.9954 0.0010 0.0016 0.0010
4        4   (0)      3  : 0.0011 0.9951 0.0010 0.0017 0.0011
5        5   (0)      3  : 0.0009 0.9961 0.0010 0.0010 0.0010
6        6   (0)      3  : 0.0013 0.9927 0.0014 0.0026 0.0020
7        7   (0)      3  : 0.0010 0.9954 0.0010 0.0012 0.0013
8        8   (0)      3  : 0.0010 0.9949 0.0010 0.0013 0.0018
9        9   (0)      3  : 0.0009 0.9949 0.0011 0.0016 0.0016
10       10   (0)      3  : 0.0016 0.9832 0.0051 0.0049 0.0052
11       11   (0)      3  : 0.0011 0.9870 0.0016 0.0044 0.0059
12       12   (0)      3  : 0.0011 0.9899 0.0022 0.0033 0.0034
13       13   (0)      3  : 0.0004 0.9969 0.0009 0.0009 0.0009
14       14   (0)      3  : 0.0010 0.9944 0.0012 0.0013 0.0020
15       15   (0)      3  : 0.0010 0.9950 0.0012 0.0014 0.0013
16       16   (0)      3  : 0.0008 0.9960 0.0008 0.0011 0.0013
17       17   (0)      3  : 0.0010 0.9931 0.0009 0.0010 0.0040
18       18   (0)      3  : 0.0096 0.9697 0.0071 0.0101 0.0036
19       19   (0)      3  : 0.0008 0.9961 0.0010 0.0010 0.0011
20       20   (0)      3  : 0.0010 0.9951 0.0012 0.0014 0.0012
21       21   (0)      3  : 0.0011 0.9934 0.0011 0.0023 0.0020
22       22   (0)      3  : 0.0026 0.9898 0.0020 0.0032 0.0024
23       23   (0)      3  : 0.0009 0.9960 0.0010 0.0010 0.0011
24       24   (0)      3  : 0.0010 0.9958 0.0010 0.0010 0.0012
25       25   (0)      3  : 0.0021 0.9911 0.0019 0.0028 0.0021
26       26   (0)      3  : 0.0013 0.9934 0.0016 0.0027 0.0010
27       27   (0)      3  : 0.0010 0.9959 0.0010 0.0011 0.0010
28       28   (0)      3  : 0.0010 0.9924 0.0029 0.0020 0.0017
29       29   (0)      3  : 0.0009 0.9961 0.0010 0.0010 0.0010
30       30   (0)      3  : 0.0010 0.9960 0.0010 0.0010 0.0010
31       31   (0)      3  : 0.0023 0.9902 0.0017 0.0040 0.0018
32       32   (0)      3  : 0.0012 0.9936 0.0012 0.0024 0.0016
33       33   (0)      3  : 0.0010 0.9963 0.0006 0.0010 0.0011
34       34   (0)      3  : 0.0009 0.9961 0.0010 0.0010 0.0010
35       35   (0)      3  : 0.0010 0.9959 0.0010 0.0010 0.0011
36       36   (0)      5  : 0.0071 0.1375 0.0191 0.8145 0.0218
37       37   (0)      5  : 0.0187 0.0049 0.0033 0.9697 0.0034
38       38   (0)      6  : 0.1917 0.6444 0.0082 0.0369 0.1188
39       39   (0)      6  : 0.0026 0.4217 0.0031 0.5650 0.0077
40       40   (0)      6  : 0.0047 0.5146 0.0241 0.4496 0.0070
41       41   (0)      6  : 0.0034 0.3788 0.0034 0.5302 0.0841
42       42   (0)      6  : 0.0238 0.4299 0.0151 0.4343 0.0969
43       43   (0)      5  : 0.0520 0.0017 0.0033 0.9390 0.0040
44       44   (0)      5  : 0.0216 0.4492 0.0100 0.4195 0.0998
45       45   (0)      5  : 0.0191 0.0012 0.0049 0.9413 0.0335
46       46   (0)      5  : 0.0097 0.0031 0.0144 0.9689 0.0039
47       47   (0)      5  : 0.0073 0.0722 0.0033 0.8973 0.0199
48       48   (0)      5  : 0.0089 0.2893 0.0051 0.6884 0.0083
49       49   (0)      5  : 0.0122 0.3529 0.0047 0.5510 0.0792
50       50   (0)      5  : 0.0552 0.0029 0.1282 0.8111 0.0026
51       51   (0)      5  : 0.0089 0.0036 0.0083 0.9695 0.0098
52       52   (0)      6  : 0.0044 0.5357 0.0036 0.3513 0.1050
53       53   (0)      6  : 0.1677 0.5480 0.0029 0.1845 0.0969
54       54   (0)      6  : 0.0272 0.5739 0.0992 0.1875 0.1121
55       55   (0)      6  : 0.0189 0.3414 0.2004 0.3500 0.0892
56       56   (0)      6  : 0.0139 0.6977 0.0086 0.1659 0.1140
57       57   (0)      6  : 0.0143 0.4737 0.0044 0.4045 0.1031
58       58   (0)      6  : 0.1071 0.5778 0.0737 0.0698 0.1717
59       59   (0)      6  : 0.0564 0.3931 0.1121 0.3885 0.0499
60       60   (0)      6  : 0.0066 0.5238 0.0047 0.3395 0.1256
61       61   (0)      6  : 0.0107 0.5352 0.0029 0.3372 0.1140
62       62   (0)      6  : 0.0131 0.4572 0.0022 0.4146 0.1129
63       63   (0)      6  : 0.0121 0.4954 0.0209 0.3497 0.1219
64       64   (0)      6  : 0.1219 0.7584 0.0239 0.0120 0.0838
65       65   (0)      6  : 0.0100 0.6539 0.0250 0.2231 0.0880
66       66   (0)      6  : 0.0054 0.6224 0.0023 0.3652 0.0046
67       67   (0)      6  : 0.0262 0.6172 0.0108 0.3305 0.0153
68       68   (0)      6  : 0.0312 0.5298 0.0032 0.3228 0.1130
69       69   (0)      6  : 0.0107 0.6515 0.0021 0.3102 0.0256
70       70   (0)      6  : 0.1262 0.6131 0.0163 0.1264 0.1179
71       71   (0)      6  : 0.0300 0.6670 0.0030 0.1764 0.1237
72       72   (0)      6  : 0.0076 0.5315 0.0019 0.3443 0.1148
73       73   (0)      6  : 0.0760 0.6094 0.1485 0.0251 0.1410
74       74   (0)      6  : 0.0239 0.4844 0.0048 0.3632 0.1237
75       75   (0)      6  : 0.0054 0.4559 0.0072 0.4303 0.1011
76       76   (0)      6  : 0.1859 0.4537 0.0071 0.2557 0.0976
77       77   (0)      6  : 0.1237 0.4930 0.0140 0.0817 0.2877
78       78   (0)      6  : 0.1392 0.6199 0.0039 0.0985 0.1384
79       79   (0)      6  : 0.2731 0.5448 0.0019 0.0726 0.1076
80       80   (0)      6  : 0.1922 0.5976 0.0069 0.0827 0.1207
81       81   (0)      6  : 0.0088 0.4758 0.0346 0.3608 0.1200
82       82   (0)      6  : 0.1672 0.5243 0.0126 0.1920 0.1040
83       83   (0)      6  : 0.1707 0.5965 0.0049 0.0955 0.1324
84       84   (0)      6  : 0.1834 0.6446 0.0071 0.0511 0.1138
85       85   (0)      6  : 0.0056 0.5539 0.0016 0.3261 0.1129
86       86   (0)      6  : 0.0121 0.3150 0.0304 0.5253 0.1172
87       87   (0)      6  : 0.0486 0.5764 0.0193 0.1310 0.2247
88       88   (0)      5  : 0.0611 0.0016 0.0034 0.9298 0.0041
89       89   (0)      5  : 0.0246 0.0028 0.0047 0.9599 0.0081
90       90   (0)      5  : 0.0043 0.0017 0.0027 0.9899 0.0014
91       91   (0)      5  : 0.0031 0.2606 0.0192 0.6623 0.0548
92       92   (0)      5  : 0.0033 0.0022 0.0016 0.9907 0.0022
93       93   (0)      5  : 0.0951 0.0019 0.0232 0.8770 0.0028
94       94   (2)      1  : 0.0039 0.0070 0.9220 0.0038 0.0633
95       95   (3)      1  : 0.0024 0.0020 0.9914 0.0023 0.0018
96       96   (2)      1  : 0.0020 0.0010 0.9936 0.0022 0.0012
97       97   (0)      1  : 0.0059 0.0012 0.9843 0.0023 0.0062
98       98   (1)      1  : 0.0050 0.0236 0.9525 0.0050 0.0139
99       99   (6)      1  : 0.0081 0.0020 0.9854 0.0027 0.0018
100      100  (11)      1  : 0.0028 0.0024 0.9880 0.0041 0.0027
101      101   (3)      1  : 0.0034 0.0017 0.9890 0.0020 0.0039
102      102   (2)      1  : 0.0038 0.0043 0.9699 0.0077 0.0143
103      103   (5)      1  : 0.0086 0.0018 0.9645 0.0051 0.0201
104      104   (1)      1  : 0.0040 0.0010 0.9896 0.0020 0.0034
105      105   (0)      1  : 0.0037 0.0040 0.9123 0.0212 0.0588
106      106   (1)      1  : 0.0102 0.0078 0.9737 0.0062 0.0021
107      107   (6)      1  : 0.0033 0.0031 0.9871 0.0043 0.0021
108      108   (1)      1  : 0.0090 0.0026 0.9271 0.0579 0.0034
109      109  (18)      1  : 0.0087 0.0017 0.9586 0.0068 0.0243
110      110   (2)      1  : 0.0070 0.0020 0.9791 0.0042 0.0077
111      111   (1)      1  : 0.0022 0.0010 0.9937 0.0014 0.0017
112      112   (2)      1  : 0.0029 0.0010 0.9901 0.0014 0.0046
113      113   (2)      1  : 0.0059 0.0014 0.9857 0.0033 0.0037
114      114   (3)      1  : 0.0039 0.0026 0.9854 0.0037 0.0044
115      115   (2)      1  : 0.0041 0.0010 0.9909 0.0029 0.0011
116      116   (1)      1  : 0.0039 0.0010 0.9911 0.0013 0.0027
117      117   (1)      1  : 0.0050 0.0014 0.9878 0.0022 0.0036
118      118   (3)      1  : 0.0061 0.0094 0.9310 0.0154 0.0380
119      119   (2)      1  : 0.0354 0.0114 0.8324 0.1082 0.0126
120      120   (3)      1  : 0.0102 0.0012 0.9850 0.0019 0.0017
121      121   (0)      1  : 0.0027 0.0012 0.9918 0.0022 0.0021
122      122   (1)      1  : 0.0043 0.0183 0.9663 0.0076 0.0034
123      123   (3)      1  : 0.0032 0.0022 0.9861 0.0029 0.0056
124      124   (3)      1  : 0.0102 0.0014 0.9740 0.0047 0.0097
125      125   (2)      1  : 0.1559 0.0012 0.8276 0.0032 0.0120
126      126   (3)      1  : 0.0029 0.0041 0.9846 0.0033 0.0051
127      127   (1)      1  : 0.0017 0.0014 0.9916 0.0024 0.0029
128      128   (5)      1  : 0.0098 0.0010 0.9856 0.0020 0.0017
129      129   (1)      1  : 0.0037 0.0010 0.9896 0.0020 0.0038
130      130   (5)      1  : 0.0018 0.0018 0.9929 0.0014 0.0021
131      131  (10)      1  : 0.0316 0.0049 0.9191 0.0074 0.0370
132      132   (2)      1  : 0.0224 0.0073 0.9509 0.0132 0.0061
133      133   (4)      1  : 0.0679 0.0012 0.9081 0.0183 0.0044
134      134   (2)      1  : 0.0028 0.0251 0.9619 0.0049 0.0053
135      135  (18)      1  : 0.0088 0.0011 0.9844 0.0024 0.0032
136      136   (3)      1  : 0.0223 0.0021 0.9656 0.0026 0.0074
137      137   (0)      1  : 0.0083 0.5207 0.0076 0.3759 0.0875
138      138   (6)      1  : 0.0034 0.4470 0.0024 0.4104 0.1367
139      139  (17)      2  : 0.9829 0.0026 0.0033 0.0069 0.0043
140      140   (2)      2  : 0.9878 0.0010 0.0073 0.0020 0.0019
141      141   (3)      2  : 0.9952 0.0007 0.0012 0.0014 0.0014
142      142   (0)      2  : 0.9847 0.0017 0.0052 0.0041 0.0043
143      143   (4)      2  : 0.9874 0.0034 0.0032 0.0028 0.0031
144      144   (1)      2  : 0.9788 0.0034 0.0063 0.0097 0.0018
145      145   (8)      2  : 0.9830 0.0016 0.0053 0.0028 0.0073
146      146   (4)      2  : 0.9894 0.0010 0.0047 0.0029 0.0020
147      147   (1)      2  : 0.9700 0.0031 0.0199 0.0030 0.0040
148      148  (17)      2  : 0.9946 0.0010 0.0017 0.0018 0.0010
149      149   (8)      2  : 0.9770 0.0020 0.0119 0.0052 0.0039
150      150   (3)      2  : 0.9868 0.0028 0.0022 0.0049 0.0033
151      151   (0)      2  : 0.9901 0.0013 0.0041 0.0022 0.0022
152      152   (0)      2  : 0.9864 0.0010 0.0058 0.0022 0.0046
153      153   (3)      2  : 0.9855 0.0010 0.0079 0.0030 0.0026
154      154   (1)      2  : 0.9832 0.0010 0.0057 0.0060 0.0041
155      155   (1)      2  : 0.9892 0.0026 0.0028 0.0029 0.0026
156      156  (15)      2  : 0.9902 0.0022 0.0026 0.0027 0.0023
157      157   (3)      2  : 0.9889 0.0010 0.0036 0.0046 0.0020
158      158   (2)      2  : 0.9706 0.0031 0.0040 0.0197 0.0026
159      159   (7)      2  : 0.9342 0.0104 0.0164 0.0316 0.0073
160      160   (4)      2  : 0.9637 0.0123 0.0090 0.0079 0.0071
161      161   (1)      2  : 0.9799 0.0024 0.0073 0.0049 0.0054
162      162  (14)      2  : 0.9917 0.0012 0.0031 0.0019 0.0021
163      163  (15)      2  : 0.9843 0.0037 0.0037 0.0052 0.0031
164      164  (11)      2  : 0.9914 0.0010 0.0040 0.0020 0.0016
165      165   (1)      2  : 0.9802 0.0019 0.0081 0.0064 0.0033
166      166   (8)      2  : 0.9664 0.0079 0.0091 0.0123 0.0042
167      167   (6)      2  : 0.9682 0.0033 0.0034 0.0174 0.0076
168      168   (3)      2  : 0.9013 0.0144 0.0128 0.0114 0.0600
169      169   (6)      2  : 0.9095 0.0028 0.0143 0.0111 0.0622
170      170   (4)      2  : 0.9846 0.0011 0.0034 0.0058 0.0051
171      171   (2)      2  : 0.9599 0.0132 0.0063 0.0158 0.0048
172      172   (6)      2  : 0.9619 0.0020 0.0032 0.0060 0.0269
173      173   (1)      2  : 0.9784 0.0013 0.0074 0.0064 0.0063
174      174   (3)      2  : 0.9887 0.0011 0.0027 0.0040 0.0036
175      175   (2)      2  : 0.9566 0.0017 0.0319 0.0031 0.0068
176      176   (4)      2  : 0.9228 0.0019 0.0441 0.0023 0.0289
177      177   (2)      2  : 0.8528 0.0021 0.0733 0.0103 0.0614
178      178   (3)      2  : 0.9903 0.0010 0.0050 0.0019 0.0018
179      179   (1)      2  : 0.9881 0.0016 0.0050 0.0018 0.0036
180      180   (7)      2  : 0.9866 0.0013 0.0044 0.0043 0.0033
181      181   (0)      2  : 0.9854 0.0020 0.0072 0.0026 0.0028
182      182   (0)      7  : 0.0043 0.0021 0.0040 0.9867 0.0029
183      183   (0)      7  : 0.0203 0.0056 0.0169 0.9523 0.0049
184      184   (1)      7  : 0.0088 0.0054 0.0058 0.9670 0.0130
185      185   (0)      7  : 0.0039 0.0093 0.0071 0.9743 0.0053
186      186   (2)      7  : 0.0069 0.0084 0.0071 0.9521 0.0254
187      187   (0)      7  : 0.0179 0.0210 0.0069 0.9470 0.0072
188      188   (1)      7  : 0.0037 0.0034 0.0039 0.9868 0.0022
189      189   (1)      7  : 0.0321 0.0100 0.0037 0.9405 0.0137
190      190   (0)      7  : 0.0122 0.0027 0.0032 0.9770 0.0049
191      191   (0)      7  : 0.0029 0.0050 0.0070 0.9827 0.0024
192      192   (2)      7  : 0.0104 0.0060 0.0226 0.8011 0.1599
193      193   (1)      7  : 0.0108 0.0049 0.0351 0.9456 0.0037
194      194   (1)      7  : 0.0020 0.0291 0.0040 0.9532 0.0117
195      195   (0)      7  : 0.0171 0.0024 0.0211 0.9448 0.0146
196      196   (0)      7  : 0.0036 0.0040 0.0063 0.9847 0.0014
197      197   (1)      7  : 0.0052 0.0117 0.0068 0.9726 0.0038
198      198   (1)      7  : 0.0033 0.0034 0.0020 0.9899 0.0013
199      199   (0)      7  : 0.0032 0.0139 0.0030 0.9773 0.0026
200      200   (0)      7  : 0.0023 0.0078 0.2727 0.6788 0.0385
201      201   (1)      7  : 0.2498 0.0033 0.0183 0.7261 0.0024
202      202   (0)      7  : 0.0031 0.0021 0.0012 0.9921 0.0014
203      203   (1)      7  : 0.0114 0.0043 0.0048 0.9769 0.0026
204      204   (1)      7  : 0.0186 0.0331 0.2580 0.6736 0.0167
205      205   (0)      7  : 0.0043 0.0121 0.0096 0.9689 0.0051
206      206   (2)      7  : 0.2433 0.0068 0.0087 0.7324 0.0089
207      207   (2)      7  : 0.0028 0.0987 0.0018 0.8934 0.0033
208      208   (2)      7  : 0.0090 0.0108 0.0121 0.9418 0.0263
209      209   (0)      7  : 0.0137 0.0839 0.0044 0.8948 0.0032
210      210   (1)      7  : 0.0030 0.0073 0.0079 0.9774 0.0043
211      211   (0)      7  : 0.0129 0.0033 0.0029 0.9773 0.0036
212      212  (10)      7  : 0.0806 0.0040 0.0021 0.9089 0.0044
213      213   (1)      7  : 0.0064 0.0068 0.0032 0.9819 0.0017
214      214   (0)      7  : 0.0136 0.0040 0.0037 0.9749 0.0039
215      215   (2)      7  : 0.0230 0.0044 0.3053 0.5490 0.1183
216      216   (1)      4  : 0.0014 0.0013 0.1067 0.0030 0.8876
217      217   (1)      4  : 0.0036 0.0043 0.0862 0.0050 0.9009
218      218   (1)      4  : 0.0010 0.0030 0.1057 0.0012 0.8891
219      219   (1)      4  : 0.0012 0.0016 0.1081 0.0016 0.8876
220      220   (1)      4  : 0.1980 0.0026 0.1273 0.0263 0.6458
221      221   (1)      4  : 0.0024 0.0032 0.0977 0.0037 0.8930
222      222  (10)      4  : 0.0053 0.0034 0.1026 0.0027 0.8860
223      223   (2)      4  : 0.0020 0.0018 0.1108 0.0024 0.8830
224      224   (0)      4  : 0.0020 0.0020 0.1180 0.0038 0.8742
225      225   (2)      4  : 0.0014 0.0016 0.1044 0.0031 0.8894
226      226   (0)      4  : 0.0019 0.0011 0.1116 0.0016 0.8839
