1        1   (0)      3  : 0.0042 0.9910 0.0048
2        2   (0)      3  : 0.0046 0.9886 0.0068
3        3   (0)      3  : 0.0036 0.9926 0.0038
4        4   (0)      3  : 0.0038 0.9928 0.0034
5        5   (0)      3  : 0.0022 0.9954 0.0024
6        6   (0)      3  : 0.0050 0.9902 0.0048
7        7   (0)      3  : 0.0028 0.9938 0.0034
8        8   (0)      3  : 0.0030 0.9940 0.0030
9        9   (0)      3  : 0.0020 0.9942 0.0038
10       10   (0)      3  : 0.0040 0.9852 0.0108
11       11   (0)      3  : 0.0036 0.9928 0.0036
12       12   (0)      3  : 0.0042 0.9888 0.0070
13       13   (0)      3  : 0.0020 0.9958 0.0022
14       14   (0)      3  : 0.0030 0.9926 0.0044
15       15   (0)      3  : 0.0036 0.9918 0.0046
16       16   (0)      3  : 0.0020 0.9958 0.0022
17       17   (0)      3  : 0.0022 0.9950 0.0028
18       18   (0)      3  : 0.0222 0.9552 0.0226
19       19   (0)      3  : 0.0020 0.9952 0.0028
20       20   (0)      3  : 0.0036 0.9924 0.0040
21       21   (0)      3  : 0.0040 0.9918 0.0042
22       22   (0)      3  : 0.0058 0.9886 0.0056
23       23   (0)      3  : 0.0022 0.9950 0.0028
24       24   (0)      3  : 0.0026 0.9940 0.0034
25       25   (0)      3  : 0.0062 0.9868 0.0070
26       26   (0)      3  : 0.0058 0.9886 0.0056
27       27   (0)      3  : 0.0030 0.9940 0.0030
28       28   (0)      3  : 0.0032 0.9896 0.0072
29       29   (0)      3  : 0.0022 0.9950 0.0028
30       30   (0)      3  : 0.0020 0.9950 0.0030
31       31   (0)      3  : 0.0058 0.9890 0.0052
32       32   (0)      3  : 0.0042 0.9924 0.0034
33       33   (0)      3  : 0.0028 0.9952 0.0020
34       34   (0)      3  : 0.0022 0.9946 0.0032
35       35   (0)      3  : 0.0030 0.9928 0.0042
36       36   (0)      5  : 0.4307 0.4555 0.1138
37       37   (0)      5  : 0.6293 0.3569 0.0138
38       38   (0)      6  : 0.2102 0.7471 0.0428
39       39   (0)      6  : 0.2648 0.6900 0.0452
40       40   (0)      6  : 0.1942 0.6783 0.1276
41       41   (0)      6  : 0.2964 0.6702 0.0334
42       42   (0)      6  : 0.2685 0.6805 0.0510
43       43   (0)      5  : 0.7734 0.2106 0.0160
44       44   (0)      5  : 0.3109 0.6619 0.0272
45       45   (0)      5  : 0.7418 0.2234 0.0348
46       46   (0)      5  : 0.5955 0.3251 0.0794
47       47   (0)      5  : 0.5494 0.4380 0.0126
48       48   (0)      5  : 0.4039 0.5651 0.0310
49       49   (0)      5  : 0.3705 0.6015 0.0280
50       50   (0)      5  : 0.6233 0.2438 0.1328
51       51   (0)      5  : 0.6022 0.3656 0.0322
52       52   (0)      6  : 0.1952 0.7714 0.0334
53       53   (0)      6  : 0.3219 0.6691 0.0090
54       54   (0)      6  : 0.1353 0.7091 0.1555
55       55   (0)      6  : 0.1292 0.5227 0.3481
56       56   (0)      6  : 0.0684 0.8820 0.0496
57       57   (0)      6  : 0.2452 0.7342 0.0206
58       58   (0)      6  : 0.1050 0.6765 0.2186
59       59   (0)      6  : 0.2793 0.5489 0.1718
60       60   (0)      6  : 0.1780 0.7880 0.0340
61       61   (0)      6  : 0.1954 0.7810 0.0236
62       62   (0)      6  : 0.2740 0.7126 0.0134
63       63   (0)      6  : 0.0802 0.7250 0.1948
64       64   (0)      6  : 0.1234 0.7994 0.0772
65       65   (0)      6  : 0.0628 0.8006 0.1366
66       66   (0)      6  : 0.2332 0.7582 0.0086
67       67   (0)      6  : 0.2220 0.7518 0.0262
68       68   (0)      6  : 0.2315 0.7559 0.0126
69       69   (0)      6  : 0.2005 0.7897 0.0098
70       70   (0)      6  : 0.2094 0.7508 0.0398
71       71   (0)      6  : 0.1427 0.8421 0.0152
72       72   (0)      6  : 0.2158 0.7728 0.0114
73       73   (0)      6  : 0.0698 0.6944 0.2359
74       74   (0)      6  : 0.2827 0.6933 0.0240
75       75   (0)      6  : 0.1616 0.7279 0.1104
76       76   (0)      6  : 0.3627 0.6144 0.0228
77       77   (0)      6  : 0.2310 0.6133 0.1558
78       78   (0)      6  : 0.2314 0.7453 0.0232
79       79   (0)      6  : 0.3468 0.6440 0.0092
80       80   (0)      6  : 0.2412 0.7185 0.0402
81       81   (0)      6  : 0.0896 0.7021 0.2082
82       82   (0)      6  : 0.3138 0.6566 0.0296
83       83   (0)      6  : 0.2545 0.7217 0.0238
84       84   (0)      6  : 0.2188 0.7560 0.0252
85       85   (0)      6  : 0.1734 0.8158 0.0108
86       86   (0)      6  : 0.2877 0.5421 0.1702
87       87   (0)      6  : 0.1675 0.7043 0.1281
88       88   (0)      5  : 0.7728 0.2110 0.0162
89       89   (0)      5  : 0.6373 0.3505 0.0122
90       90   (0)      5  : 0.6260 0.3601 0.0140
91       91   (0)      5  : 0.2510 0.5642 0.1848
92       92   (0)      5  : 0.6250 0.3650 0.0100
93       93   (0)      5  : 0.7544 0.2096 0.0360
94       94   (2)      1  : 0.0090 0.0128 0.9782
95       95   (3)      1  : 0.0100 0.0062 0.9838
96       96   (2)      1  : 0.0168 0.0048 0.9784
97       97   (0)      1  : 0.0244 0.0034 0.9722
98       98   (1)      1  : 0.0136 0.0444 0.9420
99       99   (6)      1  : 0.0340 0.0070 0.9590
100      100  (11)      1  : 0.0134 0.0080 0.9786
101      101   (3)      1  : 0.0128 0.0054 0.9818
102      102   (2)      1  : 0.0190 0.0132 0.9678
103      103   (5)      1  : 0.0126 0.0058 0.9816
104      104   (1)      1  : 0.0124 0.0038 0.9838
105      105   (0)      1  : 0.0168 0.0100 0.9732
106      106   (1)      1  : 0.0382 0.0202 0.9416
107      107   (6)      1  : 0.0120 0.0114 0.9766
108      108   (1)      1  : 0.0646 0.0114 0.9240
109      109  (18)      1  : 0.0198 0.0050 0.9752
110      110   (2)      1  : 0.0262 0.0066 0.9672
111      111   (1)      1  : 0.0082 0.0048 0.9870
112      112   (2)      1  : 0.0104 0.0028 0.9868
113      113   (2)      1  : 0.0222 0.0054 0.9724
114      114   (3)      1  : 0.0150 0.0078 0.9772
115      115   (2)      1  : 0.0292 0.0034 0.9674
116      116   (1)      1  : 0.0130 0.0030 0.9840
117      117   (1)      1  : 0.0164 0.0050 0.9786
118      118   (3)      1  : 0.0180 0.0252 0.9568
119      119   (2)      1  : 0.0892 0.0460 0.8648
120      120   (3)      1  : 0.0332 0.0048 0.9620
121      121   (0)      1  : 0.0120 0.0048 0.9832
122      122   (1)      1  : 0.0124 0.0474 0.9402
123      123   (3)      1  : 0.0110 0.0074 0.9816
124      124   (3)      1  : 0.0426 0.0042 0.9532
125      125   (2)      1  : 0.1622 0.0040 0.8338
126      126   (3)      1  : 0.0108 0.0136 0.9756
127      127   (1)      1  : 0.0074 0.0058 0.9868
128      128   (5)      1  : 0.0306 0.0034 0.9660
129      129   (1)      1  : 0.0092 0.0038 0.9870
130      130   (5)      1  : 0.0064 0.0050 0.9886
131      131  (10)      1  : 0.0368 0.0110 0.9522
132      132   (2)      1  : 0.0738 0.0158 0.9104
133      133   (4)      1  : 0.1068 0.0044 0.8888
134      134   (2)      1  : 0.0080 0.0434 0.9486
135      135  (18)      1  : 0.0228 0.0042 0.9730
136      136   (3)      1  : 0.0412 0.0048 0.9540
137      137   (0)      1  : 0.2156 0.7290 0.0554
138      138   (6)      1  : 0.2462 0.7228 0.0310
139      139  (17)      2  : 0.9800 0.0066 0.0134
140      140   (2)      2  : 0.9648 0.0038 0.0314
141      141   (3)      2  : 0.9934 0.0020 0.0046
142      142   (0)      2  : 0.9738 0.0060 0.0202
143      143   (4)      2  : 0.9682 0.0186 0.0132
144      144   (1)      2  : 0.9700 0.0146 0.0154
145      145   (8)      2  : 0.9644 0.0058 0.0298
146      146   (4)      2  : 0.9858 0.0024 0.0118
147      147   (1)      2  : 0.8924 0.0098 0.0978
148      148  (17)      2  : 0.9906 0.0036 0.0058
149      149   (8)      2  : 0.9570 0.0078 0.0352
150      150   (3)      2  : 0.9814 0.0096 0.0090
151      151   (0)      2  : 0.9824 0.0044 0.0132
152      152   (0)      2  : 0.9668 0.0050 0.0282
153      153   (3)      2  : 0.9768 0.0036 0.0196
154      154   (1)      2  : 0.9882 0.0034 0.0084
155      155   (1)      2  : 0.9736 0.0106 0.0158
156      156  (15)      2  : 0.9792 0.0110 0.0098
157      157   (3)      2  : 0.9826 0.0040 0.0134
158      158   (2)      2  : 0.9778 0.0096 0.0126
159      159   (7)      2  : 0.9308 0.0268 0.0424
160      160   (4)      2  : 0.9054 0.0480 0.0466
161      161   (1)      2  : 0.9586 0.0082 0.0332
162      162  (14)      2  : 0.9830 0.0042 0.0128
163      163  (15)      2  : 0.9620 0.0198 0.0182
164      164  (11)      2  : 0.9784 0.0042 0.0174
165      165   (1)      2  : 0.9722 0.0058 0.0220
166      166   (8)      2  : 0.9546 0.0242 0.0212
167      167   (6)      2  : 0.9782 0.0094 0.0124
168      168   (3)      2  : 0.8770 0.0456 0.0774
169      169   (6)      2  : 0.8714 0.0108 0.1178
170      170   (4)      2  : 0.9846 0.0034 0.0120
171      171   (2)      2  : 0.9384 0.0382 0.0234
172      172   (6)      2  : 0.9724 0.0094 0.0182
173      173   (1)      2  : 0.9690 0.0052 0.0258
174      174   (3)      2  : 0.9850 0.0040 0.0110
175      175   (2)      2  : 0.8618 0.0052 0.1330
176      176   (4)      2  : 0.8070 0.0052 0.1878
177      177   (2)      2  : 0.7846 0.0058 0.2096
178      178   (3)      2  : 0.9790 0.0030 0.0180
179      179   (1)      2  : 0.9584 0.0054 0.0362
180      180   (7)      2  : 0.9762 0.0048 0.0190
181      181   (0)      2  : 0.9344 0.0102 0.0554
182      182   (0)      7  : 0.5900 0.3746 0.0354
183      183   (0)      7  : 0.6099 0.3241 0.0660
184      184   (1)      7  : 0.5525 0.4181 0.0294
185      185   (0)      7  : 0.4184 0.4416 0.1400
186      186   (2)      7  : 0.5414 0.4104 0.0482
187      187   (0)      7  : 0.6443 0.3379 0.0178
188      188   (1)      7  : 0.5627 0.3991 0.0382
189      189   (1)      7  : 0.6207 0.3657 0.0136
190      190   (0)      7  : 0.6643 0.3211 0.0146
191      191   (0)      7  : 0.5066 0.4058 0.0876
192      192   (2)      7  : 0.5389 0.3193 0.1418
193      193   (1)      7  : 0.5183 0.3625 0.1192
194      194   (1)      7  : 0.4499 0.5015 0.0486
195      195   (0)      7  : 0.6164 0.3078 0.0758
196      196   (0)      7  : 0.5470 0.4162 0.0368
197      197   (1)      7  : 0.5354 0.4390 0.0256
198      198   (1)      7  : 0.5737 0.4161 0.0102
199      199   (0)      7  : 0.5354 0.4510 0.0136
200      200   (0)      7  : 0.1528 0.3291 0.5181
201      201   (1)      7  : 0.7344 0.2354 0.0302
202      202   (0)      7  : 0.6304 0.3634 0.0062
203      203   (1)      7  : 0.6271 0.3545 0.0184
204      204   (1)      7  : 0.3334 0.3502 0.3164
205      205   (0)      7  : 0.5036 0.4292 0.0672
206      206   (2)      7  : 0.7051 0.2703 0.0246
207      207   (2)      7  : 0.4274 0.5610 0.0116
208      208   (2)      7  : 0.5185 0.3851 0.0964
209      209   (0)      7  : 0.5275 0.4587 0.0138
210      210   (1)      7  : 0.4664 0.4596 0.0740
211      211   (0)      7  : 0.6926 0.2976 0.0098
212      212  (10)      7  : 0.6822 0.3104 0.0074
213      213   (1)      7  : 0.5985 0.3875 0.0140
214      214   (0)      7  : 0.6409 0.3415 0.0176
215      215   (2)      7  : 0.3383 0.1820 0.4797
216      216   (1)      4  : 0.0326 0.0318 0.9356
217      217   (1)      4  : 0.0892 0.1346 0.7762
218      218   (1)      4  : 0.0074 0.0530 0.9396
219      219   (1)      4  : 0.0166 0.0328 0.9506
220      220   (1)      4  : 0.2226 0.0294 0.7479
221      221   (1)      4  : 0.0222 0.0706 0.9072
222      222  (10)      4  : 0.0402 0.0238 0.9360
223      223   (2)      4  : 0.0146 0.0272 0.9582
224      224   (0)      4  : 0.0106 0.0154 0.9740
225      225   (2)      4  : 0.0260 0.0434 0.9306
226      226   (0)      4  : 0.0172 0.0104 0.9724
