1        1   (0)      3  : 0.0010 0.9940 0.0010 0.0040
2        2   (0)      3  : 0.0070 0.9760 0.0020 0.0150
3        3   (0)      3  : 0.0010 0.9960 0.0010 0.0020
4        4   (0)      3  : 0.0020 0.9940 0.0010 0.0030
5        5   (0)      3  : 0.0010 0.9970 0.0010 0.0010
6        6   (0)      3  : 0.0010 0.9950 0.0010 0.0030
7        7   (0)      3  : 0.0010 0.9960 0.0010 0.0020
8        8   (0)      3  : 0.0010 0.9880 0.0010 0.0100
9        9   (0)      3  : 0.0010 0.9940 0.0010 0.0040
10       10   (0)      3  : 0.0080 0.9720 0.0040 0.0160
11       11   (0)      3  : 0.0090 0.9610 0.0030 0.0270
12       12   (0)      3  : 0.0050 0.9810 0.0030 0.0110
13       13   (0)      3  : 0.0010 0.9970 0.0000 0.0020
14       14   (0)      3  : 0.0020 0.9900 0.0020 0.0060
15       15   (0)      3  : 0.0010 0.9960 0.0010 0.0020
16       16   (0)      3  : 0.0010 0.9960 0.0000 0.0030
17       17   (0)      3  : 0.0010 0.9800 0.0010 0.0180
18       18   (0)      3  : 0.0100 0.9540 0.0170 0.0190
19       19   (0)      3  : 0.0010 0.9970 0.0010 0.0010
20       20   (0)      3  : 0.0010 0.9950 0.0010 0.0030
21       21   (0)      3  : 0.0030 0.9940 0.0010 0.0020
22       22   (0)      3  : 0.0050 0.9850 0.0020 0.0080
23       23   (0)      3  : 0.0010 0.9960 0.0010 0.0020
24       24   (0)      3  : 0.0010 0.9960 0.0010 0.0020
25       25   (0)      3  : 0.0020 0.9930 0.0020 0.0030
26       26   (0)      3  : 0.0020 0.9960 0.0010 0.0010
27       27   (0)      3  : 0.0010 0.9970 0.0010 0.0010
28       28   (0)      3  : 0.0020 0.9920 0.0020 0.0040
29       29   (0)      3  : 0.0020 0.9950 0.0010 0.0020
30       30   (0)      3  : 0.0010 0.9970 0.0010 0.0010
31       31   (0)      3  : 0.0050 0.9820 0.0030 0.0100
32       32   (0)      3  : 0.0030 0.9930 0.0010 0.0030
33       33   (0)      3  : 0.0010 0.9960 0.0000 0.0030
34       34   (0)      3  : 0.0010 0.9960 0.0010 0.0020
35       35   (0)      3  : 0.0020 0.9950 0.0010 0.0020
36       36   (0)      5  : 0.8020 0.1050 0.0300 0.0630
37       37   (0)      5  : 0.9820 0.0040 0.0080 0.0060
38       38   (0)      6  : 0.0020 0.0050 0.0020 0.9910
39       39   (0)      6  : 0.5600 0.3870 0.0040 0.0490
40       40   (0)      6  : 0.4690 0.4960 0.0190 0.0160
41       41   (0)      6  : 0.2410 0.0080 0.0050 0.7460
42       42   (0)      6  : 0.0800 0.0170 0.0420 0.8610
43       43   (0)      5  : 0.9820 0.0010 0.0140 0.0030
44       44   (0)      5  : 0.0790 0.0180 0.0180 0.8850
45       45   (0)      5  : 0.9490 0.0020 0.0460 0.0030
46       46   (0)      5  : 0.9760 0.0030 0.0170 0.0040
47       47   (0)      5  : 0.8200 0.0090 0.0050 0.1660
48       48   (0)      5  : 0.7030 0.2300 0.0080 0.0590
49       49   (0)      5  : 0.3190 0.0180 0.0050 0.6580
50       50   (0)      5  : 0.7160 0.0020 0.2750 0.0070
51       51   (0)      5  : 0.9800 0.0020 0.0130 0.0050
52       52   (0)      6  : 0.0070 0.0720 0.0030 0.9180
53       53   (0)      6  : 0.0910 0.1150 0.0110 0.7830
54       54   (0)      6  : 0.0140 0.0200 0.0130 0.9530
55       55   (0)      6  : 0.0310 0.0060 0.2420 0.7210
56       56   (0)      6  : 0.0020 0.0310 0.0010 0.9660
57       57   (0)      6  : 0.0450 0.0380 0.0070 0.9100
58       58   (0)      6  : 0.0080 0.0050 0.0110 0.9760
59       59   (0)      6  : 0.2320 0.3090 0.2570 0.2020
60       60   (0)      6  : 0.0030 0.0060 0.0010 0.9900
61       61   (0)      6  : 0.0030 0.0060 0.0010 0.9900
62       62   (0)      6  : 0.0100 0.0040 0.0020 0.9840
63       63   (0)      6  : 0.0030 0.0080 0.0020 0.9870
64       64   (0)      6  : 0.0030 0.4156 0.0130 0.5684
65       65   (0)      6  : 0.0200 0.3770 0.0070 0.5960
66       66   (0)      6  : 0.3744 0.5586 0.0020 0.0651
67       67   (0)      6  : 0.2603 0.4955 0.0200 0.2242
68       68   (0)      6  : 0.0050 0.0070 0.0010 0.9870
69       69   (0)      6  : 0.2162 0.5285 0.0080 0.2472
70       70   (0)      6  : 0.0020 0.0110 0.0020 0.9850
71       71   (0)      6  : 0.0020 0.0140 0.0020 0.9820
72       72   (0)      6  : 0.0050 0.0070 0.0020 0.9860
73       73   (0)      6  : 0.0040 0.0070 0.0080 0.9810
74       74   (0)      6  : 0.0240 0.0090 0.0090 0.9580
75       75   (0)      6  : 0.0270 0.0539 0.0080 0.9111
76       76   (0)      6  : 0.0440 0.0070 0.0370 0.9120
77       77   (0)      6  : 0.0050 0.0040 0.0270 0.9640
78       78   (0)      6  : 0.0030 0.0220 0.0030 0.9720
79       79   (0)      6  : 0.0260 0.0100 0.0150 0.9490
80       80   (0)      6  : 0.0020 0.0120 0.0020 0.9840
81       81   (0)      6  : 0.0030 0.0120 0.0030 0.9820
82       82   (0)      6  : 0.0340 0.0410 0.0350 0.8899
83       83   (0)      6  : 0.0030 0.0050 0.0030 0.9890
84       84   (0)      6  : 0.0020 0.0080 0.0020 0.9880
85       85   (0)      6  : 0.0030 0.0080 0.0010 0.9880
86       86   (0)      6  : 0.3417 0.0460 0.0789 0.5335
87       87   (0)      6  : 0.0090 0.0410 0.0090 0.9410
88       88   (0)      5  : 0.9840 0.0010 0.0120 0.0030
89       89   (0)      5  : 0.9720 0.0010 0.0230 0.0040
90       90   (0)      5  : 0.9930 0.0010 0.0040 0.0020
91       91   (0)      5  : 0.5390 0.0240 0.0150 0.4220
92       92   (0)      5  : 0.9890 0.0020 0.0030 0.0060
93       93   (0)      5  : 0.8880 0.0020 0.1080 0.0020
94       94   (2)      1  : 0.0030 0.0140 0.9610 0.0220
95       95   (3)      1  : 0.0030 0.0020 0.9920 0.0030
96       96   (2)      1  : 0.0040 0.0020 0.9910 0.0030
97       97   (0)      1  : 0.0020 0.0020 0.9940 0.0020
98       98   (1)      1  : 0.0080 0.0480 0.9380 0.0060
99       99   (6)      1  : 0.0020 0.0040 0.9910 0.0030
100      100  (11)      1  : 0.0040 0.0050 0.9870 0.0040
101      101   (3)      1  : 0.0040 0.0030 0.9910 0.0020
102      102   (2)      1  : 0.0050 0.0140 0.9640 0.0170
103      103   (5)      1  : 0.0020 0.0020 0.9930 0.0030
104      104   (1)      1  : 0.0020 0.0020 0.9950 0.0010
105      105   (0)      1  : 0.0150 0.0050 0.9650 0.0150
106      106   (1)      1  : 0.0030 0.0060 0.9880 0.0030
107      107   (6)      1  : 0.0060 0.0080 0.9830 0.0030
108      108   (1)      1  : 0.0250 0.0060 0.9600 0.0090
109      109  (18)      1  : 0.0020 0.0020 0.9930 0.0030
110      110   (2)      1  : 0.0030 0.0050 0.9840 0.0080
111      111   (1)      1  : 0.0010 0.0020 0.9950 0.0020
112      112   (2)      1  : 0.0020 0.0010 0.9960 0.0010
113      113   (2)      1  : 0.0030 0.0020 0.9930 0.0020
114      114   (3)      1  : 0.0050 0.0050 0.9860 0.0040
115      115   (2)      1  : 0.0040 0.0010 0.9940 0.0010
116      116   (1)      1  : 0.0010 0.0010 0.9970 0.0010
117      117   (1)      1  : 0.0020 0.0020 0.9950 0.0010
118      118   (3)      1  : 0.0100 0.0140 0.9690 0.0070
119      119   (2)      1  : 0.0450 0.0200 0.9081 0.0270
120      120   (3)      1  : 0.0020 0.0020 0.9950 0.0010
121      121   (0)      1  : 0.0040 0.0030 0.9900 0.0030
122      122   (1)      1  : 0.0040 0.0270 0.9490 0.0200
123      123   (3)      1  : 0.0030 0.0020 0.9920 0.0030
124      124   (3)      1  : 0.0050 0.0010 0.9920 0.0020
125      125   (2)      1  : 0.0010 0.0020 0.9950 0.0020
126      126   (3)      1  : 0.0040 0.0090 0.9830 0.0040
127      127   (1)      1  : 0.0030 0.0030 0.9910 0.0030
128      128   (5)      1  : 0.0020 0.0010 0.9960 0.0010
129      129   (1)      1  : 0.0020 0.0020 0.9940 0.0020
130      130   (5)      1  : 0.0020 0.0030 0.9930 0.0020
131      131  (10)      1  : 0.0060 0.0120 0.9750 0.0070
132      132   (2)      1  : 0.0060 0.0100 0.9760 0.0080
133      133   (4)      1  : 0.0070 0.0010 0.9890 0.0030
134      134   (2)      1  : 0.0040 0.0601 0.9209 0.0150
135      135  (18)      1  : 0.0010 0.0020 0.9950 0.0020
136      136   (3)      1  : 0.0010 0.0020 0.9960 0.0010
137      137   (0)      1  : 0.0739 0.2278 0.0320 0.6663
138      138   (6)      1  : 0.0961 0.0430 0.0070 0.8539
139      139  (17)      2  : 0.0610 0.0040 0.9330 0.0020
140      140   (2)      2  : 0.0030 0.0010 0.9950 0.0010
141      141   (3)      2  : 0.0050 0.0010 0.9930 0.0010
142      142   (0)      2  : 0.0130 0.0010 0.9830 0.0030
143      143   (4)      2  : 0.0140 0.0050 0.9770 0.0040
144      144   (1)      2  : 0.0550 0.0050 0.9310 0.0090
145      145   (8)      2  : 0.0050 0.0010 0.9920 0.0020
146      146   (4)      2  : 0.0170 0.0010 0.9800 0.0020
147      147   (1)      2  : 0.0070 0.0030 0.9870 0.0030
148      148  (17)      2  : 0.0100 0.0020 0.9850 0.0030
149      149   (8)      2  : 0.0080 0.0020 0.9870 0.0030
150      150   (3)      2  : 0.0480 0.0030 0.9409 0.0080
151      151   (0)      2  : 0.0100 0.0010 0.9870 0.0020
152      152   (0)      2  : 0.0050 0.0010 0.9930 0.0010
153      153   (3)      2  : 0.0030 0.0010 0.9950 0.0010
154      154   (1)      2  : 0.0190 0.0010 0.9780 0.0020
155      155   (1)      2  : 0.0100 0.0020 0.9850 0.0030
156      156  (15)      2  : 0.0150 0.0040 0.9700 0.0110
157      157   (3)      2  : 0.0150 0.0010 0.9800 0.0040
158      158   (2)      2  : 0.1610 0.0030 0.8240 0.0120
159      159   (7)      2  : 0.0190 0.0020 0.9770 0.0020
160      160   (4)      2  : 0.0320 0.0040 0.9440 0.0200
161      161   (1)      2  : 0.0060 0.0030 0.9890 0.0020
162      162  (14)      2  : 0.0040 0.0010 0.9940 0.0010
163      163  (15)      2  : 0.0220 0.0050 0.9650 0.0080
164      164  (11)      2  : 0.0050 0.0010 0.9920 0.0020
165      165   (1)      2  : 0.0180 0.0010 0.9780 0.0030
166      166   (8)      2  : 0.0420 0.0030 0.9411 0.0140
167      167   (6)      2  : 0.1220 0.0010 0.8740 0.0030
168      168   (3)      2  : 0.0160 0.0060 0.9419 0.0360
169      169   (6)      2  : 0.0140 0.0010 0.9820 0.0030
170      170   (4)      2  : 0.0410 0.0010 0.9550 0.0030
171      171   (2)      2  : 0.0880 0.0060 0.8880 0.0180
172      172   (6)      2  : 0.0230 0.0030 0.9700 0.0040
173      173   (1)      2  : 0.0150 0.0010 0.9820 0.0020
174      174   (3)      2  : 0.0100 0.0010 0.9870 0.0020
175      175   (2)      2  : 0.0030 0.0010 0.9940 0.0020
176      176   (4)      2  : 0.0050 0.0010 0.9920 0.0020
177      177   (2)      2  : 0.0050 0.0010 0.9920 0.0020
178      178   (3)      2  : 0.0040 0.0010 0.9940 0.0010
179      179   (1)      2  : 0.0020 0.0010 0.9960 0.0010
180      180   (7)      2  : 0.0110 0.0010 0.9850 0.0030
181      181   (0)      2  : 0.0070 0.0020 0.9870 0.0040
182      182   (0)      7  : 0.9900 0.0020 0.0040 0.0040
183      183   (0)      7  : 0.9341 0.0020 0.0549 0.0090
184      184   (1)      7  : 0.9730 0.0040 0.0130 0.0100
185      185   (0)      7  : 0.9760 0.0070 0.0080 0.0090
186      186   (2)      7  : 0.9610 0.0060 0.0120 0.0210
187      187   (0)      7  : 0.9590 0.0140 0.0130 0.0140
188      188   (1)      7  : 0.9870 0.0040 0.0050 0.0040
189      189   (1)      7  : 0.9110 0.0070 0.0130 0.0690
190      190   (0)      7  : 0.9860 0.0020 0.0080 0.0040
191      191   (0)      7  : 0.9820 0.0040 0.0060 0.0080
192      192   (2)      7  : 0.8250 0.0050 0.1540 0.0160
193      193   (1)      7  : 0.9710 0.0050 0.0210 0.0030
194      194   (1)      7  : 0.9540 0.0160 0.0040 0.0260
195      195   (0)      7  : 0.9369 0.0010 0.0601 0.0020
196      196   (0)      7  : 0.9860 0.0040 0.0060 0.0040
197      197   (1)      7  : 0.9800 0.0070 0.0080 0.0050
198      198   (1)      7  : 0.9920 0.0030 0.0030 0.0020
199      199   (0)      7  : 0.9840 0.0060 0.0020 0.0080
200      200   (0)      7  : 0.7060 0.0100 0.2740 0.0100
201      201   (1)      7  : 0.7390 0.0020 0.2570 0.0020
202      202   (0)      7  : 0.9950 0.0020 0.0020 0.0010
203      203   (1)      7  : 0.9850 0.0050 0.0080 0.0020
204      204   (1)      7  : 0.5750 0.0510 0.3660 0.0080
205      205   (0)      7  : 0.9700 0.0100 0.0080 0.0120
206      206   (2)      7  : 0.8422 0.0040 0.1508 0.0030
207      207   (2)      7  : 0.9190 0.0670 0.0010 0.0130
208      208   (2)      7  : 0.8412 0.0090 0.0320 0.1179
209      209   (0)      7  : 0.9070 0.0790 0.0060 0.0080
210      210   (1)      7  : 0.9840 0.0070 0.0040 0.0050
211      211   (0)      7  : 0.9890 0.0040 0.0050 0.0020
212      212  (10)      7  : 0.9790 0.0030 0.0110 0.0070
213      213   (1)      7  : 0.9840 0.0050 0.0050 0.0060
214      214   (0)      7  : 0.9760 0.0030 0.0090 0.0120
215      215   (2)      7  : 0.4560 0.0080 0.5320 0.0040
216      216   (1)      4  : 0.0160 0.0200 0.8060 0.1580
217      217   (1)      4  : 0.0060 0.0070 0.7230 0.2640
218      218   (1)      4  : 0.0040 0.0210 0.7912 0.1838
219      219   (1)      4  : 0.0070 0.0380 0.8550 0.1000
220      220   (1)      4  : 0.0230 0.0110 0.9050 0.0610
221      221   (1)      4  : 0.0020 0.0060 0.7290 0.2630
222      222  (10)      4  : 0.0050 0.0040 0.7980 0.1930
223      223   (2)      4  : 0.0110 0.0210 0.8540 0.1140
224      224   (0)      4  : 0.0120 0.0110 0.9301 0.0470
225      225   (2)      4  : 0.0340 0.0180 0.7870 0.1610
226      226   (0)      4  : 0.0100 0.0080 0.9610 0.0210
