1        1   (0)      3  : 0.0010 0.9900 0.0007 0.0010 0.0010 0.0020 0.0025 0.0018
2        2   (0)      3  : 0.0015 0.9687 0.0025 0.0078 0.0028 0.0058 0.0068 0.0043
3        3   (0)      3  : 0.0007 0.9935 0.0010 0.0010 0.0010 0.0010 0.0010 0.0007
4        4   (0)      3  : 0.0010 0.9895 0.0010 0.0017 0.0010 0.0025 0.0022 0.0010
5        5   (0)      3  : 0.0000 0.9953 0.0005 0.0010 0.0000 0.0010 0.0013 0.0010
6        6   (0)      3  : 0.0010 0.9908 0.0010 0.0015 0.0010 0.0020 0.0017 0.0010
7        7   (0)      3  : 0.0007 0.9938 0.0007 0.0010 0.0010 0.0010 0.0010 0.0008
8        8   (0)      3  : 0.0010 0.9820 0.0005 0.0010 0.0005 0.0083 0.0060 0.0008
9        9   (0)      3  : 0.0007 0.9915 0.0010 0.0010 0.0010 0.0017 0.0020 0.0010
10       10   (0)      3  : 0.0010 0.9612 0.0040 0.0033 0.0033 0.0078 0.0055 0.0140
11       11   (0)      3  : 0.0010 0.9255 0.0013 0.0065 0.0010 0.0085 0.0463 0.0100
12       12   (0)      3  : 0.0013 0.9785 0.0023 0.0038 0.0033 0.0042 0.0058 0.0010
13       13   (0)      3  : 0.0000 0.9972 0.0003 0.0005 0.0000 0.0008 0.0013 0.0000
14       14   (0)      3  : 0.0010 0.9795 0.0012 0.0020 0.0012 0.0027 0.0112 0.0010
15       15   (0)      3  : 0.0010 0.9928 0.0010 0.0010 0.0010 0.0015 0.0010 0.0007
16       16   (0)      3  : 0.0000 0.9890 0.0003 0.0010 0.0010 0.0018 0.0063 0.0008
17       17   (0)      3  : 0.0010 0.9775 0.0000 0.0010 0.0012 0.0162 0.0020 0.0010
18       18   (0)      3  : 0.0140 0.9435 0.0055 0.0055 0.0023 0.0223 0.0013 0.0057
19       19   (0)      3  : 0.0002 0.9943 0.0007 0.0010 0.0010 0.0010 0.0012 0.0005
20       20   (0)      3  : 0.0007 0.9913 0.0010 0.0010 0.0007 0.0025 0.0017 0.0010
21       21   (0)      3  : 0.0010 0.9890 0.0010 0.0020 0.0015 0.0030 0.0015 0.0010
22       22   (0)      3  : 0.0025 0.9760 0.0015 0.0043 0.0015 0.0048 0.0077 0.0017
23       23   (0)      3  : 0.0005 0.9928 0.0003 0.0010 0.0010 0.0015 0.0022 0.0007
24       24   (0)      3  : 0.0002 0.9935 0.0010 0.0008 0.0005 0.0010 0.0022 0.0007
25       25   (0)      3  : 0.0010 0.9885 0.0015 0.0025 0.0013 0.0018 0.0020 0.0015
26       26   (0)      3  : 0.0010 0.9923 0.0010 0.0013 0.0005 0.0010 0.0012 0.0017
27       27   (0)      3  : 0.0007 0.9935 0.0010 0.0012 0.0005 0.0010 0.0010 0.0010
28       28   (0)      3  : 0.0010 0.9830 0.0030 0.0018 0.0013 0.0025 0.0058 0.0018
29       29   (0)      3  : 0.0007 0.9928 0.0005 0.0010 0.0010 0.0017 0.0012 0.0010
30       30   (0)      3  : 0.0000 0.9960 0.0005 0.0010 0.0000 0.0008 0.0008 0.0010
31       31   (0)      3  : 0.0030 0.9685 0.0020 0.0052 0.0010 0.0045 0.0120 0.0037
32       32   (0)      3  : 0.0012 0.9845 0.0010 0.0020 0.0010 0.0032 0.0042 0.0027
33       33   (0)      3  : 0.0002 0.9955 0.0000 0.0005 0.0005 0.0010 0.0015 0.0008
34       34   (0)      3  : 0.0000 0.9950 0.0007 0.0007 0.0005 0.0010 0.0010 0.0010
35       35   (0)      3  : 0.0010 0.9925 0.0010 0.0010 0.0010 0.0012 0.0017 0.0005
36       36   (0)      5  : 0.0075 0.0203 0.0188 0.5508 0.0093 0.3690 0.0035 0.0210
37       37   (0)      5  : 0.0205 0.0048 0.0033 0.8161 0.0025 0.0080 0.0040 0.1409
38       38   (0)      6  : 0.0015 0.0098 0.0015 0.0012 0.0022 0.4680 0.5143 0.0015
39       39   (0)      6  : 0.0010 0.0095 0.0015 0.0063 0.0018 0.9765 0.0015 0.0020
40       40   (0)      6  : 0.0018 0.1232 0.0107 0.0085 0.0025 0.8470 0.0020 0.0042
41       41   (0)      6  : 0.0020 0.0055 0.0015 0.0288 0.0018 0.9215 0.0348 0.0042
42       42   (0)      6  : 0.0082 0.0065 0.0057 0.0425 0.0015 0.5297 0.4033 0.0025
43       43   (0)      5  : 0.0082 0.0007 0.0010 0.0420 0.0010 0.0010 0.0010 0.9451
44       44   (0)      5  : 0.0057 0.0250 0.0032 0.0282 0.0017 0.7626 0.1684 0.0050
45       45   (0)      5  : 0.0360 0.0010 0.0047 0.8409 0.0385 0.0025 0.0020 0.0744
46       46   (0)      5  : 0.0123 0.0015 0.0180 0.8859 0.0023 0.0028 0.0023 0.0751
47       47   (0)      5  : 0.0088 0.0068 0.0020 0.7594 0.0035 0.1550 0.0603 0.0043
48       48   (0)      5  : 0.0090 0.0060 0.0045 0.1256 0.0030 0.8427 0.0012 0.0080
49       49   (0)      5  : 0.0135 0.0135 0.0052 0.0680 0.0032 0.8146 0.0192 0.0627
50       50   (0)      5  : 0.0727 0.0020 0.1772 0.6049 0.0022 0.0230 0.0015 0.1165
51       51   (0)      5  : 0.0097 0.0022 0.0082 0.8179 0.0090 0.0172 0.0045 0.1311
52       52   (0)      6  : 0.0010 0.0590 0.0018 0.0025 0.0015 0.8564 0.0765 0.0013
53       53   (0)      6  : 0.0118 0.0980 0.0015 0.0028 0.0053 0.8305 0.0158 0.0345
54       54   (0)      6  : 0.0027 0.0227 0.0035 0.0055 0.0015 0.7878 0.1747 0.0015
55       55   (0)      6  : 0.0052 0.0037 0.0712 0.0107 0.0095 0.8896 0.0032 0.0067
56       56   (0)      6  : 0.0007 0.0160 0.0010 0.0012 0.0010 0.0022 0.9768 0.0010
57       57   (0)      6  : 0.0010 0.0215 0.0015 0.0060 0.0010 0.9582 0.0058 0.0050
58       58   (0)      6  : 0.0053 0.0105 0.0225 0.0078 0.0353 0.3201 0.5968 0.0018
59       59   (0)      6  : 0.0315 0.0135 0.0660 0.0138 0.0055 0.8624 0.0028 0.0045
60       60   (0)      6  : 0.0010 0.0015 0.0010 0.0015 0.0012 0.0017 0.9908 0.0012
61       61   (0)      6  : 0.0010 0.0015 0.0010 0.0012 0.0010 0.0015 0.9920 0.0007
62       62   (0)      6  : 0.0017 0.0070 0.0012 0.0060 0.0013 0.8650 0.1162 0.0015
63       63   (0)      6  : 0.0010 0.0098 0.0018 0.0013 0.0015 0.9582 0.0248 0.0018
64       64   (0)      6  : 0.0080 0.4545 0.0032 0.0017 0.0072 0.5172 0.0060 0.0020
65       65   (0)      6  : 0.0015 0.3819 0.0025 0.0058 0.0030 0.5920 0.0090 0.0043
66       66   (0)      6  : 0.0022 0.4872 0.0022 0.2169 0.0010 0.2834 0.0050 0.0020
67       67   (0)      6  : 0.0150 0.5055 0.0065 0.2130 0.0015 0.2099 0.0335 0.0150
68       68   (0)      6  : 0.0010 0.0017 0.0007 0.0017 0.0010 0.0010 0.9918 0.0010
69       69   (0)      6  : 0.0050 0.4294 0.0015 0.0202 0.0030 0.5334 0.0032 0.0042
70       70   (0)      6  : 0.0022 0.0068 0.0020 0.0025 0.0030 0.0053 0.9765 0.0018
71       71   (0)      6  : 0.0010 0.0075 0.0010 0.0012 0.0012 0.0030 0.9840 0.0010
72       72   (0)      6  : 0.0013 0.0025 0.0010 0.0023 0.0015 0.0010 0.9895 0.0010
73       73   (0)      6  : 0.0075 0.0178 0.1118 0.0043 0.0225 0.0473 0.7871 0.0018
74       74   (0)      6  : 0.0020 0.0105 0.0015 0.0035 0.0030 0.9702 0.0072 0.0020
75       75   (0)      6  : 0.0010 0.0088 0.0018 0.0040 0.0010 0.9780 0.0038 0.0018
76       76   (0)      6  : 0.0088 0.0055 0.0048 0.0057 0.0030 0.9645 0.0065 0.0013
77       77   (0)      6  : 0.0100 0.0190 0.0140 0.0087 0.1977 0.0355 0.7113 0.0037
78       78   (0)      6  : 0.0018 0.0198 0.0015 0.0028 0.0030 0.6974 0.2718 0.0020
79       79   (0)      6  : 0.0043 0.0083 0.0010 0.0025 0.0020 0.9745 0.0035 0.0040
80       80   (0)      6  : 0.0022 0.0100 0.0015 0.0020 0.0020 0.6693 0.3112 0.0017
81       81   (0)      6  : 0.0010 0.0060 0.0015 0.0020 0.0023 0.9785 0.0078 0.0010
82       82   (0)      6  : 0.0273 0.1251 0.0095 0.0140 0.0033 0.7659 0.0470 0.0080
83       83   (0)      6  : 0.0120 0.0093 0.0028 0.0053 0.0095 0.2100 0.7407 0.0105
84       84   (0)      6  : 0.0023 0.0158 0.0018 0.0023 0.0020 0.4151 0.5582 0.0028
85       85   (0)      6  : 0.0010 0.0025 0.0010 0.0015 0.0010 0.0020 0.9898 0.0012
86       86   (0)      6  : 0.0043 0.0020 0.0185 0.0085 0.0193 0.9432 0.0030 0.0013
87       87   (0)      6  : 0.0040 0.0843 0.0035 0.0030 0.0075 0.8135 0.0810 0.0033
88       88   (0)      5  : 0.0095 0.0010 0.0010 0.0410 0.0010 0.0010 0.0010 0.9445
89       89   (0)      5  : 0.0222 0.0020 0.0030 0.9592 0.0055 0.0028 0.0018 0.0035
90       90   (0)      5  : 0.0038 0.0010 0.0023 0.9870 0.0010 0.0015 0.0018 0.0018
91       91   (0)      5  : 0.0030 0.0098 0.0135 0.3719 0.0033 0.5381 0.0150 0.0455
92       92   (0)      5  : 0.0040 0.0013 0.0020 0.8319 0.0018 0.0187 0.0043 0.1361
93       93   (0)      5  : 0.1461 0.0013 0.0125 0.8297 0.0020 0.0025 0.0010 0.0050
94       94   (2)      1  : 0.0020 0.0055 0.9278 0.0030 0.0438 0.0087 0.0070 0.0022
95       95   (3)      1  : 0.0017 0.0012 0.9882 0.0020 0.0013 0.0018 0.0025 0.0013
96       96   (2)      1  : 0.0018 0.0010 0.9895 0.0015 0.0010 0.0013 0.0010 0.0030
97       97   (0)      1  : 0.0050 0.0010 0.9833 0.0017 0.0047 0.0012 0.0010 0.0020
98       98   (1)      1  : 0.0035 0.0117 0.9430 0.0050 0.0145 0.0162 0.0025 0.0035
99       99   (6)      1  : 0.0065 0.0010 0.9835 0.0015 0.0010 0.0017 0.0022 0.0025
100      100  (11)      1  : 0.0025 0.0013 0.9857 0.0025 0.0018 0.0013 0.0015 0.0035
101      101   (3)      1  : 0.0023 0.0013 0.9885 0.0018 0.0030 0.0010 0.0010 0.0013
102      102   (2)      1  : 0.0025 0.0027 0.9655 0.0055 0.0140 0.0042 0.0032 0.0022
103      103   (5)      1  : 0.0045 0.0015 0.9607 0.0050 0.0185 0.0028 0.0018 0.0053
104      104   (1)      1  : 0.0022 0.0010 0.9898 0.0015 0.0020 0.0015 0.0010 0.0010
105      105   (0)      1  : 0.0043 0.0035 0.9110 0.0240 0.0455 0.0057 0.0030 0.0030
106      106   (1)      1  : 0.0087 0.0065 0.9668 0.0025 0.0015 0.0065 0.0013 0.0063
107      107   (6)      1  : 0.0018 0.0020 0.9845 0.0040 0.0010 0.0028 0.0025 0.0015
108      108   (1)      1  : 0.0045 0.0012 0.9265 0.0435 0.0020 0.0095 0.0020 0.0107
109      109  (18)      1  : 0.0048 0.0013 0.9587 0.0033 0.0215 0.0063 0.0013 0.0030
110      110   (2)      1  : 0.0055 0.0017 0.9765 0.0027 0.0062 0.0030 0.0020 0.0022
111      111   (1)      1  : 0.0015 0.0010 0.9908 0.0012 0.0015 0.0010 0.0010 0.0020
112      112   (2)      1  : 0.0020 0.0010 0.9895 0.0012 0.0032 0.0010 0.0010 0.0010
113      113   (2)      1  : 0.0040 0.0010 0.9852 0.0038 0.0020 0.0013 0.0013 0.0015
114      114   (3)      1  : 0.0025 0.0027 0.9830 0.0025 0.0040 0.0020 0.0010 0.0022
115      115   (2)      1  : 0.0025 0.0010 0.9892 0.0020 0.0013 0.0010 0.0010 0.0020
116      116   (1)      1  : 0.0035 0.0002 0.9910 0.0010 0.0013 0.0010 0.0010 0.0010
117      117   (1)      1  : 0.0035 0.0012 0.9855 0.0022 0.0025 0.0015 0.0015 0.0020
118      118   (3)      1  : 0.0048 0.0063 0.9254 0.0083 0.0288 0.0158 0.0030 0.0078
119      119   (2)      1  : 0.0230 0.0090 0.8478 0.0635 0.0133 0.0180 0.0077 0.0178
120      120   (3)      1  : 0.0100 0.0010 0.9815 0.0015 0.0015 0.0010 0.0015 0.0020
121      121   (0)      1  : 0.0023 0.0010 0.9902 0.0015 0.0010 0.0013 0.0013 0.0015
122      122   (1)      1  : 0.0025 0.0082 0.9635 0.0045 0.0025 0.0115 0.0052 0.0020
123      123   (3)      1  : 0.0027 0.0015 0.9825 0.0020 0.0035 0.0022 0.0032 0.0022
124      124   (3)      1  : 0.0067 0.0010 0.9758 0.0032 0.0078 0.0020 0.0013 0.0022
125      125   (2)      1  : 0.1661 0.0010 0.8149 0.0023 0.0118 0.0018 0.0010 0.0013
126      126   (3)      1  : 0.0030 0.0027 0.9820 0.0025 0.0032 0.0027 0.0025 0.0012
127      127   (1)      1  : 0.0020 0.0013 0.9890 0.0013 0.0030 0.0010 0.0013 0.0013
128      128   (5)      1  : 0.0065 0.0010 0.9863 0.0010 0.0010 0.0010 0.0015 0.0017
129      129   (1)      1  : 0.0020 0.0010 0.9910 0.0013 0.0020 0.0010 0.0008 0.0010
130      130   (5)      1  : 0.0010 0.0010 0.9922 0.0010 0.0018 0.0010 0.0010 0.0010
131      131  (10)      1  : 0.0330 0.0040 0.9147 0.0035 0.0315 0.0072 0.0035 0.0025
132      132   (2)      1  : 0.0200 0.0050 0.9428 0.0072 0.0057 0.0092 0.0045 0.0055
133      133   (4)      1  : 0.0620 0.0010 0.9092 0.0158 0.0033 0.0033 0.0013 0.0043
134      134   (2)      1  : 0.0015 0.0155 0.9555 0.0040 0.0030 0.0050 0.0145 0.0010
135      135  (18)      1  : 0.0073 0.0008 0.9832 0.0018 0.0023 0.0018 0.0018 0.0013
136      136   (3)      1  : 0.0205 0.0015 0.9655 0.0023 0.0045 0.0013 0.0018 0.0028
137      137   (0)      1  : 0.0050 0.2114 0.0062 0.0137 0.0047 0.5429 0.1014 0.1145
138      138   (6)      1  : 0.0020 0.0687 0.0017 0.0057 0.0107 0.7826 0.0127 0.1157
139      139  (17)      2  : 0.9803 0.0012 0.0025 0.0047 0.0045 0.0020 0.0012 0.0035
140      140   (2)      2  : 0.9843 0.0010 0.0077 0.0020 0.0017 0.0010 0.0010 0.0012
141      141   (3)      2  : 0.9945 0.0000 0.0010 0.0013 0.0010 0.0008 0.0003 0.0013
142      142   (0)      2  : 0.9777 0.0013 0.0020 0.0030 0.0030 0.0013 0.0023 0.0095
143      143   (4)      2  : 0.9830 0.0030 0.0020 0.0025 0.0023 0.0035 0.0018 0.0020
144      144   (1)      2  : 0.9733 0.0025 0.0042 0.0097 0.0015 0.0040 0.0022 0.0025
145      145   (8)      2  : 0.9843 0.0013 0.0033 0.0020 0.0045 0.0018 0.0018 0.0013
146      146   (4)      2  : 0.9845 0.0007 0.0052 0.0025 0.0015 0.0010 0.0010 0.0035
147      147   (1)      2  : 0.9682 0.0033 0.0153 0.0023 0.0038 0.0033 0.0020 0.0020
148      148  (17)      2  : 0.9918 0.0010 0.0010 0.0012 0.0010 0.0010 0.0010 0.0020
149      149   (8)      2  : 0.9750 0.0013 0.0085 0.0045 0.0040 0.0020 0.0035 0.0013
150      150   (3)      2  : 0.9822 0.0015 0.0015 0.0040 0.0020 0.0035 0.0028 0.0025
151      151   (0)      2  : 0.9878 0.0010 0.0030 0.0022 0.0017 0.0012 0.0015 0.0015
152      152   (0)      2  : 0.9870 0.0010 0.0040 0.0018 0.0028 0.0013 0.0010 0.0013
153      153   (3)      2  : 0.9833 0.0010 0.0070 0.0032 0.0022 0.0012 0.0010 0.0010
154      154   (1)      2  : 0.9725 0.0010 0.0047 0.0042 0.0037 0.0015 0.0012 0.0110
155      155   (1)      2  : 0.9870 0.0023 0.0020 0.0013 0.0018 0.0015 0.0030 0.0013
156      156  (15)      2  : 0.9898 0.0012 0.0015 0.0022 0.0012 0.0017 0.0012 0.0010
157      157   (3)      2  : 0.9857 0.0008 0.0035 0.0038 0.0010 0.0013 0.0013 0.0028
158      158   (2)      2  : 0.9588 0.0022 0.0028 0.0195 0.0017 0.0032 0.0065 0.0052
159      159   (7)      2  : 0.9230 0.0062 0.0135 0.0142 0.0047 0.0127 0.0045 0.0210
160      160   (4)      2  : 0.9502 0.0040 0.0058 0.0033 0.0030 0.0245 0.0070 0.0023
161      161   (1)      2  : 0.9803 0.0027 0.0037 0.0037 0.0045 0.0025 0.0010 0.0015
162      162  (14)      2  : 0.9913 0.0010 0.0018 0.0010 0.0015 0.0010 0.0007 0.0017
163      163  (15)      2  : 0.9772 0.0025 0.0038 0.0032 0.0027 0.0055 0.0010 0.0040
164      164  (11)      2  : 0.9907 0.0010 0.0030 0.0013 0.0010 0.0010 0.0010 0.0010
165      165   (1)      2  : 0.9733 0.0012 0.0095 0.0052 0.0030 0.0020 0.0015 0.0042
166      166   (8)      2  : 0.9537 0.0038 0.0060 0.0048 0.0023 0.0148 0.0110 0.0038
167      167   (6)      2  : 0.9565 0.0040 0.0028 0.0125 0.0088 0.0027 0.0045 0.0083
168      168   (3)      2  : 0.8807 0.0068 0.0078 0.0063 0.0588 0.0198 0.0168 0.0033
169      169   (6)      2  : 0.9015 0.0012 0.0085 0.0042 0.0662 0.0062 0.0055 0.0065
170      170   (4)      2  : 0.9697 0.0010 0.0030 0.0030 0.0048 0.0022 0.0013 0.0150
171      171   (2)      2  : 0.9510 0.0060 0.0038 0.0130 0.0027 0.0133 0.0065 0.0038
172      172   (6)      2  : 0.9587 0.0010 0.0018 0.0053 0.0272 0.0025 0.0013 0.0023
173      173   (1)      2  : 0.9737 0.0010 0.0043 0.0068 0.0065 0.0015 0.0015 0.0048
174      174   (3)      2  : 0.9837 0.0010 0.0020 0.0035 0.0035 0.0013 0.0010 0.0040
175      175   (2)      2  : 0.9563 0.0010 0.0285 0.0017 0.0055 0.0022 0.0027 0.0020
176      176   (4)      2  : 0.9257 0.0013 0.0375 0.0015 0.0298 0.0013 0.0013 0.0018
177      177   (2)      2  : 0.8670 0.0017 0.0395 0.0060 0.0763 0.0022 0.0038 0.0035
178      178   (3)      2  : 0.9903 0.0007 0.0032 0.0012 0.0010 0.0010 0.0010 0.0015
179      179   (1)      2  : 0.9885 0.0010 0.0030 0.0015 0.0025 0.0010 0.0013 0.0013
180      180   (7)      2  : 0.9815 0.0015 0.0038 0.0035 0.0030 0.0023 0.0013 0.0033
181      181   (0)      2  : 0.9840 0.0012 0.0052 0.0020 0.0032 0.0015 0.0017 0.0010
182      182   (0)      7  : 0.0048 0.0015 0.0043 0.9367 0.0023 0.0028 0.0025 0.0453
183      183   (0)      7  : 0.0285 0.0025 0.0173 0.8755 0.0033 0.0083 0.0108 0.0540
184      184   (1)      7  : 0.0107 0.0032 0.0037 0.9503 0.0122 0.0037 0.0050 0.0110
185      185   (0)      7  : 0.0043 0.0043 0.0080 0.8912 0.0050 0.0348 0.0030 0.0495
186      186   (2)      7  : 0.0055 0.0033 0.0048 0.9365 0.0278 0.0110 0.0070 0.0043
187      187   (0)      7  : 0.0095 0.0092 0.0043 0.7638 0.0065 0.0080 0.0065 0.1922
188      188   (1)      7  : 0.0043 0.0023 0.0035 0.8836 0.0015 0.0073 0.0043 0.0933
189      189   (1)      7  : 0.1753 0.0030 0.0033 0.2788 0.0028 0.3826 0.0033 0.1510
190      190   (0)      7  : 0.0088 0.0015 0.0018 0.9132 0.0038 0.0033 0.0028 0.0651
191      191   (0)      7  : 0.0025 0.0030 0.0070 0.9690 0.0025 0.0050 0.0015 0.0095
192      192   (2)      7  : 0.0117 0.0030 0.0197 0.7019 0.1650 0.0043 0.0362 0.0582
193      193   (1)      7  : 0.0055 0.0027 0.0202 0.9440 0.0035 0.0027 0.0015 0.0197
194      194   (1)      7  : 0.0013 0.0100 0.0023 0.9502 0.0090 0.0128 0.0125 0.0020
195      195   (0)      7  : 0.0240 0.0010 0.0233 0.9239 0.0168 0.0018 0.0020 0.0073
196      196   (0)      7  : 0.0037 0.0027 0.0062 0.9648 0.0012 0.0022 0.0030 0.0160
197      197   (1)      7  : 0.0040 0.0057 0.0040 0.9690 0.0022 0.0105 0.0025 0.0020
198      198   (1)      7  : 0.0028 0.0018 0.0010 0.9850 0.0010 0.0033 0.0020 0.0033
199      199   (0)      7  : 0.0017 0.0083 0.0025 0.9512 0.0010 0.0182 0.0033 0.0138
200      200   (0)      7  : 0.0020 0.0042 0.2572 0.6756 0.0455 0.0087 0.0037 0.0030
201      201   (1)      7  : 0.2956 0.0055 0.0140 0.6422 0.0025 0.0035 0.0035 0.0332
202      202   (0)      7  : 0.0023 0.0013 0.0010 0.9895 0.0010 0.0015 0.0012 0.0022
203      203   (1)      7  : 0.0067 0.0035 0.0025 0.9208 0.0020 0.0023 0.0015 0.0607
204      204   (1)      7  : 0.0162 0.0210 0.2757 0.6238 0.0100 0.0397 0.0050 0.0085
205      205   (0)      7  : 0.0030 0.0080 0.0070 0.9540 0.0027 0.0122 0.0037 0.0092
206      206   (2)      7  : 0.2552 0.0048 0.0090 0.6250 0.0048 0.0033 0.0050 0.0930
207      207   (2)      7  : 0.0017 0.0347 0.0012 0.9380 0.0010 0.0132 0.0075 0.0025
208      208   (2)      7  : 0.0125 0.0060 0.0135 0.7040 0.0320 0.1987 0.0095 0.0237
209      209   (0)      7  : 0.0128 0.0523 0.0040 0.8907 0.0010 0.0310 0.0048 0.0035
210      210   (1)      7  : 0.0022 0.0030 0.0047 0.9770 0.0025 0.0032 0.0055 0.0017
211      211   (0)      7  : 0.0080 0.0028 0.0023 0.8874 0.0020 0.0015 0.0020 0.0941
212      212  (10)      7  : 0.0850 0.0023 0.0020 0.8985 0.0035 0.0033 0.0033 0.0023
213      213   (1)      7  : 0.0088 0.0038 0.0043 0.9672 0.0010 0.0055 0.0040 0.0055
214      214   (0)      7  : 0.0197 0.0027 0.0030 0.9420 0.0032 0.0090 0.0057 0.0145
215      215   (2)      7  : 0.0102 0.0020 0.2556 0.5838 0.1411 0.0025 0.0020 0.0027
216      216   (1)      4  : 0.0010 0.0007 0.0010 0.0010 0.9938 0.0010 0.0007 0.0007
217      217   (1)      4  : 0.0018 0.0025 0.0010 0.0020 0.9872 0.0025 0.0010 0.0020
218      218   (1)      4  : 0.0007 0.0010 0.0012 0.0007 0.9935 0.0010 0.0010 0.0007
219      219   (1)      4  : 0.0010 0.0010 0.0010 0.0010 0.9943 0.0007 0.0002 0.0007
220      220   (1)      4  : 0.2335 0.0023 0.0238 0.0120 0.7212 0.0028 0.0015 0.0030
221      221   (1)      4  : 0.0010 0.0013 0.0028 0.0018 0.9885 0.0025 0.0013 0.0010
222      222  (10)      4  : 0.0053 0.0013 0.0045 0.0015 0.9775 0.0018 0.0070 0.0013
223      223   (2)      4  : 0.0015 0.0008 0.0033 0.0010 0.9908 0.0010 0.0005 0.0013
224      224   (0)      4  : 0.0015 0.0015 0.0070 0.0017 0.9828 0.0012 0.0015 0.0027
225      225   (2)      4  : 0.0010 0.0007 0.0010 0.0010 0.9940 0.0010 0.0005 0.0007
226      226   (0)      4  : 0.0010 0.0002 0.0017 0.0010 0.9933 0.0007 0.0010 0.0010
