1        1   (0)      3  : 0.0083 0.9917
2        2   (0)      3  : 0.0118 0.9882
3        3   (0)      3  : 0.0064 0.9936
4        4   (0)      3  : 0.0069 0.9931
5        5   (0)      3  : 0.0041 0.9959
6        6   (0)      3  : 0.0090 0.9910
7        7   (0)      3  : 0.0056 0.9944
8        8   (0)      3  : 0.0056 0.9944
9        9   (0)      3  : 0.0053 0.9947
10       10   (0)      3  : 0.0141 0.9859
11       11   (0)      3  : 0.0070 0.9930
12       12   (0)      3  : 0.0111 0.9889
13       13   (0)      3  : 0.0039 0.9961
14       14   (0)      3  : 0.0068 0.9932
15       15   (0)      3  : 0.0071 0.9929
16       16   (0)      3  : 0.0040 0.9960
17       17   (0)      3  : 0.0047 0.9953
18       18   (0)      3  : 0.0511 0.9489
19       19   (0)      3  : 0.0042 0.9958
20       20   (0)      3  : 0.0068 0.9932
21       21   (0)      3  : 0.0081 0.9919
22       22   (0)      3  : 0.0110 0.9890
23       23   (0)      3  : 0.0043 0.9957
24       24   (0)      3  : 0.0057 0.9943
25       25   (0)      3  : 0.0136 0.9864
26       26   (0)      3  : 0.0104 0.9896
27       27   (0)      3  : 0.0060 0.9940
28       28   (0)      3  : 0.0094 0.9906
29       29   (0)      3  : 0.0048 0.9952
30       30   (0)      3  : 0.0051 0.9949
31       31   (0)      3  : 0.0099 0.9901
32       32   (0)      3  : 0.0069 0.9931
33       33   (0)      3  : 0.0040 0.9960
34       34   (0)      3  : 0.0048 0.9952
35       35   (0)      3  : 0.0067 0.9933
36       36   (0)      5  : 0.5547 0.4453
37       37   (0)      5  : 0.6361 0.3639
38       38   (0)      6  : 0.2583 0.7417
39       39   (0)      6  : 0.3213 0.6787
40       40   (0)      6  : 0.3220 0.6780
41       41   (0)      6  : 0.3243 0.6757
42       42   (0)      6  : 0.3299 0.6701
43       43   (0)      5  : 0.7900 0.2100
44       44   (0)      5  : 0.3282 0.6718
45       45   (0)      5  : 0.7985 0.2015
46       46   (0)      5  : 0.6877 0.3123
47       47   (0)      5  : 0.5559 0.4441
48       48   (0)      5  : 0.4293 0.5707
49       49   (0)      5  : 0.4035 0.5965
50       50   (0)      5  : 0.7635 0.2365
51       51   (0)      5  : 0.6475 0.3525
52       52   (0)      6  : 0.2297 0.7703
53       53   (0)      6  : 0.3250 0.6750
54       54   (0)      6  : 0.2975 0.7025
55       55   (0)      6  : 0.4799 0.5201
56       56   (0)      6  : 0.1199 0.8801
57       57   (0)      6  : 0.2704 0.7296
58       58   (0)      6  : 0.3248 0.6752
59       59   (0)      6  : 0.4522 0.5478
60       60   (0)      6  : 0.2066 0.7934
61       61   (0)      6  : 0.2139 0.7861
62       62   (0)      6  : 0.2813 0.7187
63       63   (0)      6  : 0.2778 0.7222
64       64   (0)      6  : 0.2010 0.7990
65       65   (0)      6  : 0.2023 0.7977
66       66   (0)      6  : 0.2161 0.7839
67       67   (0)      6  : 0.2587 0.7413
68       68   (0)      6  : 0.2463 0.7537
69       69   (0)      6  : 0.2025 0.7975
70       70   (0)      6  : 0.2470 0.7530
71       71   (0)      6  : 0.1522 0.8478
72       72   (0)      6  : 0.2183 0.7817
73       73   (0)      6  : 0.3056 0.6944
74       74   (0)      6  : 0.3058 0.6942
75       75   (0)      6  : 0.2850 0.7150
76       76   (0)      6  : 0.3958 0.6042
77       77   (0)      6  : 0.3951 0.6049
78       78   (0)      6  : 0.2414 0.7586
79       79   (0)      6  : 0.3403 0.6597
80       80   (0)      6  : 0.2732 0.7268
81       81   (0)      6  : 0.3008 0.6992
82       82   (0)      6  : 0.3491 0.6509
83       83   (0)      6  : 0.2695 0.7305
84       84   (0)      6  : 0.2375 0.7625
85       85   (0)      6  : 0.1748 0.8252
86       86   (0)      6  : 0.4495 0.5505
87       87   (0)      6  : 0.3048 0.6952
88       88   (0)      5  : 0.7899 0.2101
89       89   (0)      5  : 0.6570 0.3430
90       90   (0)      5  : 0.6313 0.3687
91       91   (0)      5  : 0.4318 0.5682
92       92   (0)      5  : 0.6339 0.3661
93       93   (0)      5  : 0.7677 0.2323
94       94   (2)      1  : 0.9171 0.0829
95       95   (3)      1  : 0.9808 0.0192
96       96   (2)      1  : 0.9861 0.0139
97       97   (0)      1  : 0.9900 0.0100
98       98   (1)      1  : 0.8965 0.1035
99       99   (6)      1  : 0.9814 0.0186
100      100  (11)      1  : 0.9800 0.0200
101      101   (3)      1  : 0.9806 0.0194
102      102   (2)      1  : 0.9256 0.0744
103      103   (5)      1  : 0.9755 0.0245
104      104   (1)      1  : 0.9919 0.0081
105      105   (0)      1  : 0.9548 0.0452
106      106   (1)      1  : 0.9647 0.0353
107      107   (6)      1  : 0.9671 0.0329
108      108   (1)      1  : 0.9705 0.0295
109      109  (18)      1  : 0.9865 0.0135
110      110   (2)      1  : 0.9512 0.0488
111      111   (1)      1  : 0.9863 0.0137
112      112   (2)      1  : 0.9928 0.0072
113      113   (2)      1  : 0.9887 0.0113
114      114   (3)      1  : 0.9705 0.0295
115      115   (2)      1  : 0.9921 0.0079
116      116   (1)      1  : 0.9933 0.0067
117      117   (1)      1  : 0.9876 0.0124
118      118   (3)      1  : 0.9373 0.0627
119      119   (2)      1  : 0.9106 0.0894
120      120   (3)      1  : 0.9897 0.0103
121      121   (0)      1  : 0.9800 0.0200
122      122   (1)      1  : 0.8819 0.1181
123      123   (3)      1  : 0.9730 0.0270
124      124   (3)      1  : 0.9898 0.0102
125      125   (2)      1  : 0.9900 0.0100
126      126   (3)      1  : 0.9544 0.0456
127      127   (1)      1  : 0.9757 0.0243
128      128   (5)      1  : 0.9917 0.0083
129      129   (1)      1  : 0.9858 0.0142
130      130   (5)      1  : 0.9787 0.0213
131      131  (10)      1  : 0.9455 0.0545
132      132   (2)      1  : 0.9452 0.0548
133      133   (4)      1  : 0.9901 0.0099
134      134   (2)      1  : 0.8564 0.1436
135      135  (18)      1  : 0.9884 0.0116
136      136   (3)      1  : 0.9895 0.0105
137      137   (0)      1  : 0.2814 0.7186
138      138   (6)      1  : 0.2865 0.7135
139      139  (17)      2  : 0.9795 0.0205
140      140   (2)      2  : 0.9939 0.0061
141      141   (3)      2  : 0.9953 0.0047
142      142   (0)      2  : 0.9885 0.0115
143      143   (4)      2  : 0.9622 0.0378
144      144   (1)      2  : 0.9676 0.0324
145      145   (8)      2  : 0.9912 0.0088
146      146   (4)      2  : 0.9948 0.0052
147      147   (1)      2  : 0.9866 0.0134
148      148  (17)      2  : 0.9889 0.0111
149      149   (8)      2  : 0.9878 0.0122
150      150   (3)      2  : 0.9736 0.0264
151      151   (0)      2  : 0.9918 0.0082
152      152   (0)      2  : 0.9939 0.0061
153      153   (3)      2  : 0.9936 0.0064
154      154   (1)      2  : 0.9927 0.0073
155      155   (1)      2  : 0.9872 0.0128
156      156  (15)      2  : 0.9614 0.0386
157      157   (3)      2  : 0.9895 0.0105
158      158   (2)      2  : 0.9731 0.0269
159      159   (7)      2  : 0.9847 0.0153
160      160   (4)      2  : 0.9467 0.0533
161      161   (1)      2  : 0.9890 0.0110
162      162  (14)      2  : 0.9904 0.0096
163      163  (15)      2  : 0.9589 0.0411
164      164  (11)      2  : 0.9931 0.0069
165      165   (1)      2  : 0.9909 0.0091
166      166   (8)      2  : 0.9700 0.0300
167      167   (6)      2  : 0.9839 0.0161
168      168   (3)      2  : 0.9427 0.0573
169      169   (6)      2  : 0.9888 0.0112
170      170   (4)      2  : 0.9921 0.0079
171      171   (2)      2  : 0.9449 0.0551
172      172   (6)      2  : 0.9866 0.0134
173      173   (1)      2  : 0.9913 0.0087
174      174   (3)      2  : 0.9932 0.0068
175      175   (2)      2  : 0.9919 0.0081
176      176   (4)      2  : 0.9908 0.0092
177      177   (2)      2  : 0.9913 0.0087
178      178   (3)      2  : 0.9940 0.0060
179      179   (1)      2  : 0.9905 0.0095
180      180   (7)      2  : 0.9921 0.0079
181      181   (0)      2  : 0.9848 0.0152
182      182   (0)      7  : 0.6380 0.3620
183      183   (0)      7  : 0.6857 0.3143
184      184   (1)      7  : 0.5856 0.4144
185      185   (0)      7  : 0.5654 0.4346
186      186   (2)      7  : 0.5966 0.4034
187      187   (0)      7  : 0.6866 0.3134
188      188   (1)      7  : 0.6028 0.3972
189      189   (1)      7  : 0.6441 0.3559
190      190   (0)      7  : 0.7097 0.2903
191      191   (0)      7  : 0.6160 0.3840
192      192   (2)      7  : 0.6932 0.3068
193      193   (1)      7  : 0.6465 0.3535
194      194   (1)      7  : 0.5051 0.4949
195      195   (0)      7  : 0.7118 0.2882
196      196   (0)      7  : 0.6057 0.3943
197      197   (1)      7  : 0.5802 0.4198
198      198   (1)      7  : 0.5839 0.4161
199      199   (0)      7  : 0.5342 0.4658
200      200   (0)      7  : 0.6493 0.3507
201      201   (1)      7  : 0.7832 0.2168
202      202   (0)      7  : 0.5983 0.4017
203      203   (1)      7  : 0.6449 0.3551
204      204   (1)      7  : 0.6489 0.3511
205      205   (0)      7  : 0.5979 0.4021
206      206   (2)      7  : 0.7252 0.2748
207      207   (2)      7  : 0.4212 0.5788
208      208   (2)      7  : 0.6333 0.3667
209      209   (0)      7  : 0.5503 0.4497
210      210   (1)      7  : 0.5633 0.4367
211      211   (0)      7  : 0.6935 0.3065
212      212  (10)      7  : 0.6523 0.3477
213      213   (1)      7  : 0.5959 0.4041
214      214   (0)      7  : 0.6566 0.3434
215      215   (2)      7  : 0.7987 0.2013
216      216   (1)      4  : 0.8544 0.1456
217      217   (1)      4  : 0.7974 0.2026
218      218   (1)      4  : 0.8222 0.1778
219      219   (1)      4  : 0.8585 0.1415
220      220   (1)      4  : 0.9183 0.0817
221      221   (1)      4  : 0.8167 0.1833
222      222  (10)      4  : 0.8820 0.1180
223      223   (2)      4  : 0.8700 0.1300
224      224   (0)      4  : 0.9144 0.0856
225      225   (2)      4  : 0.8340 0.1660
226      226   (0)      4  : 0.9430 0.0570
