1        1   (0)      3  : 0.0010 0.9935 0.0010 0.0010 0.0010 0.0025
2        2   (0)      3  : 0.0020 0.9730 0.0025 0.0075 0.0040 0.0110
3        3   (0)      3  : 0.0010 0.9950 0.0010 0.0010 0.0010 0.0010
4        4   (0)      3  : 0.0010 0.9940 0.0010 0.0015 0.0010 0.0015
5        5   (0)      3  : 0.0005 0.9960 0.0010 0.0010 0.0005 0.0010
6        6   (0)      3  : 0.0010 0.9935 0.0010 0.0015 0.0010 0.0020
7        7   (0)      3  : 0.0005 0.9950 0.0010 0.0015 0.0010 0.0010
8        8   (0)      3  : 0.0010 0.9855 0.0010 0.0010 0.0010 0.0105
9        9   (0)      3  : 0.0000 0.9940 0.0010 0.0010 0.0010 0.0030
10       10   (0)      3  : 0.0010 0.9720 0.0060 0.0045 0.0040 0.0125
11       11   (0)      3  : 0.0010 0.9440 0.0010 0.0095 0.0015 0.0430
12       12   (0)      3  : 0.0010 0.9840 0.0025 0.0045 0.0025 0.0055
13       13   (0)      3  : 0.0000 0.9985 0.0005 0.0000 0.0000 0.0010
14       14   (0)      3  : 0.0010 0.9880 0.0015 0.0015 0.0015 0.0065
15       15   (0)      3  : 0.0010 0.9950 0.0010 0.0010 0.0010 0.0010
16       16   (0)      3  : 0.0000 0.9940 0.0010 0.0010 0.0010 0.0030
17       17   (0)      3  : 0.0010 0.9775 0.0010 0.0010 0.0010 0.0185
18       18   (0)      3  : 0.0145 0.9550 0.0085 0.0085 0.0015 0.0120
19       19   (0)      3  : 0.0005 0.9945 0.0005 0.0010 0.0010 0.0025
20       20   (0)      3  : 0.0010 0.9925 0.0010 0.0010 0.0010 0.0035
21       21   (0)      3  : 0.0010 0.9930 0.0010 0.0015 0.0010 0.0025
22       22   (0)      3  : 0.0020 0.9825 0.0020 0.0030 0.0015 0.0090
23       23   (0)      3  : 0.0005 0.9940 0.0000 0.0010 0.0010 0.0035
24       24   (0)      3  : 0.0010 0.9940 0.0010 0.0010 0.0010 0.0020
25       25   (0)      3  : 0.0010 0.9930 0.0010 0.0020 0.0010 0.0020
26       26   (0)      3  : 0.0010 0.9945 0.0010 0.0015 0.0010 0.0010
27       27   (0)      3  : 0.0010 0.9950 0.0010 0.0010 0.0010 0.0010
28       28   (0)      3  : 0.0010 0.9865 0.0055 0.0020 0.0010 0.0040
29       29   (0)      3  : 0.0005 0.9940 0.0010 0.0010 0.0010 0.0025
30       30   (0)      3  : 0.0005 0.9955 0.0010 0.0010 0.0010 0.0010
31       31   (0)      3  : 0.0035 0.9780 0.0020 0.0055 0.0015 0.0095
32       32   (0)      3  : 0.0010 0.9905 0.0010 0.0025 0.0010 0.0040
33       33   (0)      3  : 0.0000 0.9970 0.0005 0.0010 0.0000 0.0015
34       34   (0)      3  : 0.0000 0.9960 0.0010 0.0010 0.0005 0.0015
35       35   (0)      3  : 0.0010 0.9945 0.0010 0.0010 0.0005 0.0020
36       36   (0)      5  : 0.0040 0.1040 0.0145 0.8390 0.0125 0.0260
37       37   (0)      5  : 0.0100 0.0025 0.0020 0.9795 0.0015 0.0045
38       38   (0)      6  : 0.0020 0.0035 0.0010 0.0015 0.0015 0.9905
39       39   (0)      6  : 0.0025 0.4041 0.0025 0.5719 0.0080 0.0110
40       40   (0)      6  : 0.0035 0.4860 0.0150 0.4705 0.0050 0.0200
41       41   (0)      6  : 0.0025 0.0070 0.0020 0.2922 0.0030 0.6933
42       42   (0)      6  : 0.0160 0.0145 0.0110 0.1220 0.0020 0.8345
43       43   (0)      5  : 0.0686 0.0010 0.0030 0.9209 0.0035 0.0030
44       44   (0)      5  : 0.0235 0.0150 0.0085 0.0880 0.0015 0.8635
45       45   (0)      5  : 0.0235 0.0010 0.0035 0.9315 0.0385 0.0020
46       46   (0)      5  : 0.0110 0.0015 0.0095 0.9720 0.0030 0.0030
47       47   (0)      5  : 0.0055 0.0160 0.0030 0.8357 0.0020 0.1379
48       48   (0)      5  : 0.0035 0.2694 0.0030 0.7072 0.0030 0.0140
49       49   (0)      5  : 0.0110 0.0125 0.0035 0.3450 0.0030 0.6250
50       50   (0)      5  : 0.0615 0.0020 0.1445 0.7835 0.0020 0.0065
51       51   (0)      5  : 0.0045 0.0020 0.0075 0.9705 0.0100 0.0055
52       52   (0)      6  : 0.0020 0.0665 0.0020 0.0075 0.0030 0.9190
53       53   (0)      6  : 0.1029 0.2603 0.0035 0.0590 0.0185 0.5558
54       54   (0)      6  : 0.0055 0.0155 0.0130 0.0200 0.0030 0.9430
55       55   (0)      6  : 0.0070 0.0065 0.2395 0.0420 0.0115 0.6935
56       56   (0)      6  : 0.0010 0.0230 0.0010 0.0010 0.0010 0.9730
57       57   (0)      6  : 0.0060 0.0634 0.0045 0.0634 0.0025 0.8601
58       58   (0)      6  : 0.0040 0.0060 0.0070 0.0040 0.0105 0.9685
59       59   (0)      6  : 0.0260 0.2855 0.1095 0.4020 0.0085 0.1685
60       60   (0)      6  : 0.0015 0.0020 0.0010 0.0025 0.0010 0.9920
61       61   (0)      6  : 0.0010 0.0030 0.0010 0.0030 0.0015 0.9905
62       62   (0)      6  : 0.0030 0.0040 0.0020 0.0090 0.0010 0.9810
63       63   (0)      6  : 0.0010 0.0085 0.0030 0.0030 0.0025 0.9820
64       64   (0)      6  : 0.0080 0.4492 0.0050 0.0025 0.0165 0.5188
65       65   (0)      6  : 0.0040 0.4173 0.0095 0.0095 0.0145 0.5452
66       66   (0)      6  : 0.0040 0.5700 0.0020 0.3730 0.0010 0.0500
67       67   (0)      6  : 0.0270 0.5128 0.0125 0.2674 0.0010 0.1794
68       68   (0)      6  : 0.0020 0.0050 0.0010 0.0015 0.0010 0.9895
69       69   (0)      6  : 0.0215 0.5945 0.0015 0.3005 0.0030 0.0790
70       70   (0)      6  : 0.0010 0.0080 0.0020 0.0015 0.0015 0.9860
71       71   (0)      6  : 0.0010 0.0050 0.0010 0.0020 0.0010 0.9900
72       72   (0)      6  : 0.0015 0.0040 0.0010 0.0030 0.0010 0.9895
73       73   (0)      6  : 0.0025 0.0090 0.0150 0.0025 0.0075 0.9635
74       74   (0)      6  : 0.0055 0.0105 0.0040 0.0355 0.0205 0.9240
75       75   (0)      6  : 0.0035 0.0665 0.0115 0.0435 0.0030 0.8719
76       76   (0)      6  : 0.0510 0.0115 0.0105 0.0976 0.0065 0.8229
77       77   (0)      6  : 0.0120 0.0050 0.0070 0.0050 0.0770 0.8940
78       78   (0)      6  : 0.0025 0.0180 0.0015 0.0055 0.0055 0.9670
79       79   (0)      6  : 0.0625 0.0170 0.0015 0.0335 0.0120 0.8734
80       80   (0)      6  : 0.0025 0.0050 0.0020 0.0025 0.0015 0.9865
81       81   (0)      6  : 0.0020 0.0135 0.0035 0.0035 0.0025 0.9750
82       82   (0)      6  : 0.0295 0.0755 0.0190 0.0375 0.0040 0.8345
83       83   (0)      6  : 0.0030 0.0025 0.0010 0.0025 0.0025 0.9885
84       84   (0)      6  : 0.0015 0.0050 0.0010 0.0015 0.0010 0.9900
85       85   (0)      6  : 0.0010 0.0040 0.0005 0.0025 0.0010 0.9910
86       86   (0)      6  : 0.0075 0.1505 0.0370 0.4627 0.0570 0.2852
87       87   (0)      6  : 0.0060 0.0745 0.0060 0.0125 0.0205 0.8804
88       88   (0)      5  : 0.0510 0.0010 0.0040 0.9385 0.0035 0.0020
89       89   (0)      5  : 0.0220 0.0020 0.0030 0.9595 0.0095 0.0040
90       90   (0)      5  : 0.0035 0.0010 0.0015 0.9910 0.0010 0.0020
91       91   (0)      5  : 0.0020 0.0110 0.0160 0.5440 0.0035 0.4235
92       92   (0)      5  : 0.0025 0.0010 0.0015 0.9885 0.0020 0.0045
93       93   (0)      5  : 0.1110 0.0010 0.0195 0.8656 0.0020 0.0010
94       94   (2)      1  : 0.0025 0.0050 0.9155 0.0030 0.0665 0.0075
95       95   (3)      1  : 0.0020 0.0015 0.9920 0.0015 0.0015 0.0015
96       96   (2)      1  : 0.0020 0.0010 0.9930 0.0020 0.0010 0.0010
97       97   (0)      1  : 0.0050 0.0010 0.9855 0.0015 0.0055 0.0015
98       98   (1)      1  : 0.0020 0.0190 0.9560 0.0030 0.0135 0.0065
99       99   (6)      1  : 0.0035 0.0015 0.9890 0.0025 0.0015 0.0020
100      100  (11)      1  : 0.0030 0.0015 0.9870 0.0040 0.0020 0.0025
101      101   (3)      1  : 0.0025 0.0015 0.9905 0.0020 0.0025 0.0010
102      102   (2)      1  : 0.0040 0.0025 0.9720 0.0050 0.0110 0.0055
103      103   (5)      1  : 0.0075 0.0015 0.9645 0.0040 0.0190 0.0035
104      104   (1)      1  : 0.0025 0.0010 0.9915 0.0020 0.0020 0.0010
105      105   (0)      1  : 0.0030 0.0025 0.9105 0.0185 0.0615 0.0040
106      106   (1)      1  : 0.0115 0.0070 0.9720 0.0045 0.0020 0.0030
107      107   (6)      1  : 0.0025 0.0025 0.9865 0.0040 0.0020 0.0025
108      108   (1)      1  : 0.0055 0.0015 0.9375 0.0480 0.0025 0.0050
109      109  (18)      1  : 0.0050 0.0010 0.9680 0.0065 0.0165 0.0030
110      110   (2)      1  : 0.0045 0.0015 0.9805 0.0025 0.0065 0.0045
111      111   (1)      1  : 0.0015 0.0010 0.9945 0.0010 0.0010 0.0010
112      112   (2)      1  : 0.0020 0.0010 0.9905 0.0015 0.0040 0.0010
113      113   (2)      1  : 0.0060 0.0010 0.9855 0.0030 0.0035 0.0010
114      114   (3)      1  : 0.0030 0.0025 0.9875 0.0035 0.0020 0.0015
115      115   (2)      1  : 0.0035 0.0010 0.9915 0.0020 0.0010 0.0010
116      116   (1)      1  : 0.0030 0.0010 0.9920 0.0010 0.0020 0.0010
117      117   (1)      1  : 0.0030 0.0010 0.9895 0.0015 0.0040 0.0010
118      118   (3)      1  : 0.0040 0.0070 0.9381 0.0075 0.0335 0.0100
119      119   (2)      1  : 0.0365 0.0110 0.8531 0.0800 0.0090 0.0105
120      120   (3)      1  : 0.0115 0.0010 0.9835 0.0015 0.0015 0.0010
121      121   (0)      1  : 0.0025 0.0015 0.9910 0.0020 0.0015 0.0015
122      122   (1)      1  : 0.0030 0.0085 0.9715 0.0075 0.0015 0.0080
123      123   (3)      1  : 0.0025 0.0020 0.9860 0.0025 0.0045 0.0025
124      124   (3)      1  : 0.0075 0.0010 0.9790 0.0040 0.0070 0.0015
125      125   (2)      1  : 0.1474 0.0010 0.8331 0.0030 0.0145 0.0010
126      126   (3)      1  : 0.0020 0.0030 0.9850 0.0020 0.0060 0.0020
127      127   (1)      1  : 0.0010 0.0020 0.9920 0.0015 0.0020 0.0015
128      128   (5)      1  : 0.0055 0.0010 0.9895 0.0015 0.0010 0.0015
129      129   (1)      1  : 0.0025 0.0010 0.9905 0.0015 0.0035 0.0010
130      130   (5)      1  : 0.0010 0.0015 0.9940 0.0010 0.0015 0.0010
131      131  (10)      1  : 0.0285 0.0045 0.9154 0.0075 0.0390 0.0050
132      132   (2)      1  : 0.0175 0.0045 0.9590 0.0065 0.0035 0.0090
133      133   (4)      1  : 0.0584 0.0015 0.9201 0.0135 0.0040 0.0025
134      134   (2)      1  : 0.0025 0.0170 0.9645 0.0040 0.0020 0.0100
135      135  (18)      1  : 0.0060 0.0010 0.9865 0.0020 0.0025 0.0020
136      136   (3)      1  : 0.0200 0.0010 0.9705 0.0020 0.0050 0.0015
137      137   (0)      1  : 0.0135 0.2351 0.0200 0.1006 0.0060 0.6248
138      138   (6)      1  : 0.0020 0.1100 0.0020 0.1785 0.0500 0.6575
139      139  (17)      2  : 0.9865 0.0015 0.0020 0.0035 0.0040 0.0025
140      140   (2)      2  : 0.9890 0.0010 0.0060 0.0015 0.0015 0.0010
141      141   (3)      2  : 0.9965 0.0000 0.0010 0.0010 0.0010 0.0005
142      142   (0)      2  : 0.9885 0.0015 0.0035 0.0020 0.0035 0.0010
143      143   (4)      2  : 0.9860 0.0020 0.0020 0.0030 0.0040 0.0030
144      144   (1)      2  : 0.9790 0.0030 0.0030 0.0095 0.0015 0.0040
145      145   (8)      2  : 0.9865 0.0010 0.0050 0.0025 0.0035 0.0015
146      146   (4)      2  : 0.9910 0.0010 0.0030 0.0025 0.0015 0.0010
147      147   (1)      2  : 0.9705 0.0025 0.0185 0.0030 0.0035 0.0020
148      148  (17)      2  : 0.9950 0.0010 0.0010 0.0010 0.0010 0.0010
149      149   (8)      2  : 0.9735 0.0010 0.0115 0.0055 0.0050 0.0035
150      150   (3)      2  : 0.9880 0.0020 0.0020 0.0025 0.0025 0.0030
151      151   (0)      2  : 0.9925 0.0010 0.0025 0.0020 0.0010 0.0010
152      152   (0)      2  : 0.9880 0.0010 0.0045 0.0020 0.0035 0.0010
153      153   (3)      2  : 0.9845 0.0010 0.0070 0.0035 0.0030 0.0010
154      154   (1)      2  : 0.9850 0.0010 0.0045 0.0040 0.0045 0.0010
155      155   (1)      2  : 0.9900 0.0020 0.0025 0.0015 0.0020 0.0020
156      156  (15)      2  : 0.9915 0.0010 0.0015 0.0025 0.0015 0.0020
157      157   (3)      2  : 0.9890 0.0010 0.0050 0.0020 0.0010 0.0020
158      158   (2)      2  : 0.9740 0.0020 0.0025 0.0145 0.0020 0.0050
159      159   (7)      2  : 0.9405 0.0070 0.0150 0.0220 0.0065 0.0090
160      160   (4)      2  : 0.9610 0.0040 0.0075 0.0060 0.0025 0.0190
161      161   (1)      2  : 0.9805 0.0020 0.0045 0.0050 0.0060 0.0020
162      162  (14)      2  : 0.9920 0.0010 0.0025 0.0015 0.0020 0.0010
163      163  (15)      2  : 0.9825 0.0020 0.0035 0.0050 0.0025 0.0045
164      164  (11)      2  : 0.9930 0.0015 0.0025 0.0010 0.0010 0.0010
165      165   (1)      2  : 0.9825 0.0015 0.0075 0.0040 0.0025 0.0020
166      166   (8)      2  : 0.9685 0.0050 0.0040 0.0085 0.0020 0.0120
167      167   (6)      2  : 0.9660 0.0045 0.0020 0.0170 0.0075 0.0030
168      168   (3)      2  : 0.8980 0.0090 0.0090 0.0080 0.0515 0.0245
169      169   (6)      2  : 0.8990 0.0015 0.0070 0.0050 0.0790 0.0085
170      170   (4)      2  : 0.9880 0.0010 0.0025 0.0030 0.0045 0.0010
171      171   (2)      2  : 0.9615 0.0085 0.0060 0.0105 0.0025 0.0110
172      172   (6)      2  : 0.9595 0.0015 0.0010 0.0055 0.0305 0.0020
173      173   (1)      2  : 0.9780 0.0010 0.0065 0.0060 0.0070 0.0015
174      174   (3)      2  : 0.9890 0.0010 0.0020 0.0030 0.0040 0.0010
175      175   (2)      2  : 0.9540 0.0010 0.0355 0.0020 0.0050 0.0025
176      176   (4)      2  : 0.9265 0.0010 0.0460 0.0025 0.0220 0.0020
177      177   (2)      2  : 0.8776 0.0025 0.0490 0.0090 0.0599 0.0020
178      178   (3)      2  : 0.9935 0.0010 0.0025 0.0010 0.0010 0.0010
179      179   (1)      2  : 0.9885 0.0010 0.0045 0.0015 0.0035 0.0010
180      180   (7)      2  : 0.9865 0.0015 0.0045 0.0025 0.0030 0.0020
181      181   (0)      2  : 0.9880 0.0020 0.0040 0.0015 0.0020 0.0025
182      182   (0)      7  : 0.0035 0.0015 0.0035 0.9855 0.0025 0.0035
183      183   (0)      7  : 0.0210 0.0035 0.0140 0.9450 0.0025 0.0140
184      184   (1)      7  : 0.0085 0.0025 0.0070 0.9695 0.0075 0.0050
185      185   (0)      7  : 0.0025 0.0060 0.0060 0.9715 0.0035 0.0105
186      186   (2)      7  : 0.0060 0.0055 0.0030 0.9515 0.0225 0.0115
187      187   (0)      7  : 0.0125 0.0140 0.0055 0.9550 0.0035 0.0095
188      188   (1)      7  : 0.0030 0.0025 0.0055 0.9825 0.0025 0.0040
189      189   (1)      7  : 0.0625 0.0060 0.0050 0.8455 0.0025 0.0785
190      190   (0)      7  : 0.0060 0.0015 0.0020 0.9835 0.0045 0.0025
191      191   (0)      7  : 0.0020 0.0025 0.0045 0.9850 0.0015 0.0045
192      192   (2)      7  : 0.0120 0.0030 0.0130 0.7861 0.1759 0.0100
193      193   (1)      7  : 0.0070 0.0030 0.0180 0.9675 0.0025 0.0020
194      194   (1)      7  : 0.0015 0.0135 0.0045 0.9540 0.0065 0.0200
195      195   (0)      7  : 0.0150 0.0015 0.0150 0.9525 0.0135 0.0025
196      196   (0)      7  : 0.0035 0.0025 0.0050 0.9855 0.0010 0.0025
197      197   (1)      7  : 0.0035 0.0090 0.0060 0.9755 0.0015 0.0045
198      198   (1)      7  : 0.0020 0.0020 0.0025 0.9890 0.0015 0.0030
199      199   (0)      7  : 0.0030 0.0065 0.0020 0.9780 0.0010 0.0095
200      200   (0)      7  : 0.0015 0.0045 0.2514 0.6952 0.0415 0.0060
201      201   (1)      7  : 0.2489 0.0020 0.0120 0.7321 0.0025 0.0025
202      202   (0)      7  : 0.0020 0.0010 0.0010 0.9930 0.0015 0.0015
203      203   (1)      7  : 0.0050 0.0035 0.0030 0.9855 0.0015 0.0015
204      204   (1)      7  : 0.0140 0.0200 0.2559 0.6792 0.0115 0.0195
205      205   (0)      7  : 0.0045 0.0080 0.0085 0.9690 0.0035 0.0065
206      206   (2)      7  : 0.2100 0.0040 0.0050 0.7660 0.0105 0.0045
207      207   (2)      7  : 0.0020 0.0625 0.0010 0.9205 0.0015 0.0125
208      208   (2)      7  : 0.0125 0.0050 0.0100 0.8990 0.0185 0.0550
209      209   (0)      7  : 0.0110 0.0580 0.0030 0.9100 0.0010 0.0170
210      210   (1)      7  : 0.0020 0.0035 0.0035 0.9830 0.0025 0.0055
211      211   (0)      7  : 0.0080 0.0035 0.0020 0.9825 0.0020 0.0020
212      212  (10)      7  : 0.1025 0.0045 0.0010 0.8840 0.0030 0.0050
213      213   (1)      7  : 0.0055 0.0055 0.0030 0.9785 0.0010 0.0065
214      214   (0)      7  : 0.0110 0.0025 0.0020 0.9750 0.0030 0.0065
215      215   (2)      7  : 0.0195 0.0025 0.2180 0.5865 0.1710 0.0025
216      216   (1)      4  : 0.0010 0.0000 0.0010 0.0010 0.9960 0.0010
217      217   (1)      4  : 0.0025 0.0025 0.0010 0.0020 0.9895 0.0025
218      218   (1)      4  : 0.0010 0.0010 0.0015 0.0010 0.9945 0.0010
219      219   (1)      4  : 0.0010 0.0010 0.0010 0.0005 0.9960 0.0005
220      220   (1)      4  : 0.2312 0.0020 0.0405 0.0070 0.7167 0.0025
221      221   (1)      4  : 0.0025 0.0020 0.0020 0.0015 0.9905 0.0015
222      222  (10)      4  : 0.0030 0.0020 0.0050 0.0015 0.9845 0.0040
223      223   (2)      4  : 0.0015 0.0005 0.0020 0.0010 0.9940 0.0010
224      224   (0)      4  : 0.0015 0.0010 0.0100 0.0025 0.9840 0.0010
225      225   (2)      4  : 0.0010 0.0010 0.0010 0.0010 0.9950 0.0010
226      226   (0)      4  : 0.0015 0.0005 0.0015 0.0010 0.9950 0.0005
