  1        1   (0)      3 :  0.0010 0.0018 0.0010 0.9910 0.0011 0.0011 0.0030 
  2        2   (0)      3 :  0.0023 0.0061 0.0064 0.9714 0.0038 0.0019 0.0081 
  3        3   (0)      3 :  0.0008 0.0011 0.0011 0.9939 0.0010 0.0008 0.0013 
  4        4   (0)      3 :  0.0008 0.0024 0.0019 0.9896 0.0013 0.0010 0.0030 
  5        5   (0)      3 :  0.0003 0.0010 0.0009 0.9956 0.0005 0.0004 0.0013 
  6        6   (0)      3 :  0.0010 0.0023 0.0017 0.9906 0.0013 0.0011 0.0020 
  7        7   (0)      3 :  0.0010 0.0011 0.0010 0.9945 0.0007 0.0003 0.0014 
  8        8   (0)      3 :  0.0007 0.0069 0.0012 0.9807 0.0013 0.0009 0.0083 
  9        9   (0)      3 :  0.0005 0.0017 0.0010 0.9933 0.0011 0.0004 0.0020 
 10       10   (0)      3 :  0.0035 0.0066 0.0044 0.9705 0.0067 0.0015 0.0068 
 11       11   (0)      3 :  0.0010 0.0100 0.0082 0.9270 0.0082 0.0010 0.0446 
 12       12   (0)      3 :  0.0031 0.0044 0.0026 0.9794 0.0026 0.0012 0.0067 
 13       13   (0)      3 :  0.0003 0.0009 0.0004 0.9969 0.0003 0.0000 0.0012 
 14       14   (0)      3 :  0.0011 0.0018 0.0013 0.9828 0.0021 0.0010 0.0099 
 15       15   (0)      3 :  0.0010 0.0014 0.0010 0.9935 0.0010 0.0010 0.0011 
 16       16   (0)      3 :  0.0010 0.0019 0.0009 0.9914 0.0011 0.0000 0.0037 
 17       17   (0)      3 :  0.0011 0.0140 0.0009 0.9808 0.0010 0.0005 0.0017 
 18       18   (0)      3 :  0.0023 0.0229 0.0072 0.9441 0.0084 0.0129 0.0022 
 19       19   (0)      3 :  0.0007 0.0010 0.0009 0.9951 0.0007 0.0002 0.0014 
 20       20   (0)      3 :  0.0010 0.0024 0.0011 0.9920 0.0010 0.0008 0.0017 
 21       21   (0)      3 :  0.0011 0.0033 0.0019 0.9896 0.0013 0.0011 0.0017 
 22       22   (0)      3 :  0.0014 0.0060 0.0042 0.9737 0.0027 0.0020 0.0100 
 23       23   (0)      3 :  0.0004 0.0013 0.0010 0.9940 0.0005 0.0002 0.0026 
 24       24   (0)      3 :  0.0008 0.0012 0.0010 0.9934 0.0011 0.0006 0.0019 
 25       25   (0)      3 :  0.0013 0.0018 0.0018 0.9900 0.0011 0.0015 0.0025 
 26       26   (0)      3 :  0.0009 0.0010 0.0013 0.9932 0.0011 0.0011 0.0014 
 27       27   (0)      3 :  0.0008 0.0010 0.0010 0.9943 0.0010 0.0009 0.0010 
 28       28   (0)      3 :  0.0014 0.0026 0.0016 0.9855 0.0033 0.0010 0.0046 
 29       29   (0)      3 :  0.0010 0.0019 0.0010 0.9932 0.0011 0.0004 0.0014 
 30       30   (0)      3 :  0.0003 0.0010 0.0009 0.9957 0.0009 0.0002 0.0010 
 31       31   (0)      3 :  0.0017 0.0034 0.0055 0.9720 0.0030 0.0025 0.0119 
 32       32   (0)      3 :  0.0012 0.0027 0.0023 0.9868 0.0015 0.0012 0.0043 
 33       33   (0)      3 :  0.0004 0.0010 0.0009 0.9953 0.0004 0.0005 0.0015 
 34       34   (0)      3 :  0.0005 0.0010 0.0007 0.9951 0.0009 0.0002 0.0016 
 35       35   (0)      3 :  0.0009 0.0016 0.0010 0.9928 0.0011 0.0009 0.0017 
 36       36   (0)      5 :  0.0088 0.3445 0.5245 0.0253 0.0800 0.0108 0.0061 
 37       37   (0)      5 :  0.0022 0.0064 0.9689 0.0029 0.0025 0.0130 0.0041 
 38       38   (0)      6 :  0.0021 0.4038 0.0014 0.0133 0.0126 0.0020 0.5647 
 39       39   (0)      6 :  0.0023 0.9105 0.0049 0.0148 0.0644 0.0013 0.0018 
 40       40   (0)      6 :  0.0030 0.8213 0.0076 0.0920 0.0714 0.0026 0.0021 
 41       41   (0)      6 :  0.0023 0.8870 0.0210 0.0072 0.0546 0.0021 0.0258 
 42       42   (0)      6 :  0.0013 0.5518 0.0348 0.0059 0.0569 0.0089 0.3404 
 43       43   (0)      5 :  0.0040 0.0035 0.9422 0.0009 0.0026 0.0452 0.0016 
 44       44   (0)      5 :  0.0013 0.7155 0.0199 0.0249 0.0915 0.0061 0.1407 
 45       45   (0)      5 :  0.0491 0.0024 0.9220 0.0011 0.0033 0.0206 0.0015 
 46       46   (0)      5 :  0.0024 0.0037 0.9664 0.0022 0.0131 0.0099 0.0023 
 47       47   (0)      5 :  0.0030 0.1656 0.7197 0.0076 0.0320 0.0075 0.0647 
 48       48   (0)      5 :  0.0035 0.7702 0.1200 0.0084 0.0838 0.0119 0.0022 
 49       49   (0)      5 :  0.0025 0.7765 0.1110 0.0091 0.0635 0.0161 0.0213 
 50       50   (0)      5 :  0.0019 0.0205 0.7125 0.0021 0.1394 0.1193 0.0044 
 51       51   (0)      5 :  0.0091 0.0158 0.9525 0.0024 0.0091 0.0068 0.0043 
 52       52   (0)      6 :  0.0018 0.8616 0.0031 0.0402 0.0131 0.0013 0.0789 
 53       53   (0)      6 :  0.0038 0.8432 0.0043 0.0608 0.0714 0.0077 0.0088 
 54       54   (0)      6 :  0.0023 0.7329 0.0041 0.0290 0.0778 0.0033 0.1506 
 55       55   (0)      6 :  0.0108 0.8875 0.0159 0.0039 0.0639 0.0129 0.0051 
 56       56   (0)      6 :  0.0010 0.0022 0.0016 0.0146 0.0996 0.0009 0.8801 
 57       57   (0)      6 :  0.0010 0.9665 0.0051 0.0167 0.0035 0.0018 0.0054 
 58       58   (0)      6 :  0.0358 0.2741 0.0048 0.0096 0.0244 0.0070 0.6443 
 59       59   (0)      6 :  0.0047 0.7759 0.0185 0.0160 0.1550 0.0271 0.0028 
 60       60   (0)      6 :  0.0010 0.0016 0.0014 0.0014 0.1002 0.0010 0.8934 
 61       61   (0)      6 :  0.0010 0.0015 0.0012 0.0015 0.0999 0.0010 0.8939 
 62       62   (0)      6 :  0.0011 0.8563 0.0034 0.0046 0.0072 0.0016 0.1258 
 63       63   (0)      6 :  0.0018 0.9629 0.0014 0.0084 0.0032 0.0010 0.0213 
 64       64   (0)      6 :  0.0065 0.5205 0.0016 0.4464 0.0047 0.0055 0.0148 
 65       65   (0)      6 :  0.0028 0.5825 0.0032 0.3956 0.0075 0.0016 0.0068 
 66       66   (0)      6 :  0.0011 0.4342 0.0921 0.4332 0.0319 0.0028 0.0047 
 67       67   (0)      6 :  0.0012 0.3291 0.1149 0.4541 0.0584 0.0154 0.0268 
 68       68   (0)      6 :  0.0010 0.0013 0.0014 0.0013 0.1000 0.0010 0.8940 
 69       69   (0)      6 :  0.0031 0.5185 0.0273 0.4043 0.0387 0.0035 0.0046 
 70       70   (0)      6 :  0.0022 0.0115 0.0028 0.0062 0.0996 0.0023 0.8754 
 71       71   (0)      6 :  0.0012 0.0029 0.0013 0.0057 0.0992 0.0011 0.8886 
 72       72   (0)      6 :  0.0011 0.0017 0.0020 0.0021 0.0997 0.0012 0.8922 
 73       73   (0)      6 :  0.0207 0.0552 0.0039 0.0194 0.0938 0.0149 0.7921 
 74       74   (0)      6 :  0.0035 0.9703 0.0036 0.0101 0.0022 0.0020 0.0083 
 75       75   (0)      6 :  0.0010 0.9803 0.0024 0.0092 0.0023 0.0012 0.0036 
 76       76   (0)      6 :  0.0029 0.9574 0.0070 0.0052 0.0069 0.0087 0.0119 
 77       77   (0)      6 :  0.1700 0.0518 0.0065 0.0150 0.0081 0.0162 0.7325 
 78       78   (0)      6 :  0.0050 0.6588 0.0028 0.0304 0.0076 0.0020 0.2934 
 79       79   (0)      6 :  0.0028 0.9801 0.0028 0.0045 0.0018 0.0039 0.0041 
 80       80   (0)      6 :  0.0017 0.6330 0.0027 0.0132 0.0034 0.0031 0.3429 
 81       81   (0)      6 :  0.0017 0.9778 0.0018 0.0083 0.0028 0.0010 0.0066 
 82       82   (0)      6 :  0.0029 0.7590 0.0091 0.0936 0.0682 0.0197 0.0476 
 83       83   (0)      6 :  0.0068 0.1914 0.0054 0.0107 0.0063 0.0096 0.7698 
 84       84   (0)      6 :  0.0024 0.3676 0.0021 0.0186 0.0189 0.0029 0.5875 
 85       85   (0)      6 :  0.0010 0.0020 0.0022 0.0023 0.1000 0.0009 0.8916 
 86       86   (0)      6 :  0.0149 0.8617 0.0055 0.0025 0.1058 0.0061 0.0035 
 87       87   (0)      6 :  0.0089 0.7444 0.0070 0.0657 0.0953 0.0034 0.0753 
 88       88   (0)      5 :  0.0039 0.0035 0.9418 0.0011 0.0024 0.0461 0.0012 
 89       89   (0)      5 :  0.0082 0.0032 0.9581 0.0018 0.0043 0.0220 0.0024 
 90       90   (0)      5 :  0.0012 0.0023 0.9867 0.0011 0.0022 0.0042 0.0023 
 91       91   (0)      5 :  0.0036 0.4969 0.4028 0.0080 0.0777 0.0040 0.0070 
 92       92   (0)      5 :  0.0020 0.0126 0.9739 0.0011 0.0039 0.0035 0.0030 
 93       93   (0)      5 :  0.0027 0.0027 0.8561 0.0011 0.0164 0.1197 0.0013 
 94       94   (2)      1 :  0.0844 0.0066 0.0023 0.0057 0.7434 0.1493 0.0084 
 95       95   (3)      1 :  0.0016 0.0017 0.0018 0.0015 0.7932 0.1981 0.0021 
 96       96   (2)      1 :  0.0010 0.0011 0.0018 0.0011 0.7936 0.1993 0.0021 
 97       97   (0)      1 :  0.0088 0.0014 0.0019 0.0010 0.7889 0.1969 0.0011 
 98       98   (1)      1 :  0.0214 0.0146 0.0034 0.0176 0.7628 0.1729 0.0073 
 99       99   (6)      1 :  0.0012 0.0018 0.0014 0.0019 0.7894 0.2019 0.0024 
100      100  (11)      1 :  0.0038 0.0017 0.0034 0.0017 0.7899 0.1975 0.0020 
101      101   (3)      1 :  0.0051 0.0014 0.0017 0.0017 0.7917 0.1973 0.0011 
102      102   (2)      1 :  0.0247 0.0079 0.0058 0.0040 0.7787 0.1744 0.0045 
103      103   (5)      1 :  0.0349 0.0026 0.0043 0.0015 0.7720 0.1831 0.0016 
104      104   (1)      1 :  0.0030 0.0012 0.0016 0.0010 0.7924 0.1998 0.0010 
105      105   (0)      1 :  0.0859 0.0059 0.0188 0.0023 0.7362 0.1473 0.0036 
106      106   (1)      1 :  0.0023 0.0050 0.0031 0.0060 0.7807 0.2016 0.0013 
107      107   (6)      1 :  0.0018 0.0017 0.0039 0.0026 0.7903 0.1975 0.0022 
108      108   (1)      1 :  0.0029 0.0101 0.0392 0.0022 0.7512 0.1911 0.0033 
109      109  (18)      1 :  0.0312 0.0055 0.0032 0.0012 0.7681 0.1891 0.0017 
110      110   (2)      1 :  0.0092 0.0042 0.0035 0.0019 0.7849 0.1922 0.0041 
111      111   (1)      1 :  0.0015 0.0010 0.0010 0.0010 0.7951 0.1991 0.0013 
112      112   (2)      1 :  0.0113 0.0010 0.0014 0.0010 0.7930 0.1918 0.0005 
113      113   (2)      1 :  0.0037 0.0013 0.0029 0.0014 0.7893 0.2002 0.0012 
114      114   (3)      1 :  0.0087 0.0024 0.0032 0.0029 0.7895 0.1920 0.0013 
115      115   (2)      1 :  0.0014 0.0011 0.0021 0.0010 0.7931 0.2004 0.0009 
116      116   (1)      1 :  0.0020 0.0010 0.0010 0.0010 0.7944 0.1995 0.0011 
117      117   (1)      1 :  0.0049 0.0015 0.0017 0.0011 0.7912 0.1984 0.0012 
118      118   (3)      1 :  0.0404 0.0174 0.0089 0.0059 0.7495 0.1743 0.0036 
119      119   (2)      1 :  0.0087 0.0271 0.0632 0.0117 0.6786 0.2010 0.0097 
120      120   (3)      1 :  0.0016 0.0010 0.0020 0.0010 0.7883 0.2049 0.0012 
121      121   (0)      1 :  0.0026 0.0020 0.0023 0.0019 0.7935 0.1963 0.0014 
122      122   (1)      1 :  0.0030 0.0130 0.0045 0.0103 0.7752 0.1899 0.0041 
123      123   (3)      1 :  0.0095 0.0022 0.0019 0.0018 0.7884 0.1929 0.0033 
124      124   (3)      1 :  0.0119 0.0021 0.0043 0.0010 0.7825 0.1969 0.0013 
125      125   (2)      1 :  0.0101 0.0016 0.0021 0.0010 0.6636 0.3206 0.0010 
126      126   (3)      1 :  0.0138 0.0030 0.0024 0.0041 0.7876 0.1862 0.0029 
127      127   (1)      1 :  0.0045 0.0018 0.0021 0.0016 0.7930 0.1952 0.0018 
128      128   (5)      1 :  0.0011 0.0010 0.0012 0.0010 0.7908 0.2038 0.0011 
129      129   (1)      1 :  0.0044 0.0014 0.0013 0.0010 0.7929 0.1980 0.0010 
130      130   (5)      1 :  0.0025 0.0018 0.0014 0.0014 0.7947 0.1969 0.0013 
131      131  (10)      1 :  0.0262 0.0069 0.0042 0.0045 0.7395 0.2141 0.0046 
132      132   (2)      1 :  0.0052 0.0104 0.0083 0.0057 0.7639 0.2029 0.0036 
133      133   (4)      1 :  0.0036 0.0029 0.0168 0.0010 0.7373 0.2366 0.0018 
134      134   (2)      1 :  0.0070 0.0061 0.0030 0.0202 0.7720 0.1747 0.0170 
135      135  (18)      1 :  0.0036 0.0015 0.0019 0.0012 0.7872 0.2025 0.0021 
136      136   (3)      1 :  0.0066 0.0013 0.0021 0.0014 0.7756 0.2115 0.0015 
137      137   (0)      1 :  0.0033 0.6937 0.0177 0.1448 0.0949 0.0050 0.0406 
138      138   (6)      1 :  0.0091 0.8547 0.0113 0.0152 0.0992 0.0018 0.0087 
139      139  (17)      2 :  0.0030 0.0024 0.0121 0.0020 0.0026 0.9765 0.0014 
140      140   (2)      2 :  0.0010 0.0010 0.0016 0.0010 0.0048 0.9893 0.0013 
141      141   (3)      2 :  0.0011 0.0010 0.0021 0.0002 0.0011 0.9941 0.0004 
142      142   (0)      2 :  0.0030 0.0013 0.0044 0.0012 0.0034 0.9844 0.0023 
143      143   (4)      2 :  0.0025 0.0040 0.0040 0.0026 0.0033 0.9812 0.0024 
144      144   (1)      2 :  0.0010 0.0051 0.0147 0.0025 0.0057 0.9675 0.0035 
145      145   (8)      2 :  0.0050 0.0016 0.0031 0.0010 0.0034 0.9841 0.0018 
146      146   (4)      2 :  0.0014 0.0010 0.0044 0.0005 0.0032 0.9886 0.0009 
147      147   (1)      2 :  0.0025 0.0029 0.0027 0.0022 0.0125 0.9745 0.0027 
148      148  (17)      2 :  0.0010 0.0010 0.0021 0.0010 0.0012 0.9927 0.0010 
149      149   (8)      2 :  0.0032 0.0020 0.0047 0.0014 0.0105 0.9754 0.0028 
150      150   (3)      2 :  0.0019 0.0035 0.0061 0.0020 0.0034 0.9793 0.0038 
151      151   (0)      2 :  0.0015 0.0013 0.0028 0.0009 0.0022 0.9898 0.0015 
152      152   (0)      2 :  0.0028 0.0018 0.0016 0.0010 0.0036 0.9881 0.0011 
153      153   (3)      2 :  0.0021 0.0012 0.0028 0.0009 0.0048 0.9872 0.0010 
154      154   (1)      2 :  0.0032 0.0018 0.0081 0.0010 0.0042 0.9805 0.0012 
155      155   (1)      2 :  0.0020 0.0019 0.0031 0.0016 0.0020 0.9867 0.0027 
156      156  (15)      2 :  0.0015 0.0035 0.0028 0.0017 0.0028 0.9865 0.0012 
157      157   (3)      2 :  0.0014 0.0016 0.0054 0.0010 0.0024 0.9867 0.0015 
158      158   (2)      2 :  0.0024 0.0032 0.0549 0.0024 0.0027 0.9290 0.0054 
159      159   (7)      2 :  0.0049 0.0134 0.0183 0.0059 0.0110 0.9421 0.0044 
160      160   (4)      2 :  0.0029 0.0259 0.0038 0.0039 0.0046 0.9514 0.0075 
161      161   (1)      2 :  0.0036 0.0026 0.0043 0.0025 0.0046 0.9814 0.0010 
162      162  (14)      2 :  0.0017 0.0011 0.0016 0.0010 0.0015 0.9921 0.0010 
163      163  (15)      2 :  0.0023 0.0054 0.0045 0.0027 0.0037 0.9790 0.0024 
164      164  (11)      2 :  0.0011 0.0010 0.0014 0.0010 0.0023 0.9921 0.0011 
165      165   (1)      2 :  0.0026 0.0016 0.0075 0.0013 0.0054 0.9800 0.0016 
166      166   (8)      2 :  0.0022 0.0141 0.0097 0.0038 0.0067 0.9541 0.0094 
167      167   (6)      2 :  0.0083 0.0026 0.0380 0.0032 0.0036 0.9406 0.0037 
168      168   (3)      2 :  0.0510 0.0154 0.0095 0.0061 0.0136 0.8847 0.0197 
169      169   (6)      2 :  0.0551 0.0070 0.0060 0.0014 0.0065 0.9187 0.0053 
170      170   (4)      2 :  0.0038 0.0018 0.0067 0.0009 0.0028 0.9826 0.0014 
171      171   (2)      2 :  0.0022 0.0112 0.0203 0.0066 0.0071 0.9463 0.0063 
172      172   (6)      2 :  0.0286 0.0030 0.0185 0.0012 0.0024 0.9448 0.0015 
173      173   (1)      2 :  0.0048 0.0016 0.0064 0.0011 0.0036 0.9808 0.0017 
174      174   (3)      2 :  0.0030 0.0016 0.0057 0.0010 0.0018 0.9857 0.0012 
175      175   (2)      2 :  0.0045 0.0017 0.0021 0.0012 0.0229 0.9640 0.0036 
176      176   (4)      2 :  0.0197 0.0013 0.0019 0.0010 0.0290 0.9448 0.0023 
177      177   (2)      2 :  0.0702 0.0020 0.0090 0.0018 0.0384 0.8765 0.0021 
178      178   (3)      2 :  0.0011 0.0010 0.0014 0.0008 0.0032 0.9914 0.0011 
179      179   (1)      2 :  0.0026 0.0010 0.0017 0.0011 0.0031 0.9888 0.0017 
180      180   (7)      2 :  0.0026 0.0021 0.0042 0.0012 0.0027 0.9860 0.0012 
181      181   (0)      2 :  0.0025 0.0019 0.0017 0.0015 0.0047 0.9860 0.0017 
182      182   (0)      7 :  0.0017 0.0028 0.9829 0.0019 0.0037 0.0044 0.0026 
183      183   (0)      7 :  0.0037 0.0074 0.9328 0.0028 0.0145 0.0260 0.0128 
184      184   (1)      7 :  0.0135 0.0049 0.9594 0.0035 0.0054 0.0068 0.0065 
185      185   (0)      7 :  0.0034 0.0289 0.9443 0.0057 0.0103 0.0040 0.0034 
186      186   (2)      7 :  0.0390 0.0115 0.9245 0.0039 0.0065 0.0047 0.0099 
187      187   (0)      7 :  0.0045 0.0088 0.9538 0.0090 0.0060 0.0112 0.0067 
188      188   (1)      7 :  0.0017 0.0046 0.9813 0.0021 0.0033 0.0035 0.0035 
189      189   (1)      7 :  0.0029 0.2738 0.5973 0.0024 0.0059 0.1115 0.0062 
190      190   (0)      7 :  0.0040 0.0028 0.9802 0.0013 0.0025 0.0061 0.0031 
191      191   (0)      7 :  0.0023 0.0052 0.9770 0.0032 0.0063 0.0031 0.0029 
192      192   (2)      7 :  0.1923 0.0036 0.7444 0.0026 0.0129 0.0141 0.0301 
193      193   (1)      7 :  0.0028 0.0030 0.9618 0.0030 0.0179 0.0097 0.0018 
194      194   (1)      7 :  0.0098 0.0158 0.9384 0.0126 0.0046 0.0016 0.0172 
195      195   (0)      7 :  0.0146 0.0020 0.9446 0.0013 0.0145 0.0208 0.0022 
196      196   (0)      7 :  0.0012 0.0035 0.9817 0.0024 0.0046 0.0036 0.0030 
197      197   (1)      7 :  0.0024 0.0098 0.9693 0.0071 0.0046 0.0040 0.0028 
198      198   (1)      7 :  0.0012 0.0041 0.9870 0.0021 0.0013 0.0024 0.0019 
199      199   (0)      7 :  0.0011 0.0121 0.9668 0.0087 0.0042 0.0028 0.0043 
200      200   (0)      7 :  0.0772 0.0144 0.6731 0.0051 0.2152 0.0098 0.0052 
201      201   (1)      7 :  0.0023 0.0026 0.6989 0.0030 0.0095 0.2808 0.0029 
202      202   (0)      7 :  0.0010 0.0018 0.9913 0.0011 0.0011 0.0022 0.0015 
203      203   (1)      7 :  0.0021 0.0018 0.9829 0.0031 0.0031 0.0054 0.0016 
204      204   (1)      7 :  0.0100 0.0347 0.5921 0.0357 0.2304 0.0900 0.0071 
205      205   (0)      7 :  0.0034 0.0100 0.9593 0.0078 0.0098 0.0047 0.0050 
206      206   (2)      7 :  0.0065 0.0029 0.7484 0.0029 0.0063 0.2299 0.0031 
207      207   (2)      7 :  0.0020 0.0102 0.9209 0.0530 0.0028 0.0022 0.0089 
208      208   (2)      7 :  0.0303 0.1648 0.7435 0.0043 0.0320 0.0172 0.0079 
209      209   (0)      7 :  0.0015 0.0356 0.8737 0.0651 0.0057 0.0142 0.0042 
210      210   (1)      7 :  0.0028 0.0033 0.9738 0.0057 0.0064 0.0025 0.0055 
211      211   (0)      7 :  0.0038 0.0023 0.9803 0.0023 0.0021 0.0075 0.0017 
212      212  (10)      7 :  0.0035 0.0034 0.9149 0.0028 0.0019 0.0695 0.0040 
213      213   (1)      7 :  0.0010 0.0053 0.9704 0.0049 0.0048 0.0079 0.0057 
214      214   (0)      7 :  0.0037 0.0087 0.9571 0.0024 0.0036 0.0158 0.0087 
215      215   (2)      7 :  0.1379 0.0024 0.5512 0.0027 0.2287 0.0740 0.0031 
216      216   (1)      4 :  0.9950 0.0009 0.0010 0.0008 0.0010 0.0010 0.0003 
217      217   (1)      4 :  0.9896 0.0022 0.0016 0.0024 0.0012 0.0018 0.0012 
218      218   (1)      4 :  0.9942 0.0010 0.0007 0.0010 0.0012 0.0009 0.0010 
219      219   (1)      4 :  0.9942 0.0009 0.0010 0.0010 0.0011 0.0009 0.0009 
220      220   (1)      4 :  0.7133 0.0028 0.0152 0.0017 0.0202 0.2452 0.0017 
221      221   (1)      4 :  0.9887 0.0028 0.0019 0.0013 0.0021 0.0015 0.0017 
222      222  (10)      4 :  0.9791 0.0023 0.0016 0.0010 0.0051 0.0056 0.0053 
223      223   (2)      4 :  0.9922 0.0010 0.0010 0.0006 0.0028 0.0015 0.0009 
224      224   (0)      4 :  0.9864 0.0013 0.0020 0.0013 0.0061 0.0012 0.0017 
225      225   (2)      4 :  0.9944 0.0008 0.0010 0.0010 0.0010 0.0010 0.0008 
226      226   (0)      4 :  0.9935 0.0010 0.0010 0.0006 0.0019 0.0011 0.0009 
