1        1   (0)      3  : 0.0030 0.9936 0.0034
2        2   (0)      3  : 0.0052 0.9810 0.0138
3        3   (0)      3  : 0.0020 0.9946 0.0034
4        4   (0)      3  : 0.0024 0.9934 0.0042
5        5   (0)      3  : 0.0012 0.9968 0.0020
6        6   (0)      3  : 0.0032 0.9920 0.0048
7        7   (0)      3  : 0.0020 0.9950 0.0030
8        8   (0)      3  : 0.0020 0.9956 0.0024
9        9   (0)      3  : 0.0016 0.9952 0.0032
10       10   (0)      3  : 0.0056 0.9834 0.0110
11       11   (0)      3  : 0.0032 0.9858 0.0110
12       12   (0)      3  : 0.0050 0.9880 0.0070
13       13   (0)      3  : 0.0010 0.9974 0.0016
14       14   (0)      3  : 0.0028 0.9940 0.0032
15       15   (0)      3  : 0.0022 0.9944 0.0034
16       16   (0)      3  : 0.0012 0.9968 0.0020
17       17   (0)      3  : 0.0012 0.9968 0.0020
18       18   (0)      3  : 0.0200 0.9564 0.0236
19       19   (0)      3  : 0.0012 0.9968 0.0020
20       20   (0)      3  : 0.0020 0.9950 0.0030
21       21   (0)      3  : 0.0028 0.9916 0.0056
22       22   (0)      3  : 0.0046 0.9882 0.0072
23       23   (0)      3  : 0.0016 0.9964 0.0020
24       24   (0)      3  : 0.0020 0.9960 0.0020
25       25   (0)      3  : 0.0044 0.9902 0.0054
26       26   (0)      3  : 0.0032 0.9912 0.0056
27       27   (0)      3  : 0.0018 0.9952 0.0030
28       28   (0)      3  : 0.0036 0.9924 0.0040
29       29   (0)      3  : 0.0020 0.9958 0.0022
30       30   (0)      3  : 0.0018 0.9962 0.0020
31       31   (0)      3  : 0.0042 0.9866 0.0092
32       32   (0)      3  : 0.0028 0.9918 0.0054
33       33   (0)      3  : 0.0010 0.9974 0.0016
34       34   (0)      3  : 0.0014 0.9968 0.0018
35       35   (0)      3  : 0.0020 0.9958 0.0022
36       36   (0)      5  : 0.0470 0.1677 0.7853
37       37   (0)      5  : 0.0150 0.0106 0.9744
38       38   (0)      6  : 0.1622 0.6709 0.1668
39       39   (0)      6  : 0.0076 0.4280 0.5644
40       40   (0)      6  : 0.0406 0.5140 0.4454
41       41   (0)      6  : 0.0070 0.3994 0.5936
42       42   (0)      6  : 0.0232 0.4413 0.5355
43       43   (0)      5  : 0.0200 0.0028 0.9772
44       44   (0)      5  : 0.0176 0.4659 0.5165
45       45   (0)      5  : 0.0422 0.0028 0.9550
46       46   (0)      5  : 0.0332 0.0070 0.9598
47       47   (0)      5  : 0.0114 0.0858 0.9028
48       48   (0)      5  : 0.0158 0.2969 0.6873
49       49   (0)      5  : 0.0190 0.3841 0.5969
50       50   (0)      5  : 0.2096 0.0064 0.7840
51       51   (0)      5  : 0.0328 0.0082 0.9590
52       52   (0)      6  : 0.0070 0.5712 0.4218
53       53   (0)      6  : 0.0418 0.5228 0.4354
54       54   (0)      6  : 0.1392 0.6186 0.2422
55       55   (0)      6  : 0.2126 0.3608 0.4266
56       56   (0)      6  : 0.0162 0.7404 0.2434
57       57   (0)      6  : 0.0146 0.4985 0.4869
58       58   (0)      6  : 0.3000 0.6302 0.0698
59       59   (0)      6  : 0.2669 0.4312 0.3019
60       60   (0)      6  : 0.0160 0.5542 0.4298
61       61   (0)      6  : 0.0076 0.5717 0.4207
62       62   (0)      6  : 0.0098 0.4789 0.5113
63       63   (0)      6  : 0.0322 0.5266 0.4412
64       64   (0)      6  : 0.1910 0.7876 0.0214
65       65   (0)      6  : 0.0330 0.6761 0.2909
66       66   (0)      6  : 0.0058 0.6216 0.3726
67       67   (0)      6  : 0.0252 0.6076 0.3672
68       68   (0)      6  : 0.0112 0.5485 0.4403
69       69   (0)      6  : 0.0092 0.6501 0.3407
70       70   (0)      6  : 0.1060 0.6310 0.2630
71       71   (0)      6  : 0.0204 0.7099 0.2697
72       72   (0)      6  : 0.0062 0.5597 0.4341
73       73   (0)      6  : 0.3085 0.6703 0.0212
74       74   (0)      6  : 0.0208 0.5178 0.4614
75       75   (0)      6  : 0.0130 0.4786 0.5084
76       76   (0)      6  : 0.0704 0.4146 0.5150
77       77   (0)      6  : 0.3838 0.5654 0.0508
78       78   (0)      6  : 0.0586 0.6178 0.3237
79       79   (0)      6  : 0.0424 0.4891 0.4685
80       80   (0)      6  : 0.1030 0.5947 0.3023
81       81   (0)      6  : 0.0460 0.5128 0.4412
82       82   (0)      6  : 0.0890 0.5174 0.3936
83       83   (0)      6  : 0.0792 0.5940 0.3268
84       84   (0)      6  : 0.0868 0.6505 0.2627
85       85   (0)      6  : 0.0044 0.5789 0.4167
86       86   (0)      6  : 0.1204 0.3544 0.5252
87       87   (0)      6  : 0.1260 0.5940 0.2800
88       88   (0)      5  : 0.0210 0.0032 0.9758
89       89   (0)      5  : 0.0282 0.0054 0.9664
90       90   (0)      5  : 0.0078 0.0034 0.9888
91       91   (0)      5  : 0.0242 0.2743 0.7015
92       92   (0)      5  : 0.0052 0.0048 0.9900
93       93   (0)      5  : 0.1232 0.0036 0.8732
94       94   (2)      1  : 0.9560 0.0362 0.0078
95       95   (3)      1  : 0.9884 0.0054 0.0062
96       96   (2)      1  : 0.9878 0.0050 0.0072
97       97   (0)      1  : 0.9928 0.0028 0.0044
98       98   (1)      1  : 0.9286 0.0644 0.0070
99       99   (6)      1  : 0.9874 0.0072 0.0054
100      100  (11)      1  : 0.9832 0.0058 0.0110
101      101   (3)      1  : 0.9886 0.0060 0.0054
102      102   (2)      1  : 0.9594 0.0284 0.0122
103      103   (5)      1  : 0.9888 0.0072 0.0040
104      104   (1)      1  : 0.9932 0.0028 0.0040
105      105   (0)      1  : 0.9538 0.0178 0.0284
106      106   (1)      1  : 0.9808 0.0126 0.0066
107      107   (6)      1  : 0.9768 0.0124 0.0108
108      108   (1)      1  : 0.9456 0.0094 0.0450
109      109  (18)      1  : 0.9902 0.0042 0.0056
110      110   (2)      1  : 0.9802 0.0142 0.0056
111      111   (1)      1  : 0.9912 0.0044 0.0044
112      112   (2)      1  : 0.9934 0.0026 0.0040
113      113   (2)      1  : 0.9916 0.0036 0.0048
114      114   (3)      1  : 0.9828 0.0102 0.0070
115      115   (2)      1  : 0.9924 0.0026 0.0050
116      116   (1)      1  : 0.9950 0.0022 0.0028
117      117   (1)      1  : 0.9914 0.0042 0.0044
118      118   (3)      1  : 0.9594 0.0218 0.0188
119      119   (2)      1  : 0.8978 0.0366 0.0656
120      120   (3)      1  : 0.9932 0.0030 0.0038
121      121   (0)      1  : 0.9862 0.0070 0.0068
122      122   (1)      1  : 0.9222 0.0684 0.0094
123      123   (3)      1  : 0.9884 0.0070 0.0046
124      124   (3)      1  : 0.9904 0.0032 0.0064
125      125   (2)      1  : 0.9918 0.0036 0.0046
126      126   (3)      1  : 0.9726 0.0202 0.0072
127      127   (1)      1  : 0.9868 0.0078 0.0054
128      128   (5)      1  : 0.9940 0.0026 0.0034
129      129   (1)      1  : 0.9926 0.0040 0.0034
130      130   (5)      1  : 0.9884 0.0072 0.0044
131      131  (10)      1  : 0.9782 0.0126 0.0092
132      132   (2)      1  : 0.9722 0.0180 0.0098
133      133   (4)      1  : 0.9886 0.0034 0.0080
134      134   (2)      1  : 0.8969 0.0979 0.0052
135      135  (18)      1  : 0.9916 0.0040 0.0044
136      136   (3)      1  : 0.9922 0.0038 0.0040
137      137   (0)      1  : 0.0150 0.5450 0.4400
138      138   (6)      1  : 0.0056 0.4875 0.5069
139      139  (17)      2  : 0.9176 0.0070 0.0754
140      140   (2)      2  : 0.9890 0.0020 0.0090
141      141   (3)      2  : 0.9820 0.0016 0.0164
142      142   (0)      2  : 0.9634 0.0036 0.0330
143      143   (4)      2  : 0.9506 0.0128 0.0366
144      144   (1)      2  : 0.8682 0.0102 0.1216
145      145   (8)      2  : 0.9832 0.0030 0.0138
146      146   (4)      2  : 0.9700 0.0020 0.0280
147      147   (1)      2  : 0.9800 0.0044 0.0156
148      148  (17)      2  : 0.9730 0.0036 0.0234
149      149   (8)      2  : 0.9636 0.0038 0.0326
150      150   (3)      2  : 0.9034 0.0082 0.0884
151      151   (0)      2  : 0.9820 0.0030 0.0150
152      152   (0)      2  : 0.9850 0.0020 0.0130
153      153   (3)      2  : 0.9852 0.0020 0.0128
154      154   (1)      2  : 0.9502 0.0022 0.0476
155      155   (1)      2  : 0.9764 0.0044 0.0192
156      156  (15)      2  : 0.9364 0.0174 0.0462
157      157   (3)      2  : 0.9324 0.0030 0.0646
158      158   (2)      2  : 0.7097 0.0038 0.2865
159      159   (7)      2  : 0.9410 0.0042 0.0548
160      160   (4)      2  : 0.9130 0.0124 0.0746
161      161   (1)      2  : 0.9858 0.0032 0.0110
162      162  (14)      2  : 0.9886 0.0032 0.0082
163      163  (15)      2  : 0.9312 0.0118 0.0570
164      164  (11)      2  : 0.9882 0.0024 0.0094
165      165   (1)      2  : 0.9656 0.0030 0.0314
166      166   (8)      2  : 0.8646 0.0078 0.1276
167      167   (6)      2  : 0.8438 0.0046 0.1516
168      168   (3)      2  : 0.9174 0.0190 0.0636
169      169   (6)      2  : 0.9676 0.0030 0.0294
170      170   (4)      2  : 0.8908 0.0022 0.1070
171      171   (2)      2  : 0.8356 0.0174 0.1470
172      172   (6)      2  : 0.9434 0.0040 0.0526
173      173   (1)      2  : 0.9750 0.0030 0.0220
174      174   (3)      2  : 0.9560 0.0020 0.0420
175      175   (2)      2  : 0.9894 0.0024 0.0082
176      176   (4)      2  : 0.9878 0.0036 0.0086
177      177   (2)      2  : 0.9854 0.0026 0.0120
178      178   (3)      2  : 0.9892 0.0020 0.0088
179      179   (1)      2  : 0.9876 0.0032 0.0092
180      180   (7)      2  : 0.9712 0.0022 0.0266
181      181   (0)      2  : 0.9800 0.0050 0.0150
182      182   (0)      7  : 0.0110 0.0062 0.9828
183      183   (0)      7  : 0.0652 0.0102 0.9246
184      184   (1)      7  : 0.0260 0.0118 0.9622
185      185   (0)      7  : 0.0140 0.0178 0.9682
186      186   (2)      7  : 0.0270 0.0206 0.9524
187      187   (0)      7  : 0.0318 0.0358 0.9324
188      188   (1)      7  : 0.0074 0.0062 0.9864
189      189   (1)      7  : 0.0200 0.0178 0.9622
190      190   (0)      7  : 0.0164 0.0048 0.9788
191      191   (0)      7  : 0.0134 0.0108 0.9758
192      192   (2)      7  : 0.1629 0.0126 0.8245
193      193   (1)      7  : 0.0584 0.0108 0.9308
194      194   (1)      7  : 0.0090 0.0582 0.9328
195      195   (0)      7  : 0.0898 0.0052 0.9050
196      196   (0)      7  : 0.0108 0.0100 0.9792
197      197   (1)      7  : 0.0148 0.0286 0.9566
198      198   (1)      7  : 0.0064 0.0080 0.9856
199      199   (0)      7  : 0.0070 0.0256 0.9674
200      200   (0)      7  : 0.2910 0.0288 0.6802
201      201   (1)      7  : 0.2438 0.0056 0.7505
202      202   (0)      7  : 0.0036 0.0052 0.9912
203      203   (1)      7  : 0.0166 0.0088 0.9746
204      204   (1)      7  : 0.3988 0.1182 0.4830
205      205   (0)      7  : 0.0190 0.0274 0.9536
206      206   (2)      7  : 0.2030 0.0104 0.7866
207      207   (2)      7  : 0.0050 0.1488 0.8462
208      208   (2)      7  : 0.0356 0.0252 0.9392
209      209   (0)      7  : 0.0202 0.1174 0.8624
210      210   (1)      7  : 0.0138 0.0210 0.9652
211      211   (0)      7  : 0.0122 0.0080 0.9798
212      212  (10)      7  : 0.0148 0.0068 0.9784
213      213   (1)      7  : 0.0090 0.0130 0.9780
214      214   (0)      7  : 0.0126 0.0082 0.9792
215      215   (2)      7  : 0.5573 0.0144 0.4283
216      216   (1)      4  : 0.8734 0.0806 0.0460
217      217   (1)      4  : 0.8110 0.1550 0.0340
218      218   (1)      4  : 0.8574 0.1308 0.0118
219      219   (1)      4  : 0.8960 0.0858 0.0182
220      220   (1)      4  : 0.9202 0.0242 0.0556
221      221   (1)      4  : 0.8454 0.1314 0.0232
222      222  (10)      4  : 0.9254 0.0536 0.0210
223      223   (2)      4  : 0.8816 0.0636 0.0548
224      224   (0)      4  : 0.9440 0.0306 0.0254
225      225   (2)      4  : 0.8378 0.0750 0.0872
226      226   (0)      4  : 0.9698 0.0176 0.0126
