  1        1   (0)      3 :  0.9917 0.0083 
  2        2   (0)      3 :  0.9882 0.0118 
  3        3   (0)      3 :  0.9936 0.0064 
  4        4   (0)      3 :  0.9931 0.0069 
  5        5   (0)      3 :  0.9959 0.0041 
  6        6   (0)      3 :  0.9910 0.0090 
  7        7   (0)      3 :  0.9944 0.0056 
  8        8   (0)      3 :  0.9944 0.0056 
  9        9   (0)      3 :  0.9947 0.0053 
 10       10   (0)      3 :  0.9859 0.0141 
 11       11   (0)      3 :  0.9930 0.0070 
 12       12   (0)      3 :  0.9889 0.0111 
 13       13   (0)      3 :  0.9961 0.0039 
 14       14   (0)      3 :  0.9932 0.0068 
 15       15   (0)      3 :  0.9929 0.0071 
 16       16   (0)      3 :  0.9960 0.0040 
 17       17   (0)      3 :  0.9953 0.0047 
 18       18   (0)      3 :  0.9489 0.0511 
 19       19   (0)      3 :  0.9958 0.0042 
 20       20   (0)      3 :  0.9932 0.0068 
 21       21   (0)      3 :  0.9919 0.0081 
 22       22   (0)      3 :  0.9890 0.0110 
 23       23   (0)      3 :  0.9957 0.0043 
 24       24   (0)      3 :  0.9943 0.0057 
 25       25   (0)      3 :  0.9864 0.0136 
 26       26   (0)      3 :  0.9896 0.0104 
 27       27   (0)      3 :  0.9940 0.0060 
 28       28   (0)      3 :  0.9906 0.0094 
 29       29   (0)      3 :  0.9952 0.0048 
 30       30   (0)      3 :  0.9949 0.0051 
 31       31   (0)      3 :  0.9901 0.0099 
 32       32   (0)      3 :  0.9931 0.0069 
 33       33   (0)      3 :  0.9960 0.0040 
 34       34   (0)      3 :  0.9952 0.0048 
 35       35   (0)      3 :  0.9933 0.0067 
 36       36   (0)      5 :  0.4453 0.5547 
 37       37   (0)      5 :  0.3639 0.6361 
 38       38   (0)      6 :  0.7417 0.2583 
 39       39   (0)      6 :  0.6787 0.3213 
 40       40   (0)      6 :  0.6780 0.3220 
 41       41   (0)      6 :  0.6757 0.3243 
 42       42   (0)      6 :  0.6701 0.3299 
 43       43   (0)      5 :  0.2100 0.7900 
 44       44   (0)      5 :  0.6718 0.3282 
 45       45   (0)      5 :  0.2015 0.7985 
 46       46   (0)      5 :  0.3123 0.6877 
 47       47   (0)      5 :  0.4441 0.5559 
 48       48   (0)      5 :  0.5707 0.4293 
 49       49   (0)      5 :  0.5965 0.4035 
 50       50   (0)      5 :  0.2365 0.7635 
 51       51   (0)      5 :  0.3525 0.6475 
 52       52   (0)      6 :  0.7703 0.2297 
 53       53   (0)      6 :  0.6750 0.3250 
 54       54   (0)      6 :  0.7025 0.2975 
 55       55   (0)      6 :  0.5201 0.4799 
 56       56   (0)      6 :  0.8801 0.1199 
 57       57   (0)      6 :  0.7296 0.2704 
 58       58   (0)      6 :  0.6752 0.3248 
 59       59   (0)      6 :  0.5478 0.4522 
 60       60   (0)      6 :  0.7934 0.2066 
 61       61   (0)      6 :  0.7861 0.2139 
 62       62   (0)      6 :  0.7187 0.2813 
 63       63   (0)      6 :  0.7222 0.2778 
 64       64   (0)      6 :  0.7990 0.2010 
 65       65   (0)      6 :  0.7977 0.2023 
 66       66   (0)      6 :  0.7839 0.2161 
 67       67   (0)      6 :  0.7413 0.2587 
 68       68   (0)      6 :  0.7537 0.2463 
 69       69   (0)      6 :  0.7975 0.2025 
 70       70   (0)      6 :  0.7530 0.2470 
 71       71   (0)      6 :  0.8478 0.1522 
 72       72   (0)      6 :  0.7817 0.2183 
 73       73   (0)      6 :  0.6944 0.3056 
 74       74   (0)      6 :  0.6942 0.3058 
 75       75   (0)      6 :  0.7150 0.2850 
 76       76   (0)      6 :  0.6042 0.3958 
 77       77   (0)      6 :  0.6049 0.3951 
 78       78   (0)      6 :  0.7586 0.2414 
 79       79   (0)      6 :  0.6597 0.3403 
 80       80   (0)      6 :  0.7268 0.2732 
 81       81   (0)      6 :  0.6992 0.3008 
 82       82   (0)      6 :  0.6509 0.3491 
 83       83   (0)      6 :  0.7305 0.2695 
 84       84   (0)      6 :  0.7625 0.2375 
 85       85   (0)      6 :  0.8252 0.1748 
 86       86   (0)      6 :  0.5505 0.4495 
 87       87   (0)      6 :  0.6952 0.3048 
 88       88   (0)      5 :  0.2101 0.7899 
 89       89   (0)      5 :  0.3430 0.6570 
 90       90   (0)      5 :  0.3687 0.6313 
 91       91   (0)      5 :  0.5682 0.4318 
 92       92   (0)      5 :  0.3661 0.6339 
 93       93   (0)      5 :  0.2323 0.7677 
 94       94   (2)      1 :  0.0829 0.9171 
 95       95   (3)      1 :  0.0192 0.9808 
 96       96   (2)      1 :  0.0139 0.9861 
 97       97   (0)      1 :  0.0100 0.9900 
 98       98   (1)      1 :  0.1035 0.8965 
 99       99   (6)      1 :  0.0186 0.9814 
100      100  (11)      1 :  0.0200 0.9800 
101      101   (3)      1 :  0.0194 0.9806 
102      102   (2)      1 :  0.0744 0.9256 
103      103   (5)      1 :  0.0245 0.9755 
104      104   (1)      1 :  0.0081 0.9919 
105      105   (0)      1 :  0.0452 0.9548 
106      106   (1)      1 :  0.0353 0.9647 
107      107   (6)      1 :  0.0329 0.9671 
108      108   (1)      1 :  0.0295 0.9705 
109      109  (18)      1 :  0.0135 0.9865 
110      110   (2)      1 :  0.0488 0.9512 
111      111   (1)      1 :  0.0137 0.9863 
112      112   (2)      1 :  0.0072 0.9928 
113      113   (2)      1 :  0.0113 0.9887 
114      114   (3)      1 :  0.0295 0.9705 
115      115   (2)      1 :  0.0079 0.9921 
116      116   (1)      1 :  0.0067 0.9933 
117      117   (1)      1 :  0.0124 0.9876 
118      118   (3)      1 :  0.0627 0.9373 
119      119   (2)      1 :  0.0894 0.9106 
120      120   (3)      1 :  0.0103 0.9897 
121      121   (0)      1 :  0.0200 0.9800 
122      122   (1)      1 :  0.1181 0.8819 
123      123   (3)      1 :  0.0270 0.9730 
124      124   (3)      1 :  0.0102 0.9898 
125      125   (2)      1 :  0.0100 0.9900 
126      126   (3)      1 :  0.0456 0.9544 
127      127   (1)      1 :  0.0243 0.9757 
128      128   (5)      1 :  0.0083 0.9917 
129      129   (1)      1 :  0.0142 0.9858 
130      130   (5)      1 :  0.0213 0.9787 
131      131  (10)      1 :  0.0545 0.9455 
132      132   (2)      1 :  0.0548 0.9452 
133      133   (4)      1 :  0.0099 0.9901 
134      134   (2)      1 :  0.1436 0.8564 
135      135  (18)      1 :  0.0116 0.9884 
136      136   (3)      1 :  0.0105 0.9895 
137      137   (0)      1 :  0.7186 0.2814 
138      138   (6)      1 :  0.7135 0.2865 
139      139  (17)      2 :  0.0205 0.9795 
140      140   (2)      2 :  0.0061 0.9939 
141      141   (3)      2 :  0.0047 0.9953 
142      142   (0)      2 :  0.0115 0.9885 
143      143   (4)      2 :  0.0378 0.9622 
144      144   (1)      2 :  0.0324 0.9676 
145      145   (8)      2 :  0.0088 0.9912 
146      146   (4)      2 :  0.0052 0.9948 
147      147   (1)      2 :  0.0134 0.9866 
148      148  (17)      2 :  0.0111 0.9889 
149      149   (8)      2 :  0.0122 0.9878 
150      150   (3)      2 :  0.0264 0.9736 
151      151   (0)      2 :  0.0082 0.9918 
152      152   (0)      2 :  0.0061 0.9939 
153      153   (3)      2 :  0.0064 0.9936 
154      154   (1)      2 :  0.0073 0.9927 
155      155   (1)      2 :  0.0128 0.9872 
156      156  (15)      2 :  0.0386 0.9614 
157      157   (3)      2 :  0.0105 0.9895 
158      158   (2)      2 :  0.0269 0.9731 
159      159   (7)      2 :  0.0153 0.9847 
160      160   (4)      2 :  0.0533 0.9467 
161      161   (1)      2 :  0.0110 0.9890 
162      162  (14)      2 :  0.0096 0.9904 
163      163  (15)      2 :  0.0411 0.9589 
164      164  (11)      2 :  0.0069 0.9931 
165      165   (1)      2 :  0.0091 0.9909 
166      166   (8)      2 :  0.0300 0.9700 
167      167   (6)      2 :  0.0161 0.9839 
168      168   (3)      2 :  0.0573 0.9427 
169      169   (6)      2 :  0.0112 0.9888 
170      170   (4)      2 :  0.0079 0.9921 
171      171   (2)      2 :  0.0551 0.9449 
172      172   (6)      2 :  0.0134 0.9866 
173      173   (1)      2 :  0.0087 0.9913 
174      174   (3)      2 :  0.0068 0.9932 
175      175   (2)      2 :  0.0081 0.9919 
176      176   (4)      2 :  0.0092 0.9908 
177      177   (2)      2 :  0.0087 0.9913 
178      178   (3)      2 :  0.0060 0.9940 
179      179   (1)      2 :  0.0095 0.9905 
180      180   (7)      2 :  0.0079 0.9921 
181      181   (0)      2 :  0.0152 0.9848 
182      182   (0)      7 :  0.3620 0.6380 
183      183   (0)      7 :  0.3143 0.6857 
184      184   (1)      7 :  0.4144 0.5856 
185      185   (0)      7 :  0.4346 0.5654 
186      186   (2)      7 :  0.4034 0.5966 
187      187   (0)      7 :  0.3134 0.6866 
188      188   (1)      7 :  0.3972 0.6028 
189      189   (1)      7 :  0.3559 0.6441 
190      190   (0)      7 :  0.2903 0.7097 
191      191   (0)      7 :  0.3840 0.6160 
192      192   (2)      7 :  0.3068 0.6932 
193      193   (1)      7 :  0.3535 0.6465 
194      194   (1)      7 :  0.4949 0.5051 
195      195   (0)      7 :  0.2882 0.7118 
196      196   (0)      7 :  0.3943 0.6057 
197      197   (1)      7 :  0.4198 0.5802 
198      198   (1)      7 :  0.4161 0.5839 
199      199   (0)      7 :  0.4658 0.5342 
200      200   (0)      7 :  0.3507 0.6493 
201      201   (1)      7 :  0.2168 0.7832 
202      202   (0)      7 :  0.4017 0.5983 
203      203   (1)      7 :  0.3551 0.6449 
204      204   (1)      7 :  0.3511 0.6489 
205      205   (0)      7 :  0.4021 0.5979 
206      206   (2)      7 :  0.2748 0.7252 
207      207   (2)      7 :  0.5788 0.4212 
208      208   (2)      7 :  0.3667 0.6333 
209      209   (0)      7 :  0.4497 0.5503 
210      210   (1)      7 :  0.4367 0.5633 
211      211   (0)      7 :  0.3065 0.6935 
212      212  (10)      7 :  0.3477 0.6523 
213      213   (1)      7 :  0.4041 0.5959 
214      214   (0)      7 :  0.3434 0.6566 
215      215   (2)      7 :  0.2013 0.7987 
216      216   (1)      4 :  0.1456 0.8544 
217      217   (1)      4 :  0.2026 0.7974 
218      218   (1)      4 :  0.1778 0.8222 
219      219   (1)      4 :  0.1415 0.8585 
220      220   (1)      4 :  0.0817 0.9183 
221      221   (1)      4 :  0.1833 0.8167 
222      222  (10)      4 :  0.1180 0.8820 
223      223   (2)      4 :  0.1300 0.8700 
224      224   (0)      4 :  0.0856 0.9144 
225      225   (2)      4 :  0.1660 0.8340 
226      226   (0)      4 :  0.0570 0.9430 
