1        1   (0)      3  : 0.0011 0.9909 0.0010 0.0010 0.0010 0.0019 0.0031
2        2   (0)      3  : 0.0019 0.9731 0.0026 0.0062 0.0022 0.0060 0.0079
3        3   (0)      3  : 0.0009 0.9941 0.0009 0.0010 0.0007 0.0011 0.0012
4        4   (0)      3  : 0.0010 0.9895 0.0010 0.0020 0.0009 0.0025 0.0031
5        5   (0)      3  : 0.0004 0.9956 0.0004 0.0009 0.0004 0.0010 0.0014
6        6   (0)      3  : 0.0011 0.9911 0.0010 0.0016 0.0010 0.0023 0.0019
7        7   (0)      3  : 0.0002 0.9948 0.0005 0.0010 0.0010 0.0010 0.0015
8        8   (0)      3  : 0.0009 0.9813 0.0006 0.0012 0.0006 0.0069 0.0085
9        9   (0)      3  : 0.0002 0.9935 0.0010 0.0010 0.0006 0.0016 0.0020
10       10   (0)      3  : 0.0014 0.9711 0.0058 0.0043 0.0035 0.0069 0.0071
11       11   (0)      3  : 0.0010 0.9308 0.0015 0.0086 0.0010 0.0101 0.0469
12       12   (0)      3  : 0.0010 0.9799 0.0020 0.0026 0.0034 0.0044 0.0067
13       13   (0)      3  : 0.0000 0.9971 0.0001 0.0004 0.0003 0.0009 0.0013
14       14   (0)      3  : 0.0010 0.9831 0.0013 0.0014 0.0010 0.0018 0.0105
15       15   (0)      3  : 0.0010 0.9936 0.0010 0.0010 0.0010 0.0014 0.0010
16       16   (0)      3  : 0.0000 0.9916 0.0006 0.0009 0.0010 0.0020 0.0039
17       17   (0)      3  : 0.0006 0.9826 0.0009 0.0009 0.0011 0.0121 0.0017
18       18   (0)      3  : 0.0131 0.9450 0.0081 0.0069 0.0021 0.0224 0.0024
19       19   (0)      3  : 0.0001 0.9953 0.0006 0.0010 0.0006 0.0010 0.0014
20       20   (0)      3  : 0.0007 0.9924 0.0010 0.0011 0.0010 0.0023 0.0015
21       21   (0)      3  : 0.0011 0.9901 0.0010 0.0019 0.0010 0.0032 0.0016
22       22   (0)      3  : 0.0020 0.9749 0.0017 0.0041 0.0015 0.0054 0.0104
23       23   (0)      3  : 0.0003 0.9942 0.0004 0.0010 0.0003 0.0013 0.0026
24       24   (0)      3  : 0.0005 0.9937 0.0010 0.0010 0.0008 0.0013 0.0018
25       25   (0)      3  : 0.0014 0.9904 0.0010 0.0018 0.0011 0.0018 0.0026
26       26   (0)      3  : 0.0011 0.9935 0.0010 0.0012 0.0009 0.0010 0.0012
27       27   (0)      3  : 0.0010 0.9944 0.0009 0.0010 0.0007 0.0010 0.0010
28       28   (0)      3  : 0.0009 0.9856 0.0030 0.0015 0.0012 0.0026 0.0051
29       29   (0)      3  : 0.0004 0.9933 0.0010 0.0010 0.0010 0.0020 0.0014
30       30   (0)      3  : 0.0001 0.9958 0.0009 0.0010 0.0002 0.0010 0.0010
31       31   (0)      3  : 0.0026 0.9731 0.0015 0.0057 0.0017 0.0032 0.0120
32       32   (0)      3  : 0.0012 0.9874 0.0009 0.0024 0.0011 0.0029 0.0041
33       33   (0)      3  : 0.0006 0.9956 0.0000 0.0009 0.0004 0.0010 0.0015
34       34   (0)      3  : 0.0001 0.9955 0.0009 0.0006 0.0004 0.0010 0.0015
35       35   (0)      3  : 0.0009 0.9928 0.0010 0.0010 0.0009 0.0016 0.0019
36       36   (0)      5  : 0.0049 0.0279 0.0265 0.5522 0.0082 0.3772 0.0031
37       37   (0)      5  : 0.0151 0.0029 0.0025 0.9679 0.0023 0.0063 0.0031
38       38   (0)      6  : 0.0023 0.0144 0.0021 0.0015 0.0023 0.4244 0.5531
39       39   (0)      6  : 0.0012 0.0147 0.0017 0.0052 0.0024 0.9730 0.0016
40       40   (0)      6  : 0.0025 0.0926 0.0090 0.0073 0.0030 0.8837 0.0019
41       41   (0)      6  : 0.0021 0.0069 0.0019 0.0204 0.0021 0.9459 0.0207
42       42   (0)      6  : 0.0066 0.0051 0.0081 0.0345 0.0012 0.5642 0.3802
43       43   (0)      5  : 0.0540 0.0010 0.0027 0.9330 0.0042 0.0035 0.0015
44       44   (0)      5  : 0.0064 0.0236 0.0041 0.0215 0.0013 0.7824 0.1607
45       45   (0)      5  : 0.0229 0.0010 0.0035 0.9191 0.0494 0.0025 0.0016
46       46   (0)      5  : 0.0089 0.0022 0.0150 0.9658 0.0024 0.0036 0.0021
47       47   (0)      5  : 0.0072 0.0086 0.0024 0.7382 0.0032 0.1792 0.0611
48       48   (0)      5  : 0.0129 0.0089 0.0046 0.1328 0.0036 0.8352 0.0020
49       49   (0)      5  : 0.0170 0.0080 0.0069 0.1165 0.0022 0.8326 0.0167
50       50   (0)      5  : 0.0671 0.0020 0.1725 0.7318 0.0019 0.0221 0.0026
51       51   (0)      5  : 0.0069 0.0024 0.0067 0.9546 0.0077 0.0172 0.0044
52       52   (0)      6  : 0.0011 0.0403 0.0011 0.0034 0.0018 0.8635 0.0889
53       53   (0)      6  : 0.0089 0.0618 0.0015 0.0040 0.0034 0.9117 0.0087
54       54   (0)      6  : 0.0035 0.0299 0.0052 0.0041 0.0024 0.7895 0.1653
55       55   (0)      6  : 0.0052 0.0041 0.0691 0.0146 0.0095 0.8932 0.0042
56       56   (0)      6  : 0.0009 0.0165 0.0010 0.0016 0.0010 0.0025 0.9765
57       57   (0)      6  : 0.0016 0.0177 0.0014 0.0046 0.0010 0.9688 0.0049
58       58   (0)      6  : 0.0054 0.0106 0.0224 0.0054 0.0423 0.2988 0.6152
59       59   (0)      6  : 0.0234 0.0180 0.0736 0.0207 0.0050 0.8565 0.0027
60       60   (0)      6  : 0.0010 0.0014 0.0010 0.0015 0.0010 0.0018 0.9924
61       61   (0)      6  : 0.0010 0.0015 0.0008 0.0013 0.0010 0.0014 0.9931
62       62   (0)      6  : 0.0015 0.0046 0.0010 0.0033 0.0011 0.8620 0.1265
63       63   (0)      6  : 0.0010 0.0089 0.0016 0.0014 0.0020 0.9621 0.0230
64       64   (0)      6  : 0.0051 0.4473 0.0025 0.0016 0.0059 0.5308 0.0067
65       65   (0)      6  : 0.0015 0.3936 0.0020 0.0029 0.0026 0.5914 0.0060
66       66   (0)      6  : 0.0029 0.4369 0.0019 0.1019 0.0011 0.4515 0.0039
67       67   (0)      6  : 0.0145 0.4625 0.0122 0.1261 0.0012 0.3529 0.0305
68       68   (0)      6  : 0.0010 0.0014 0.0010 0.0015 0.0010 0.0011 0.9930
69       69   (0)      6  : 0.0037 0.4025 0.0015 0.0203 0.0034 0.5645 0.0041
70       70   (0)      6  : 0.0024 0.0059 0.0019 0.0030 0.0021 0.0118 0.9730
71       71   (0)      6  : 0.0011 0.0052 0.0009 0.0014 0.0012 0.0027 0.9874
72       72   (0)      6  : 0.0013 0.0021 0.0009 0.0020 0.0011 0.0016 0.9910
73       73   (0)      6  : 0.0061 0.0207 0.1004 0.0040 0.0226 0.0603 0.7859
74       74   (0)      6  : 0.0021 0.0106 0.0018 0.0039 0.0035 0.9705 0.0076
75       75   (0)      6  : 0.0011 0.0090 0.0016 0.0022 0.0010 0.9813 0.0037
76       76   (0)      6  : 0.0077 0.0050 0.0046 0.0070 0.0025 0.9613 0.0119
77       77   (0)      6  : 0.0137 0.0171 0.0069 0.0065 0.1911 0.0547 0.7099
78       78   (0)      6  : 0.0021 0.0318 0.0020 0.0028 0.0054 0.7020 0.2540
79       79   (0)      6  : 0.0042 0.0049 0.0011 0.0029 0.0029 0.9796 0.0044
80       80   (0)      6  : 0.0035 0.0133 0.0016 0.0028 0.0016 0.6721 0.3051
81       81   (0)      6  : 0.0010 0.0085 0.0019 0.0020 0.0017 0.9775 0.0074
82       82   (0)      6  : 0.0217 0.0991 0.0087 0.0089 0.0028 0.8283 0.0305
83       83   (0)      6  : 0.0114 0.0119 0.0022 0.0051 0.0074 0.2084 0.7536
84       84   (0)      6  : 0.0032 0.0213 0.0034 0.0021 0.0026 0.3818 0.5855
85       85   (0)      6  : 0.0010 0.0024 0.0010 0.0024 0.0010 0.0019 0.9904
86       86   (0)      6  : 0.0056 0.0024 0.0120 0.0059 0.0154 0.9551 0.0036
87       87   (0)      6  : 0.0036 0.0699 0.0037 0.0074 0.0094 0.8265 0.0795
88       88   (0)      5  : 0.0549 0.0011 0.0021 0.9333 0.0039 0.0035 0.0011
89       89   (0)      5  : 0.0246 0.0019 0.0050 0.9546 0.0083 0.0031 0.0025
90       90   (0)      5  : 0.0043 0.0010 0.0021 0.9869 0.0011 0.0024 0.0023
91       91   (0)      5  : 0.0034 0.0083 0.0110 0.4226 0.0034 0.5434 0.0080
92       92   (0)      5  : 0.0037 0.0011 0.0013 0.9760 0.0020 0.0127 0.0031
93       93   (0)      5  : 0.1188 0.0011 0.0197 0.8533 0.0029 0.0029 0.0012
94       94   (2)      1  : 0.0021 0.0046 0.9275 0.0025 0.0496 0.0064 0.0073
95       95   (3)      1  : 0.0018 0.0012 0.9907 0.0016 0.0011 0.0015 0.0020
96       96   (2)      1  : 0.0017 0.0010 0.9916 0.0017 0.0010 0.0010 0.0019
97       97   (0)      1  : 0.0047 0.0010 0.9856 0.0017 0.0046 0.0013 0.0010
98       98   (1)      1  : 0.0035 0.0130 0.9514 0.0038 0.0108 0.0149 0.0028
99       99   (6)      1  : 0.0054 0.0018 0.9862 0.0014 0.0010 0.0017 0.0025
100      100  (11)      1  : 0.0026 0.0015 0.9866 0.0034 0.0025 0.0015 0.0019
101      101   (3)      1  : 0.0029 0.0014 0.9890 0.0015 0.0030 0.0012 0.0010
102      102   (2)      1  : 0.0026 0.0026 0.9700 0.0049 0.0119 0.0050 0.0030
103      103   (5)      1  : 0.0080 0.0014 0.9643 0.0049 0.0175 0.0027 0.0012
104      104   (1)      1  : 0.0026 0.0010 0.9901 0.0016 0.0024 0.0012 0.0010
105      105   (0)      1  : 0.0036 0.0021 0.9185 0.0219 0.0435 0.0063 0.0041
106      106   (1)      1  : 0.0066 0.0065 0.9753 0.0034 0.0015 0.0055 0.0012
107      107   (6)      1  : 0.0023 0.0020 0.9870 0.0036 0.0014 0.0016 0.0021
108      108   (1)      1  : 0.0061 0.0019 0.9363 0.0431 0.0025 0.0078 0.0023
109      109  (18)      1  : 0.0059 0.0010 0.9594 0.0034 0.0228 0.0060 0.0016
110      110   (2)      1  : 0.0049 0.0013 0.9797 0.0036 0.0048 0.0035 0.0023
111      111   (1)      1  : 0.0014 0.0010 0.9935 0.0010 0.0011 0.0010 0.0010
112      112   (2)      1  : 0.0021 0.0010 0.9910 0.0012 0.0032 0.0010 0.0004
113      113   (2)      1  : 0.0041 0.0014 0.9862 0.0030 0.0029 0.0012 0.0011
114      114   (3)      1  : 0.0029 0.0020 0.9864 0.0031 0.0028 0.0018 0.0011
115      115   (2)      1  : 0.0032 0.0009 0.9910 0.0019 0.0010 0.0011 0.0009
116      116   (1)      1  : 0.0017 0.0010 0.9928 0.0010 0.0015 0.0010 0.0010
117      117   (1)      1  : 0.0034 0.0010 0.9886 0.0018 0.0030 0.0013 0.0010
118      118   (3)      1  : 0.0047 0.0054 0.9344 0.0091 0.0246 0.0182 0.0035
119      119   (2)      1  : 0.0296 0.0096 0.8456 0.0732 0.0083 0.0265 0.0073
120      120   (3)      1  : 0.0080 0.0010 0.9851 0.0021 0.0015 0.0010 0.0013
121      121   (0)      1  : 0.0020 0.0010 0.9907 0.0019 0.0014 0.0018 0.0013
122      122   (1)      1  : 0.0032 0.0072 0.9660 0.0041 0.0021 0.0135 0.0038
123      123   (3)      1  : 0.0021 0.0014 0.9846 0.0020 0.0044 0.0021 0.0034
124      124   (3)      1  : 0.0075 0.0010 0.9776 0.0046 0.0061 0.0020 0.0011
125      125   (2)      1  : 0.1540 0.0010 0.8291 0.0024 0.0109 0.0016 0.0010
126      126   (3)      1  : 0.0028 0.0028 0.9835 0.0024 0.0036 0.0026 0.0024
127      127   (1)      1  : 0.0011 0.0014 0.9906 0.0019 0.0021 0.0014 0.0015
128      128   (5)      1  : 0.0064 0.0010 0.9881 0.0012 0.0011 0.0010 0.0011
129      129   (1)      1  : 0.0021 0.0010 0.9908 0.0014 0.0025 0.0012 0.0010
130      130   (5)      1  : 0.0010 0.0010 0.9927 0.0014 0.0015 0.0014 0.0010
131      131  (10)      1  : 0.0306 0.0035 0.9221 0.0045 0.0285 0.0069 0.0039
132      132   (2)      1  : 0.0150 0.0046 0.9535 0.0090 0.0049 0.0093 0.0038
133      133   (4)      1  : 0.0487 0.0010 0.9211 0.0205 0.0039 0.0031 0.0016
134      134   (2)      1  : 0.0021 0.0137 0.9571 0.0031 0.0035 0.0057 0.0146
135      135  (18)      1  : 0.0072 0.0011 0.9835 0.0019 0.0026 0.0016 0.0020
136      136   (3)      1  : 0.0178 0.0014 0.9691 0.0023 0.0065 0.0014 0.0016
137      137   (0)      1  : 0.0051 0.1606 0.0053 0.0201 0.0035 0.7607 0.0446
138      138   (6)      1  : 0.0020 0.0159 0.0012 0.0126 0.0097 0.9489 0.0096
139      139  (17)      2  : 0.9839 0.0017 0.0025 0.0058 0.0033 0.0018 0.0011
140      140   (2)      2  : 0.9884 0.0010 0.0056 0.0016 0.0010 0.0010 0.0014
141      141   (3)      2  : 0.9956 0.0000 0.0011 0.0010 0.0010 0.0010 0.0002
142      142   (0)      2  : 0.9851 0.0013 0.0036 0.0031 0.0034 0.0013 0.0023
143      143   (4)      2  : 0.9845 0.0024 0.0029 0.0029 0.0025 0.0034 0.0015
144      144   (1)      2  : 0.9755 0.0025 0.0046 0.0086 0.0010 0.0045 0.0032
145      145   (8)      2  : 0.9837 0.0010 0.0036 0.0026 0.0056 0.0018 0.0016
146      146   (4)      2  : 0.9898 0.0004 0.0036 0.0029 0.0015 0.0010 0.0009
147      147   (1)      2  : 0.9714 0.0025 0.0151 0.0025 0.0028 0.0031 0.0026
148      148  (17)      2  : 0.9939 0.0010 0.0011 0.0011 0.0010 0.0010 0.0009
149      149   (8)      2  : 0.9739 0.0015 0.0125 0.0035 0.0035 0.0020 0.0031
150      150   (3)      2  : 0.9860 0.0020 0.0015 0.0033 0.0019 0.0028 0.0026
151      151   (0)      2  : 0.9905 0.0009 0.0023 0.0023 0.0016 0.0013 0.0013
152      152   (0)      2  : 0.9873 0.0010 0.0041 0.0015 0.0032 0.0017 0.0011
153      153   (3)      2  : 0.9864 0.0010 0.0057 0.0026 0.0021 0.0011 0.0010
154      154   (1)      2  : 0.9819 0.0010 0.0046 0.0064 0.0034 0.0017 0.0010
155      155   (1)      2  : 0.9881 0.0018 0.0021 0.0015 0.0021 0.0016 0.0028
156      156  (15)      2  : 0.9909 0.0013 0.0018 0.0015 0.0015 0.0021 0.0010
157      157   (3)      2  : 0.9896 0.0010 0.0025 0.0027 0.0014 0.0015 0.0013
158      158   (2)      2  : 0.9664 0.0025 0.0025 0.0174 0.0025 0.0034 0.0054
159      159   (7)      2  : 0.9365 0.0068 0.0120 0.0186 0.0056 0.0158 0.0048
160      160   (4)      2  : 0.9509 0.0044 0.0046 0.0030 0.0033 0.0263 0.0076
161      161   (1)      2  : 0.9804 0.0026 0.0055 0.0039 0.0040 0.0026 0.0010
162      162  (14)      2  : 0.9928 0.0010 0.0015 0.0012 0.0016 0.0010 0.0009
163      163  (15)      2  : 0.9824 0.0026 0.0035 0.0035 0.0024 0.0041 0.0015
164      164  (11)      2  : 0.9920 0.0010 0.0026 0.0012 0.0011 0.0010 0.0010
165      165   (1)      2  : 0.9810 0.0014 0.0062 0.0054 0.0029 0.0015 0.0016
166      166   (8)      2  : 0.9584 0.0039 0.0049 0.0069 0.0022 0.0136 0.0101
167      167   (6)      2  : 0.9605 0.0035 0.0026 0.0180 0.0093 0.0025 0.0036
168      168   (3)      2  : 0.8847 0.0066 0.0102 0.0065 0.0567 0.0175 0.0177
169      169   (6)      2  : 0.9101 0.0015 0.0073 0.0044 0.0630 0.0079 0.0059
170      170   (4)      2  : 0.9861 0.0009 0.0024 0.0030 0.0042 0.0020 0.0014
171      171   (2)      2  : 0.9560 0.0069 0.0045 0.0120 0.0025 0.0111 0.0070
172      172   (6)      2  : 0.9558 0.0012 0.0020 0.0069 0.0300 0.0026 0.0015
173      173   (1)      2  : 0.9810 0.0011 0.0043 0.0053 0.0054 0.0015 0.0015
174      174   (3)      2  : 0.9884 0.0010 0.0019 0.0034 0.0029 0.0015 0.0010
175      175   (2)      2  : 0.9579 0.0013 0.0281 0.0021 0.0051 0.0018 0.0038
176      176   (4)      2  : 0.9337 0.0010 0.0359 0.0019 0.0238 0.0013 0.0025
177      177   (2)      2  : 0.8605 0.0020 0.0474 0.0071 0.0790 0.0020 0.0020
178      178   (3)      2  : 0.9913 0.0007 0.0037 0.0011 0.0011 0.0010 0.0010
179      179   (1)      2  : 0.9893 0.0010 0.0034 0.0011 0.0026 0.0010 0.0016
180      180   (7)      2  : 0.9859 0.0013 0.0031 0.0036 0.0028 0.0023 0.0011
181      181   (0)      2  : 0.9857 0.0015 0.0053 0.0013 0.0026 0.0020 0.0016
182      182   (0)      7  : 0.0044 0.0020 0.0040 0.9826 0.0016 0.0029 0.0025
183      183   (0)      7  : 0.0217 0.0029 0.0157 0.9361 0.0037 0.0079 0.0119
184      184   (1)      7  : 0.0068 0.0035 0.0043 0.9614 0.0131 0.0041 0.0069
185      185   (0)      7  : 0.0031 0.0052 0.0091 0.9456 0.0033 0.0302 0.0034
186      186   (2)      7  : 0.0042 0.0039 0.0061 0.9284 0.0388 0.0105 0.0081
187      187   (0)      7  : 0.0115 0.0090 0.0054 0.9534 0.0045 0.0096 0.0066
188      188   (1)      7  : 0.0029 0.0021 0.0035 0.9824 0.0016 0.0040 0.0035
189      189   (1)      7  : 0.1353 0.0022 0.0040 0.5486 0.0029 0.3016 0.0054
190      190   (0)      7  : 0.0063 0.0014 0.0023 0.9806 0.0039 0.0027 0.0029
191      191   (0)      7  : 0.0028 0.0029 0.0070 0.9771 0.0021 0.0054 0.0028
192      192   (2)      7  : 0.0130 0.0026 0.0126 0.7460 0.1893 0.0039 0.0326
193      193   (1)      7  : 0.0066 0.0030 0.0218 0.9609 0.0028 0.0031 0.0019
194      194   (1)      7  : 0.0013 0.0116 0.0034 0.9450 0.0103 0.0144 0.0141
195      195   (0)      7  : 0.0162 0.0014 0.0175 0.9464 0.0142 0.0020 0.0022
196      196   (0)      7  : 0.0029 0.0024 0.0046 0.9819 0.0012 0.0037 0.0032
197      197   (1)      7  : 0.0041 0.0070 0.0041 0.9700 0.0023 0.0096 0.0029
198      198   (1)      7  : 0.0024 0.0022 0.0011 0.9874 0.0011 0.0040 0.0017
199      199   (0)      7  : 0.0027 0.0085 0.0021 0.9701 0.0011 0.0118 0.0036
200      200   (0)      7  : 0.0019 0.0054 0.2667 0.6606 0.0459 0.0144 0.0052
201      201   (1)      7  : 0.2790 0.0030 0.0112 0.6987 0.0024 0.0027 0.0030
202      202   (0)      7  : 0.0023 0.0011 0.0010 0.9913 0.0010 0.0019 0.0015
203      203   (1)      7  : 0.0055 0.0030 0.0033 0.9829 0.0020 0.0016 0.0018
204      204   (1)      7  : 0.0179 0.0291 0.2764 0.6339 0.0106 0.0270 0.0051
205      205   (0)      7  : 0.0032 0.0080 0.0091 0.9623 0.0030 0.0101 0.0042
206      206   (2)      7  : 0.2475 0.0027 0.0071 0.7318 0.0046 0.0030 0.0033
207      207   (2)      7  : 0.0024 0.0497 0.0011 0.9272 0.0020 0.0092 0.0084
208      208   (2)      7  : 0.0126 0.0045 0.0090 0.7658 0.0310 0.1695 0.0075
209      209   (0)      7  : 0.0155 0.0611 0.0031 0.8776 0.0014 0.0373 0.0040
210      210   (1)      7  : 0.0024 0.0054 0.0067 0.9741 0.0029 0.0030 0.0055
211      211   (0)      7  : 0.0089 0.0024 0.0021 0.9788 0.0037 0.0024 0.0017
212      212  (10)      7  : 0.0853 0.0030 0.0015 0.9000 0.0032 0.0030 0.0039
213      213   (1)      7  : 0.0072 0.0052 0.0040 0.9709 0.0010 0.0055 0.0061
214      214   (0)      7  : 0.0174 0.0024 0.0028 0.9574 0.0034 0.0083 0.0085
215      215   (2)      7  : 0.0135 0.0023 0.2848 0.5662 0.1275 0.0028 0.0030
216      216   (1)      4  : 0.0010 0.0009 0.0010 0.0010 0.9951 0.0009 0.0001
217      217   (1)      4  : 0.0019 0.0024 0.0010 0.0016 0.9897 0.0022 0.0011
218      218   (1)      4  : 0.0009 0.0010 0.0012 0.0007 0.9941 0.0010 0.0010
219      219   (1)      4  : 0.0009 0.0010 0.0011 0.0010 0.9943 0.0009 0.0009
220      220   (1)      4  : 0.2366 0.0019 0.0245 0.0156 0.7167 0.0030 0.0017
221      221   (1)      4  : 0.0014 0.0013 0.0021 0.0020 0.9890 0.0028 0.0015
222      222  (10)      4  : 0.0054 0.0010 0.0051 0.0015 0.9792 0.0024 0.0054
223      223   (2)      4  : 0.0012 0.0006 0.0032 0.0010 0.9920 0.0010 0.0009
224      224   (0)      4  : 0.0009 0.0014 0.0071 0.0020 0.9855 0.0014 0.0017
225      225   (2)      4  : 0.0010 0.0010 0.0010 0.0010 0.9945 0.0007 0.0007
226      226   (0)      4  : 0.0010 0.0006 0.0022 0.0010 0.9933 0.0010 0.0009
