1        1   (0)      3  : 0.0010 0.9906 0.0010 0.0010 0.0010 0.0014 0.0020 0.0020
2        2   (0)      3  : 0.0018 0.9638 0.0020 0.0076 0.0024 0.0088 0.0074 0.0062
3        3   (0)      3  : 0.0010 0.9936 0.0006 0.0008 0.0008 0.0012 0.0010 0.0010
4        4   (0)      3  : 0.0010 0.9890 0.0010 0.0016 0.0006 0.0024 0.0022 0.0022
5        5   (0)      3  : 0.0000 0.9946 0.0006 0.0010 0.0004 0.0010 0.0014 0.0010
6        6   (0)      3  : 0.0012 0.9884 0.0010 0.0022 0.0010 0.0026 0.0018 0.0018
7        7   (0)      3  : 0.0006 0.9928 0.0010 0.0010 0.0010 0.0012 0.0012 0.0012
8        8   (0)      3  : 0.0010 0.9796 0.0010 0.0012 0.0002 0.0060 0.0060 0.0050
9        9   (0)      3  : 0.0000 0.9920 0.0010 0.0012 0.0010 0.0018 0.0014 0.0016
10       10   (0)      3  : 0.0012 0.9626 0.0050 0.0038 0.0030 0.0084 0.0056 0.0104
11       11   (0)      3  : 0.0010 0.9126 0.0012 0.0086 0.0010 0.0102 0.0612 0.0042
12       12   (0)      3  : 0.0012 0.9764 0.0020 0.0034 0.0028 0.0060 0.0058 0.0024
13       13   (0)      3  : 0.0002 0.9958 0.0002 0.0004 0.0002 0.0008 0.0014 0.0010
14       14   (0)      3  : 0.0010 0.9802 0.0014 0.0016 0.0012 0.0042 0.0086 0.0018
15       15   (0)      3  : 0.0008 0.9926 0.0010 0.0010 0.0010 0.0014 0.0010 0.0012
16       16   (0)      3  : 0.0000 0.9912 0.0006 0.0010 0.0010 0.0020 0.0032 0.0010
17       17   (0)      3  : 0.0008 0.9720 0.0006 0.0010 0.0010 0.0076 0.0014 0.0156
18       18   (0)      3  : 0.0120 0.9377 0.0086 0.0080 0.0026 0.0246 0.0020 0.0046
19       19   (0)      3  : 0.0002 0.9944 0.0004 0.0008 0.0006 0.0010 0.0016 0.0010
20       20   (0)      3  : 0.0010 0.9906 0.0010 0.0012 0.0010 0.0018 0.0018 0.0016
21       21   (0)      3  : 0.0010 0.9858 0.0012 0.0022 0.0010 0.0050 0.0016 0.0022
22       22   (0)      3  : 0.0020 0.9694 0.0012 0.0032 0.0016 0.0056 0.0088 0.0082
23       23   (0)      3  : 0.0002 0.9930 0.0008 0.0010 0.0006 0.0014 0.0020 0.0010
24       24   (0)      3  : 0.0008 0.9918 0.0010 0.0010 0.0006 0.0016 0.0018 0.0014
25       25   (0)      3  : 0.0010 0.9898 0.0012 0.0018 0.0010 0.0026 0.0014 0.0012
26       26   (0)      3  : 0.0008 0.9924 0.0010 0.0018 0.0008 0.0010 0.0012 0.0010
27       27   (0)      3  : 0.0008 0.9934 0.0006 0.0010 0.0008 0.0012 0.0010 0.0012
28       28   (0)      3  : 0.0010 0.9828 0.0032 0.0016 0.0010 0.0030 0.0048 0.0026
29       29   (0)      3  : 0.0006 0.9928 0.0004 0.0012 0.0010 0.0016 0.0012 0.0012
30       30   (0)      3  : 0.0002 0.9948 0.0010 0.0010 0.0000 0.0010 0.0010 0.0010
31       31   (0)      3  : 0.0026 0.9686 0.0014 0.0048 0.0014 0.0042 0.0140 0.0030
32       32   (0)      3  : 0.0010 0.9832 0.0010 0.0022 0.0010 0.0028 0.0044 0.0044
33       33   (0)      3  : 0.0004 0.9940 0.0000 0.0008 0.0010 0.0010 0.0018 0.0010
34       34   (0)      3  : 0.0000 0.9946 0.0008 0.0006 0.0002 0.0010 0.0018 0.0010
35       35   (0)      3  : 0.0006 0.9916 0.0010 0.0010 0.0010 0.0022 0.0016 0.0010
36       36   (0)      5  : 0.0066 0.0358 0.0208 0.5322 0.0112 0.0704 0.0046 0.3183
37       37   (0)      5  : 0.0208 0.0036 0.0026 0.9566 0.0028 0.0058 0.0026 0.0052
38       38   (0)      6  : 0.0014 0.0096 0.0016 0.0010 0.0012 0.7612 0.2211 0.0028
39       39   (0)      6  : 0.0010 0.0236 0.0014 0.0034 0.0016 0.0070 0.0010 0.9610
40       40   (0)      6  : 0.0014 0.1254 0.0034 0.0024 0.0018 0.0068 0.0024 0.8564
41       41   (0)      6  : 0.0024 0.0096 0.0022 0.0830 0.0026 0.7243 0.0110 0.1649
42       42   (0)      6  : 0.0120 0.0136 0.0128 0.0778 0.0016 0.5530 0.3047 0.0246
43       43   (0)      5  : 0.1585 0.0012 0.0024 0.7039 0.0036 0.0082 0.0014 0.1208
44       44   (0)      5  : 0.0072 0.0282 0.0040 0.0434 0.0016 0.8044 0.0686 0.0426
45       45   (0)      5  : 0.0210 0.0010 0.0040 0.9160 0.0514 0.0024 0.0016 0.0026
46       46   (0)      5  : 0.0082 0.0014 0.0170 0.9600 0.0026 0.0036 0.0024 0.0048
47       47   (0)      5  : 0.0076 0.0068 0.0026 0.6646 0.0020 0.0716 0.0262 0.2186
48       48   (0)      5  : 0.0090 0.0126 0.0030 0.0646 0.0030 0.0128 0.0026 0.8924
49       49   (0)      5  : 0.0168 0.0106 0.0040 0.1768 0.0038 0.6374 0.0120 0.1386
50       50   (0)      5  : 0.0686 0.0020 0.1549 0.7312 0.0024 0.0242 0.0018 0.0150
51       51   (0)      5  : 0.0098 0.0018 0.0064 0.9346 0.0090 0.0078 0.0050 0.0256
52       52   (0)      6  : 0.0012 0.0342 0.0010 0.0040 0.0014 0.9162 0.0368 0.0052
53       53   (0)      6  : 0.0116 0.0744 0.0024 0.0086 0.0068 0.8212 0.0082 0.0668
54       54   (0)      6  : 0.0030 0.0454 0.0060 0.0090 0.0026 0.8035 0.0880 0.0424
55       55   (0)      6  : 0.0052 0.0072 0.0584 0.0114 0.0068 0.1553 0.0096 0.7461
56       56   (0)      6  : 0.0008 0.0126 0.0010 0.0016 0.0010 0.0020 0.9794 0.0016
57       57   (0)      6  : 0.0014 0.0448 0.0012 0.0084 0.0010 0.1920 0.0082 0.7430
58       58   (0)      6  : 0.0042 0.0066 0.0188 0.0028 0.0142 0.5312 0.4130 0.0092
59       59   (0)      6  : 0.0168 0.0426 0.0480 0.0196 0.0052 0.1180 0.0082 0.7416
60       60   (0)      6  : 0.0010 0.0012 0.0008 0.0010 0.0010 0.0012 0.9910 0.0028
61       61   (0)      6  : 0.0010 0.0018 0.0010 0.0012 0.0010 0.0018 0.9910 0.0012
62       62   (0)      6  : 0.0018 0.0046 0.0010 0.0036 0.0010 0.9536 0.0270 0.0074
63       63   (0)      6  : 0.0010 0.0062 0.0016 0.0014 0.0014 0.9782 0.0064 0.0038
64       64   (0)      6  : 0.0030 0.4185 0.0040 0.0016 0.0070 0.5563 0.0038 0.0058
65       65   (0)      6  : 0.0016 0.4422 0.0026 0.0054 0.0044 0.2361 0.0088 0.2989
66       66   (0)      6  : 0.0040 0.4523 0.0010 0.1632 0.0012 0.3531 0.0032 0.0220
67       67   (0)      6  : 0.0190 0.5002 0.0188 0.1779 0.0010 0.2097 0.0296 0.0438
68       68   (0)      6  : 0.0010 0.0012 0.0010 0.0012 0.0008 0.0010 0.9924 0.0014
69       69   (0)      6  : 0.0030 0.4052 0.0010 0.0180 0.0030 0.5504 0.0026 0.0168
70       70   (0)      6  : 0.0024 0.0088 0.0018 0.0042 0.0022 0.0128 0.9638 0.0040
71       71   (0)      6  : 0.0010 0.0076 0.0008 0.0012 0.0014 0.0064 0.9794 0.0022
72       72   (0)      6  : 0.0014 0.0022 0.0010 0.0022 0.0012 0.0020 0.9886 0.0014
73       73   (0)      6  : 0.0040 0.0096 0.0616 0.0030 0.0106 0.2597 0.6469 0.0046
74       74   (0)      6  : 0.0016 0.0062 0.0022 0.0034 0.0050 0.9768 0.0026 0.0022
75       75   (0)      6  : 0.0014 0.0154 0.0018 0.0042 0.0010 0.9166 0.0028 0.0568
76       76   (0)      6  : 0.0154 0.0050 0.0058 0.0092 0.0034 0.9482 0.0036 0.0094
77       77   (0)      6  : 0.0170 0.0152 0.0092 0.0072 0.1570 0.1034 0.6239 0.0670
78       78   (0)      6  : 0.0010 0.0210 0.0014 0.0016 0.0030 0.9138 0.0532 0.0050
79       79   (0)      6  : 0.0060 0.0044 0.0010 0.0028 0.0028 0.9190 0.0018 0.0622
80       80   (0)      6  : 0.0022 0.0128 0.0018 0.0018 0.0018 0.9098 0.0650 0.0048
81       81   (0)      6  : 0.0010 0.0074 0.0016 0.0020 0.0020 0.9766 0.0042 0.0052
82       82   (0)      6  : 0.0146 0.0910 0.0118 0.0132 0.0036 0.8202 0.0076 0.0380
83       83   (0)      6  : 0.0068 0.0088 0.0020 0.0040 0.0054 0.3798 0.5785 0.0148
84       84   (0)      6  : 0.0014 0.0072 0.0012 0.0016 0.0014 0.7681 0.2171 0.0020
85       85   (0)      6  : 0.0010 0.0018 0.0010 0.0016 0.0010 0.0016 0.9904 0.0016
86       86   (0)      6  : 0.0046 0.0026 0.0052 0.0040 0.0092 0.0316 0.0060 0.9368
87       87   (0)      6  : 0.0042 0.0602 0.0028 0.0072 0.0106 0.8017 0.0440 0.0694
88       88   (0)      5  : 0.1718 0.0010 0.0022 0.6813 0.0034 0.0106 0.0020 0.1276
89       89   (0)      5  : 0.0258 0.0016 0.0048 0.9510 0.0080 0.0036 0.0022 0.0030
90       90   (0)      5  : 0.0050 0.0014 0.0016 0.9826 0.0014 0.0018 0.0020 0.0042
91       91   (0)      5  : 0.0028 0.0078 0.0154 0.4271 0.0040 0.4691 0.0054 0.0684
92       92   (0)      5  : 0.0048 0.0016 0.0018 0.9502 0.0020 0.0040 0.0030 0.0326
93       93   (0)      5  : 0.1188 0.0014 0.0226 0.8492 0.0018 0.0026 0.0010 0.0026
94       94   (2)      1  : 0.0026 0.0038 0.9118 0.0032 0.0422 0.0050 0.0080 0.0234
95       95   (3)      1  : 0.0016 0.0012 0.9890 0.0018 0.0014 0.0024 0.0014 0.0012
96       96   (2)      1  : 0.0022 0.0010 0.9906 0.0018 0.0008 0.0012 0.0010 0.0014
97       97   (0)      1  : 0.0048 0.0010 0.9852 0.0018 0.0040 0.0010 0.0010 0.0012
98       98   (1)      1  : 0.0040 0.0086 0.9426 0.0044 0.0126 0.0170 0.0024 0.0084
99       99   (6)      1  : 0.0064 0.0020 0.9836 0.0016 0.0010 0.0020 0.0020 0.0014
100      100  (11)      1  : 0.0026 0.0020 0.9854 0.0028 0.0024 0.0016 0.0018 0.0014
101      101   (3)      1  : 0.0028 0.0014 0.9888 0.0012 0.0022 0.0012 0.0010 0.0014
102      102   (2)      1  : 0.0034 0.0032 0.9666 0.0056 0.0092 0.0050 0.0036 0.0034
103      103   (5)      1  : 0.0064 0.0012 0.9550 0.0062 0.0242 0.0038 0.0012 0.0020
104      104   (1)      1  : 0.0030 0.0010 0.9882 0.0018 0.0028 0.0012 0.0010 0.0010
105      105   (0)      1  : 0.0028 0.0032 0.9100 0.0188 0.0506 0.0034 0.0040 0.0072
106      106   (1)      1  : 0.0072 0.0062 0.9654 0.0040 0.0012 0.0026 0.0012 0.0122
107      107   (6)      1  : 0.0026 0.0022 0.9810 0.0052 0.0016 0.0028 0.0026 0.0020
108      108   (1)      1  : 0.0064 0.0016 0.9296 0.0420 0.0024 0.0090 0.0024 0.0066
109      109  (18)      1  : 0.0058 0.0010 0.9574 0.0034 0.0210 0.0038 0.0020 0.0056
110      110   (2)      1  : 0.0066 0.0014 0.9744 0.0040 0.0054 0.0034 0.0026 0.0022
111      111   (1)      1  : 0.0016 0.0010 0.9918 0.0012 0.0012 0.0010 0.0010 0.0012
112      112   (2)      1  : 0.0020 0.0008 0.9902 0.0012 0.0028 0.0010 0.0010 0.0010
113      113   (2)      1  : 0.0048 0.0010 0.9848 0.0028 0.0030 0.0012 0.0010 0.0014
114      114   (3)      1  : 0.0028 0.0026 0.9812 0.0040 0.0038 0.0022 0.0016 0.0018
115      115   (2)      1  : 0.0028 0.0010 0.9894 0.0022 0.0012 0.0010 0.0010 0.0014
116      116   (1)      1  : 0.0026 0.0006 0.9914 0.0010 0.0014 0.0010 0.0010 0.0010
117      117   (1)      1  : 0.0040 0.0012 0.9872 0.0018 0.0024 0.0010 0.0012 0.0012
118      118   (3)      1  : 0.0050 0.0052 0.9196 0.0088 0.0288 0.0172 0.0030 0.0124
119      119   (2)      1  : 0.0342 0.0084 0.8442 0.0634 0.0084 0.0172 0.0066 0.0176
120      120   (3)      1  : 0.0058 0.0012 0.9858 0.0024 0.0012 0.0012 0.0014 0.0010
121      121   (0)      1  : 0.0020 0.0012 0.9898 0.0012 0.0016 0.0014 0.0014 0.0014
122      122   (1)      1  : 0.0040 0.0066 0.9580 0.0032 0.0018 0.0084 0.0036 0.0144
123      123   (3)      1  : 0.0028 0.0016 0.9832 0.0016 0.0038 0.0018 0.0022 0.0030
124      124   (3)      1  : 0.0072 0.0010 0.9750 0.0042 0.0076 0.0016 0.0012 0.0022
125      125   (2)      1  : 0.1793 0.0010 0.8037 0.0022 0.0092 0.0018 0.0010 0.0018
126      126   (3)      1  : 0.0038 0.0034 0.9806 0.0020 0.0030 0.0022 0.0026 0.0024
127      127   (1)      1  : 0.0014 0.0014 0.9898 0.0016 0.0022 0.0014 0.0012 0.0010
128      128   (5)      1  : 0.0066 0.0010 0.9868 0.0012 0.0010 0.0010 0.0014 0.0010
129      129   (1)      1  : 0.0026 0.0010 0.9882 0.0016 0.0034 0.0010 0.0010 0.0012
130      130   (5)      1  : 0.0010 0.0010 0.9922 0.0014 0.0014 0.0010 0.0010 0.0010
131      131  (10)      1  : 0.0220 0.0036 0.9064 0.0048 0.0312 0.0030 0.0050 0.0240
132      132   (2)      1  : 0.0150 0.0050 0.9424 0.0108 0.0044 0.0106 0.0040 0.0078
133      133   (4)      1  : 0.0706 0.0010 0.9002 0.0174 0.0030 0.0024 0.0014 0.0040
134      134   (2)      1  : 0.0020 0.0148 0.9492 0.0026 0.0034 0.0080 0.0158 0.0042
135      135  (18)      1  : 0.0090 0.0012 0.9796 0.0020 0.0036 0.0014 0.0018 0.0014
136      136   (3)      1  : 0.0224 0.0018 0.9656 0.0016 0.0044 0.0014 0.0014 0.0014
137      137   (0)      1  : 0.0016 0.1076 0.0012 0.0064 0.0016 0.0050 0.0916 0.7850
138      138   (6)      1  : 0.0014 0.0204 0.0010 0.0048 0.0056 0.0084 0.0184 0.9400
139      139  (17)      2  : 0.9810 0.0026 0.0028 0.0054 0.0034 0.0018 0.0012 0.0018
140      140   (2)      2  : 0.9860 0.0010 0.0068 0.0014 0.0016 0.0010 0.0012 0.0010
141      141   (3)      2  : 0.9944 0.0000 0.0010 0.0012 0.0010 0.0008 0.0006 0.0010
142      142   (0)      2  : 0.9830 0.0012 0.0046 0.0032 0.0036 0.0010 0.0022 0.0012
143      143   (4)      2  : 0.9816 0.0028 0.0026 0.0032 0.0026 0.0036 0.0016 0.0020
144      144   (1)      2  : 0.9722 0.0024 0.0042 0.0084 0.0012 0.0034 0.0038 0.0044
145      145   (8)      2  : 0.9832 0.0010 0.0036 0.0024 0.0046 0.0020 0.0018 0.0014
146      146   (4)      2  : 0.9898 0.0002 0.0036 0.0024 0.0010 0.0010 0.0010 0.0010
147      147   (1)      2  : 0.9648 0.0034 0.0148 0.0032 0.0036 0.0052 0.0018 0.0032
148      148  (17)      2  : 0.9930 0.0010 0.0010 0.0010 0.0010 0.0010 0.0010 0.0010
149      149   (8)      2  : 0.9714 0.0016 0.0106 0.0050 0.0038 0.0022 0.0030 0.0024
150      150   (3)      2  : 0.9830 0.0018 0.0014 0.0034 0.0028 0.0028 0.0024 0.0024
151      151   (0)      2  : 0.9888 0.0010 0.0026 0.0014 0.0014 0.0014 0.0016 0.0018
152      152   (0)      2  : 0.9850 0.0010 0.0042 0.0012 0.0040 0.0014 0.0012 0.0020
153      153   (3)      2  : 0.9860 0.0008 0.0058 0.0024 0.0022 0.0012 0.0006 0.0010
154      154   (1)      2  : 0.9788 0.0008 0.0054 0.0066 0.0042 0.0012 0.0008 0.0022
155      155   (1)      2  : 0.9860 0.0020 0.0018 0.0022 0.0018 0.0024 0.0028 0.0010
156      156  (15)      2  : 0.9886 0.0016 0.0016 0.0020 0.0016 0.0014 0.0012 0.0020
157      157   (3)      2  : 0.9876 0.0010 0.0024 0.0036 0.0012 0.0016 0.0014 0.0012
158      158   (2)      2  : 0.9576 0.0024 0.0026 0.0198 0.0026 0.0034 0.0064 0.0052
159      159   (7)      2  : 0.9262 0.0062 0.0064 0.0170 0.0048 0.0062 0.0044 0.0288
160      160   (4)      2  : 0.9404 0.0030 0.0054 0.0034 0.0030 0.0294 0.0082 0.0072
161      161   (1)      2  : 0.9786 0.0022 0.0050 0.0038 0.0052 0.0018 0.0010 0.0024
162      162  (14)      2  : 0.9906 0.0010 0.0020 0.0014 0.0014 0.0010 0.0010 0.0016
163      163  (15)      2  : 0.9794 0.0026 0.0028 0.0038 0.0024 0.0050 0.0012 0.0028
164      164  (11)      2  : 0.9906 0.0010 0.0032 0.0012 0.0012 0.0008 0.0010 0.0010
165      165   (1)      2  : 0.9790 0.0014 0.0068 0.0052 0.0030 0.0014 0.0012 0.0020
166      166   (8)      2  : 0.9536 0.0036 0.0054 0.0074 0.0020 0.0102 0.0092 0.0086
167      167   (6)      2  : 0.9542 0.0044 0.0024 0.0202 0.0094 0.0018 0.0042 0.0034
168      168   (3)      2  : 0.8782 0.0058 0.0096 0.0054 0.0588 0.0182 0.0134 0.0106
169      169   (6)      2  : 0.8982 0.0014 0.0108 0.0042 0.0700 0.0062 0.0042 0.0050
170      170   (4)      2  : 0.9826 0.0010 0.0024 0.0044 0.0046 0.0016 0.0012 0.0022
171      171   (2)      2  : 0.9478 0.0062 0.0042 0.0090 0.0026 0.0116 0.0078 0.0108
172      172   (6)      2  : 0.9526 0.0012 0.0016 0.0044 0.0332 0.0034 0.0016 0.0020
173      173   (1)      2  : 0.9786 0.0012 0.0050 0.0058 0.0046 0.0014 0.0014 0.0020
174      174   (3)      2  : 0.9850 0.0010 0.0024 0.0026 0.0038 0.0020 0.0012 0.0020
175      175   (2)      2  : 0.9558 0.0010 0.0288 0.0012 0.0062 0.0026 0.0032 0.0012
176      176   (4)      2  : 0.9241 0.0010 0.0404 0.0018 0.0266 0.0022 0.0022 0.0016
177      177   (2)      2  : 0.8562 0.0020 0.0458 0.0056 0.0826 0.0014 0.0028 0.0036
178      178   (3)      2  : 0.9896 0.0010 0.0038 0.0012 0.0014 0.0010 0.0010 0.0010
179      179   (1)      2  : 0.9884 0.0010 0.0032 0.0012 0.0026 0.0010 0.0016 0.0010
180      180   (7)      2  : 0.9834 0.0010 0.0036 0.0034 0.0026 0.0024 0.0012 0.0024
181      181   (0)      2  : 0.9834 0.0014 0.0058 0.0020 0.0022 0.0016 0.0018 0.0018
182      182   (0)      7  : 0.0042 0.0018 0.0030 0.9806 0.0022 0.0032 0.0022 0.0028
183      183   (0)      7  : 0.0308 0.0026 0.0166 0.9108 0.0030 0.0128 0.0140 0.0094
184      184   (1)      7  : 0.0072 0.0026 0.0050 0.9578 0.0138 0.0032 0.0070 0.0034
185      185   (0)      7  : 0.0030 0.0036 0.0060 0.9122 0.0040 0.0082 0.0034 0.0596
186      186   (2)      7  : 0.0050 0.0048 0.0054 0.9168 0.0342 0.0158 0.0082 0.0098
187      187   (0)      7  : 0.0152 0.0092 0.0054 0.9414 0.0050 0.0110 0.0060 0.0068
188      188   (1)      7  : 0.0038 0.0018 0.0036 0.9734 0.0020 0.0066 0.0040 0.0048
189      189   (1)      7  : 0.1813 0.0022 0.0040 0.4172 0.0022 0.3819 0.0024 0.0088
190      190   (0)      7  : 0.0078 0.0018 0.0014 0.9766 0.0040 0.0024 0.0038 0.0022
191      191   (0)      7  : 0.0018 0.0024 0.0054 0.9768 0.0020 0.0050 0.0034 0.0032
192      192   (2)      7  : 0.0104 0.0028 0.0100 0.7450 0.1943 0.0036 0.0296 0.0042
193      193   (1)      7  : 0.0054 0.0028 0.0230 0.9588 0.0022 0.0032 0.0016 0.0030
194      194   (1)      7  : 0.0016 0.0136 0.0030 0.9298 0.0098 0.0150 0.0116 0.0156
195      195   (0)      7  : 0.0162 0.0016 0.0186 0.9414 0.0146 0.0014 0.0028 0.0034
196      196   (0)      7  : 0.0026 0.0028 0.0050 0.9784 0.0010 0.0018 0.0036 0.0048
197      197   (1)      7  : 0.0028 0.0064 0.0048 0.9648 0.0022 0.0066 0.0026 0.0098
198      198   (1)      7  : 0.0028 0.0020 0.0016 0.9842 0.0010 0.0022 0.0014 0.0048
199      199   (0)      7  : 0.0020 0.0070 0.0022 0.9580 0.0012 0.0150 0.0040 0.0106
200      200   (0)      7  : 0.0024 0.0046 0.2565 0.6487 0.0548 0.0110 0.0030 0.0190
201      201   (1)      7  : 0.2793 0.0032 0.0156 0.6885 0.0024 0.0018 0.0032 0.0060
202      202   (0)      7  : 0.0030 0.0012 0.0010 0.9896 0.0010 0.0012 0.0012 0.0018
203      203   (1)      7  : 0.0060 0.0024 0.0030 0.9798 0.0024 0.0020 0.0020 0.0024
204      204   (1)      7  : 0.0216 0.0246 0.2710 0.6132 0.0128 0.0246 0.0042 0.0280
205      205   (0)      7  : 0.0042 0.0074 0.0088 0.9558 0.0040 0.0104 0.0042 0.0052
206      206   (2)      7  : 0.2456 0.0040 0.0084 0.7238 0.0074 0.0032 0.0026 0.0050
207      207   (2)      7  : 0.0018 0.0388 0.0010 0.9212 0.0014 0.0082 0.0080 0.0196
208      208   (2)      7  : 0.0180 0.0040 0.0118 0.7105 0.0278 0.0576 0.0074 0.1630
209      209   (0)      7  : 0.0158 0.0572 0.0042 0.8616 0.0012 0.0380 0.0040 0.0180
210      210   (1)      7  : 0.0018 0.0050 0.0074 0.9692 0.0028 0.0036 0.0062 0.0040
211      211   (0)      7  : 0.0070 0.0026 0.0022 0.9796 0.0026 0.0018 0.0014 0.0028
212      212  (10)      7  : 0.0768 0.0016 0.0014 0.9056 0.0036 0.0046 0.0040 0.0024
213      213   (1)      7  : 0.0060 0.0026 0.0030 0.9690 0.0010 0.0036 0.0056 0.0092
214      214   (0)      7  : 0.0144 0.0020 0.0028 0.9474 0.0030 0.0104 0.0080 0.0120
215      215   (2)      7  : 0.0166 0.0030 0.2915 0.5612 0.1155 0.0022 0.0032 0.0068
216      216   (1)      4  : 0.0010 0.0006 0.0010 0.0010 0.9940 0.0006 0.0008 0.0010
217      217   (1)      4  : 0.0018 0.0022 0.0010 0.0014 0.9882 0.0030 0.0010 0.0014
218      218   (1)      4  : 0.0010 0.0008 0.0018 0.0010 0.9924 0.0010 0.0010 0.0010
219      219   (1)      4  : 0.0008 0.0010 0.0010 0.0006 0.9936 0.0010 0.0010 0.0010
220      220   (1)      4  : 0.2160 0.0020 0.0422 0.0132 0.7187 0.0030 0.0016 0.0034
221      221   (1)      4  : 0.0016 0.0010 0.0028 0.0018 0.9864 0.0026 0.0016 0.0022
222      222  (10)      4  : 0.0056 0.0012 0.0050 0.0018 0.9754 0.0024 0.0058 0.0028
223      223   (2)      4  : 0.0016 0.0006 0.0034 0.0010 0.9904 0.0010 0.0010 0.0010
224      224   (0)      4  : 0.0014 0.0016 0.0074 0.0024 0.9820 0.0014 0.0014 0.0024
225      225   (2)      4  : 0.0010 0.0010 0.0010 0.0008 0.9938 0.0008 0.0006 0.0010
226      226   (0)      4  : 0.0012 0.0008 0.0020 0.0010 0.9922 0.0010 0.0008 0.0010
