  1        1   (0)      3 :  0.0011 0.0024 0.0010 0.9935 0.0010 0.0010 
  2        2   (0)      3 :  0.0019 0.0101 0.0078 0.9753 0.0024 0.0025 
  3        3   (0)      3 :  0.0009 0.0009 0.0011 0.9951 0.0010 0.0010 
  4        4   (0)      3 :  0.0010 0.0020 0.0016 0.9933 0.0011 0.0010 
  5        5   (0)      3 :  0.0003 0.0010 0.0010 0.9968 0.0006 0.0003 
  6        6   (0)      3 :  0.0010 0.0024 0.0017 0.9928 0.0010 0.0011 
  7        7   (0)      3 :  0.0007 0.0013 0.0011 0.9950 0.0009 0.0010 
  8        8   (0)      3 :  0.0010 0.0080 0.0013 0.9879 0.0010 0.0008 
  9        9   (0)      3 :  0.0005 0.0027 0.0011 0.9938 0.0010 0.0009 
 10       10   (0)      3 :  0.0011 0.0094 0.0053 0.9737 0.0064 0.0041 
 11       11   (0)      3 :  0.0016 0.0358 0.0079 0.9521 0.0014 0.0012 
 12       12   (0)      3 :  0.0011 0.0054 0.0035 0.9854 0.0022 0.0024 
 13       13   (0)      3 :  0.0001 0.0010 0.0003 0.9981 0.0004 0.0001 
 14       14   (0)      3 :  0.0010 0.0052 0.0017 0.9887 0.0017 0.0017 
 15       15   (0)      3 :  0.0010 0.0014 0.0011 0.9946 0.0009 0.0010 
 16       16   (0)      3 :  0.0001 0.0024 0.0010 0.9950 0.0005 0.0010 
 17       17   (0)      3 :  0.0008 0.0195 0.0010 0.9771 0.0005 0.0011 
 18       18   (0)      3 :  0.0144 0.0109 0.0075 0.9577 0.0076 0.0019 
 19       19   (0)      3 :  0.0006 0.0013 0.0010 0.9954 0.0007 0.0010 
 20       20   (0)      3 :  0.0009 0.0024 0.0011 0.9937 0.0010 0.0009 
 21       21   (0)      3 :  0.0011 0.0027 0.0018 0.9924 0.0010 0.0010 
 22       22   (0)      3 :  0.0024 0.0075 0.0035 0.9829 0.0019 0.0018 
 23       23   (0)      3 :  0.0006 0.0023 0.0010 0.9945 0.0008 0.0008 
 24       24   (0)      3 :  0.0007 0.0018 0.0010 0.9947 0.0010 0.0008 
 25       25   (0)      3 :  0.0014 0.0020 0.0020 0.9923 0.0011 0.0012 
 26       26   (0)      3 :  0.0011 0.0011 0.0017 0.9943 0.0010 0.0008 
 27       27   (0)      3 :  0.0009 0.0010 0.0010 0.9954 0.0009 0.0008 
 28       28   (0)      3 :  0.0010 0.0036 0.0020 0.9890 0.0033 0.0011 
 29       29   (0)      3 :  0.0008 0.0018 0.0010 0.9946 0.0008 0.0010 
 30       30   (0)      3 :  0.0006 0.0010 0.0009 0.9963 0.0008 0.0004 
 31       31   (0)      3 :  0.0028 0.0079 0.0047 0.9811 0.0019 0.0016 
 32       32   (0)      3 :  0.0012 0.0028 0.0021 0.9918 0.0010 0.0011 
 33       33   (0)      3 :  0.0004 0.0012 0.0009 0.9969 0.0002 0.0004 
 34       34   (0)      3 :  0.0001 0.0011 0.0009 0.9967 0.0010 0.0002 
 35       35   (0)      3 :  0.0010 0.0022 0.0010 0.9943 0.0010 0.0005 
 36       36   (0)      5 :  0.0054 0.0479 0.8189 0.0957 0.0191 0.0131 
 37       37   (0)      5 :  0.0145 0.0043 0.9732 0.0036 0.0024 0.0020 
 38       38   (0)      6 :  0.0240 0.8927 0.0028 0.0770 0.0017 0.0018 
 39       39   (0)      6 :  0.0021 0.0173 0.5676 0.4022 0.0036 0.0072 
 40       40   (0)      6 :  0.0032 0.0216 0.4615 0.4865 0.0202 0.0070 
 41       41   (0)      6 :  0.0039 0.6631 0.2751 0.0509 0.0036 0.0034 
 42       42   (0)      6 :  0.0198 0.7926 0.1124 0.0589 0.0145 0.0018 
 43       43   (0)      5 :  0.0571 0.0031 0.9325 0.0011 0.0026 0.0036 
 44       44   (0)      5 :  0.0155 0.7925 0.1158 0.0649 0.0091 0.0022 
 45       45   (0)      5 :  0.0187 0.0020 0.9312 0.0012 0.0041 0.0428 
 46       46   (0)      5 :  0.0084 0.0035 0.9708 0.0021 0.0127 0.0025 
 47       47   (0)      5 :  0.0091 0.1460 0.8173 0.0220 0.0031 0.0025 
 48       48   (0)      5 :  0.0050 0.0272 0.6942 0.2639 0.0044 0.0053 
 49       49   (0)      5 :  0.0142 0.5876 0.3346 0.0527 0.0070 0.0039 
 50       50   (0)      5 :  0.0526 0.0094 0.7869 0.0017 0.1473 0.0022 
 51       51   (0)      5 :  0.0086 0.0058 0.9678 0.0031 0.0059 0.0088 
 52       52   (0)      6 :  0.0023 0.8251 0.0444 0.1226 0.0021 0.0034 
 53       53   (0)      6 :  0.0943 0.6024 0.0534 0.2278 0.0031 0.0190 
 54       54   (0)      6 :  0.0074 0.8563 0.0322 0.0767 0.0242 0.0032 
 55       55   (0)      6 :  0.0100 0.6405 0.0703 0.0461 0.2170 0.0161 
 56       56   (0)      6 :  0.0031 0.8803 0.0136 0.0984 0.0026 0.0020 
 57       57   (0)      6 :  0.0088 0.8151 0.0808 0.0893 0.0039 0.0021 
 58       58   (0)      6 :  0.0089 0.8703 0.0088 0.0703 0.0275 0.0142 
 59       59   (0)      6 :  0.0587 0.2758 0.3214 0.2381 0.0950 0.0110 
 60       60   (0)      6 :  0.0016 0.8926 0.0394 0.0624 0.0014 0.0026 
 61       61   (0)      6 :  0.0012 0.8915 0.0406 0.0640 0.0011 0.0016 
 62       62   (0)      6 :  0.0056 0.8841 0.0499 0.0570 0.0016 0.0018 
 63       63   (0)      6 :  0.0022 0.8912 0.0313 0.0670 0.0037 0.0046 
 64       64   (0)      6 :  0.0230 0.4651 0.0024 0.4847 0.0107 0.0141 
 65       65   (0)      6 :  0.0039 0.5279 0.0315 0.4164 0.0091 0.0112 
 66       66   (0)      6 :  0.0031 0.0515 0.3679 0.5745 0.0020 0.0010 
 67       67   (0)      6 :  0.0313 0.1818 0.2490 0.5271 0.0098 0.0011 
 68       68   (0)      6 :  0.0037 0.8918 0.0384 0.0636 0.0012 0.0013 
 69       69   (0)      6 :  0.0135 0.1764 0.2393 0.5650 0.0022 0.0036 
 70       70   (0)      6 :  0.0198 0.8920 0.0071 0.0769 0.0025 0.0016 
 71       71   (0)      6 :  0.0036 0.8905 0.0196 0.0815 0.0012 0.0036 
 72       72   (0)      6 :  0.0025 0.8905 0.0392 0.0647 0.0012 0.0019 
 73       73   (0)      6 :  0.0074 0.8826 0.0055 0.0745 0.0177 0.0123 
 74       74   (0)      6 :  0.0072 0.8386 0.0688 0.0632 0.0038 0.0184 
 75       75   (0)      6 :  0.0040 0.8009 0.0732 0.1102 0.0093 0.0025 
 76       76   (0)      6 :  0.0679 0.7667 0.0791 0.0646 0.0144 0.0073 
 77       77   (0)      6 :  0.0148 0.8109 0.0117 0.0595 0.0096 0.0935 
 78       78   (0)      6 :  0.0185 0.8741 0.0129 0.0850 0.0019 0.0076 
 79       79   (0)      6 :  0.0822 0.8070 0.0232 0.0733 0.0027 0.0116 
 80       80   (0)      6 :  0.0234 0.8876 0.0111 0.0729 0.0021 0.0029 
 81       81   (0)      6 :  0.0029 0.8836 0.0405 0.0645 0.0049 0.0035 
 82       82   (0)      6 :  0.0484 0.7749 0.0306 0.1232 0.0187 0.0042 
 83       83   (0)      6 :  0.0157 0.8886 0.0181 0.0700 0.0020 0.0056 
 84       84   (0)      6 :  0.0230 0.8904 0.0048 0.0779 0.0023 0.0016 
 85       85   (0)      6 :  0.0014 0.8897 0.0383 0.0683 0.0010 0.0013 
 86       86   (0)      6 :  0.0077 0.4148 0.3889 0.0974 0.0407 0.0506 
 87       87   (0)      6 :  0.0116 0.8106 0.0161 0.1252 0.0085 0.0280 
 88       88   (0)      5 :  0.0577 0.0025 0.9322 0.0010 0.0028 0.0038 
 89       89   (0)      5 :  0.0205 0.0033 0.9618 0.0019 0.0037 0.0088 
 90       90   (0)      5 :  0.0044 0.0019 0.9894 0.0011 0.0021 0.0011 
 91       91   (0)      5 :  0.0018 0.4020 0.5373 0.0410 0.0140 0.0039 
 92       92   (0)      5 :  0.0033 0.0032 0.9887 0.0015 0.0014 0.0019 
 93       93   (0)      5 :  0.0986 0.0065 0.8729 0.0012 0.0186 0.0022 
 94       94   (2)      1 :  0.0025 0.0101 0.0024 0.0051 0.9294 0.0505 
 95       95   (3)      1 :  0.0020 0.0929 0.0019 0.0014 0.9005 0.0013 
 96       96   (2)      1 :  0.0022 0.0067 0.0020 0.0010 0.9869 0.0012 
 97       97   (0)      1 :  0.0053 0.0064 0.0018 0.0011 0.9807 0.0047 
 98       98   (1)      1 :  0.0042 0.0067 0.0048 0.0168 0.9554 0.0121 
 99       99   (6)      1 :  0.0055 0.0406 0.0019 0.0017 0.9490 0.0013 
100      100  (11)      1 :  0.0025 0.0984 0.0034 0.0017 0.8921 0.0019 
101      101   (3)      1 :  0.0036 0.0817 0.0019 0.0016 0.9086 0.0026 
102      102   (2)      1 :  0.0038 0.0133 0.0071 0.0030 0.9609 0.0119 
103      103   (5)      1 :  0.0072 0.0607 0.0047 0.0015 0.9086 0.0173 
104      104   (1)      1 :  0.0021 0.0427 0.0015 0.0010 0.9502 0.0025 
105      105   (0)      1 :  0.0033 0.0055 0.0190 0.0026 0.9131 0.0565 
106      106   (1)      1 :  0.0096 0.0464 0.0047 0.0066 0.9306 0.0021 
107      107   (6)      1 :  0.0022 0.0212 0.0053 0.0024 0.9674 0.0015 
108      108   (1)      1 :  0.0074 0.0064 0.0434 0.0016 0.9384 0.0028 
109      109  (18)      1 :  0.0054 0.0037 0.0049 0.0010 0.9662 0.0188 
110      110   (2)      1 :  0.0058 0.0055 0.0029 0.0015 0.9785 0.0058 
111      111   (1)      1 :  0.0017 0.0290 0.0012 0.0010 0.9658 0.0013 
112      112   (2)      1 :  0.0019 0.0032 0.0013 0.0009 0.9893 0.0034 
113      113   (2)      1 :  0.0049 0.0035 0.0026 0.0013 0.9846 0.0031 
114      114   (3)      1 :  0.0029 0.0020 0.0031 0.0021 0.9871 0.0028 
115      115   (2)      1 :  0.0034 0.0015 0.0021 0.0010 0.9910 0.0010 
116      116   (1)      1 :  0.0027 0.0926 0.0010 0.0009 0.9009 0.0019 
117      117   (1)      1 :  0.0033 0.1000 0.0019 0.0011 0.8908 0.0029 
118      118   (3)      1 :  0.0041 0.0106 0.0085 0.0066 0.9389 0.0313 
119      119   (2)      1 :  0.0309 0.0162 0.0898 0.0104 0.8439 0.0088 
120      120   (3)      1 :  0.0104 0.0699 0.0020 0.0014 0.9148 0.0015 
121      121   (0)      1 :  0.0023 0.0221 0.0018 0.0013 0.9711 0.0014 
122      122   (1)      1 :  0.0033 0.0089 0.0059 0.0086 0.9713 0.0020 
123      123   (3)      1 :  0.0024 0.0966 0.0024 0.0020 0.8916 0.0050 
124      124   (3)      1 :  0.0063 0.0059 0.0044 0.0012 0.9751 0.0071 
125      125   (2)      1 :  0.1348 0.0024 0.0031 0.0011 0.8474 0.0112 
126      126   (3)      1 :  0.0027 0.0025 0.0024 0.0031 0.9855 0.0038 
127      127   (1)      1 :  0.0013 0.0933 0.0017 0.0016 0.8995 0.0026 
128      128   (5)      1 :  0.0055 0.0981 0.0016 0.0010 0.8928 0.0010 
129      129   (1)      1 :  0.0029 0.0020 0.0011 0.0010 0.9898 0.0032 
130      130   (5)      1 :  0.0012 0.0023 0.0011 0.0014 0.9925 0.0015 
131      131  (10)      1 :  0.0220 0.0072 0.0064 0.0042 0.9255 0.0347 
132      132   (2)      1 :  0.0178 0.0355 0.0088 0.0058 0.9278 0.0043 
133      133   (4)      1 :  0.0570 0.0025 0.0133 0.0011 0.9230 0.0031 
134      134   (2)      1 :  0.0024 0.0162 0.0040 0.0181 0.9560 0.0033 
135      135  (18)      1 :  0.0078 0.0023 0.0018 0.0012 0.9839 0.0030 
136      136   (3)      1 :  0.0185 0.0369 0.0025 0.0015 0.9347 0.0059 
137      137   (0)      1 :  0.0181 0.6234 0.1028 0.2309 0.0132 0.0116 
138      138   (6)      1 :  0.0031 0.7021 0.1471 0.0982 0.0023 0.0472 
139      139  (17)      2 :  0.9842 0.0021 0.0050 0.0021 0.0025 0.0041 
140      140   (2)      2 :  0.9879 0.0017 0.0015 0.0010 0.0064 0.0015 
141      141   (3)      2 :  0.9956 0.0009 0.0011 0.0002 0.0010 0.0012 
142      142   (0)      2 :  0.9867 0.0020 0.0025 0.0013 0.0040 0.0035 
143      143   (4)      2 :  0.9868 0.0028 0.0026 0.0028 0.0021 0.0029 
144      144   (1)      2 :  0.9773 0.0043 0.0084 0.0029 0.0057 0.0014 
145      145   (8)      2 :  0.9837 0.0022 0.0031 0.0013 0.0038 0.0059 
146      146   (4)      2 :  0.9900 0.0013 0.0025 0.0007 0.0039 0.0016 
147      147   (1)      2 :  0.9719 0.0027 0.0024 0.0025 0.0169 0.0036 
148      148  (17)      2 :  0.9945 0.0011 0.0013 0.0010 0.0011 0.0010 
149      149   (8)      2 :  0.9752 0.0037 0.0040 0.0014 0.0112 0.0045 
150      150   (3)      2 :  0.9871 0.0031 0.0031 0.0021 0.0017 0.0029 
151      151   (0)      2 :  0.9912 0.0016 0.0020 0.0010 0.0026 0.0016 
152      152   (0)      2 :  0.9874 0.0015 0.0016 0.0010 0.0050 0.0035 
153      153   (3)      2 :  0.9862 0.0015 0.0023 0.0010 0.0066 0.0024 
154      154   (1)      2 :  0.9839 0.0013 0.0049 0.0010 0.0046 0.0043 
155      155   (1)      2 :  0.9889 0.0030 0.0018 0.0022 0.0021 0.0020 
156      156  (15)      2 :  0.9915 0.0015 0.0024 0.0011 0.0020 0.0015 
157      157   (3)      2 :  0.9897 0.0014 0.0027 0.0010 0.0037 0.0015 
158      158   (2)      2 :  0.9701 0.0048 0.0183 0.0024 0.0025 0.0019 
159      159   (7)      2 :  0.9387 0.0087 0.0262 0.0076 0.0126 0.0062 
160      160   (4)      2 :  0.9592 0.0189 0.0051 0.0063 0.0063 0.0042 
161      161   (1)      2 :  0.9799 0.0021 0.0043 0.0027 0.0056 0.0054 
162      162  (14)      2 :  0.9918 0.0014 0.0016 0.0010 0.0023 0.0019 
163      163  (15)      2 :  0.9842 0.0035 0.0037 0.0027 0.0035 0.0024 
164      164  (11)      2 :  0.9925 0.0013 0.0014 0.0011 0.0026 0.0011 
165      165   (1)      2 :  0.9807 0.0019 0.0057 0.0014 0.0079 0.0024 
166      166   (8)      2 :  0.9690 0.0113 0.0081 0.0047 0.0046 0.0023 
167      167   (6)      2 :  0.9669 0.0026 0.0169 0.0036 0.0020 0.0080 
168      168   (3)      2 :  0.8966 0.0258 0.0079 0.0093 0.0091 0.0513 
169      169   (6)      2 :  0.8986 0.0066 0.0046 0.0019 0.0090 0.0794 
170      170   (4)      2 :  0.9861 0.0016 0.0040 0.0009 0.0030 0.0044 
171      171   (2)      2 :  0.9592 0.0105 0.0126 0.0086 0.0068 0.0023 
172      172   (6)      2 :  0.9574 0.0020 0.0060 0.0013 0.0015 0.0318 
173      173   (1)      2 :  0.9783 0.0018 0.0054 0.0014 0.0062 0.0069 
174      174   (3)      2 :  0.9883 0.0014 0.0037 0.0010 0.0021 0.0035 
175      175   (2)      2 :  0.9580 0.0037 0.0020 0.0012 0.0288 0.0063 
176      176   (4)      2 :  0.9251 0.0022 0.0024 0.0011 0.0440 0.0252 
177      177   (2)      2 :  0.8705 0.0084 0.0117 0.0022 0.0456 0.0616 
178      178   (3)      2 :  0.9913 0.0019 0.0014 0.0010 0.0034 0.0010 
179      179   (1)      2 :  0.9888 0.0020 0.0014 0.0010 0.0037 0.0031 
180      180   (7)      2 :  0.9859 0.0024 0.0034 0.0013 0.0039 0.0031 
181      181   (0)      2 :  0.9863 0.0023 0.0017 0.0019 0.0052 0.0026 
182      182   (0)      7 :  0.0038 0.0031 0.9859 0.0019 0.0031 0.0022 
183      183   (0)      7 :  0.0215 0.0117 0.9465 0.0029 0.0145 0.0029 
184      184   (1)      7 :  0.0079 0.0049 0.9674 0.0037 0.0048 0.0113 
185      185   (0)      7 :  0.0027 0.0102 0.9718 0.0057 0.0058 0.0038 
186      186   (2)      7 :  0.0054 0.0105 0.9484 0.0052 0.0049 0.0256 
187      187   (0)      7 :  0.0141 0.0095 0.9531 0.0135 0.0052 0.0046 
188      188   (1)      7 :  0.0027 0.0051 0.9829 0.0028 0.0046 0.0019 
189      189   (1)      7 :  0.0803 0.1164 0.7925 0.0045 0.0035 0.0028 
190      190   (0)      7 :  0.0076 0.0034 0.9805 0.0018 0.0023 0.0044 
191      191   (0)      7 :  0.0021 0.0041 0.9835 0.0039 0.0047 0.0017 
192      192   (2)      7 :  0.0116 0.0154 0.7783 0.0027 0.0156 0.1764 
193      193   (1)      7 :  0.0063 0.0058 0.9623 0.0037 0.0195 0.0024 
194      194   (1)      7 :  0.0014 0.0151 0.9548 0.0159 0.0034 0.0094 
195      195   (0)      7 :  0.0155 0.0048 0.9503 0.0016 0.0147 0.0131 
196      196   (0)      7 :  0.0026 0.0034 0.9857 0.0026 0.0046 0.0011 
197      197   (1)      7 :  0.0034 0.0055 0.9753 0.0083 0.0054 0.0021 
198      198   (1)      7 :  0.0025 0.0026 0.9903 0.0019 0.0016 0.0011 
199      199   (0)      7 :  0.0030 0.0088 0.9772 0.0080 0.0020 0.0010 
200      200   (0)      7 :  0.0018 0.0071 0.6839 0.0052 0.2629 0.0391 
201      201   (1)      7 :  0.2696 0.0040 0.7101 0.0027 0.0112 0.0024 
202      202   (0)      7 :  0.0024 0.0016 0.9921 0.0017 0.0010 0.0012 
203      203   (1)      7 :  0.0066 0.0021 0.9824 0.0035 0.0036 0.0018 
204      204   (1)      7 :  0.0138 0.0321 0.6787 0.0231 0.2398 0.0125 
205      205   (0)      7 :  0.0039 0.0078 0.9670 0.0104 0.0075 0.0034 
206      206   (2)      7 :  0.2090 0.0038 0.7684 0.0035 0.0065 0.0088 
207      207   (2)      7 :  0.0021 0.0117 0.9197 0.0634 0.0013 0.0018 
208      208   (2)      7 :  0.0097 0.0613 0.8895 0.0074 0.0100 0.0221 
209      209   (0)      7 :  0.0156 0.0124 0.8992 0.0678 0.0038 0.0012 
210      210   (1)      7 :  0.0020 0.0068 0.9775 0.0056 0.0056 0.0025 
211      211   (0)      7 :  0.0082 0.0016 0.9818 0.0030 0.0024 0.0030 
212      212  (10)      7 :  0.0972 0.0051 0.8893 0.0039 0.0013 0.0032 
213      213   (1)      7 :  0.0071 0.0059 0.9784 0.0044 0.0032 0.0010 
214      214   (0)      7 :  0.0137 0.0086 0.9685 0.0026 0.0028 0.0038 
215      215   (2)      7 :  0.0159 0.0189 0.5725 0.0030 0.2561 0.1336 
216      216   (1)      4 :  0.0010 0.0009 0.0010 0.0007 0.0010 0.9954 
217      217   (1)      4 :  0.0022 0.0019 0.0018 0.0024 0.0010 0.9907 
218      218   (1)      4 :  0.0010 0.0011 0.0010 0.0011 0.0014 0.9944 
219      219   (1)      4 :  0.0010 0.0010 0.0009 0.0010 0.0010 0.9951 
220      220   (1)      4 :  0.1959 0.0040 0.0140 0.0019 0.0591 0.7250 
221      221   (1)      4 :  0.0022 0.0025 0.0020 0.0019 0.0024 0.9890 
222      222  (10)      4 :  0.0047 0.0043 0.0015 0.0019 0.0046 0.9830 
223      223   (2)      4 :  0.0013 0.0012 0.0011 0.0008 0.0030 0.9926 
224      224   (0)      4 :  0.0015 0.0023 0.0020 0.0013 0.0073 0.9856 
225      225   (2)      4 :  0.0010 0.0009 0.0010 0.0008 0.0010 0.9953 
226      226   (0)      4 :  0.0011 0.0009 0.0011 0.0009 0.0017 0.9943 
