1        1   (0)      3  : 0.0018 0.9946 0.0018 0.0019
2        2   (0)      3  : 0.0024 0.9874 0.0036 0.0066
3        3   (0)      3  : 0.0011 0.9960 0.0011 0.0018
4        4   (0)      3  : 0.0014 0.9950 0.0013 0.0022
5        5   (0)      3  : 0.0010 0.9967 0.0011 0.0012
6        6   (0)      3  : 0.0020 0.9928 0.0023 0.0029
7        7   (0)      3  : 0.0011 0.9957 0.0013 0.0019
8        8   (0)      3  : 0.0011 0.9962 0.0011 0.0016
9        9   (0)      3  : 0.0011 0.9958 0.0013 0.0018
10       10   (0)      3  : 0.0021 0.9861 0.0056 0.0062
11       11   (0)      3  : 0.0014 0.9924 0.0016 0.0046
12       12   (0)      3  : 0.0018 0.9911 0.0030 0.0041
13       13   (0)      3  : 0.0010 0.9969 0.0010 0.0011
14       14   (0)      3  : 0.0011 0.9959 0.0016 0.0014
15       15   (0)      3  : 0.0013 0.9948 0.0019 0.0020
16       16   (0)      3  : 0.0009 0.9968 0.0010 0.0013
17       17   (0)      3  : 0.0010 0.9968 0.0010 0.0012
18       18   (0)      3  : 0.0112 0.9661 0.0108 0.0119
19       19   (0)      3  : 0.0010 0.9968 0.0011 0.0011
20       20   (0)      3  : 0.0012 0.9957 0.0016 0.0016
21       21   (0)      3  : 0.0019 0.9934 0.0018 0.0029
22       22   (0)      3  : 0.0028 0.9913 0.0023 0.0036
23       23   (0)      3  : 0.0010 0.9967 0.0011 0.0012
24       24   (0)      3  : 0.0011 0.9963 0.0013 0.0012
25       25   (0)      3  : 0.0028 0.9911 0.0030 0.0031
26       26   (0)      3  : 0.0022 0.9929 0.0020 0.0029
27       27   (0)      3  : 0.0012 0.9961 0.0011 0.0016
28       28   (0)      3  : 0.0013 0.9936 0.0032 0.0019
29       29   (0)      3  : 0.0011 0.9964 0.0011 0.0013
30       30   (0)      3  : 0.0011 0.9966 0.0012 0.0011
31       31   (0)      3  : 0.0026 0.9906 0.0022 0.0047
32       32   (0)      3  : 0.0016 0.9934 0.0019 0.0031
33       33   (0)      3  : 0.0011 0.9968 0.0010 0.0011
34       34   (0)      3  : 0.0010 0.9967 0.0012 0.0011
35       35   (0)      3  : 0.0011 0.9959 0.0017 0.0013
36       36   (0)      5  : 0.0566 0.1756 0.0403 0.7276
37       37   (0)      5  : 0.0909 0.0457 0.0046 0.8589
38       38   (0)      6  : 0.2324 0.7326 0.0126 0.0224
39       39   (0)      6  : 0.0309 0.4573 0.0081 0.5037
40       40   (0)      6  : 0.0291 0.5388 0.0361 0.3959
41       41   (0)      6  : 0.0352 0.4504 0.0066 0.5079
42       42   (0)      6  : 0.0492 0.4998 0.0201 0.4309
43       43   (0)      5  : 0.1441 0.0250 0.0058 0.8251
44       44   (0)      5  : 0.0503 0.5154 0.0127 0.4216
45       45   (0)      5  : 0.1028 0.0243 0.0113 0.8616
46       46   (0)      5  : 0.0780 0.0400 0.0166 0.8654
47       47   (0)      5  : 0.0685 0.1251 0.0050 0.8014
48       48   (0)      5  : 0.0527 0.3270 0.0076 0.6127
49       49   (0)      5  : 0.0610 0.4242 0.0076 0.5072
50       50   (0)      5  : 0.1380 0.0307 0.0821 0.7492
51       51   (0)      5  : 0.0761 0.0442 0.0129 0.8668
52       52   (0)      6  : 0.0254 0.6116 0.0049 0.3581
53       53   (0)      6  : 0.2072 0.6113 0.0047 0.1768
54       54   (0)      6  : 0.0467 0.6433 0.1081 0.2019
55       55   (0)      6  : 0.0330 0.3969 0.2344 0.3357
56       56   (0)      6  : 0.0269 0.7988 0.0168 0.1575
57       57   (0)      6  : 0.0484 0.5586 0.0073 0.3856
58       58   (0)      6  : 0.0870 0.6481 0.1897 0.0752
59       59   (0)      6  : 0.0635 0.4226 0.1566 0.3572
60       60   (0)      6  : 0.0288 0.6110 0.0111 0.3491
61       61   (0)      6  : 0.0296 0.6207 0.0060 0.3437
62       62   (0)      6  : 0.0516 0.5402 0.0038 0.4044
63       63   (0)      6  : 0.0219 0.5837 0.0634 0.3310
64       64   (0)      6  : 0.1375 0.8011 0.0434 0.0180
65       65   (0)      6  : 0.0149 0.7067 0.0455 0.2329
66       66   (0)      6  : 0.0303 0.6439 0.0029 0.3229
67       67   (0)      6  : 0.0424 0.6322 0.0098 0.3156
68       68   (0)      6  : 0.0663 0.6196 0.0041 0.3100
69       69   (0)      6  : 0.0468 0.6893 0.0046 0.2594
70       70   (0)      6  : 0.1819 0.7116 0.0252 0.0812
71       71   (0)      6  : 0.0527 0.7632 0.0060 0.1781
72       72   (0)      6  : 0.0353 0.6174 0.0032 0.3441
73       73   (0)      6  : 0.0658 0.6848 0.2232 0.0262
74       74   (0)      6  : 0.0588 0.5615 0.0080 0.3717
75       75   (0)      6  : 0.0205 0.5254 0.0232 0.4309
76       76   (0)      6  : 0.2258 0.5228 0.0120 0.2394
77       77   (0)      6  : 0.2696 0.6042 0.0688 0.0574
78       78   (0)      6  : 0.1485 0.6891 0.0102 0.1522
79       79   (0)      6  : 0.3196 0.6224 0.0034 0.0546
80       80   (0)      6  : 0.2279 0.6801 0.0129 0.0791
81       81   (0)      6  : 0.0271 0.5531 0.0608 0.3590
82       82   (0)      6  : 0.1937 0.5861 0.0117 0.2085
83       83   (0)      6  : 0.2304 0.6888 0.0127 0.0681
84       84   (0)      6  : 0.2182 0.7313 0.0112 0.0392
85       85   (0)      6  : 0.0237 0.6448 0.0028 0.3288
86       86   (0)      6  : 0.0454 0.3760 0.0873 0.4912
87       87   (0)      6  : 0.0780 0.6350 0.0750 0.2120
88       88   (0)      5  : 0.1507 0.0249 0.0053 0.8191
89       89   (0)      5  : 0.0943 0.0421 0.0078 0.8558
90       90   (0)      5  : 0.0762 0.0420 0.0030 0.8789
91       91   (0)      5  : 0.0326 0.3180 0.0341 0.6153
92       92   (0)      5  : 0.0726 0.0430 0.0028 0.8817
93       93   (0)      5  : 0.1752 0.0253 0.0198 0.7797
94       94   (2)      1  : 0.0037 0.0052 0.9748 0.0163
95       95   (3)      1  : 0.0049 0.0027 0.9891 0.0033
96       96   (2)      1  : 0.0050 0.0020 0.9888 0.0042
97       97   (0)      1  : 0.0091 0.0013 0.9857 0.0039
98       98   (1)      1  : 0.0080 0.0219 0.9612 0.0089
99       99   (6)      1  : 0.0212 0.0030 0.9719 0.0039
100      100  (11)      1  : 0.0049 0.0029 0.9862 0.0060
101      101   (3)      1  : 0.0054 0.0022 0.9888 0.0036
102      102   (2)      1  : 0.0059 0.0048 0.9790 0.0103
103      103   (5)      1  : 0.0066 0.0022 0.9837 0.0076
104      104   (1)      1  : 0.0050 0.0014 0.9907 0.0029
105      105   (0)      1  : 0.0070 0.0038 0.9685 0.0208
106      106   (1)      1  : 0.0223 0.0094 0.9616 0.0067
107      107   (6)      1  : 0.0047 0.0048 0.9842 0.0063
108      108   (1)      1  : 0.0163 0.0043 0.9267 0.0527
109      109  (18)      1  : 0.0081 0.0021 0.9819 0.0079
110      110   (2)      1  : 0.0098 0.0026 0.9812 0.0064
111      111   (1)      1  : 0.0033 0.0018 0.9922 0.0027
112      112   (2)      1  : 0.0040 0.0011 0.9920 0.0029
113      113   (2)      1  : 0.0091 0.0021 0.9841 0.0047
114      114   (3)      1  : 0.0058 0.0031 0.9853 0.0058
115      115   (2)      1  : 0.0092 0.0013 0.9848 0.0047
116      116   (1)      1  : 0.0062 0.0011 0.9904 0.0022
117      117   (1)      1  : 0.0071 0.0022 0.9873 0.0033
118      118   (3)      1  : 0.0063 0.0086 0.9654 0.0197
119      119   (2)      1  : 0.0463 0.0138 0.8600 0.0799
120      120   (3)      1  : 0.0156 0.0020 0.9799 0.0026
121      121   (0)      1  : 0.0046 0.0020 0.9894 0.0040
122      122   (1)      1  : 0.0064 0.0221 0.9621 0.0093
123      123   (3)      1  : 0.0052 0.0031 0.9880 0.0037
124      124   (3)      1  : 0.0132 0.0014 0.9781 0.0072
125      125   (2)      1  : 0.1244 0.0020 0.8663 0.0073
126      126   (3)      1  : 0.0044 0.0054 0.9860 0.0041
127      127   (1)      1  : 0.0030 0.0023 0.9916 0.0031
128      128   (5)      1  : 0.0167 0.0012 0.9793 0.0028
129      129   (1)      1  : 0.0040 0.0012 0.9918 0.0030
130      130   (5)      1  : 0.0022 0.0019 0.9936 0.0023
131      131  (10)      1  : 0.0184 0.0048 0.9629 0.0139
132      132   (2)      1  : 0.0256 0.0073 0.9530 0.0141
133      133   (4)      1  : 0.0523 0.0018 0.9335 0.0123
134      134   (2)      1  : 0.0039 0.0201 0.9699 0.0061
135      135  (18)      1  : 0.0127 0.0021 0.9820 0.0032
136      136   (3)      1  : 0.0199 0.0019 0.9733 0.0049
137      137   (0)      1  : 0.0330 0.5838 0.0128 0.3704
138      138   (6)      1  : 0.0202 0.5233 0.0050 0.4515
139      139  (17)      2  : 0.9820 0.0033 0.0061 0.0086
140      140   (2)      2  : 0.9850 0.0016 0.0107 0.0028
141      141   (3)      2  : 0.9949 0.0010 0.0020 0.0021
142      142   (0)      2  : 0.9853 0.0024 0.0070 0.0052
143      143   (4)      2  : 0.9857 0.0048 0.0049 0.0047
144      144   (1)      2  : 0.9780 0.0053 0.0071 0.0096
145      145   (8)      2  : 0.9830 0.0022 0.0089 0.0059
146      146   (4)      2  : 0.9888 0.0010 0.0067 0.0036
147      147   (1)      2  : 0.9612 0.0043 0.0292 0.0052
148      148  (17)      2  : 0.9944 0.0012 0.0021 0.0022
149      149   (8)      2  : 0.9758 0.0026 0.0158 0.0059
150      150   (3)      2  : 0.9870 0.0038 0.0031 0.0061
151      151   (0)      2  : 0.9900 0.0019 0.0043 0.0038
152      152   (0)      2  : 0.9842 0.0019 0.0096 0.0043
153      153   (3)      2  : 0.9850 0.0011 0.0100 0.0039
154      154   (1)      2  : 0.9842 0.0011 0.0073 0.0073
155      155   (1)      2  : 0.9887 0.0036 0.0042 0.0036
156      156  (15)      2  : 0.9900 0.0034 0.0033 0.0032
157      157   (3)      2  : 0.9888 0.0013 0.0048 0.0051
158      158   (2)      2  : 0.9686 0.0042 0.0049 0.0223
159      159   (7)      2  : 0.9298 0.0134 0.0252 0.0316
160      160   (4)      2  : 0.9591 0.0196 0.0116 0.0098
161      161   (1)      2  : 0.9791 0.0033 0.0110 0.0066
162      162  (14)      2  : 0.9914 0.0014 0.0046 0.0026
163      163  (15)      2  : 0.9820 0.0058 0.0060 0.0062
164      164  (11)      2  : 0.9918 0.0012 0.0044 0.0026
165      165   (1)      2  : 0.9806 0.0026 0.0107 0.0062
166      166   (8)      2  : 0.9637 0.0100 0.0096 0.0168
167      167   (6)      2  : 0.9688 0.0046 0.0060 0.0207
168      168   (3)      2  : 0.9137 0.0231 0.0409 0.0223
169      169   (6)      2  : 0.9255 0.0052 0.0451 0.0241
170      170   (4)      2  : 0.9857 0.0013 0.0056 0.0074
171      171   (2)      2  : 0.9578 0.0175 0.0092 0.0156
172      172   (6)      2  : 0.9777 0.0028 0.0097 0.0099
173      173   (1)      2  : 0.9780 0.0022 0.0114 0.0083
174      174   (3)      2  : 0.9898 0.0013 0.0040 0.0049
175      175   (2)      2  : 0.9511 0.0022 0.0414 0.0052
176      176   (4)      2  : 0.9059 0.0022 0.0823 0.0096
177      177   (2)      2  : 0.8079 0.0026 0.1740 0.0156
178      178   (3)      2  : 0.9900 0.0011 0.0063 0.0026
179      179   (1)      2  : 0.9862 0.0021 0.0079 0.0038
180      180   (7)      2  : 0.9863 0.0019 0.0060 0.0058
181      181   (0)      2  : 0.9808 0.0033 0.0112 0.0047
182      182   (0)      7  : 0.0703 0.0441 0.0072 0.8783
183      183   (0)      7  : 0.0908 0.0411 0.0239 0.8442
184      184   (1)      7  : 0.0723 0.0539 0.0117 0.8621
185      185   (0)      7  : 0.0541 0.0603 0.0167 0.8689
186      186   (2)      7  : 0.0649 0.0537 0.0153 0.8661
187      187   (0)      7  : 0.0919 0.0643 0.0112 0.8325
188      188   (1)      7  : 0.0669 0.0478 0.0062 0.8791
189      189   (1)      7  : 0.1049 0.0542 0.0050 0.8359
190      190   (0)      7  : 0.0868 0.0384 0.0041 0.8707
191      191   (0)      7  : 0.0589 0.0499 0.0167 0.8746
192      192   (2)      7  : 0.0742 0.0412 0.0987 0.7859
193      193   (1)      7  : 0.0703 0.0457 0.0391 0.8449
194      194   (1)      7  : 0.0501 0.0908 0.0073 0.8518
195      195   (0)      7  : 0.0902 0.0371 0.0367 0.8360
196      196   (0)      7  : 0.0642 0.0506 0.0094 0.8758
197      197   (1)      7  : 0.0637 0.0615 0.0086 0.8662
198      198   (1)      7  : 0.0677 0.0502 0.0028 0.8793
199      199   (0)      7  : 0.0623 0.0650 0.0042 0.8684
200      200   (0)      7  : 0.0189 0.0454 0.3537 0.5820
201      201   (1)      7  : 0.3261 0.0298 0.0139 0.6303
202      202   (0)      7  : 0.0733 0.0428 0.0020 0.8819
203      203   (1)      7  : 0.0804 0.0441 0.0070 0.8684
204      204   (1)      7  : 0.0529 0.0773 0.2901 0.5796
205      205   (0)      7  : 0.0612 0.0624 0.0159 0.8604
206      206   (2)      7  : 0.3086 0.0376 0.0103 0.6434
207      207   (2)      7  : 0.0505 0.1683 0.0028 0.7785
208      208   (2)      7  : 0.0677 0.0552 0.0197 0.8574
209      209   (0)      7  : 0.0788 0.1425 0.0062 0.7725
210      210   (1)      7  : 0.0563 0.0615 0.0129 0.8693
211      211   (0)      7  : 0.0904 0.0371 0.0041 0.8683
212      212  (10)      7  : 0.1670 0.0392 0.0033 0.7904
213      213   (1)      7  : 0.0732 0.0497 0.0038 0.8733
214      214   (0)      7  : 0.0880 0.0417 0.0051 0.8652
215      215   (2)      7  : 0.0542 0.0253 0.4419 0.4786
216      216   (1)      4  : 0.0088 0.0089 0.8430 0.1393
217      217   (1)      4  : 0.0287 0.0696 0.7311 0.1707
218      218   (1)      4  : 0.0028 0.0214 0.8598 0.1160
219      219   (1)      4  : 0.0060 0.0100 0.8630 0.1210
220      220   (1)      4  : 0.1162 0.0077 0.7067 0.1694
221      221   (1)      4  : 0.0070 0.0268 0.8373 0.1289
222      222  (10)      4  : 0.0129 0.0080 0.8563 0.1228
223      223   (2)      4  : 0.0034 0.0082 0.8652 0.1231
224      224   (0)      4  : 0.0032 0.0047 0.8778 0.1143
225      225   (2)      4  : 0.0046 0.0113 0.8236 0.1605
226      226   (0)      4  : 0.0051 0.0034 0.8753 0.1161
