  1        1   (0)      3 :  0.0016 0.0011 0.0014 0.9947 0.0012 
  2        2   (0)      3 :  0.0036 0.0031 0.0025 0.9849 0.0059 
  3        3   (0)      3 :  0.0010 0.0010 0.0010 0.9955 0.0015 
  4        4   (0)      3 :  0.0011 0.0010 0.0013 0.9949 0.0017 
  5        5   (0)      3 :  0.0009 0.0010 0.0009 0.9962 0.0010 
  6        6   (0)      3 :  0.0020 0.0014 0.0014 0.9927 0.0025 
  7        7   (0)      3 :  0.0013 0.0010 0.0011 0.9954 0.0012 
  8        8   (0)      3 :  0.0017 0.0010 0.0016 0.9944 0.0013 
  9        9   (0)      3 :  0.0015 0.0011 0.0010 0.9948 0.0016 
 10       10   (0)      3 :  0.0052 0.0049 0.0028 0.9823 0.0048 
 11       11   (0)      3 :  0.0054 0.0016 0.0052 0.9828 0.0050 
 12       12   (0)      3 :  0.0034 0.0022 0.0015 0.9896 0.0033 
 13       13   (0)      3 :  0.0008 0.0008 0.0005 0.9970 0.0009 
 14       14   (0)      3 :  0.0020 0.0012 0.0013 0.9941 0.0014 
 15       15   (0)      3 :  0.0013 0.0012 0.0011 0.9950 0.0014 
 16       16   (0)      3 :  0.0013 0.0007 0.0011 0.9958 0.0011 
 17       17   (0)      3 :  0.0037 0.0009 0.0032 0.9912 0.0010 
 18       18   (0)      3 :  0.0035 0.0073 0.0104 0.9687 0.0101 
 19       19   (0)      3 :  0.0011 0.0010 0.0009 0.9960 0.0010 
 20       20   (0)      3 :  0.0012 0.0012 0.0012 0.9949 0.0015 
 21       21   (0)      3 :  0.0019 0.0011 0.0012 0.9935 0.0023 
 22       22   (0)      3 :  0.0024 0.0021 0.0037 0.9883 0.0035 
 23       23   (0)      3 :  0.0011 0.0010 0.0010 0.9959 0.0010 
 24       24   (0)      3 :  0.0012 0.0010 0.0012 0.9956 0.0010 
 25       25   (0)      3 :  0.0020 0.0018 0.0021 0.9914 0.0027 
 26       26   (0)      3 :  0.0010 0.0015 0.0013 0.9937 0.0025 
 27       27   (0)      3 :  0.0010 0.0010 0.0011 0.9958 0.0011 
 28       28   (0)      3 :  0.0016 0.0027 0.0013 0.9924 0.0020 
 29       29   (0)      3 :  0.0010 0.0010 0.0009 0.9961 0.0010 
 30       30   (0)      3 :  0.0010 0.0010 0.0010 0.9960 0.0010 
 31       31   (0)      3 :  0.0017 0.0018 0.0028 0.9893 0.0044 
 32       32   (0)      3 :  0.0015 0.0012 0.0017 0.9931 0.0025 
 33       33   (0)      3 :  0.0010 0.0005 0.0010 0.9965 0.0010 
 34       34   (0)      3 :  0.0010 0.0010 0.0009 0.9961 0.0010 
 35       35   (0)      3 :  0.0011 0.0010 0.0011 0.9958 0.0010 
 36       36   (0)      5 :  0.0213 0.0178 0.0123 0.1333 0.8153 
 37       37   (0)      5 :  0.0033 0.0041 0.0177 0.0046 0.9703 
 38       38   (0)      6 :  0.1070 0.0077 0.2714 0.5805 0.0334 
 39       39   (0)      6 :  0.0079 0.0029 0.0031 0.4200 0.5661 
 40       40   (0)      6 :  0.0075 0.0229 0.0064 0.5114 0.4518 
 41       41   (0)      6 :  0.0761 0.0036 0.0841 0.3413 0.4949 
 42       42   (0)      6 :  0.0874 0.0157 0.1081 0.3879 0.4008 
 43       43   (0)      5 :  0.0041 0.0045 0.0470 0.0016 0.9428 
 44       44   (0)      5 :  0.0900 0.0103 0.1089 0.4062 0.3845 
 45       45   (0)      5 :  0.0335 0.0060 0.0174 0.0012 0.9419 
 46       46   (0)      5 :  0.0039 0.0154 0.0089 0.0031 0.9687 
 47       47   (0)      5 :  0.0183 0.0035 0.0186 0.0667 0.8929 
 48       48   (0)      5 :  0.0079 0.0050 0.0102 0.2872 0.6897 
 49       49   (0)      5 :  0.0719 0.0079 0.0803 0.3185 0.5213 
 50       50   (0)      5 :  0.0025 0.1456 0.0500 0.0029 0.7990 
 51       51   (0)      5 :  0.0095 0.0085 0.0085 0.0034 0.9701 
 52       52   (0)      6 :  0.0946 0.0034 0.0963 0.4891 0.3166 
 53       53   (0)      6 :  0.0897 0.0046 0.2297 0.5051 0.1710 
 54       54   (0)      6 :  0.1013 0.0901 0.1205 0.5183 0.1698 
 55       55   (0)      6 :  0.0811 0.2023 0.0902 0.3077 0.3187 
 56       56   (0)      6 :  0.1027 0.0078 0.1093 0.6308 0.1494 
 57       57   (0)      6 :  0.0930 0.0045 0.1038 0.4311 0.3676 
 58       58   (0)      6 :  0.1556 0.0671 0.1934 0.5207 0.0632 
 59       59   (0)      6 :  0.0459 0.1253 0.0866 0.3767 0.3656 
 60       60   (0)      6 :  0.1132 0.0043 0.1051 0.4717 0.3057 
 61       61   (0)      6 :  0.1027 0.0027 0.1087 0.4822 0.3037 
 62       62   (0)      6 :  0.1018 0.0023 0.1099 0.4120 0.3740 
 63       63   (0)      6 :  0.1100 0.0190 0.1097 0.4464 0.3149 
 64       64   (0)      6 :  0.0773 0.0219 0.1633 0.7265 0.0110 
 65       65   (0)      6 :  0.0799 0.0230 0.0675 0.6271 0.2025 
 66       66   (0)      6 :  0.0042 0.0023 0.0057 0.6188 0.3690 
 67       67   (0)      6 :  0.0140 0.0106 0.0359 0.6095 0.3300 
 68       68   (0)      6 :  0.1018 0.0030 0.1272 0.4772 0.2908 
 69       69   (0)      6 :  0.0234 0.0024 0.0260 0.6424 0.3058 
 70       70   (0)      6 :  0.1062 0.0148 0.2123 0.5528 0.1139 
 71       71   (0)      6 :  0.1114 0.0028 0.1259 0.6010 0.1589 
 72       72   (0)      6 :  0.1034 0.0018 0.1061 0.4785 0.3102 
 73       73   (0)      6 :  0.1274 0.1343 0.1658 0.5496 0.0229 
 74       74   (0)      6 :  0.1124 0.0051 0.1148 0.4378 0.3299 
 75       75   (0)      6 :  0.0913 0.0073 0.0980 0.4151 0.3883 
 76       76   (0)      6 :  0.0884 0.0114 0.2568 0.4088 0.2346 
 77       77   (0)      6 :  0.2657 0.0143 0.2019 0.4439 0.0742 
 78       78   (0)      6 :  0.1251 0.0037 0.2220 0.5601 0.0891 
 79       79   (0)      6 :  0.0983 0.0029 0.3399 0.4909 0.0680 
 80       80   (0)      6 :  0.1087 0.0064 0.2712 0.5390 0.0747 
 81       81   (0)      6 :  0.1082 0.0314 0.1060 0.4293 0.3251 
 82       82   (0)      6 :  0.0941 0.0141 0.2411 0.4759 0.1748 
 83       83   (0)      6 :  0.1196 0.0047 0.2525 0.5371 0.0860 
 84       84   (0)      6 :  0.1026 0.0066 0.2637 0.5809 0.0462 
 85       85   (0)      6 :  0.1017 0.0015 0.1042 0.4990 0.2936 
 86       86   (0)      6 :  0.1113 0.0320 0.0630 0.2873 0.5064 
 87       87   (0)      6 :  0.2042 0.0178 0.1352 0.5245 0.1184 
 88       88   (0)      5 :  0.0039 0.0038 0.0552 0.0015 0.9356 
 89       89   (0)      5 :  0.0077 0.0049 0.0223 0.0027 0.9624 
 90       90   (0)      5 :  0.0014 0.0029 0.0040 0.0016 0.9901 
 91       91   (0)      5 :  0.0499 0.0185 0.0488 0.2352 0.6476 
 92       92   (0)      5 :  0.0022 0.0016 0.0033 0.0021 0.9908 
 93       93   (0)      5 :  0.0027 0.0310 0.0857 0.0018 0.8788 
 94       94   (2)      1 :  0.0796 0.9052 0.0045 0.0069 0.0038 
 95       95   (3)      1 :  0.0019 0.9912 0.0026 0.0020 0.0023 
 96       96   (2)      1 :  0.0013 0.9932 0.0021 0.0011 0.0023 
 97       97   (0)      1 :  0.0085 0.9824 0.0054 0.0013 0.0024 
 98       98   (1)      1 :  0.0231 0.9415 0.0052 0.0255 0.0047 
 99       99   (6)      1 :  0.0017 0.9861 0.0075 0.0021 0.0026 
100      100  (11)      1 :  0.0030 0.9877 0.0028 0.0025 0.0040 
101      101   (3)      1 :  0.0048 0.9881 0.0033 0.0018 0.0020 
102      102   (2)      1 :  0.0197 0.9616 0.0049 0.0055 0.0083 
103      103   (5)      1 :  0.0294 0.9560 0.0080 0.0019 0.0047 
104      104   (1)      1 :  0.0039 0.9895 0.0037 0.0010 0.0019 
105      105   (0)      1 :  0.0790 0.8923 0.0043 0.0038 0.0206 
106      106   (1)      1 :  0.0023 0.9748 0.0095 0.0075 0.0059 
107      107   (6)      1 :  0.0022 0.9867 0.0035 0.0033 0.0043 
108      108   (1)      1 :  0.0036 0.9315 0.0090 0.0027 0.0532 
109      109  (18)      1 :  0.0297 0.9542 0.0082 0.0016 0.0063 
110      110   (2)      1 :  0.0097 0.9768 0.0070 0.0025 0.0040 
111      111   (1)      1 :  0.0018 0.9934 0.0022 0.0011 0.0015 
112      112   (2)      1 :  0.0105 0.9843 0.0027 0.0010 0.0015 
113      113   (2)      1 :  0.0046 0.9853 0.0054 0.0015 0.0032 
114      114   (3)      1 :  0.0068 0.9827 0.0037 0.0031 0.0037 
115      115   (2)      1 :  0.0014 0.9909 0.0038 0.0011 0.0028 
116      116   (1)      1 :  0.0032 0.9909 0.0036 0.0010 0.0013 
117      117   (1)      1 :  0.0051 0.9865 0.0047 0.0015 0.0022 
118      118   (3)      1 :  0.0465 0.9236 0.0059 0.0092 0.0148 
119      119   (2)      1 :  0.0126 0.8389 0.0343 0.0125 0.1017 
120      120   (3)      1 :  0.0019 0.9856 0.0093 0.0013 0.0019 
121      121   (0)      1 :  0.0033 0.9900 0.0029 0.0014 0.0024 
122      122   (1)      1 :  0.0042 0.9643 0.0048 0.0194 0.0073 
123      123   (3)      1 :  0.0093 0.9823 0.0034 0.0022 0.0028 
124      124   (3)      1 :  0.0136 0.9712 0.0093 0.0015 0.0044 
125      125   (2)      1 :  0.0122 0.8431 0.1405 0.0012 0.0030 
126      126   (3)      1 :  0.0085 0.9802 0.0030 0.0049 0.0034 
127      127   (1)      1 :  0.0040 0.9896 0.0020 0.0018 0.0026 
128      128   (5)      1 :  0.0016 0.9866 0.0089 0.0010 0.0019 
129      129   (1)      1 :  0.0049 0.9887 0.0034 0.0010 0.0020 
130      130   (5)      1 :  0.0027 0.9920 0.0018 0.0019 0.0016 
131      131  (10)      1 :  0.0363 0.9221 0.0294 0.0053 0.0069 
132      132   (2)      1 :  0.0066 0.9525 0.0208 0.0076 0.0125 
133      133   (4)      1 :  0.0044 0.9162 0.0613 0.0013 0.0168 
134      134   (2)      1 :  0.0079 0.9529 0.0053 0.0293 0.0046 
135      135  (18)      1 :  0.0035 0.9850 0.0081 0.0011 0.0023 
136      136   (3)      1 :  0.0080 0.9673 0.0202 0.0021 0.0024 
137      137   (0)      1 :  0.0795 0.0083 0.0776 0.4856 0.3490 
138      138   (6)      1 :  0.1272 0.0025 0.0841 0.4072 0.3790 
139      139  (17)      2 :  0.0041 0.0990 0.8849 0.0026 0.0094 
140      140   (2)      2 :  0.0018 0.1061 0.8891 0.0010 0.0020 
141      141   (3)      2 :  0.0015 0.1004 0.8958 0.0006 0.0017 
142      142   (0)      2 :  0.0041 0.1030 0.8864 0.0016 0.0049 
143      143   (4)      2 :  0.0031 0.1001 0.8896 0.0034 0.0038 
144      144   (1)      2 :  0.0018 0.1016 0.8814 0.0034 0.0118 
145      145   (8)      2 :  0.0069 0.1035 0.8849 0.0015 0.0032 
146      146   (4)      2 :  0.0019 0.1032 0.8906 0.0010 0.0033 
147      147   (1)      2 :  0.0037 0.1171 0.8732 0.0030 0.0030 
148      148  (17)      2 :  0.0010 0.1007 0.8952 0.0011 0.0020 
149      149   (8)      2 :  0.0037 0.1093 0.8797 0.0019 0.0054 
150      150   (3)      2 :  0.0033 0.0990 0.8889 0.0030 0.0058 
151      151   (0)      2 :  0.0022 0.1029 0.8913 0.0013 0.0023 
152      152   (0)      2 :  0.0044 0.1044 0.8879 0.0010 0.0023 
153      153   (3)      2 :  0.0025 0.1062 0.8871 0.0010 0.0032 
154      154   (1)      2 :  0.0040 0.1034 0.8850 0.0010 0.0066 
155      155   (1)      2 :  0.0024 0.1011 0.8906 0.0024 0.0035 
156      156  (15)      2 :  0.0024 0.0999 0.8916 0.0023 0.0038 
157      157   (3)      2 :  0.0020 0.1014 0.8902 0.0010 0.0054 
158      158   (2)      2 :  0.0025 0.0883 0.8740 0.0030 0.0322 
159      159   (7)      2 :  0.0068 0.1124 0.8414 0.0096 0.0298 
160      160   (4)      2 :  0.0065 0.1052 0.8689 0.0114 0.0080 
161      161   (1)      2 :  0.0051 0.1054 0.8820 0.0024 0.0051 
162      162  (14)      2 :  0.0021 0.1021 0.8926 0.0012 0.0020 
163      163  (15)      2 :  0.0030 0.1010 0.8865 0.0037 0.0058 
164      164  (11)      2 :  0.0015 0.1030 0.8924 0.0010 0.0021 
165      165   (1)      2 :  0.0031 0.1059 0.8824 0.0019 0.0067 
166      166   (8)      2 :  0.0040 0.1035 0.8715 0.0075 0.0135 
167      167   (6)      2 :  0.0075 0.0915 0.8716 0.0032 0.0262 
168      168   (3)      2 :  0.0562 0.1033 0.8153 0.0135 0.0117 
169      169   (6)      2 :  0.0586 0.1086 0.8190 0.0026 0.0112 
170      170   (4)      2 :  0.0048 0.0999 0.8862 0.0011 0.0080 
171      171   (2)      2 :  0.0045 0.1013 0.8650 0.0126 0.0166 
172      172   (6)      2 :  0.0259 0.0939 0.8660 0.0020 0.0122 
173      173   (1)      2 :  0.0060 0.1052 0.8807 0.0013 0.0068 
174      174   (3)      2 :  0.0036 0.1008 0.8900 0.0011 0.0045 
175      175   (2)      2 :  0.0063 0.1280 0.8611 0.0016 0.0030 
176      176   (4)      2 :  0.0264 0.1387 0.8307 0.0018 0.0024 
177      177   (2)      2 :  0.0582 0.1619 0.7677 0.0020 0.0102 
178      178   (3)      2 :  0.0017 0.1039 0.8915 0.0010 0.0019 
179      179   (1)      2 :  0.0033 0.1038 0.8895 0.0015 0.0019 
180      180   (7)      2 :  0.0032 0.1029 0.8880 0.0013 0.0046 
181      181   (0)      2 :  0.0026 0.1057 0.8871 0.0020 0.0026 
182      182   (0)      7 :  0.0029 0.0040 0.0042 0.0021 0.9868 
183      183   (0)      7 :  0.0048 0.0190 0.0194 0.0054 0.9514 
184      184   (1)      7 :  0.0133 0.0061 0.0085 0.0053 0.9668 
185      185   (0)      7 :  0.0050 0.0071 0.0044 0.0090 0.9745 
186      186   (2)      7 :  0.0252 0.0070 0.0073 0.0083 0.9522 
187      187   (0)      7 :  0.0069 0.0073 0.0165 0.0201 0.9492 
188      188   (1)      7 :  0.0021 0.0038 0.0037 0.0033 0.9871 
189      189   (1)      7 :  0.0126 0.0047 0.0368 0.0093 0.9366 
190      190   (0)      7 :  0.0048 0.0033 0.0113 0.0026 0.9780 
191      191   (0)      7 :  0.0024 0.0066 0.0029 0.0048 0.9833 
192      192   (2)      7 :  0.1612 0.0221 0.0109 0.0056 0.8002 
193      193   (1)      7 :  0.0039 0.0341 0.0099 0.0049 0.9472 
194      194   (1)      7 :  0.0113 0.0039 0.0035 0.0277 0.9536 
195      195   (0)      7 :  0.0143 0.0221 0.0156 0.0024 0.9456 
196      196   (0)      7 :  0.0015 0.0062 0.0036 0.0039 0.9848 
197      197   (1)      7 :  0.0038 0.0065 0.0053 0.0113 0.9731 
198      198   (1)      7 :  0.0014 0.0020 0.0034 0.0033 0.9899 
199      199   (0)      7 :  0.0024 0.0030 0.0038 0.0136 0.9772 
200      200   (0)      7 :  0.0513 0.2500 0.0028 0.0076 0.6883 
201      201   (1)      7 :  0.0024 0.0397 0.2251 0.0032 0.7296 
202      202   (0)      7 :  0.0014 0.0012 0.0030 0.0020 0.9924 
203      203   (1)      7 :  0.0028 0.0049 0.0106 0.0042 0.9775 
204      204   (1)      7 :  0.0156 0.2689 0.0196 0.0363 0.6596 
205      205   (0)      7 :  0.0050 0.0095 0.0046 0.0120 0.9689 
206      206   (2)      7 :  0.0098 0.0184 0.2191 0.0064 0.7462 
207      207   (2)      7 :  0.0032 0.0018 0.0039 0.0919 0.8992 
208      208   (2)      7 :  0.0262 0.0124 0.0135 0.0104 0.9375 
209      209   (0)      7 :  0.0031 0.0051 0.0135 0.0828 0.8955 
210      210   (1)      7 :  0.0042 0.0076 0.0033 0.0071 0.9778 
211      211   (0)      7 :  0.0036 0.0030 0.0117 0.0034 0.9783 
212      212  (10)      7 :  0.0043 0.0025 0.0729 0.0039 0.9164 
213      213   (1)      7 :  0.0016 0.0033 0.0065 0.0064 0.9822 
214      214   (0)      7 :  0.0039 0.0042 0.0134 0.0040 0.9745 
215      215   (2)      7 :  0.1226 0.3079 0.0209 0.0043 0.5443 
216      216   (1)      4 :  0.8984 0.0961 0.0014 0.0013 0.0028 
217      217   (1)      4 :  0.9098 0.0777 0.0036 0.0042 0.0047 
218      218   (1)      4 :  0.8998 0.0952 0.0010 0.0028 0.0012 
219      219   (1)      4 :  0.8984 0.0974 0.0012 0.0015 0.0015 
220      220   (1)      4 :  0.6514 0.1424 0.1784 0.0025 0.0253 
221      221   (1)      4 :  0.9029 0.0881 0.0024 0.0031 0.0035 
222      222  (10)      4 :  0.8958 0.0930 0.0052 0.0033 0.0027 
223      223   (2)      4 :  0.8942 0.0999 0.0019 0.0017 0.0023 
224      224   (0)      4 :  0.8860 0.1065 0.0019 0.0020 0.0036 
225      225   (2)      4 :  0.9001 0.0941 0.0014 0.0015 0.0029 
226      226   (0)      4 :  0.8951 0.1005 0.0018 0.0011 0.0015 
