1        1   (0)      3  : 0.0010 0.9915 0.0025 0.0010 0.0010 0.0015 0.0015
2        2   (0)      3  : 0.0020 0.9645 0.0085 0.0070 0.0025 0.0065 0.0090
3        3   (0)      3  : 0.0005 0.9930 0.0020 0.0015 0.0010 0.0010 0.0010
4        4   (0)      3  : 0.0010 0.9900 0.0025 0.0015 0.0005 0.0020 0.0025
5        5   (0)      3  : 0.0005 0.9955 0.0010 0.0010 0.0000 0.0010 0.0010
6        6   (0)      3  : 0.0010 0.9885 0.0025 0.0020 0.0010 0.0025 0.0025
7        7   (0)      3  : 0.0005 0.9935 0.0010 0.0010 0.0010 0.0015 0.0015
8        8   (0)      3  : 0.0010 0.9785 0.0045 0.0010 0.0010 0.0070 0.0070
9        9   (0)      3  : 0.0010 0.9925 0.0020 0.0010 0.0000 0.0020 0.0015
10       10   (0)      3  : 0.0020 0.9680 0.0095 0.0050 0.0035 0.0055 0.0065
11       11   (0)      3  : 0.0010 0.9115 0.0075 0.0065 0.0010 0.0095 0.0630
12       12   (0)      3  : 0.0020 0.9775 0.0055 0.0025 0.0020 0.0045 0.0060
13       13   (0)      3  : 0.0000 0.9960 0.0010 0.0005 0.0005 0.0010 0.0010
14       14   (0)      3  : 0.0010 0.9815 0.0040 0.0010 0.0015 0.0020 0.0090
15       15   (0)      3  : 0.0010 0.9930 0.0010 0.0010 0.0010 0.0015 0.0015
16       16   (0)      3  : 0.0000 0.9905 0.0020 0.0010 0.0010 0.0015 0.0040
17       17   (0)      3  : 0.0000 0.9735 0.0010 0.0010 0.0010 0.0215 0.0020
18       18   (0)      3  : 0.0120 0.9405 0.0090 0.0085 0.0030 0.0250 0.0020
19       19   (0)      3  : 0.0005 0.9945 0.0010 0.0005 0.0010 0.0010 0.0015
20       20   (0)      3  : 0.0010 0.9905 0.0015 0.0010 0.0010 0.0030 0.0020
21       21   (0)      3  : 0.0010 0.9875 0.0030 0.0020 0.0015 0.0035 0.0015
22       22   (0)      3  : 0.0020 0.9690 0.0055 0.0045 0.0010 0.0085 0.0095
23       23   (0)      3  : 0.0000 0.9930 0.0010 0.0010 0.0010 0.0015 0.0025
24       24   (0)      3  : 0.0010 0.9920 0.0015 0.0010 0.0010 0.0010 0.0025
25       25   (0)      3  : 0.0020 0.9885 0.0015 0.0020 0.0020 0.0020 0.0020
26       26   (0)      3  : 0.0010 0.9920 0.0015 0.0015 0.0010 0.0010 0.0020
27       27   (0)      3  : 0.0005 0.9940 0.0015 0.0010 0.0010 0.0010 0.0010
28       28   (0)      3  : 0.0015 0.9850 0.0030 0.0020 0.0020 0.0025 0.0040
29       29   (0)      3  : 0.0005 0.9930 0.0015 0.0010 0.0010 0.0015 0.0015
30       30   (0)      3  : 0.0005 0.9955 0.0010 0.0005 0.0005 0.0010 0.0010
31       31   (0)      3  : 0.0020 0.9675 0.0045 0.0045 0.0015 0.0040 0.0160
32       32   (0)      3  : 0.0010 0.9845 0.0050 0.0020 0.0015 0.0020 0.0040
33       33   (0)      3  : 0.0000 0.9940 0.0015 0.0010 0.0005 0.0010 0.0020
34       34   (0)      3  : 0.0005 0.9935 0.0015 0.0010 0.0010 0.0010 0.0015
35       35   (0)      3  : 0.0010 0.9930 0.0010 0.0010 0.0010 0.0015 0.0015
36       36   (0)      5  : 0.0345 0.0150 0.3082 0.4138 0.0110 0.2135 0.0040
37       37   (0)      5  : 0.0045 0.0030 0.0075 0.9730 0.0020 0.0070 0.0030
38       38   (0)      6  : 0.0010 0.0090 0.4494 0.0010 0.0015 0.3217 0.2164
39       39   (0)      6  : 0.0015 0.0150 0.3155 0.0035 0.0020 0.6605 0.0020
40       40   (0)      6  : 0.0030 0.0895 0.3220 0.0090 0.0030 0.5715 0.0020
41       41   (0)      6  : 0.0020 0.0085 0.2973 0.0235 0.0030 0.6517 0.0140
42       42   (0)      6  : 0.0180 0.0090 0.0745 0.0360 0.0015 0.5025 0.3585
43       43   (0)      5  : 0.0100 0.0005 0.0025 0.9790 0.0030 0.0035 0.0015
44       44   (0)      5  : 0.0050 0.0300 0.4415 0.0135 0.0015 0.4480 0.0605
45       45   (0)      5  : 0.0115 0.0015 0.0025 0.9336 0.0480 0.0020 0.0010
46       46   (0)      5  : 0.0140 0.0020 0.0065 0.9690 0.0025 0.0040 0.0020
47       47   (0)      5  : 0.0085 0.0035 0.2085 0.6455 0.0020 0.1110 0.0210
48       48   (0)      5  : 0.0080 0.0065 0.4015 0.0685 0.0030 0.5104 0.0020
49       49   (0)      5  : 0.0125 0.0135 0.3196 0.0891 0.0035 0.5518 0.0100
50       50   (0)      5  : 0.3280 0.0025 0.0160 0.6350 0.0020 0.0140 0.0025
51       51   (0)      5  : 0.0065 0.0025 0.0185 0.9439 0.0145 0.0100 0.0040
52       52   (0)      6  : 0.0020 0.0400 0.0085 0.0020 0.0020 0.8541 0.0914
53       53   (0)      6  : 0.0030 0.0570 0.3525 0.0055 0.0055 0.5690 0.0075
54       54   (0)      6  : 0.0025 0.0255 0.3763 0.0040 0.0020 0.5064 0.0834
55       55   (0)      6  : 0.0435 0.0030 0.0465 0.0210 0.0160 0.8650 0.0050
56       56   (0)      6  : 0.0010 0.0070 0.0025 0.0015 0.0010 0.0010 0.9860
57       57   (0)      6  : 0.0025 0.0125 0.0125 0.0070 0.0010 0.9575 0.0070
58       58   (0)      6  : 0.0135 0.0055 0.5160 0.0025 0.0100 0.1755 0.2770
59       59   (0)      6  : 0.0420 0.0080 0.4815 0.0095 0.0035 0.4535 0.0020
60       60   (0)      6  : 0.0010 0.0015 0.0020 0.0010 0.0010 0.0010 0.9925
61       61   (0)      6  : 0.0010 0.0015 0.0020 0.0010 0.0010 0.0020 0.9915
62       62   (0)      6  : 0.0020 0.0045 0.1064 0.0040 0.0010 0.8337 0.0485
63       63   (0)      6  : 0.0010 0.0065 0.0105 0.0015 0.0010 0.9660 0.0135
64       64   (0)      6  : 0.0070 0.4425 0.0560 0.0015 0.0090 0.4795 0.0045
65       65   (0)      6  : 0.0020 0.4038 0.0330 0.0045 0.0035 0.5468 0.0065
66       66   (0)      6  : 0.0025 0.4184 0.1582 0.0531 0.0010 0.3649 0.0020
67       67   (0)      6  : 0.0190 0.4207 0.2442 0.0700 0.0010 0.2340 0.0110
68       68   (0)      6  : 0.0010 0.0010 0.0020 0.0010 0.0010 0.0020 0.9920
69       69   (0)      6  : 0.0025 0.4115 0.1905 0.0555 0.0020 0.3345 0.0035
70       70   (0)      6  : 0.0020 0.0075 0.0085 0.0020 0.0025 0.0105 0.9670
71       71   (0)      6  : 0.0010 0.0075 0.0050 0.0010 0.0010 0.0035 0.9810
72       72   (0)      6  : 0.0010 0.0020 0.0030 0.0020 0.0010 0.0020 0.9890
73       73   (0)      6  : 0.0500 0.0140 0.4586 0.0035 0.0130 0.0350 0.4260
74       74   (0)      6  : 0.0015 0.0080 0.0120 0.0025 0.0035 0.9695 0.0030
75       75   (0)      6  : 0.0015 0.0100 0.0045 0.0030 0.0010 0.9765 0.0035
76       76   (0)      6  : 0.0125 0.0060 0.0200 0.0070 0.0045 0.9420 0.0080
77       77   (0)      6  : 0.0260 0.0065 0.4900 0.0065 0.0854 0.0400 0.3457
78       78   (0)      6  : 0.0015 0.0250 0.3756 0.0030 0.0035 0.4858 0.1055
79       79   (0)      6  : 0.0025 0.0030 0.0045 0.0025 0.0025 0.9820 0.0030
80       80   (0)      6  : 0.0015 0.0130 0.4271 0.0025 0.0020 0.4764 0.0776
81       81   (0)      6  : 0.0010 0.0075 0.0030 0.0010 0.0015 0.9790 0.0070
82       82   (0)      6  : 0.0115 0.0715 0.4002 0.0100 0.0035 0.4818 0.0215
83       83   (0)      6  : 0.0025 0.0060 0.5080 0.0065 0.0045 0.1235 0.3490
84       84   (0)      6  : 0.0015 0.0080 0.4140 0.0020 0.0015 0.3105 0.2625
85       85   (0)      6  : 0.0005 0.0020 0.0025 0.0015 0.0010 0.0025 0.9900
86       86   (0)      6  : 0.0080 0.0030 0.4810 0.0040 0.0130 0.4880 0.0030
87       87   (0)      6  : 0.0025 0.0490 0.4731 0.0055 0.0070 0.4160 0.0470
88       88   (0)      5  : 0.0110 0.0010 0.0040 0.9755 0.0040 0.0035 0.0010
89       89   (0)      5  : 0.0115 0.0015 0.0020 0.9720 0.0080 0.0035 0.0015
90       90   (0)      5  : 0.0040 0.0015 0.0020 0.9860 0.0015 0.0020 0.0030
91       91   (0)      5  : 0.0065 0.0070 0.3440 0.3237 0.0045 0.3108 0.0035
92       92   (0)      5  : 0.0025 0.0010 0.0130 0.9655 0.0020 0.0120 0.0040
93       93   (0)      5  : 0.1231 0.0010 0.0035 0.8674 0.0020 0.0020 0.0010
94       94   (2)      1  : 0.7378 0.0100 0.0080 0.0015 0.2233 0.0075 0.0120
95       95   (3)      1  : 0.9835 0.0025 0.0025 0.0025 0.0035 0.0025 0.0030
96       96   (2)      1  : 0.9895 0.0015 0.0020 0.0020 0.0010 0.0015 0.0025
97       97   (0)      1  : 0.9655 0.0010 0.0025 0.0025 0.0255 0.0020 0.0010
98       98   (1)      1  : 0.8505 0.0360 0.0300 0.0020 0.0640 0.0135 0.0040
99       99   (6)      1  : 0.9880 0.0025 0.0020 0.0015 0.0020 0.0020 0.0020
100      100  (11)      1  : 0.9770 0.0025 0.0025 0.0035 0.0090 0.0025 0.0030
101      101   (3)      1  : 0.9750 0.0030 0.0025 0.0025 0.0135 0.0020 0.0015
102      102   (2)      1  : 0.8614 0.0095 0.0160 0.0095 0.0760 0.0195 0.0080
103      103   (5)      1  : 0.8835 0.0020 0.0030 0.0020 0.1045 0.0020 0.0030
104      104   (1)      1  : 0.9885 0.0010 0.0015 0.0015 0.0055 0.0010 0.0010
105      105   (0)      1  : 0.7219 0.0030 0.0040 0.0065 0.2556 0.0045 0.0045
106      106   (1)      1  : 0.9815 0.0040 0.0030 0.0020 0.0055 0.0030 0.0010
107      107   (6)      1  : 0.9785 0.0050 0.0035 0.0050 0.0035 0.0020 0.0025
108      108   (1)      1  : 0.9310 0.0035 0.0160 0.0235 0.0045 0.0195 0.0020
109      109  (18)      1  : 0.9220 0.0020 0.0040 0.0025 0.0650 0.0035 0.0010
110      110   (2)      1  : 0.9415 0.0045 0.0085 0.0030 0.0270 0.0070 0.0085
111      111   (1)      1  : 0.9900 0.0010 0.0020 0.0010 0.0030 0.0010 0.0020
112      112   (2)      1  : 0.9505 0.0010 0.0010 0.0020 0.0435 0.0010 0.0010
113      113   (2)      1  : 0.9845 0.0015 0.0020 0.0025 0.0070 0.0015 0.0010
114      114   (3)      1  : 0.9484 0.0065 0.0025 0.0035 0.0326 0.0050 0.0015
115      115   (2)      1  : 0.9890 0.0015 0.0015 0.0030 0.0030 0.0010 0.0010
116      116   (1)      1  : 0.9905 0.0010 0.0015 0.0010 0.0040 0.0010 0.0010
117      117   (1)      1  : 0.9785 0.0015 0.0015 0.0015 0.0125 0.0025 0.0020
118      118   (3)      1  : 0.8524 0.0080 0.0120 0.0080 0.1036 0.0140 0.0020
119      119   (2)      1  : 0.8864 0.0200 0.0180 0.0235 0.0105 0.0295 0.0120
120      120   (3)      1  : 0.9925 0.0010 0.0010 0.0015 0.0020 0.0010 0.0010
121      121   (0)      1  : 0.9735 0.0055 0.0035 0.0040 0.0075 0.0030 0.0030
122      122   (1)      1  : 0.9365 0.0225 0.0110 0.0060 0.0065 0.0110 0.0065
123      123   (3)      1  : 0.9560 0.0035 0.0030 0.0015 0.0300 0.0025 0.0035
124      124   (3)      1  : 0.9545 0.0010 0.0020 0.0030 0.0350 0.0025 0.0020
125      125   (2)      1  : 0.9870 0.0010 0.0020 0.0010 0.0070 0.0015 0.0005
126      126   (3)      1  : 0.9200 0.0095 0.0040 0.0025 0.0545 0.0045 0.0050
127      127   (1)      1  : 0.9715 0.0025 0.0030 0.0030 0.0140 0.0035 0.0025
128      128   (5)      1  : 0.9935 0.0010 0.0015 0.0010 0.0010 0.0010 0.0010
129      129   (1)      1  : 0.9815 0.0010 0.0015 0.0010 0.0120 0.0020 0.0010
130      130   (5)      1  : 0.9805 0.0030 0.0030 0.0015 0.0065 0.0035 0.0020
131      131  (10)      1  : 0.9480 0.0085 0.0085 0.0030 0.0170 0.0070 0.0080
132      132   (2)      1  : 0.9545 0.0100 0.0055 0.0055 0.0065 0.0150 0.0030
133      133   (4)      1  : 0.9880 0.0010 0.0025 0.0020 0.0025 0.0020 0.0020
134      134   (2)      1  : 0.8650 0.0460 0.0140 0.0025 0.0210 0.0075 0.0440
135      135  (18)      1  : 0.9835 0.0015 0.0025 0.0020 0.0075 0.0010 0.0020
136      136   (3)      1  : 0.9865 0.0015 0.0015 0.0015 0.0070 0.0010 0.0010
137      137   (0)      1  : 0.0045 0.0815 0.4455 0.0080 0.0025 0.4255 0.0325
138      138   (6)      1  : 0.0010 0.0125 0.4805 0.0060 0.0065 0.4780 0.0155
139      139  (17)      2  : 0.9470 0.0030 0.0030 0.0375 0.0020 0.0050 0.0025
140      140   (2)      2  : 0.9930 0.0010 0.0010 0.0015 0.0010 0.0010 0.0015
141      141   (3)      2  : 0.9880 0.0010 0.0010 0.0065 0.0015 0.0010 0.0010
142      142   (0)      2  : 0.9815 0.0010 0.0025 0.0095 0.0015 0.0015 0.0025
143      143   (4)      2  : 0.9680 0.0035 0.0090 0.0085 0.0025 0.0065 0.0020
144      144   (1)      2  : 0.9355 0.0025 0.0085 0.0390 0.0010 0.0075 0.0060
145      145   (8)      2  : 0.9855 0.0010 0.0020 0.0050 0.0025 0.0010 0.0030
146      146   (4)      2  : 0.9840 0.0010 0.0015 0.0105 0.0010 0.0010 0.0010
147      147   (1)      2  : 0.9870 0.0010 0.0030 0.0035 0.0015 0.0020 0.0020
148      148  (17)      2  : 0.9880 0.0010 0.0020 0.0060 0.0010 0.0010 0.0010
149      149   (8)      2  : 0.9815 0.0010 0.0015 0.0095 0.0020 0.0020 0.0025
150      150   (3)      2  : 0.9525 0.0020 0.0165 0.0175 0.0020 0.0065 0.0030
151      151   (0)      2  : 0.9870 0.0010 0.0020 0.0050 0.0010 0.0015 0.0025
152      152   (0)      2  : 0.9915 0.0010 0.0015 0.0020 0.0010 0.0020 0.0010
153      153   (3)      2  : 0.9905 0.0005 0.0010 0.0035 0.0020 0.0015 0.0010
154      154   (1)      2  : 0.9750 0.0010 0.0025 0.0150 0.0025 0.0020 0.0020
155      155   (1)      2  : 0.9810 0.0010 0.0025 0.0095 0.0015 0.0030 0.0015
156      156  (15)      2  : 0.9690 0.0035 0.0065 0.0080 0.0015 0.0090 0.0025
157      157   (3)      2  : 0.9750 0.0010 0.0015 0.0160 0.0015 0.0020 0.0030
158      158   (2)      2  : 0.7795 0.0020 0.0050 0.2050 0.0020 0.0025 0.0040
159      159   (7)      2  : 0.9645 0.0025 0.0075 0.0170 0.0020 0.0040 0.0025
160      160   (4)      2  : 0.9535 0.0020 0.0060 0.0070 0.0015 0.0245 0.0055
161      161   (1)      2  : 0.9855 0.0020 0.0010 0.0060 0.0020 0.0025 0.0010
162      162  (14)      2  : 0.9895 0.0010 0.0020 0.0030 0.0020 0.0015 0.0010
163      163  (15)      2  : 0.9655 0.0030 0.0095 0.0085 0.0020 0.0105 0.0010
164      164  (11)      2  : 0.9925 0.0010 0.0015 0.0020 0.0010 0.0010 0.0010
165      165   (1)      2  : 0.9760 0.0010 0.0015 0.0160 0.0015 0.0020 0.0020
166      166   (8)      2  : 0.9370 0.0035 0.0115 0.0210 0.0020 0.0160 0.0090
167      167   (6)      2  : 0.8610 0.0020 0.0030 0.1180 0.0045 0.0030 0.0085
168      168   (3)      2  : 0.8849 0.0040 0.0215 0.0215 0.0280 0.0070 0.0330
169      169   (6)      2  : 0.9530 0.0010 0.0045 0.0125 0.0235 0.0035 0.0020
170      170   (4)      2  : 0.9685 0.0010 0.0035 0.0215 0.0020 0.0010 0.0025
171      171   (2)      2  : 0.9075 0.0055 0.0125 0.0535 0.0010 0.0115 0.0085
172      172   (6)      2  : 0.9010 0.0010 0.0040 0.0650 0.0230 0.0045 0.0015
173      173   (1)      2  : 0.9800 0.0010 0.0020 0.0110 0.0025 0.0020 0.0015
174      174   (3)      2  : 0.9750 0.0010 0.0025 0.0150 0.0035 0.0020 0.0010
175      175   (2)      2  : 0.9885 0.0010 0.0020 0.0020 0.0020 0.0015 0.0030
176      176   (4)      2  : 0.9890 0.0010 0.0020 0.0020 0.0035 0.0015 0.0010
177      177   (2)      2  : 0.9405 0.0010 0.0020 0.0165 0.0350 0.0020 0.0030
178      178   (3)      2  : 0.9920 0.0010 0.0015 0.0025 0.0010 0.0010 0.0010
179      179   (1)      2  : 0.9870 0.0015 0.0025 0.0040 0.0025 0.0010 0.0015
180      180   (7)      2  : 0.9865 0.0010 0.0010 0.0065 0.0020 0.0015 0.0015
181      181   (0)      2  : 0.9870 0.0015 0.0025 0.0035 0.0020 0.0015 0.0020
182      182   (0)      7  : 0.0045 0.0015 0.0020 0.9840 0.0020 0.0025 0.0035
183      183   (0)      7  : 0.0430 0.0025 0.0130 0.9195 0.0035 0.0055 0.0130
184      184   (1)      7  : 0.0070 0.0035 0.0045 0.9515 0.0150 0.0080 0.0105
185      185   (0)      7  : 0.0075 0.0075 0.0155 0.9390 0.0040 0.0235 0.0030
186      186   (2)      7  : 0.0065 0.0040 0.0180 0.9090 0.0400 0.0155 0.0070
187      187   (0)      7  : 0.0100 0.0090 0.0100 0.9555 0.0045 0.0055 0.0055
188      188   (1)      7  : 0.0060 0.0020 0.0030 0.9770 0.0020 0.0070 0.0030
189      189   (1)      7  : 0.0165 0.0030 0.0190 0.7919 0.0030 0.1626 0.0040
190      190   (0)      7  : 0.0055 0.0010 0.0040 0.9785 0.0045 0.0030 0.0035
191      191   (0)      7  : 0.0045 0.0045 0.0035 0.9765 0.0030 0.0045 0.0035
192      192   (2)      7  : 0.0185 0.0025 0.0200 0.7380 0.2045 0.0025 0.0140
193      193   (1)      7  : 0.0220 0.0030 0.0025 0.9655 0.0030 0.0025 0.0015
194      194   (1)      7  : 0.0030 0.0165 0.0235 0.9120 0.0080 0.0215 0.0155
195      195   (0)      7  : 0.0390 0.0010 0.0025 0.9375 0.0160 0.0020 0.0020
196      196   (0)      7  : 0.0065 0.0025 0.0035 0.9810 0.0010 0.0025 0.0030
197      197   (1)      7  : 0.0035 0.0075 0.0055 0.9665 0.0030 0.0105 0.0035
198      198   (1)      7  : 0.0025 0.0015 0.0030 0.9855 0.0015 0.0045 0.0015
199      199   (0)      7  : 0.0030 0.0095 0.0155 0.9535 0.0010 0.0135 0.0040
200      200   (0)      7  : 0.0415 0.0040 0.0090 0.7232 0.2027 0.0145 0.0050
201      201   (1)      7  : 0.2881 0.0030 0.0015 0.6999 0.0020 0.0020 0.0035
202      202   (0)      7  : 0.0020 0.0010 0.0015 0.9915 0.0010 0.0015 0.0015
203      203   (1)      7  : 0.0050 0.0035 0.0020 0.9830 0.0025 0.0025 0.0015
204      204   (1)      7  : 0.3787 0.0620 0.0585 0.4247 0.0075 0.0655 0.0030
205      205   (0)      7  : 0.0105 0.0070 0.0160 0.9475 0.0050 0.0095 0.0045
206      206   (2)      7  : 0.1595 0.0035 0.0030 0.8150 0.0140 0.0025 0.0025
207      207   (2)      7  : 0.0015 0.0660 0.0095 0.8960 0.0020 0.0140 0.0110
208      208   (2)      7  : 0.0355 0.0035 0.1269 0.6540 0.0275 0.1461 0.0065
209      209   (0)      7  : 0.0090 0.0811 0.0175 0.8579 0.0020 0.0290 0.0035
210      210   (1)      7  : 0.0030 0.0070 0.0030 0.9725 0.0025 0.0045 0.0075
211      211   (0)      7  : 0.0020 0.0020 0.0020 0.9865 0.0040 0.0020 0.0015
212      212  (10)      7  : 0.0060 0.0020 0.0045 0.9745 0.0045 0.0050 0.0035
213      213   (1)      7  : 0.0105 0.0035 0.0065 0.9685 0.0010 0.0045 0.0055
214      214   (0)      7  : 0.0095 0.0025 0.0095 0.9561 0.0050 0.0105 0.0070
215      215   (2)      7  : 0.3162 0.0045 0.0040 0.4912 0.1796 0.0010 0.0035
216      216   (1)      4  : 0.0010 0.0005 0.0010 0.0010 0.9945 0.0010 0.0010
217      217   (1)      4  : 0.0015 0.0025 0.0020 0.0015 0.9890 0.0020 0.0015
218      218   (1)      4  : 0.0010 0.0010 0.0010 0.0005 0.9945 0.0010 0.0010
219      219   (1)      4  : 0.0010 0.0010 0.0010 0.0010 0.9940 0.0010 0.0010
220      220   (1)      4  : 0.2795 0.0010 0.0030 0.0135 0.6995 0.0020 0.0015
221      221   (1)      4  : 0.0020 0.0015 0.0025 0.0015 0.9875 0.0030 0.0020
222      222  (10)      4  : 0.0065 0.0010 0.0020 0.0020 0.9785 0.0020 0.0080
223      223   (2)      4  : 0.0025 0.0005 0.0010 0.0010 0.9930 0.0010 0.0010
224      224   (0)      4  : 0.0025 0.0010 0.0015 0.0020 0.9900 0.0010 0.0020
225      225   (2)      4  : 0.0010 0.0010 0.0010 0.0010 0.9940 0.0010 0.0010
226      226   (0)      4  : 0.0015 0.0005 0.0010 0.0010 0.9945 0.0010 0.0005
