1        1   (0)      3  : 0.0011 0.9933 0.0010 0.0010 0.0010 0.0026
2        2   (0)      3  : 0.0019 0.9749 0.0024 0.0081 0.0021 0.0106
3        3   (0)      3  : 0.0009 0.9951 0.0010 0.0011 0.0010 0.0009
4        4   (0)      3  : 0.0010 0.9930 0.0010 0.0016 0.0010 0.0024
5        5   (0)      3  : 0.0001 0.9973 0.0004 0.0010 0.0001 0.0010
6        6   (0)      3  : 0.0010 0.9926 0.0010 0.0017 0.0011 0.0026
7        7   (0)      3  : 0.0007 0.9951 0.0009 0.0010 0.0010 0.0013
8        8   (0)      3  : 0.0010 0.9876 0.0010 0.0014 0.0007 0.0083
9        9   (0)      3  : 0.0006 0.9937 0.0010 0.0010 0.0009 0.0029
10       10   (0)      3  : 0.0011 0.9740 0.0057 0.0056 0.0040 0.0096
11       11   (0)      3  : 0.0019 0.9487 0.0016 0.0080 0.0011 0.0387
12       12   (0)      3  : 0.0010 0.9851 0.0021 0.0033 0.0024 0.0060
13       13   (0)      3  : 0.0000 0.9984 0.0003 0.0003 0.0000 0.0010
14       14   (0)      3  : 0.0010 0.9880 0.0019 0.0019 0.0019 0.0054
15       15   (0)      3  : 0.0010 0.9946 0.0009 0.0010 0.0010 0.0016
16       16   (0)      3  : 0.0000 0.9953 0.0003 0.0010 0.0010 0.0024
17       17   (0)      3  : 0.0007 0.9746 0.0003 0.0010 0.0010 0.0224
18       18   (0)      3  : 0.0151 0.9571 0.0079 0.0073 0.0019 0.0107
19       19   (0)      3  : 0.0006 0.9957 0.0007 0.0010 0.0010 0.0010
20       20   (0)      3  : 0.0009 0.9939 0.0010 0.0011 0.0009 0.0023
21       21   (0)      3  : 0.0010 0.9921 0.0010 0.0019 0.0010 0.0030
22       22   (0)      3  : 0.0024 0.9823 0.0020 0.0037 0.0019 0.0077
23       23   (0)      3  : 0.0006 0.9946 0.0010 0.0010 0.0007 0.0021
24       24   (0)      3  : 0.0006 0.9949 0.0010 0.0010 0.0007 0.0019
25       25   (0)      3  : 0.0014 0.9923 0.0010 0.0020 0.0013 0.0020
26       26   (0)      3  : 0.0010 0.9947 0.0010 0.0016 0.0007 0.0010
27       27   (0)      3  : 0.0009 0.9956 0.0009 0.0010 0.0007 0.0010
28       28   (0)      3  : 0.0010 0.9894 0.0027 0.0020 0.0011 0.0037
29       29   (0)      3  : 0.0009 0.9947 0.0007 0.0010 0.0010 0.0017
30       30   (0)      3  : 0.0006 0.9967 0.0007 0.0009 0.0001 0.0010
31       31   (0)      3  : 0.0027 0.9807 0.0019 0.0047 0.0017 0.0083
32       32   (0)      3  : 0.0013 0.9921 0.0010 0.0019 0.0010 0.0027
33       33   (0)      3  : 0.0004 0.9970 0.0000 0.0009 0.0004 0.0013
34       34   (0)      3  : 0.0000 0.9970 0.0010 0.0009 0.0001 0.0010
35       35   (0)      3  : 0.0010 0.9941 0.0010 0.0010 0.0004 0.0024
36       36   (0)      5  : 0.0056 0.0837 0.0204 0.8181 0.0133 0.0590
37       37   (0)      5  : 0.0160 0.0036 0.0026 0.9719 0.0020 0.0040
38       38   (0)      6  : 0.0017 0.0046 0.0013 0.0013 0.0010 0.9901
39       39   (0)      6  : 0.0019 0.3982 0.0033 0.5685 0.0067 0.0214
40       40   (0)      6  : 0.0033 0.4826 0.0217 0.4609 0.0077 0.0238
41       41   (0)      6  : 0.0043 0.0076 0.0039 0.2323 0.0036 0.7485
42       42   (0)      6  : 0.0190 0.0086 0.0147 0.0630 0.0017 0.8930
43       43   (0)      5  : 0.0558 0.0010 0.0026 0.9342 0.0036 0.0029
44       44   (0)      5  : 0.0130 0.0153 0.0087 0.0759 0.0021 0.8850
45       45   (0)      5  : 0.0187 0.0011 0.0041 0.9307 0.0433 0.0020
46       46   (0)      5  : 0.0064 0.0021 0.0136 0.9730 0.0024 0.0024
47       47   (0)      5  : 0.0096 0.0127 0.0027 0.8042 0.0021 0.1686
48       48   (0)      5  : 0.0049 0.2557 0.0040 0.6954 0.0054 0.0346
49       49   (0)      5  : 0.0113 0.0117 0.0083 0.3053 0.0033 0.6601
50       50   (0)      5  : 0.0494 0.0014 0.1506 0.7890 0.0020 0.0076
51       51   (0)      5  : 0.0093 0.0030 0.0053 0.9686 0.0083 0.0056
52       52   (0)      6  : 0.0021 0.0701 0.0016 0.0074 0.0027 0.9160
53       53   (0)      6  : 0.0802 0.1653 0.0030 0.0334 0.0167 0.7013
54       54   (0)      6  : 0.0051 0.0130 0.0134 0.0140 0.0027 0.9517
55       55   (0)      6  : 0.0097 0.0060 0.2025 0.0480 0.0193 0.7145
56       56   (0)      6  : 0.0010 0.0174 0.0010 0.0014 0.0009 0.9783
57       57   (0)      6  : 0.0064 0.0313 0.0037 0.0384 0.0019 0.9183
58       58   (0)      6  : 0.0030 0.0061 0.0120 0.0030 0.0104 0.9654
59       59   (0)      6  : 0.0704 0.1995 0.0947 0.2859 0.0120 0.3374
60       60   (0)      6  : 0.0010 0.0030 0.0010 0.0030 0.0010 0.9910
61       61   (0)      6  : 0.0010 0.0050 0.0010 0.0016 0.0013 0.9901
62       62   (0)      6  : 0.0029 0.0039 0.0014 0.0077 0.0017 0.9824
63       63   (0)      6  : 0.0011 0.0077 0.0027 0.0019 0.0020 0.9846
64       64   (0)      6  : 0.0133 0.4499 0.0074 0.0023 0.0124 0.5146
65       65   (0)      6  : 0.0034 0.3764 0.0054 0.0081 0.0097 0.5969
66       66   (0)      6  : 0.0027 0.5674 0.0020 0.3681 0.0010 0.0587
67       67   (0)      6  : 0.0356 0.5176 0.0097 0.2291 0.0011 0.2069
68       68   (0)      6  : 0.0014 0.0043 0.0010 0.0021 0.0010 0.9901
69       69   (0)      6  : 0.0116 0.5413 0.0020 0.2123 0.0037 0.2292
70       70   (0)      6  : 0.0016 0.0046 0.0014 0.0019 0.0011 0.9894
71       71   (0)      6  : 0.0010 0.0066 0.0010 0.0014 0.0010 0.9890
72       72   (0)      6  : 0.0014 0.0049 0.0011 0.0023 0.0011 0.9891
73       73   (0)      6  : 0.0033 0.0071 0.0140 0.0023 0.0066 0.9667
74       74   (0)      6  : 0.0054 0.0091 0.0036 0.0308 0.0176 0.9334
75       75   (0)      6  : 0.0041 0.0649 0.0083 0.0279 0.0021 0.8927
76       76   (0)      6  : 0.0496 0.0121 0.0143 0.0574 0.0077 0.8588
77       77   (0)      6  : 0.0089 0.0036 0.0097 0.0047 0.0750 0.8981
78       78   (0)      6  : 0.0024 0.0158 0.0017 0.0029 0.0053 0.9719
79       79   (0)      6  : 0.0534 0.0106 0.0030 0.0187 0.0113 0.9030
80       80   (0)      6  : 0.0023 0.0064 0.0016 0.0021 0.0020 0.9856
81       81   (0)      6  : 0.0017 0.0108 0.0033 0.0030 0.0024 0.9787
82       82   (0)      6  : 0.0341 0.0663 0.0206 0.0173 0.0039 0.8579
83       83   (0)      6  : 0.0024 0.0051 0.0017 0.0021 0.0024 0.9861
84       84   (0)      6  : 0.0013 0.0059 0.0013 0.0016 0.0014 0.9886
85       85   (0)      6  : 0.0011 0.0060 0.0010 0.0034 0.0010 0.9874
86       86   (0)      6  : 0.0071 0.0464 0.0447 0.3466 0.0456 0.5096
87       87   (0)      6  : 0.0061 0.0617 0.0071 0.0077 0.0140 0.9033
88       88   (0)      5  : 0.0564 0.0010 0.0026 0.9340 0.0037 0.0023
89       89   (0)      5  : 0.0194 0.0019 0.0036 0.9637 0.0083 0.0031
90       90   (0)      5  : 0.0044 0.0011 0.0020 0.9896 0.0010 0.0019
91       91   (0)      5  : 0.0016 0.0103 0.0141 0.5222 0.0039 0.4480
92       92   (0)      5  : 0.0034 0.0014 0.0013 0.9890 0.0017 0.0031
93       93   (0)      5  : 0.0983 0.0011 0.0200 0.8773 0.0021 0.0011
94       94   (2)      1  : 0.0026 0.0051 0.9317 0.0023 0.0490 0.0093
95       95   (3)      1  : 0.0020 0.0011 0.9916 0.0019 0.0013 0.0021
96       96   (2)      1  : 0.0023 0.0010 0.9926 0.0020 0.0011 0.0010
97       97   (0)      1  : 0.0049 0.0010 0.9863 0.0019 0.0047 0.0013
98       98   (1)      1  : 0.0047 0.0163 0.9541 0.0057 0.0120 0.0071
99       99   (6)      1  : 0.0060 0.0017 0.9873 0.0016 0.0013 0.0021
100      100  (11)      1  : 0.0024 0.0016 0.9896 0.0034 0.0017 0.0013
101      101   (3)      1  : 0.0036 0.0014 0.9900 0.0016 0.0023 0.0011
102      102   (2)      1  : 0.0033 0.0030 0.9703 0.0070 0.0123 0.0041
103      103   (5)      1  : 0.0074 0.0014 0.9664 0.0049 0.0176 0.0023
104      104   (1)      1  : 0.0019 0.0010 0.9920 0.0014 0.0026 0.0011
105      105   (0)      1  : 0.0034 0.0024 0.9157 0.0181 0.0554 0.0049
106      106   (1)      1  : 0.0083 0.0066 0.9766 0.0043 0.0020 0.0023
107      107   (6)      1  : 0.0020 0.0021 0.9871 0.0056 0.0013 0.0019
108      108   (1)      1  : 0.0080 0.0014 0.9378 0.0441 0.0029 0.0057
109      109  (18)      1  : 0.0057 0.0010 0.9640 0.0047 0.0206 0.0040
110      110   (2)      1  : 0.0063 0.0014 0.9809 0.0029 0.0056 0.0030
111      111   (1)      1  : 0.0017 0.0010 0.9937 0.0013 0.0013 0.0010
112      112   (2)      1  : 0.0019 0.0009 0.9921 0.0011 0.0030 0.0010
113      113   (2)      1  : 0.0047 0.0013 0.9876 0.0023 0.0030 0.0011
114      114   (3)      1  : 0.0030 0.0021 0.9867 0.0031 0.0030 0.0020
115      115   (2)      1  : 0.0034 0.0010 0.9914 0.0021 0.0010 0.0010
116      116   (1)      1  : 0.0023 0.0009 0.9931 0.0010 0.0017 0.0010
117      117   (1)      1  : 0.0034 0.0011 0.9893 0.0021 0.0026 0.0014
118      118   (3)      1  : 0.0041 0.0063 0.9380 0.0087 0.0321 0.0107
119      119   (2)      1  : 0.0283 0.0099 0.8502 0.0871 0.0080 0.0166
120      120   (3)      1  : 0.0089 0.0014 0.9853 0.0020 0.0013 0.0011
121      121   (0)      1  : 0.0021 0.0013 0.9923 0.0017 0.0014 0.0011
122      122   (1)      1  : 0.0036 0.0084 0.9703 0.0059 0.0021 0.0097
123      123   (3)      1  : 0.0023 0.0020 0.9877 0.0023 0.0037 0.0020
124      124   (3)      1  : 0.0061 0.0013 0.9794 0.0044 0.0070 0.0017
125      125   (2)      1  : 0.1437 0.0011 0.8402 0.0030 0.0106 0.0014
126      126   (3)      1  : 0.0030 0.0031 0.9853 0.0026 0.0034 0.0026
127      127   (1)      1  : 0.0013 0.0014 0.9921 0.0017 0.0020 0.0014
128      128   (5)      1  : 0.0057 0.0010 0.9894 0.0016 0.0010 0.0013
129      129   (1)      1  : 0.0031 0.0010 0.9907 0.0010 0.0030 0.0011
130      130   (5)      1  : 0.0011 0.0013 0.9940 0.0010 0.0014 0.0011
131      131  (10)      1  : 0.0217 0.0043 0.9249 0.0063 0.0369 0.0060
132      132   (2)      1  : 0.0169 0.0056 0.9564 0.0091 0.0044 0.0076
133      133   (4)      1  : 0.0589 0.0010 0.9210 0.0141 0.0030 0.0020
134      134   (2)      1  : 0.0023 0.0166 0.9623 0.0037 0.0037 0.0114
135      135  (18)      1  : 0.0079 0.0011 0.9844 0.0017 0.0031 0.0017
136      136   (3)      1  : 0.0170 0.0016 0.9720 0.0027 0.0057 0.0010
137      137   (0)      1  : 0.0143 0.1769 0.0123 0.0737 0.0116 0.7112
138      138   (6)      1  : 0.0036 0.0366 0.0023 0.0977 0.0448 0.8151
139      139  (17)      2  : 0.9843 0.0021 0.0026 0.0051 0.0041 0.0017
140      140   (2)      2  : 0.9887 0.0010 0.0064 0.0013 0.0014 0.0011
141      141   (3)      2  : 0.9959 0.0001 0.0010 0.0010 0.0011 0.0009
142      142   (0)      2  : 0.9869 0.0011 0.0041 0.0027 0.0033 0.0019
143      143   (4)      2  : 0.9876 0.0027 0.0021 0.0024 0.0026 0.0026
144      144   (1)      2  : 0.9777 0.0029 0.0061 0.0080 0.0013 0.0040
145      145   (8)      2  : 0.9844 0.0013 0.0034 0.0031 0.0063 0.0014
146      146   (4)      2  : 0.9914 0.0006 0.0033 0.0021 0.0016 0.0010
147      147   (1)      2  : 0.9743 0.0023 0.0159 0.0020 0.0034 0.0021
148      148  (17)      2  : 0.9946 0.0010 0.0011 0.0013 0.0010 0.0010
149      149   (8)      2  : 0.9774 0.0013 0.0116 0.0033 0.0044 0.0020
150      150   (3)      2  : 0.9871 0.0020 0.0016 0.0031 0.0029 0.0033
151      151   (0)      2  : 0.9914 0.0010 0.0024 0.0020 0.0017 0.0014
152      152   (0)      2  : 0.9880 0.0010 0.0050 0.0016 0.0034 0.0010
153      153   (3)      2  : 0.9880 0.0010 0.0060 0.0020 0.0020 0.0010
154      154   (1)      2  : 0.9839 0.0010 0.0047 0.0053 0.0041 0.0010
155      155   (1)      2  : 0.9894 0.0021 0.0020 0.0019 0.0020 0.0026
156      156  (15)      2  : 0.9917 0.0010 0.0021 0.0021 0.0016 0.0014
157      157   (3)      2  : 0.9903 0.0010 0.0034 0.0026 0.0016 0.0011
158      158   (2)      2  : 0.9700 0.0024 0.0024 0.0184 0.0017 0.0050
159      159   (7)      2  : 0.9396 0.0077 0.0113 0.0274 0.0059 0.0081
160      160   (4)      2  : 0.9589 0.0050 0.0060 0.0047 0.0046 0.0208
161      161   (1)      2  : 0.9807 0.0030 0.0054 0.0040 0.0050 0.0019
162      162  (14)      2  : 0.9924 0.0010 0.0021 0.0016 0.0019 0.0010
163      163  (15)      2  : 0.9850 0.0029 0.0034 0.0030 0.0024 0.0033
164      164  (11)      2  : 0.9930 0.0010 0.0026 0.0014 0.0010 0.0010
165      165   (1)      2  : 0.9810 0.0013 0.0076 0.0063 0.0023 0.0016
166      166   (8)      2  : 0.9688 0.0043 0.0044 0.0081 0.0023 0.0120
167      167   (6)      2  : 0.9684 0.0033 0.0019 0.0157 0.0083 0.0024
168      168   (3)      2  : 0.8987 0.0086 0.0093 0.0070 0.0484 0.0280
169      169   (6)      2  : 0.8985 0.0019 0.0096 0.0041 0.0804 0.0056
170      170   (4)      2  : 0.9864 0.0009 0.0029 0.0041 0.0044 0.0013
171      171   (2)      2  : 0.9614 0.0083 0.0049 0.0117 0.0020 0.0117
172      172   (6)      2  : 0.9577 0.0011 0.0016 0.0059 0.0316 0.0021
173      173   (1)      2  : 0.9801 0.0014 0.0056 0.0047 0.0069 0.0013
174      174   (3)      2  : 0.9883 0.0010 0.0020 0.0039 0.0034 0.0014
175      175   (2)      2  : 0.9626 0.0011 0.0253 0.0020 0.0060 0.0030
176      176   (4)      2  : 0.9294 0.0010 0.0400 0.0021 0.0256 0.0019
177      177   (2)      2  : 0.8733 0.0021 0.0476 0.0110 0.0639 0.0021
178      178   (3)      2  : 0.9921 0.0010 0.0036 0.0013 0.0010 0.0010
179      179   (1)      2  : 0.9900 0.0010 0.0036 0.0013 0.0029 0.0013
180      180   (7)      2  : 0.9869 0.0011 0.0039 0.0037 0.0027 0.0017
181      181   (0)      2  : 0.9867 0.0019 0.0053 0.0017 0.0027 0.0017
182      182   (0)      7  : 0.0039 0.0019 0.0029 0.9863 0.0021 0.0030
183      183   (0)      7  : 0.0210 0.0021 0.0147 0.9482 0.0031 0.0109
184      184   (1)      7  : 0.0073 0.0039 0.0040 0.9684 0.0119 0.0046
185      185   (0)      7  : 0.0027 0.0050 0.0060 0.9736 0.0037 0.0090
186      186   (2)      7  : 0.0051 0.0049 0.0053 0.9476 0.0258 0.0113
187      187   (0)      7  : 0.0131 0.0099 0.0047 0.9580 0.0046 0.0097
188      188   (1)      7  : 0.0027 0.0026 0.0043 0.9831 0.0017 0.0056
189      189   (1)      7  : 0.0930 0.0034 0.0030 0.7548 0.0026 0.1433
190      190   (0)      7  : 0.0077 0.0016 0.0024 0.9803 0.0043 0.0037
191      191   (0)      7  : 0.0020 0.0039 0.0049 0.9840 0.0017 0.0036
192      192   (2)      7  : 0.0120 0.0021 0.0177 0.7783 0.1729 0.0170
193      193   (1)      7  : 0.0054 0.0037 0.0203 0.9654 0.0020 0.0031
194      194   (1)      7  : 0.0013 0.0130 0.0030 0.9573 0.0100 0.0154
195      195   (0)      7  : 0.0159 0.0014 0.0151 0.9529 0.0124 0.0023
196      196   (0)      7  : 0.0024 0.0026 0.0044 0.9863 0.0011 0.0031
197      197   (1)      7  : 0.0031 0.0081 0.0050 0.9754 0.0023 0.0060
198      198   (1)      7  : 0.0026 0.0017 0.0014 0.9907 0.0010 0.0026
199      199   (0)      7  : 0.0027 0.0076 0.0019 0.9773 0.0010 0.0096
200      200   (0)      7  : 0.0019 0.0047 0.2611 0.6851 0.0400 0.0073
201      201   (1)      7  : 0.2753 0.0029 0.0103 0.7057 0.0024 0.0034
202      202   (0)      7  : 0.0027 0.0019 0.0010 0.9916 0.0011 0.0017
203      203   (1)      7  : 0.0066 0.0033 0.0034 0.9826 0.0019 0.0023
204      204   (1)      7  : 0.0134 0.0239 0.2555 0.6775 0.0124 0.0173
205      205   (0)      7  : 0.0036 0.0104 0.0077 0.9676 0.0031 0.0076
206      206   (2)      7  : 0.2070 0.0033 0.0069 0.7717 0.0077 0.0034
207      207   (2)      7  : 0.0021 0.0591 0.0013 0.9229 0.0017 0.0129
208      208   (2)      7  : 0.0093 0.0064 0.0103 0.8798 0.0237 0.0704
209      209   (0)      7  : 0.0181 0.0703 0.0036 0.8943 0.0011 0.0126
210      210   (1)      7  : 0.0019 0.0047 0.0054 0.9783 0.0024 0.0073
211      211   (0)      7  : 0.0081 0.0029 0.0019 0.9824 0.0033 0.0014
212      212  (10)      7  : 0.0947 0.0033 0.0013 0.8918 0.0033 0.0056
213      213   (1)      7  : 0.0077 0.0039 0.0034 0.9783 0.0010 0.0057
214      214   (0)      7  : 0.0128 0.0023 0.0031 0.9682 0.0039 0.0097
215      215   (2)      7  : 0.0159 0.0030 0.2898 0.5705 0.1179 0.0030
216      216   (1)      4  : 0.0010 0.0009 0.0010 0.0010 0.9953 0.0009
217      217   (1)      4  : 0.0020 0.0021 0.0010 0.0017 0.9913 0.0019
218      218   (1)      4  : 0.0010 0.0010 0.0013 0.0010 0.9947 0.0010
219      219   (1)      4  : 0.0010 0.0010 0.0010 0.0010 0.9950 0.0010
220      220   (1)      4  : 0.1914 0.0019 0.0630 0.0139 0.7267 0.0031
221      221   (1)      4  : 0.0021 0.0017 0.0023 0.0021 0.9889 0.0029
222      222  (10)      4  : 0.0049 0.0016 0.0041 0.0013 0.9834 0.0047
223      223   (2)      4  : 0.0013 0.0009 0.0033 0.0010 0.9926 0.0010
224      224   (0)      4  : 0.0014 0.0013 0.0061 0.0019 0.9873 0.0020
225      225   (2)      4  : 0.0010 0.0007 0.0010 0.0010 0.9954 0.0009
226      226   (0)      4  : 0.0010 0.0010 0.0016 0.0011 0.9943 0.0010
