1        1   (0)      3  : 0.0020 0.9890 0.0010 0.0010 0.0010 0.0030 0.0020 0.0010
2        2   (0)      3  : 0.0020 0.9610 0.0060 0.0060 0.0030 0.0100 0.0100 0.0020
3        3   (0)      3  : 0.0010 0.9920 0.0010 0.0010 0.0010 0.0010 0.0020 0.0010
4        4   (0)      3  : 0.0010 0.9840 0.0020 0.0020 0.0010 0.0020 0.0040 0.0040
5        5   (0)      3  : 0.0010 0.9930 0.0010 0.0010 0.0010 0.0010 0.0010 0.0010
6        6   (0)      3  : 0.0010 0.9880 0.0020 0.0010 0.0010 0.0030 0.0020 0.0020
7        7   (0)      3  : 0.0010 0.9930 0.0010 0.0010 0.0010 0.0010 0.0010 0.0010
8        8   (0)      3  : 0.0010 0.9800 0.0020 0.0010 0.0010 0.0060 0.0070 0.0020
9        9   (0)      3  : 0.0010 0.9910 0.0010 0.0010 0.0010 0.0030 0.0010 0.0010
10       10   (0)      3  : 0.0020 0.9610 0.0020 0.0070 0.0050 0.0110 0.0090 0.0030
11       11   (0)      3  : 0.0010 0.9340 0.0080 0.0080 0.0010 0.0120 0.0330 0.0030
12       12   (0)      3  : 0.0010 0.9730 0.0040 0.0040 0.0020 0.0060 0.0060 0.0040
13       13   (0)      3  : 0.0000 0.9950 0.0010 0.0010 0.0000 0.0010 0.0010 0.0010
14       14   (0)      3  : 0.0010 0.9720 0.0030 0.0020 0.0020 0.0030 0.0150 0.0020
15       15   (0)      3  : 0.0010 0.9910 0.0010 0.0010 0.0010 0.0010 0.0020 0.0020
16       16   (0)      3  : 0.0000 0.9870 0.0010 0.0010 0.0010 0.0030 0.0060 0.0010
17       17   (0)      3  : 0.0010 0.9650 0.0010 0.0010 0.0010 0.0280 0.0010 0.0020
18       18   (0)      3  : 0.0130 0.9350 0.0080 0.0090 0.0010 0.0190 0.0020 0.0130
19       19   (0)      3  : 0.0000 0.9960 0.0010 0.0000 0.0000 0.0010 0.0010 0.0010
20       20   (0)      3  : 0.0010 0.9900 0.0010 0.0010 0.0010 0.0020 0.0020 0.0020
21       21   (0)      3  : 0.0010 0.9880 0.0020 0.0020 0.0010 0.0020 0.0020 0.0020
22       22   (0)      3  : 0.0020 0.9650 0.0050 0.0030 0.0020 0.0040 0.0140 0.0050
23       23   (0)      3  : 0.0010 0.9910 0.0010 0.0010 0.0010 0.0010 0.0030 0.0010
24       24   (0)      3  : 0.0010 0.9910 0.0010 0.0010 0.0010 0.0020 0.0020 0.0010
25       25   (0)      3  : 0.0010 0.9880 0.0020 0.0020 0.0010 0.0020 0.0030 0.0010
26       26   (0)      3  : 0.0010 0.9930 0.0010 0.0010 0.0000 0.0010 0.0020 0.0010
27       27   (0)      3  : 0.0010 0.9930 0.0010 0.0010 0.0010 0.0010 0.0010 0.0010
28       28   (0)      3  : 0.0010 0.9820 0.0030 0.0010 0.0020 0.0020 0.0070 0.0020
29       29   (0)      3  : 0.0000 0.9910 0.0010 0.0010 0.0010 0.0020 0.0020 0.0020
30       30   (0)      3  : 0.0000 0.9940 0.0010 0.0010 0.0010 0.0010 0.0010 0.0010
31       31   (0)      3  : 0.0010 0.9630 0.0030 0.0020 0.0010 0.0060 0.0200 0.0040
32       32   (0)      3  : 0.0010 0.9850 0.0030 0.0020 0.0010 0.0020 0.0040 0.0020
33       33   (0)      3  : 0.0010 0.9920 0.0010 0.0010 0.0010 0.0010 0.0020 0.0010
34       34   (0)      3  : 0.0010 0.9930 0.0010 0.0010 0.0000 0.0010 0.0020 0.0010
35       35   (0)      3  : 0.0010 0.9920 0.0010 0.0010 0.0010 0.0010 0.0020 0.0010
36       36   (0)      5  : 0.0100 0.0260 0.0601 0.3874 0.0110 0.0430 0.0030 0.4595
37       37   (0)      5  : 0.0130 0.0020 0.1330 0.8280 0.0020 0.0130 0.0040 0.0050
38       38   (0)      6  : 0.0020 0.0070 0.0010 0.0020 0.0030 0.6850 0.2960 0.0040
39       39   (0)      6  : 0.0010 0.0580 0.0020 0.0040 0.0020 0.0070 0.0020 0.9240
40       40   (0)      6  : 0.0010 0.1850 0.0020 0.0020 0.0030 0.0070 0.0020 0.7980
41       41   (0)      6  : 0.0030 0.0070 0.1000 0.0110 0.0030 0.8020 0.0120 0.0620
42       42   (0)      6  : 0.0160 0.0080 0.0480 0.0160 0.0010 0.5800 0.3180 0.0130
43       43   (0)      5  : 0.0030 0.0010 0.0010 0.9900 0.0010 0.0010 0.0010 0.0020
44       44   (0)      5  : 0.0060 0.0400 0.0440 0.0460 0.0010 0.7357 0.0981 0.0290
45       45   (0)      5  : 0.0140 0.0010 0.0450 0.8719 0.0621 0.0010 0.0010 0.0040
46       46   (0)      5  : 0.0240 0.0020 0.0430 0.9170 0.0030 0.0030 0.0020 0.0060
47       47   (0)      5  : 0.0050 0.0080 0.7842 0.0130 0.0030 0.0410 0.0120 0.1339
48       48   (0)      5  : 0.0030 0.0160 0.0719 0.0509 0.0020 0.0480 0.0030 0.8052
49       49   (0)      5  : 0.0150 0.0070 0.0060 0.2170 0.0030 0.7430 0.0030 0.0060
50       50   (0)      5  : 0.1940 0.0020 0.0070 0.7790 0.0020 0.0100 0.0020 0.0040
51       51   (0)      5  : 0.0100 0.0020 0.0470 0.9110 0.0130 0.0060 0.0030 0.0080
52       52   (0)      6  : 0.0010 0.0350 0.0050 0.0030 0.0020 0.9109 0.0400 0.0030
53       53   (0)      6  : 0.0060 0.0830 0.0100 0.0220 0.0100 0.8390 0.0130 0.0170
54       54   (0)      6  : 0.0040 0.0541 0.0040 0.0040 0.0020 0.4444 0.2262 0.2613
55       55   (0)      6  : 0.0909 0.0060 0.0310 0.0070 0.0100 0.8292 0.0060 0.0200
56       56   (0)      6  : 0.0010 0.0110 0.0020 0.0010 0.0020 0.0030 0.9780 0.0020
57       57   (0)      6  : 0.0030 0.0160 0.0080 0.0080 0.0010 0.9179 0.0080 0.0380
58       58   (0)      6  : 0.0290 0.0020 0.0080 0.0050 0.0180 0.3980 0.5100 0.0300
59       59   (0)      6  : 0.0180 0.0350 0.0060 0.0100 0.0050 0.0220 0.0050 0.8989
60       60   (0)      6  : 0.0010 0.0020 0.0010 0.0010 0.0010 0.0010 0.9910 0.0020
61       61   (0)      6  : 0.0010 0.0020 0.0020 0.0020 0.0010 0.0010 0.9900 0.0010
62       62   (0)      6  : 0.0010 0.0040 0.0040 0.0030 0.0010 0.9490 0.0210 0.0170
63       63   (0)      6  : 0.0010 0.0080 0.0010 0.0010 0.0020 0.9800 0.0050 0.0020
64       64   (0)      6  : 0.0040 0.3980 0.0020 0.0010 0.0060 0.5830 0.0030 0.0030
65       65   (0)      6  : 0.0020 0.3650 0.0030 0.0050 0.0070 0.5970 0.0140 0.0070
66       66   (0)      6  : 0.0070 0.5420 0.3800 0.0030 0.0010 0.0580 0.0040 0.0050
67       67   (0)      6  : 0.0300 0.5395 0.2142 0.0651 0.0020 0.0931 0.0300 0.0260
68       68   (0)      6  : 0.0010 0.0020 0.0010 0.0010 0.0010 0.0010 0.9920 0.0010
69       69   (0)      6  : 0.0010 0.4585 0.0440 0.0310 0.0030 0.4394 0.0030 0.0200
70       70   (0)      6  : 0.0010 0.0090 0.0060 0.0020 0.0020 0.0180 0.9590 0.0030
71       71   (0)      6  : 0.0010 0.0140 0.0020 0.0020 0.0010 0.0020 0.9760 0.0020
72       72   (0)      6  : 0.0010 0.0020 0.0020 0.0020 0.0010 0.0020 0.9890 0.0010
73       73   (0)      6  : 0.0670 0.0140 0.0040 0.0040 0.0240 0.1810 0.7040 0.0020
74       74   (0)      6  : 0.0020 0.0060 0.0070 0.0030 0.0040 0.9700 0.0040 0.0040
75       75   (0)      6  : 0.0020 0.0100 0.0090 0.0020 0.0010 0.9680 0.0010 0.0070
76       76   (0)      6  : 0.0110 0.0050 0.0130 0.0060 0.0050 0.9269 0.0040 0.0290
77       77   (0)      6  : 0.0410 0.0110 0.0020 0.0170 0.1580 0.1090 0.6450 0.0170
78       78   (0)      6  : 0.0010 0.0080 0.0050 0.0040 0.0020 0.8901 0.0859 0.0040
79       79   (0)      6  : 0.0040 0.0020 0.0040 0.0040 0.0030 0.9690 0.0020 0.0120
80       80   (0)      6  : 0.0010 0.0090 0.0020 0.0020 0.0020 0.9220 0.0600 0.0020
81       81   (0)      6  : 0.0010 0.0070 0.0020 0.0010 0.0020 0.9780 0.0020 0.0070
82       82   (0)      6  : 0.0120 0.0600 0.0100 0.0120 0.0020 0.8860 0.0150 0.0030
83       83   (0)      6  : 0.0040 0.0140 0.0080 0.0060 0.0060 0.3223 0.6266 0.0130
84       84   (0)      6  : 0.0020 0.0060 0.0020 0.0030 0.0010 0.6657 0.3193 0.0010
85       85   (0)      6  : 0.0010 0.0020 0.0020 0.0020 0.0010 0.0020 0.9880 0.0020
86       86   (0)      6  : 0.0030 0.0040 0.0010 0.0010 0.0080 0.0050 0.0040 0.9740
87       87   (0)      6  : 0.0030 0.0809 0.0140 0.0040 0.0060 0.5544 0.0839 0.2537
88       88   (0)      5  : 0.0040 0.0010 0.0020 0.9860 0.0020 0.0020 0.0010 0.0020
89       89   (0)      5  : 0.0100 0.0010 0.9690 0.0090 0.0060 0.0020 0.0010 0.0020
90       90   (0)      5  : 0.0040 0.0010 0.9810 0.0040 0.0010 0.0020 0.0030 0.0040
91       91   (0)      5  : 0.0090 0.0170 0.0230 0.4510 0.0040 0.4910 0.0020 0.0030
92       92   (0)      5  : 0.0020 0.0010 0.0150 0.9210 0.0010 0.0060 0.0040 0.0500
93       93   (0)      5  : 0.3093 0.0010 0.6557 0.0260 0.0020 0.0010 0.0010 0.0040
94       94   (2)      1  : 0.7240 0.0060 0.0020 0.0020 0.2440 0.0040 0.0100 0.0080
95       95   (3)      1  : 0.9810 0.0030 0.0020 0.0020 0.0030 0.0030 0.0040 0.0020
96       96   (2)      1  : 0.9820 0.0020 0.0010 0.0050 0.0020 0.0020 0.0020 0.0040
97       97   (0)      1  : 0.9720 0.0010 0.0010 0.0030 0.0190 0.0020 0.0010 0.0010
98       98   (1)      1  : 0.8690 0.0430 0.0020 0.0020 0.0600 0.0140 0.0040 0.0060
99       99   (6)      1  : 0.9840 0.0030 0.0020 0.0020 0.0020 0.0020 0.0030 0.0020
100      100  (11)      1  : 0.9749 0.0030 0.0040 0.0040 0.0080 0.0020 0.0030 0.0010
101      101   (3)      1  : 0.9740 0.0050 0.0020 0.0020 0.0110 0.0020 0.0020 0.0020
102      102   (2)      1  : 0.8749 0.0080 0.0050 0.0100 0.0631 0.0120 0.0140 0.0130
103      103   (5)      1  : 0.8999 0.0020 0.0020 0.0020 0.0851 0.0030 0.0030 0.0030
104      104   (1)      1  : 0.9800 0.0010 0.0010 0.0020 0.0120 0.0010 0.0010 0.0020
105      105   (0)      1  : 0.7040 0.0020 0.0110 0.0090 0.2590 0.0070 0.0050 0.0030
106      106   (1)      1  : 0.9700 0.0040 0.0010 0.0020 0.0030 0.0050 0.0020 0.0130
107      107   (6)      1  : 0.9680 0.0070 0.0060 0.0020 0.0030 0.0030 0.0040 0.0070
108      108   (1)      1  : 0.9310 0.0030 0.0130 0.0130 0.0030 0.0180 0.0020 0.0170
109      109  (18)      1  : 0.9120 0.0020 0.0030 0.0020 0.0690 0.0030 0.0010 0.0080
110      110   (2)      1  : 0.9370 0.0050 0.0030 0.0020 0.0310 0.0080 0.0120 0.0020
111      111   (1)      1  : 0.9870 0.0020 0.0010 0.0010 0.0030 0.0010 0.0020 0.0030
112      112   (2)      1  : 0.9530 0.0010 0.0010 0.0010 0.0410 0.0010 0.0010 0.0010
113      113   (2)      1  : 0.9790 0.0020 0.0050 0.0010 0.0060 0.0020 0.0010 0.0040
114      114   (3)      1  : 0.9460 0.0060 0.0040 0.0030 0.0280 0.0030 0.0010 0.0090
115      115   (2)      1  : 0.9880 0.0010 0.0020 0.0020 0.0030 0.0010 0.0010 0.0020
116      116   (1)      1  : 0.9900 0.0010 0.0010 0.0010 0.0040 0.0010 0.0010 0.0010
117      117   (1)      1  : 0.9730 0.0020 0.0020 0.0010 0.0170 0.0020 0.0010 0.0020
118      118   (3)      1  : 0.8148 0.0060 0.0050 0.0130 0.1151 0.0050 0.0030 0.0380
119      119   (2)      1  : 0.8741 0.0320 0.0110 0.0190 0.0200 0.0230 0.0120 0.0090
120      120   (3)      1  : 0.9900 0.0020 0.0010 0.0020 0.0020 0.0010 0.0010 0.0010
121      121   (0)      1  : 0.9720 0.0040 0.0020 0.0040 0.0110 0.0020 0.0020 0.0030
122      122   (1)      1  : 0.9079 0.0220 0.0090 0.0030 0.0070 0.0130 0.0050 0.0330
123      123   (3)      1  : 0.9379 0.0040 0.0020 0.0010 0.0480 0.0020 0.0020 0.0030
124      124   (3)      1  : 0.9279 0.0010 0.0040 0.0030 0.0591 0.0020 0.0010 0.0020
125      125   (2)      1  : 0.9870 0.0010 0.0010 0.0020 0.0040 0.0020 0.0010 0.0020
126      126   (3)      1  : 0.9360 0.0130 0.0040 0.0020 0.0260 0.0050 0.0030 0.0110
127      127   (1)      1  : 0.9690 0.0020 0.0030 0.0030 0.0120 0.0040 0.0030 0.0040
128      128   (5)      1  : 0.9920 0.0010 0.0010 0.0010 0.0010 0.0010 0.0020 0.0010
129      129   (1)      1  : 0.9740 0.0020 0.0010 0.0020 0.0160 0.0020 0.0010 0.0020
130      130   (5)      1  : 0.9790 0.0030 0.0010 0.0020 0.0080 0.0030 0.0020 0.0020
131      131  (10)      1  : 0.9119 0.0070 0.0030 0.0100 0.0130 0.0080 0.0100 0.0370
132      132   (2)      1  : 0.9520 0.0070 0.0030 0.0070 0.0070 0.0170 0.0050 0.0020
133      133   (4)      1  : 0.9820 0.0010 0.0020 0.0040 0.0040 0.0020 0.0010 0.0040
134      134   (2)      1  : 0.8561 0.0360 0.0030 0.0010 0.0200 0.0100 0.0549 0.0190
135      135  (18)      1  : 0.9850 0.0010 0.0020 0.0020 0.0050 0.0010 0.0020 0.0020
136      136   (3)      1  : 0.9830 0.0020 0.0010 0.0020 0.0080 0.0010 0.0020 0.0010
137      137   (0)      1  : 0.0080 0.1710 0.0110 0.0390 0.0050 0.7460 0.0170 0.0030
138      138   (6)      1  : 0.0020 0.0150 0.0130 0.0300 0.0110 0.8400 0.0040 0.0850
139      139  (17)      2  : 0.9461 0.0020 0.0160 0.0240 0.0020 0.0040 0.0020 0.0040
140      140   (2)      2  : 0.9900 0.0010 0.0020 0.0020 0.0010 0.0020 0.0010 0.0010
141      141   (3)      2  : 0.9850 0.0010 0.0040 0.0060 0.0010 0.0010 0.0010 0.0010
142      142   (0)      2  : 0.9609 0.0010 0.0030 0.0271 0.0020 0.0020 0.0020 0.0020
143      143   (4)      2  : 0.9590 0.0030 0.0050 0.0120 0.0020 0.0120 0.0030 0.0040
144      144   (1)      2  : 0.8969 0.0020 0.0470 0.0380 0.0010 0.0050 0.0030 0.0070
145      145   (8)      2  : 0.9810 0.0010 0.0020 0.0050 0.0040 0.0020 0.0020 0.0030
146      146   (4)      2  : 0.9790 0.0010 0.0060 0.0090 0.0010 0.0010 0.0010 0.0020
147      147   (1)      2  : 0.9780 0.0020 0.0050 0.0040 0.0020 0.0030 0.0020 0.0040
148      148  (17)      2  : 0.9850 0.0010 0.0020 0.0070 0.0010 0.0020 0.0010 0.0010
149      149   (8)      2  : 0.9780 0.0010 0.0070 0.0040 0.0010 0.0020 0.0020 0.0050
150      150   (3)      2  : 0.9330 0.0020 0.0210 0.0210 0.0020 0.0040 0.0060 0.0110
151      151   (0)      2  : 0.9790 0.0010 0.0060 0.0040 0.0010 0.0020 0.0020 0.0050
152      152   (0)      2  : 0.9870 0.0010 0.0020 0.0060 0.0010 0.0010 0.0010 0.0010
153      153   (3)      2  : 0.9830 0.0010 0.0050 0.0050 0.0020 0.0020 0.0010 0.0010
154      154   (1)      2  : 0.9730 0.0010 0.0070 0.0100 0.0030 0.0030 0.0020 0.0010
155      155   (1)      2  : 0.9830 0.0020 0.0060 0.0040 0.0010 0.0010 0.0020 0.0010
156      156  (15)      2  : 0.9550 0.0030 0.0060 0.0100 0.0020 0.0070 0.0030 0.0140
157      157   (3)      2  : 0.9390 0.0010 0.0070 0.0470 0.0010 0.0020 0.0020 0.0010
158      158   (2)      2  : 0.7628 0.0010 0.0901 0.1341 0.0020 0.0030 0.0040 0.0030
159      159   (7)      2  : 0.9390 0.0020 0.0200 0.0190 0.0030 0.0060 0.0040 0.0070
160      160   (4)      2  : 0.9450 0.0020 0.0070 0.0120 0.0020 0.0090 0.0070 0.0160
161      161   (1)      2  : 0.9800 0.0010 0.0030 0.0080 0.0030 0.0010 0.0010 0.0030
162      162  (14)      2  : 0.9840 0.0010 0.0020 0.0040 0.0030 0.0010 0.0010 0.0040
163      163  (15)      2  : 0.9379 0.0050 0.0160 0.0200 0.0010 0.0100 0.0020 0.0080
164      164  (11)      2  : 0.9900 0.0010 0.0020 0.0020 0.0020 0.0010 0.0010 0.0010
165      165   (1)      2  : 0.9750 0.0010 0.0110 0.0050 0.0020 0.0020 0.0020 0.0020
166      166   (8)      2  : 0.8981 0.0030 0.0170 0.0390 0.0030 0.0120 0.0050 0.0230
167      167   (6)      2  : 0.8162 0.0020 0.0250 0.1399 0.0060 0.0020 0.0040 0.0050
168      168   (3)      2  : 0.8690 0.0040 0.0140 0.0360 0.0220 0.0180 0.0230 0.0140
169      169   (6)      2  : 0.9479 0.0010 0.0080 0.0100 0.0140 0.0050 0.0060 0.0080
170      170   (4)      2  : 0.9180 0.0010 0.0120 0.0550 0.0020 0.0020 0.0030 0.0070
171      171   (2)      2  : 0.8810 0.0070 0.0160 0.0650 0.0010 0.0060 0.0060 0.0180
172      172   (6)      2  : 0.9029 0.0010 0.0210 0.0340 0.0250 0.0030 0.0020 0.0110
173      173   (1)      2  : 0.9740 0.0010 0.0020 0.0150 0.0040 0.0020 0.0010 0.0010
174      174   (3)      2  : 0.9520 0.0010 0.0080 0.0280 0.0030 0.0020 0.0010 0.0050
175      175   (2)      2  : 0.9900 0.0010 0.0010 0.0010 0.0020 0.0010 0.0030 0.0010
176      176   (4)      2  : 0.9810 0.0010 0.0030 0.0040 0.0050 0.0020 0.0020 0.0020
177      177   (2)      2  : 0.9409 0.0010 0.0090 0.0050 0.0381 0.0010 0.0030 0.0020
178      178   (3)      2  : 0.9890 0.0010 0.0010 0.0050 0.0010 0.0010 0.0010 0.0010
179      179   (1)      2  : 0.9830 0.0010 0.0030 0.0040 0.0010 0.0030 0.0030 0.0020
180      180   (7)      2  : 0.9800 0.0010 0.0040 0.0070 0.0020 0.0020 0.0010 0.0030
181      181   (0)      2  : 0.9650 0.0030 0.0020 0.0200 0.0020 0.0020 0.0020 0.0040
182      182   (0)      7  : 0.0030 0.0020 0.0680 0.9160 0.0020 0.0040 0.0030 0.0020
183      183   (0)      7  : 0.0300 0.0030 0.0370 0.8960 0.0040 0.0120 0.0100 0.0080
184      184   (1)      7  : 0.0100 0.0040 0.3560 0.5850 0.0220 0.0060 0.0140 0.0030
185      185   (0)      7  : 0.0060 0.0060 0.1000 0.8480 0.0040 0.0240 0.0040 0.0080
186      186   (2)      7  : 0.0110 0.0050 0.8879 0.0040 0.0591 0.0060 0.0070 0.0200
187      187   (0)      7  : 0.0070 0.0130 0.0090 0.9550 0.0050 0.0050 0.0040 0.0020
188      188   (1)      7  : 0.0020 0.0040 0.0230 0.9520 0.0030 0.0060 0.0070 0.0030
189      189   (1)      7  : 0.0080 0.0050 0.0030 0.8781 0.0040 0.0939 0.0050 0.0030
190      190   (0)      7  : 0.0090 0.0020 0.6990 0.2770 0.0060 0.0020 0.0030 0.0020
191      191   (0)      7  : 0.0070 0.0040 0.3250 0.6430 0.0020 0.0110 0.0040 0.0040
192      192   (2)      7  : 0.0170 0.0020 0.0530 0.6800 0.1960 0.0030 0.0460 0.0030
193      193   (1)      7  : 0.0240 0.0020 0.0660 0.8940 0.0050 0.0040 0.0020 0.0030
194      194   (1)      7  : 0.0020 0.0080 0.9079 0.0280 0.0190 0.0090 0.0150 0.0110
195      195   (0)      7  : 0.0941 0.0020 0.3203 0.5556 0.0210 0.0030 0.0020 0.0020
196      196   (0)      7  : 0.0070 0.0020 0.9249 0.0511 0.0010 0.0040 0.0020 0.0080
197      197   (1)      7  : 0.0030 0.0030 0.9670 0.0050 0.0040 0.0090 0.0030 0.0060
198      198   (1)      7  : 0.0020 0.0010 0.9860 0.0030 0.0010 0.0020 0.0020 0.0030
199      199   (0)      7  : 0.0020 0.0100 0.1000 0.8320 0.0010 0.0230 0.0030 0.0290
200      200   (0)      7  : 0.1050 0.0020 0.7150 0.0120 0.1480 0.0080 0.0020 0.0080
201      201   (1)      7  : 0.3644 0.0040 0.2883 0.3093 0.0020 0.0040 0.0020 0.0260
202      202   (0)      7  : 0.0010 0.0010 0.9150 0.0770 0.0010 0.0020 0.0010 0.0020
203      203   (1)      7  : 0.0050 0.0030 0.0210 0.9630 0.0020 0.0010 0.0010 0.0040
204      204   (1)      7  : 0.3584 0.0681 0.3243 0.1762 0.0250 0.0400 0.0040 0.0040
205      205   (0)      7  : 0.0110 0.0100 0.5920 0.3550 0.0070 0.0150 0.0040 0.0060
206      206   (2)      7  : 0.1748 0.0030 0.1269 0.6763 0.0100 0.0030 0.0040 0.0020
207      207   (2)      7  : 0.0010 0.0110 0.9640 0.0040 0.0020 0.0050 0.0050 0.0080
208      208   (2)      7  : 0.0560 0.0060 0.2500 0.4840 0.0270 0.1010 0.0120 0.0640
209      209   (0)      7  : 0.0070 0.0460 0.9020 0.0200 0.0010 0.0150 0.0040 0.0050
210      210   (1)      7  : 0.0040 0.0020 0.9700 0.0070 0.0030 0.0030 0.0060 0.0050
211      211   (0)      7  : 0.0020 0.0020 0.0090 0.9790 0.0020 0.0020 0.0020 0.0020
212      212  (10)      7  : 0.0060 0.0020 0.9330 0.0460 0.0060 0.0020 0.0030 0.0020
213      213   (1)      7  : 0.0030 0.0050 0.3770 0.5980 0.0010 0.0040 0.0050 0.0070
214      214   (0)      7  : 0.0090 0.0030 0.5964 0.3397 0.0070 0.0120 0.0070 0.0260
215      215   (2)      7  : 0.4180 0.0020 0.4660 0.0030 0.1030 0.0010 0.0020 0.0050
216      216   (1)      4  : 0.0010 0.0010 0.0010 0.0010 0.9930 0.0010 0.0010 0.0010
217      217   (1)      4  : 0.0020 0.0020 0.0020 0.0020 0.9860 0.0030 0.0020 0.0010
218      218   (1)      4  : 0.0010 0.0010 0.0010 0.0010 0.9930 0.0010 0.0010 0.0010
219      219   (1)      4  : 0.0010 0.0000 0.0010 0.0010 0.9940 0.0010 0.0010 0.0010
220      220   (1)      4  : 0.2927 0.0020 0.0030 0.0040 0.6873 0.0060 0.0030 0.0020
221      221   (1)      4  : 0.0020 0.0020 0.0020 0.0020 0.9820 0.0030 0.0010 0.0060
222      222  (10)      4  : 0.0070 0.0020 0.0020 0.0020 0.9730 0.0030 0.0090 0.0020
223      223   (2)      4  : 0.0030 0.0010 0.0010 0.0010 0.9910 0.0010 0.0010 0.0010
224      224   (0)      4  : 0.0020 0.0020 0.0020 0.0020 0.9870 0.0010 0.0020 0.0020
225      225   (2)      4  : 0.0010 0.0010 0.0010 0.0010 0.9940 0.0010 0.0000 0.0010
226      226   (0)      4  : 0.0010 0.0000 0.0010 0.0010 0.9940 0.0010 0.0010 0.0010
