1        1   (0)      3  : 0.0010 0.9950 0.0010 0.0010 0.0010 0.0010
2        2   (0)      3  : 0.0020 0.9830 0.0020 0.0060 0.0020 0.0050
3        3   (0)      3  : 0.0010 0.9950 0.0010 0.0010 0.0010 0.0010
4        4   (0)      3  : 0.0010 0.9940 0.0020 0.0020 0.0010 0.0000
5        5   (0)      3  : 0.0010 0.9950 0.0010 0.0010 0.0010 0.0010
6        6   (0)      3  : 0.0010 0.9930 0.0010 0.0020 0.0010 0.0020
7        7   (0)      3  : 0.0010 0.9940 0.0010 0.0010 0.0010 0.0020
8        8   (0)      3  : 0.0010 0.9950 0.0010 0.0010 0.0010 0.0010
9        9   (0)      3  : 0.0010 0.9940 0.0010 0.0020 0.0010 0.0010
10       10   (0)      3  : 0.0010 0.9750 0.0120 0.0050 0.0050 0.0020
11       11   (0)      3  : 0.0010 0.9920 0.0010 0.0040 0.0010 0.0010
12       12   (0)      3  : 0.0020 0.9900 0.0020 0.0030 0.0020 0.0010
13       13   (0)      3  : 0.0010 0.9950 0.0010 0.0010 0.0010 0.0010
14       14   (0)      3  : 0.0010 0.9950 0.0010 0.0010 0.0010 0.0010
15       15   (0)      3  : 0.0010 0.9940 0.0010 0.0020 0.0010 0.0010
16       16   (0)      3  : 0.0010 0.9950 0.0010 0.0010 0.0010 0.0010
17       17   (0)      3  : 0.0010 0.9940 0.0010 0.0010 0.0020 0.0010
18       18   (0)      3  : 0.0090 0.9670 0.0040 0.0070 0.0030 0.0100
19       19   (0)      3  : 0.0010 0.9950 0.0010 0.0010 0.0010 0.0010
20       20   (0)      3  : 0.0010 0.9950 0.0010 0.0010 0.0010 0.0010
21       21   (0)      3  : 0.0020 0.9930 0.0010 0.0020 0.0010 0.0010
22       22   (0)      3  : 0.0030 0.9880 0.0010 0.0030 0.0020 0.0030
23       23   (0)      3  : 0.0010 0.9950 0.0010 0.0010 0.0010 0.0010
24       24   (0)      3  : 0.0010 0.9950 0.0010 0.0010 0.0010 0.0010
25       25   (0)      3  : 0.0020 0.9910 0.0020 0.0020 0.0010 0.0020
26       26   (0)      3  : 0.0020 0.9910 0.0010 0.0030 0.0010 0.0020
27       27   (0)      3  : 0.0010 0.9950 0.0010 0.0010 0.0010 0.0010
28       28   (0)      3  : 0.0010 0.9910 0.0030 0.0020 0.0010 0.0020
29       29   (0)      3  : 0.0010 0.9950 0.0010 0.0010 0.0010 0.0010
30       30   (0)      3  : 0.0010 0.9950 0.0010 0.0010 0.0010 0.0010
31       31   (0)      3  : 0.0020 0.9900 0.0020 0.0030 0.0010 0.0020
32       32   (0)      3  : 0.0010 0.9920 0.0010 0.0030 0.0020 0.0010
33       33   (0)      3  : 0.0010 0.9960 0.0010 0.0010 0.0010 0.0000
34       34   (0)      3  : 0.0010 0.9960 0.0010 0.0010 0.0000 0.0010
35       35   (0)      3  : 0.0010 0.9950 0.0010 0.0010 0.0010 0.0010
36       36   (0)      5  : 0.0070 0.1628 0.0190 0.7842 0.0130 0.0140
37       37   (0)      5  : 0.0130 0.0060 0.0020 0.9700 0.0030 0.0060
38       38   (0)      6  : 0.2240 0.7310 0.0060 0.0160 0.0080 0.0150
39       39   (0)      6  : 0.0030 0.4260 0.0080 0.5530 0.0090 0.0010
40       40   (0)      6  : 0.0020 0.5150 0.0200 0.4480 0.0060 0.0090
41       41   (0)      6  : 0.0040 0.4420 0.0050 0.5410 0.0030 0.0050
42       42   (0)      6  : 0.0330 0.5000 0.0200 0.4390 0.0020 0.0060
43       43   (0)      5  : 0.0430 0.0020 0.0020 0.9440 0.0040 0.0050
44       44   (0)      5  : 0.0170 0.5120 0.0130 0.4509 0.0040 0.0030
45       45   (0)      5  : 0.0090 0.0020 0.0050 0.9341 0.0480 0.0020
46       46   (0)      5  : 0.0170 0.0030 0.0130 0.9530 0.0020 0.0120
47       47   (0)      5  : 0.0130 0.0989 0.0060 0.8721 0.0060 0.0040
48       48   (0)      5  : 0.0090 0.3100 0.0100 0.6600 0.0090 0.0020
49       49   (0)      5  : 0.0410 0.4200 0.0050 0.5190 0.0100 0.0050
50       50   (0)      5  : 0.0570 0.0030 0.1290 0.7790 0.0040 0.0280
51       51   (0)      5  : 0.0120 0.0060 0.0070 0.9570 0.0100 0.0080
52       52   (0)      6  : 0.0040 0.6026 0.0060 0.3774 0.0090 0.0010
53       53   (0)      6  : 0.1760 0.6000 0.0030 0.1820 0.0360 0.0030
54       54   (0)      6  : 0.0270 0.6450 0.1220 0.1840 0.0070 0.0150
55       55   (0)      6  : 0.0180 0.4060 0.2730 0.2830 0.0030 0.0170
56       56   (0)      6  : 0.0220 0.8158 0.0170 0.1241 0.0120 0.0090
57       57   (0)      6  : 0.0310 0.5470 0.0040 0.4120 0.0030 0.0030
58       58   (0)      6  : 0.0600 0.6480 0.1770 0.0590 0.0480 0.0080
59       59   (0)      6  : 0.0420 0.4140 0.0680 0.4080 0.0090 0.0590
60       60   (0)      6  : 0.0060 0.5986 0.0050 0.3684 0.0170 0.0050
61       61   (0)      6  : 0.0030 0.5986 0.0020 0.3894 0.0040 0.0030
62       62   (0)      6  : 0.0300 0.5355 0.0020 0.4266 0.0040 0.0020
63       63   (0)      6  : 0.0120 0.5990 0.0120 0.2940 0.0270 0.0560
64       64   (0)      6  : 0.1209 0.7992 0.0450 0.0030 0.0210 0.0110
65       65   (0)      6  : 0.0070 0.6950 0.0340 0.2390 0.0150 0.0100
66       66   (0)      6  : 0.0040 0.6330 0.0020 0.3560 0.0010 0.0040
67       67   (0)      6  : 0.0100 0.6220 0.0050 0.3510 0.0010 0.0110
68       68   (0)      6  : 0.0230 0.5960 0.0030 0.3660 0.0040 0.0080
69       69   (0)      6  : 0.0110 0.6717 0.0050 0.3063 0.0040 0.0020
70       70   (0)      6  : 0.1854 0.7214 0.0110 0.0551 0.0050 0.0220
71       71   (0)      6  : 0.0270 0.7592 0.0030 0.1818 0.0270 0.0020
72       72   (0)      6  : 0.0120 0.6054 0.0020 0.3696 0.0090 0.0020
73       73   (0)      6  : 0.0460 0.6770 0.0490 0.0340 0.0620 0.1320
74       74   (0)      6  : 0.0230 0.5465 0.0050 0.4014 0.0200 0.0040
75       75   (0)      6  : 0.0040 0.5145 0.0120 0.4496 0.0040 0.0160
76       76   (0)      6  : 0.2298 0.5385 0.0230 0.1938 0.0060 0.0090
77       77   (0)      6  : 0.0621 0.5596 0.0140 0.0741 0.2563 0.0340
78       78   (0)      6  : 0.1630 0.7030 0.0040 0.0980 0.0280 0.0040
79       79   (0)      6  : 0.3227 0.6254 0.0030 0.0340 0.0130 0.0020
80       80   (0)      6  : 0.2132 0.6737 0.0060 0.0911 0.0120 0.0040
81       81   (0)      6  : 0.0130 0.5425 0.0190 0.3774 0.0130 0.0350
82       82   (0)      6  : 0.1860 0.6170 0.0050 0.1100 0.0070 0.0750
83       83   (0)      6  : 0.1341 0.6587 0.0060 0.1612 0.0340 0.0060
84       84   (0)      6  : 0.2180 0.7280 0.0120 0.0340 0.0040 0.0040
85       85   (0)      6  : 0.0040 0.6326 0.0020 0.3544 0.0040 0.0030
86       86   (0)      6  : 0.0120 0.3477 0.0200 0.5375 0.0729 0.0100
87       87   (0)      6  : 0.0610 0.6710 0.0230 0.0820 0.1410 0.0220
88       88   (0)      5  : 0.0800 0.0010 0.0020 0.9070 0.0050 0.0050
89       89   (0)      5  : 0.0250 0.0020 0.0060 0.9530 0.0110 0.0030
90       90   (0)      5  : 0.0060 0.0010 0.0040 0.9850 0.0020 0.0020
91       91   (0)      5  : 0.0030 0.3160 0.0090 0.6300 0.0050 0.0370
92       92   (0)      5  : 0.0040 0.0030 0.0020 0.9870 0.0030 0.0010
93       93   (0)      5  : 0.0759 0.0020 0.0070 0.8571 0.0030 0.0549
94       94   (2)      1  : 0.0020 0.0050 0.9409 0.0020 0.0290 0.0210
95       95   (3)      1  : 0.0020 0.0030 0.0799 0.0030 0.0010 0.9111
96       96   (2)      1  : 0.0020 0.0010 0.9350 0.0020 0.0020 0.0580
97       97   (0)      1  : 0.0090 0.0020 0.9320 0.0020 0.0030 0.0520
98       98   (1)      1  : 0.0050 0.0160 0.9630 0.0020 0.0100 0.0040
99       99   (6)      1  : 0.0060 0.0020 0.6014 0.0030 0.0010 0.3866
100      100  (11)      1  : 0.0020 0.0030 0.0200 0.0020 0.0030 0.9700
101      101   (3)      1  : 0.0060 0.0030 0.1750 0.0040 0.0050 0.8070
102      102   (2)      1  : 0.0070 0.0040 0.8730 0.0120 0.0110 0.0930
103      103   (5)      1  : 0.0050 0.0020 0.3920 0.0050 0.0120 0.5840
104      104   (1)      1  : 0.0030 0.0010 0.5750 0.0010 0.0030 0.4170
105      105   (0)      1  : 0.0030 0.0040 0.9000 0.0260 0.0540 0.0130
106      106   (1)      1  : 0.0150 0.0060 0.5265 0.0080 0.0030 0.4416
107      107   (6)      1  : 0.0030 0.0040 0.7912 0.0060 0.0020 0.1938
108      108   (1)      1  : 0.0070 0.0030 0.9439 0.0290 0.0030 0.0140
109      109  (18)      1  : 0.0040 0.0010 0.9780 0.0030 0.0110 0.0030
110      110   (2)      1  : 0.0050 0.0020 0.9580 0.0040 0.0060 0.0250
111      111   (1)      1  : 0.0020 0.0010 0.7127 0.0010 0.0020 0.2813
112      112   (2)      1  : 0.0020 0.0010 0.9670 0.0020 0.0050 0.0230
113      113   (2)      1  : 0.0040 0.0020 0.9620 0.0040 0.0030 0.0250
114      114   (3)      1  : 0.0020 0.0010 0.9890 0.0020 0.0030 0.0030
115      115   (2)      1  : 0.0030 0.0010 0.9870 0.0020 0.0010 0.0060
116      116   (1)      1  : 0.0050 0.0010 0.0729 0.0010 0.0030 0.9171
117      117   (1)      1  : 0.0030 0.0010 0.0040 0.0010 0.0030 0.9880
118      118   (3)      1  : 0.0040 0.0080 0.9470 0.0090 0.0210 0.0110
119      119   (2)      1  : 0.0380 0.0130 0.7812 0.1289 0.0140 0.0250
120      120   (3)      1  : 0.0190 0.0020 0.2837 0.0030 0.0030 0.6893
121      121   (0)      1  : 0.0030 0.0010 0.7828 0.0020 0.0010 0.2102
122      122   (1)      1  : 0.0020 0.0100 0.9780 0.0030 0.0020 0.0050
123      123   (3)      1  : 0.0030 0.0020 0.0300 0.0030 0.0150 0.9469
124      124   (3)      1  : 0.0050 0.0010 0.9370 0.0050 0.0080 0.0440
125      125   (2)      1  : 0.0470 0.0010 0.9270 0.0040 0.0090 0.0120
126      126   (3)      1  : 0.0020 0.0030 0.9880 0.0020 0.0020 0.0030
127      127   (1)      1  : 0.0020 0.0020 0.0660 0.0020 0.0080 0.9200
128      128   (5)      1  : 0.0040 0.0010 0.0230 0.0020 0.0010 0.9690
129      129   (1)      1  : 0.0020 0.0010 0.9820 0.0010 0.0040 0.0100
130      130   (5)      1  : 0.0020 0.0020 0.9790 0.0020 0.0020 0.0130
131      131  (10)      1  : 0.0110 0.0030 0.9500 0.0050 0.0110 0.0200
132      132   (2)      1  : 0.0250 0.0100 0.6647 0.0110 0.0050 0.2843
133      133   (4)      1  : 0.0410 0.0010 0.9429 0.0070 0.0020 0.0060
134      134   (2)      1  : 0.0030 0.0310 0.8950 0.0060 0.0030 0.0620
135      135  (18)      1  : 0.0110 0.0020 0.9750 0.0020 0.0030 0.0070
136      136   (3)      1  : 0.0260 0.0020 0.6020 0.0020 0.0090 0.3590
137      137   (0)      1  : 0.0541 0.6006 0.0060 0.3103 0.0230 0.0060
138      138   (6)      1  : 0.0020 0.5060 0.0030 0.4300 0.0580 0.0010
139      139  (17)      2  : 0.9790 0.0030 0.0030 0.0070 0.0040 0.0040
140      140   (2)      2  : 0.9800 0.0010 0.0070 0.0030 0.0020 0.0070
141      141   (3)      2  : 0.9920 0.0010 0.0010 0.0020 0.0020 0.0020
142      142   (0)      2  : 0.9820 0.0020 0.0040 0.0020 0.0050 0.0050
143      143   (4)      2  : 0.9830 0.0050 0.0020 0.0030 0.0030 0.0040
144      144   (1)      2  : 0.9710 0.0030 0.0080 0.0090 0.0020 0.0070
145      145   (8)      2  : 0.9730 0.0020 0.0040 0.0040 0.0080 0.0090
146      146   (4)      2  : 0.9780 0.0010 0.0100 0.0050 0.0020 0.0040
147      147   (1)      2  : 0.9580 0.0040 0.0210 0.0040 0.0050 0.0080
148      148  (17)      2  : 0.9930 0.0010 0.0010 0.0020 0.0010 0.0020
149      149   (8)      2  : 0.9630 0.0030 0.0080 0.0060 0.0040 0.0160
150      150   (3)      2  : 0.9850 0.0030 0.0020 0.0040 0.0040 0.0020
151      151   (0)      2  : 0.9870 0.0010 0.0040 0.0020 0.0020 0.0040
152      152   (0)      2  : 0.9820 0.0010 0.0060 0.0010 0.0040 0.0060
153      153   (3)      2  : 0.9770 0.0010 0.0100 0.0020 0.0040 0.0060
154      154   (1)      2  : 0.9820 0.0010 0.0040 0.0040 0.0050 0.0040
155      155   (1)      2  : 0.9830 0.0030 0.0020 0.0020 0.0020 0.0080
156      156  (15)      2  : 0.9900 0.0020 0.0020 0.0040 0.0010 0.0010
157      157   (3)      2  : 0.9870 0.0010 0.0030 0.0050 0.0020 0.0020
158      158   (2)      2  : 0.9630 0.0030 0.0030 0.0250 0.0030 0.0030
159      159   (7)      2  : 0.9290 0.0080 0.0170 0.0260 0.0080 0.0120
160      160   (4)      2  : 0.9580 0.0200 0.0060 0.0060 0.0050 0.0050
161      161   (1)      2  : 0.9730 0.0020 0.0090 0.0050 0.0070 0.0040
162      162  (14)      2  : 0.9870 0.0010 0.0030 0.0020 0.0020 0.0050
163      163  (15)      2  : 0.9820 0.0030 0.0040 0.0060 0.0020 0.0030
164      164  (11)      2  : 0.9880 0.0010 0.0030 0.0020 0.0020 0.0040
165      165   (1)      2  : 0.9750 0.0020 0.0110 0.0050 0.0030 0.0040
166      166   (8)      2  : 0.9710 0.0070 0.0070 0.0070 0.0030 0.0050
167      167   (6)      2  : 0.9580 0.0040 0.0030 0.0250 0.0070 0.0030
168      168   (3)      2  : 0.8789 0.0150 0.0080 0.0140 0.0711 0.0130
169      169   (6)      2  : 0.8981 0.0030 0.0090 0.0070 0.0729 0.0100
170      170   (4)      2  : 0.9800 0.0010 0.0050 0.0050 0.0040 0.0050
171      171   (2)      2  : 0.9390 0.0110 0.0220 0.0230 0.0040 0.0010
172      172   (6)      2  : 0.9510 0.0020 0.0020 0.0080 0.0360 0.0010
173      173   (1)      2  : 0.9660 0.0020 0.0100 0.0090 0.0070 0.0060
174      174   (3)      2  : 0.9870 0.0010 0.0030 0.0040 0.0030 0.0020
175      175   (2)      2  : 0.9340 0.0020 0.0400 0.0020 0.0110 0.0110
176      176   (4)      2  : 0.8920 0.0020 0.0680 0.0040 0.0290 0.0050
177      177   (2)      2  : 0.8370 0.0020 0.0250 0.0220 0.0490 0.0650
178      178   (3)      2  : 0.9810 0.0010 0.0040 0.0030 0.0010 0.0100
179      179   (1)      2  : 0.9810 0.0010 0.0030 0.0020 0.0040 0.0090
180      180   (7)      2  : 0.9780 0.0020 0.0030 0.0030 0.0060 0.0080
181      181   (0)      2  : 0.9800 0.0020 0.0070 0.0020 0.0030 0.0060
182      182   (0)      7  : 0.0040 0.0030 0.0040 0.9840 0.0020 0.0030
183      183   (0)      7  : 0.0260 0.0070 0.0140 0.9380 0.0020 0.0130
184      184   (1)      7  : 0.0110 0.0050 0.0060 0.9560 0.0150 0.0070
185      185   (0)      7  : 0.0030 0.0100 0.0040 0.9600 0.0050 0.0180
186      186   (2)      7  : 0.0060 0.0070 0.0060 0.9479 0.0300 0.0030
187      187   (0)      7  : 0.0240 0.0380 0.0080 0.9151 0.0070 0.0080
188      188   (1)      7  : 0.0020 0.0050 0.0050 0.9820 0.0020 0.0040
189      189   (1)      7  : 0.0270 0.0090 0.0040 0.9510 0.0050 0.0040
190      190   (0)      7  : 0.0100 0.0040 0.0020 0.9760 0.0050 0.0030
191      191   (0)      7  : 0.0030 0.0070 0.0040 0.9770 0.0020 0.0070
192      192   (2)      7  : 0.0080 0.0060 0.0060 0.7630 0.2020 0.0150
193      193   (1)      7  : 0.0110 0.0050 0.0170 0.9300 0.0050 0.0320
194      194   (1)      7  : 0.0020 0.0410 0.0040 0.9390 0.0110 0.0030
195      195   (0)      7  : 0.0140 0.0030 0.0110 0.9280 0.0170 0.0270
196      196   (0)      7  : 0.0020 0.0030 0.0050 0.9820 0.0010 0.0070
197      197   (1)      7  : 0.0050 0.0080 0.0070 0.9740 0.0020 0.0040
198      198   (1)      7  : 0.0030 0.0030 0.0010 0.9900 0.0010 0.0020
199      199   (0)      7  : 0.0050 0.0140 0.0030 0.9750 0.0010 0.0020
200      200   (0)      7  : 0.0020 0.0100 0.2987 0.6533 0.0280 0.0080
201      201   (1)      7  : 0.2710 0.0030 0.0160 0.6970 0.0020 0.0110
202      202   (0)      7  : 0.0010 0.0020 0.0010 0.9940 0.0010 0.0010
203      203   (1)      7  : 0.0100 0.0050 0.0060 0.9750 0.0020 0.0020
204      204   (1)      7  : 0.0160 0.0240 0.0979 0.6863 0.0150 0.1608
205      205   (0)      7  : 0.0050 0.0150 0.0040 0.9590 0.0050 0.0120
206      206   (2)      7  : 0.2212 0.0040 0.0070 0.7497 0.0130 0.0050
207      207   (2)      7  : 0.0020 0.0949 0.0020 0.8961 0.0030 0.0020
208      208   (2)      7  : 0.0070 0.0190 0.0080 0.9379 0.0180 0.0100
209      209   (0)      7  : 0.0070 0.0700 0.0070 0.9120 0.0020 0.0020
210      210   (1)      7  : 0.0030 0.0160 0.0110 0.9610 0.0030 0.0060
211      211   (0)      7  : 0.0090 0.0030 0.0070 0.9760 0.0030 0.0020
212      212  (10)      7  : 0.1040 0.0070 0.0020 0.8820 0.0030 0.0020
213      213   (1)      7  : 0.0060 0.0060 0.0020 0.9790 0.0010 0.0060
214      214   (0)      7  : 0.0250 0.0050 0.0020 0.9580 0.0050 0.0050
215      215   (2)      7  : 0.0090 0.0040 0.0970 0.5580 0.1690 0.1630
216      216   (1)      4  : 0.0010 0.0010 0.0010 0.0010 0.9950 0.0010
217      217   (1)      4  : 0.0030 0.0040 0.0010 0.0020 0.9890 0.0010
218      218   (1)      4  : 0.0010 0.0020 0.0020 0.0010 0.9920 0.0020
219      219   (1)      4  : 0.0010 0.0010 0.0010 0.0010 0.9940 0.0020
220      220   (1)      4  : 0.1570 0.0020 0.0690 0.0290 0.7300 0.0130
221      221   (1)      4  : 0.0020 0.0030 0.0040 0.0020 0.9870 0.0020
222      222  (10)      4  : 0.0070 0.0040 0.0070 0.0030 0.9770 0.0020
223      223   (2)      4  : 0.0010 0.0010 0.0030 0.0020 0.9900 0.0030
224      224   (0)      4  : 0.0020 0.0020 0.0100 0.0020 0.9770 0.0070
225      225   (2)      4  : 0.0010 0.0010 0.0010 0.0010 0.9950 0.0010
226      226   (0)      4  : 0.0010 0.0010 0.0030 0.0010 0.9930 0.0010
