  1        1   (0)      3 :  0.0039 0.9923 0.0038 
  2        2   (0)      3 :  0.0060 0.9848 0.0092 
  3        3   (0)      3 :  0.0029 0.9936 0.0035 
  4        4   (0)      3 :  0.0029 0.9931 0.0040 
  5        5   (0)      3 :  0.0018 0.9961 0.0021 
  6        6   (0)      3 :  0.0040 0.9911 0.0049 
  7        7   (0)      3 :  0.0027 0.9944 0.0029 
  8        8   (0)      3 :  0.0025 0.9948 0.0027 
  9        9   (0)      3 :  0.0027 0.9947 0.0026 
 10       10   (0)      3 :  0.0082 0.9843 0.0075 
 11       11   (0)      3 :  0.0034 0.9893 0.0073 
 12       12   (0)      3 :  0.0060 0.9884 0.0056 
 13       13   (0)      3 :  0.0016 0.9966 0.0018 
 14       14   (0)      3 :  0.0036 0.9933 0.0031 
 15       15   (0)      3 :  0.0034 0.9931 0.0035 
 16       16   (0)      3 :  0.0017 0.9963 0.0020 
 17       17   (0)      3 :  0.0020 0.9959 0.0021 
 18       18   (0)      3 :  0.0213 0.9558 0.0229 
 19       19   (0)      3 :  0.0020 0.9960 0.0020 
 20       20   (0)      3 :  0.0030 0.9937 0.0033 
 21       21   (0)      3 :  0.0035 0.9917 0.0048 
 22       22   (0)      3 :  0.0051 0.9884 0.0065 
 23       23   (0)      3 :  0.0022 0.9957 0.0021 
 24       24   (0)      3 :  0.0027 0.9950 0.0023 
 25       25   (0)      3 :  0.0057 0.9885 0.0058 
 26       26   (0)      3 :  0.0044 0.9899 0.0057 
 27       27   (0)      3 :  0.0024 0.9946 0.0030 
 28       28   (0)      3 :  0.0054 0.9910 0.0036 
 29       29   (0)      3 :  0.0024 0.9954 0.0022 
 30       30   (0)      3 :  0.0024 0.9956 0.0020 
 31       31   (0)      3 :  0.0047 0.9878 0.0075 
 32       32   (0)      3 :  0.0031 0.9921 0.0048 
 33       33   (0)      3 :  0.0015 0.9963 0.0022 
 34       34   (0)      3 :  0.0023 0.9957 0.0020 
 35       35   (0)      3 :  0.0031 0.9943 0.0026 
 36       36   (0)      5 :  0.0804 0.3116 0.6080 
 37       37   (0)      5 :  0.0144 0.1837 0.8019 
 38       38   (0)      6 :  0.1025 0.7090 0.1885 
 39       39   (0)      6 :  0.0264 0.5590 0.4146 
 40       40   (0)      6 :  0.0841 0.5961 0.3198 
 41       41   (0)      6 :  0.0202 0.5348 0.4450 
 42       42   (0)      6 :  0.0371 0.5609 0.4020 
 43       43   (0)      5 :  0.0180 0.1067 0.8753 
 44       44   (0)      5 :  0.0224 0.5639 0.4137 
 45       45   (0)      5 :  0.0385 0.1131 0.8484 
 46       46   (0)      5 :  0.0563 0.1661 0.7776 
 47       47   (0)      5 :  0.0120 0.2619 0.7261 
 48       48   (0)      5 :  0.0234 0.4310 0.5456 
 49       49   (0)      5 :  0.0235 0.4928 0.4837 
 50       50   (0)      5 :  0.1712 0.1251 0.7037 
 51       51   (0)      5 :  0.0325 0.1869 0.7806 
 52       52   (0)      6 :  0.0202 0.6713 0.3085 
 53       53   (0)      6 :  0.0254 0.5959 0.3787 
 54       54   (0)      6 :  0.1474 0.6639 0.1888 
 55       55   (0)      6 :  0.2804 0.4417 0.2779 
 56       56   (0)      6 :  0.0329 0.8112 0.1559 
 57       57   (0)      6 :  0.0176 0.6164 0.3660 
 58       58   (0)      6 :  0.2593 0.6533 0.0874 
 59       59   (0)      6 :  0.2193 0.4901 0.2906 
 60       60   (0)      6 :  0.0250 0.6711 0.3039 
 61       61   (0)      6 :  0.0156 0.6764 0.3080 
 62       62   (0)      6 :  0.0116 0.5957 0.3927 
 63       63   (0)      6 :  0.1135 0.6258 0.2607 
 64       64   (0)      6 :  0.1341 0.7935 0.0724 
 65       65   (0)      6 :  0.0848 0.7384 0.1768 
 66       66   (0)      6 :  0.0072 0.6899 0.3029 
 67       67   (0)      6 :  0.0257 0.6797 0.2946 
 68       68   (0)      6 :  0.0119 0.6522 0.3359 
 69       69   (0)      6 :  0.0095 0.7199 0.2706 
 70       70   (0)      6 :  0.0729 0.6909 0.2362 
 71       71   (0)      6 :  0.0178 0.7760 0.2062 
 72       72   (0)      6 :  0.0088 0.6663 0.3249 
 73       73   (0)      6 :  0.2722 0.6823 0.0455 
 74       74   (0)      6 :  0.0224 0.6056 0.3720 
 75       75   (0)      6 :  0.0617 0.6033 0.3350 
 76       76   (0)      6 :  0.0466 0.5145 0.4389 
 77       77   (0)      6 :  0.2698 0.5893 0.1409 
 78       78   (0)      6 :  0.0409 0.6816 0.2776 
 79       79   (0)      6 :  0.0258 0.5666 0.4077 
 80       80   (0)      6 :  0.0716 0.6566 0.2718 
 81       81   (0)      6 :  0.1271 0.6075 0.2654 
 82       82   (0)      6 :  0.0593 0.5870 0.3537 
 83       83   (0)      6 :  0.0515 0.6578 0.2907 
 84       84   (0)      6 :  0.0560 0.7033 0.2407 
 85       85   (0)      6 :  0.0076 0.6974 0.2950 
 86       86   (0)      6 :  0.1453 0.4483 0.4064 
 87       87   (0)      6 :  0.1271 0.6492 0.2238 
 88       88   (0)      5 :  0.0186 0.1071 0.8743 
 89       89   (0)      5 :  0.0202 0.1780 0.8018 
 90       90   (0)      5 :  0.0109 0.1817 0.8074 
 91       91   (0)      5 :  0.1045 0.4192 0.4763 
 92       92   (0)      5 :  0.0076 0.1849 0.8075 
 93       93   (0)      5 :  0.0796 0.1066 0.8138 
 94       94   (2)      1 :  0.9671 0.0245 0.0084 
 95       95   (3)      1 :  0.9861 0.0058 0.0081 
 96       96   (2)      1 :  0.9831 0.0049 0.0120 
 97       97   (0)      1 :  0.9825 0.0031 0.0144 
 98       98   (1)      1 :  0.9353 0.0544 0.0103 
 99       99   (6)      1 :  0.9732 0.0071 0.0197 
100      100  (11)      1 :  0.9809 0.0069 0.0122 
101      101   (3)      1 :  0.9852 0.0057 0.0091 
102      102   (2)      1 :  0.9636 0.0208 0.0156 
103      103   (5)      1 :  0.9852 0.0065 0.0083 
104      104   (1)      1 :  0.9885 0.0033 0.0082 
105      105   (0)      1 :  0.9635 0.0139 0.0226 
106      106   (1)      1 :  0.9612 0.0164 0.0224 
107      107   (6)      1 :  0.9767 0.0119 0.0114 
108      108   (1)      1 :  0.9348 0.0104 0.0548 
109      109  (18)      1 :  0.9827 0.0046 0.0127 
110      110   (2)      1 :  0.9737 0.0104 0.0159 
111      111   (1)      1 :  0.9891 0.0046 0.0063 
112      112   (2)      1 :  0.9901 0.0027 0.0072 
113      113   (2)      1 :  0.9820 0.0045 0.0135 
114      114   (3)      1 :  0.9800 0.0090 0.0110 
115      115   (2)      1 :  0.9799 0.0030 0.0171 
116      116   (1)      1 :  0.9895 0.0026 0.0079 
117      117   (1)      1 :  0.9850 0.0046 0.0104 
118      118   (3)      1 :  0.9581 0.0235 0.0184 
119      119   (2)      1 :  0.8813 0.0413 0.0774 
120      120   (3)      1 :  0.9776 0.0039 0.0185 
121      121   (0)      1 :  0.9847 0.0059 0.0094 
122      122   (1)      1 :  0.9312 0.0579 0.0109 
123      123   (3)      1 :  0.9850 0.0072 0.0078 
124      124   (3)      1 :  0.9718 0.0037 0.0245 
125      125   (2)      1 :  0.9128 0.0038 0.0834 
126      126   (3)      1 :  0.9741 0.0169 0.0090 
127      127   (1)      1 :  0.9868 0.0068 0.0064 
128      128   (5)      1 :  0.9800 0.0030 0.0170 
129      129   (1)      1 :  0.9898 0.0039 0.0063 
130      130   (5)      1 :  0.9885 0.0061 0.0054 
131      131  (10)      1 :  0.9652 0.0118 0.0230 
132      132   (2)      1 :  0.9413 0.0169 0.0418 
133      133   (4)      1 :  0.9387 0.0039 0.0574 
134      134   (2)      1 :  0.9228 0.0706 0.0066 
135      135  (18)      1 :  0.9823 0.0041 0.0136 
136      136   (3)      1 :  0.9731 0.0043 0.0226 
137      137   (0)      1 :  0.0352 0.6370 0.3278 
138      138   (6)      1 :  0.0183 0.6052 0.3765 
139      139  (17)      2 :  0.4655 0.0068 0.5277 
140      140   (2)      2 :  0.5102 0.0029 0.4869 
141      141   (3)      2 :  0.4933 0.0018 0.5049 
142      142   (0)      2 :  0.4918 0.0048 0.5034 
143      143   (4)      2 :  0.4819 0.0157 0.5024 
144      144   (1)      2 :  0.4418 0.0124 0.5458 
145      145   (8)      2 :  0.5065 0.0044 0.4891 
146      146   (4)      2 :  0.4909 0.0022 0.5069 
147      147   (1)      2 :  0.5389 0.0071 0.4540 
148      148  (17)      2 :  0.4894 0.0036 0.5070 
149      149   (8)      2 :  0.4994 0.0058 0.4948 
150      150   (3)      2 :  0.4562 0.0089 0.5349 
151      151   (0)      2 :  0.4976 0.0037 0.4987 
152      152   (0)      2 :  0.5066 0.0035 0.4899 
153      153   (3)      2 :  0.5024 0.0028 0.4948 
154      154   (1)      2 :  0.4793 0.0028 0.5179 
155      155   (1)      2 :  0.4961 0.0075 0.4964 
156      156  (15)      2 :  0.4731 0.0142 0.5127 
157      157   (3)      2 :  0.4729 0.0035 0.5236 
158      158   (2)      2 :  0.3612 0.0067 0.6321 
159      159   (7)      2 :  0.4917 0.0155 0.4928 
160      160   (4)      2 :  0.4798 0.0302 0.4900 
161      161   (1)      2 :  0.5095 0.0057 0.4848 
162      162  (14)      2 :  0.5007 0.0037 0.4956 
163      163  (15)      2 :  0.4747 0.0158 0.5095 
164      164  (11)      2 :  0.5028 0.0033 0.4939 
165      165   (1)      2 :  0.4938 0.0044 0.5018 
166      166   (8)      2 :  0.4429 0.0160 0.5411 
167      167   (6)      2 :  0.4281 0.0070 0.5649 
168      168   (3)      2 :  0.4974 0.0323 0.4703 
169      169   (6)      2 :  0.5427 0.0069 0.4504 
170      170   (4)      2 :  0.4514 0.0028 0.5458 
171      171   (2)      2 :  0.4295 0.0278 0.5427 
172      172   (6)      2 :  0.4808 0.0067 0.5125 
173      173   (1)      2 :  0.5004 0.0041 0.4955 
174      174   (3)      2 :  0.4835 0.0030 0.5135 
175      175   (2)      2 :  0.5612 0.0038 0.4350 
176      176   (4)      2 :  0.5878 0.0044 0.4078 
177      177   (2)      2 :  0.5975 0.0042 0.3983 
178      178   (3)      2 :  0.5036 0.0025 0.4939 
179      179   (1)      2 :  0.5119 0.0043 0.4838 
180      180   (7)      2 :  0.4951 0.0035 0.5014 
181      181   (0)      2 :  0.5177 0.0076 0.4747 
182      182   (0)      7 :  0.0232 0.1904 0.7864 
183      183   (0)      7 :  0.0656 0.1672 0.7672 
184      184   (1)      7 :  0.0277 0.2150 0.7573 
185      185   (0)      7 :  0.0770 0.2297 0.6933 
186      186   (2)      7 :  0.0376 0.2155 0.7469 
187      187   (0)      7 :  0.0248 0.1869 0.7883 
188      188   (1)      7 :  0.0228 0.2027 0.7745 
189      189   (1)      7 :  0.0168 0.1918 0.7914 
190      190   (0)      7 :  0.0155 0.1629 0.8216 
191      191   (0)      7 :  0.0505 0.2083 0.7412 
192      192   (2)      7 :  0.1524 0.1660 0.6817 
193      193   (1)      7 :  0.0888 0.1867 0.7245 
194      194   (1)      7 :  0.0288 0.2799 0.6913 
195      195   (0)      7 :  0.0828 0.1565 0.7607 
196      196   (0)      7 :  0.0238 0.2131 0.7631 
197      197   (1)      7 :  0.0202 0.2338 0.7460 
198      198   (1)      7 :  0.0083 0.2120 0.7797 
199      199   (0)      7 :  0.0103 0.2383 0.7514 
200      200   (0)      7 :  0.4046 0.1789 0.4165 
201      201   (1)      7 :  0.1370 0.1205 0.7425 
202      202   (0)      7 :  0.0049 0.1843 0.8108 
203      203   (1)      7 :  0.0175 0.1816 0.8009 
204      204   (1)      7 :  0.3576 0.2342 0.4082 
205      205   (0)      7 :  0.0431 0.2283 0.7286 
206      206   (2)      7 :  0.1138 0.1404 0.7458 
207      207   (2)      7 :  0.0083 0.3549 0.6368 
208      208   (2)      7 :  0.0660 0.2051 0.7288 
209      209   (0)      7 :  0.0170 0.2881 0.6949 
210      210   (1)      7 :  0.0439 0.2403 0.7158 
211      211   (0)      7 :  0.0110 0.1528 0.8362 
212      212  (10)      7 :  0.0111 0.1586 0.8303 
213      213   (1)      7 :  0.0115 0.2002 0.7883 
214      214   (0)      7 :  0.0151 0.1749 0.8100 
215      215   (2)      7 :  0.5185 0.0982 0.3833 
216      216   (1)      4 :  0.9045 0.0562 0.0393 
217      217   (1)      4 :  0.7936 0.1448 0.0616 
218      218   (1)      4 :  0.8985 0.0919 0.0096 
219      219   (1)      4 :  0.9233 0.0593 0.0174 
220      220   (1)      4 :  0.8341 0.0268 0.1391 
221      221   (1)      4 :  0.8763 0.1010 0.0227 
222      222  (10)      4 :  0.9307 0.0387 0.0306 
223      223   (2)      4 :  0.9199 0.0454 0.0347 
224      224   (0)      4 :  0.9590 0.0230 0.0180 
225      225   (2)      4 :  0.8842 0.0592 0.0566 
226      226   (0)      4 :  0.9711 0.0140 0.0149 
