  1        1   (0)      3 :  0.0010 0.0018 0.0011 0.0009 0.0010 0.9902 0.0022 0.0018 
  2        2   (0)      3 :  0.0075 0.0077 0.0017 0.0026 0.0026 0.9655 0.0074 0.0050 
  3        3   (0)      3 :  0.0009 0.0011 0.0009 0.0008 0.0009 0.9934 0.0011 0.0009 
  4        4   (0)      3 :  0.0017 0.0024 0.0010 0.0011 0.0008 0.9887 0.0024 0.0019 
  5        5   (0)      3 :  0.0010 0.0010 0.0001 0.0006 0.0003 0.9947 0.0013 0.0010 
  6        6   (0)      3 :  0.0018 0.0024 0.0011 0.0011 0.0010 0.9893 0.0018 0.0015 
  7        7   (0)      3 :  0.0010 0.0011 0.0007 0.0009 0.0010 0.9932 0.0011 0.0010 
  8        8   (0)      3 :  0.0011 0.0069 0.0010 0.0009 0.0004 0.9806 0.0061 0.0030 
  9        9   (0)      3 :  0.0011 0.0019 0.0004 0.0010 0.0010 0.9917 0.0016 0.0013 
 10       10   (0)      3 :  0.0039 0.0084 0.0012 0.0043 0.0033 0.9619 0.0059 0.0111 
 11       11   (0)      3 :  0.0077 0.0097 0.0010 0.0019 0.0010 0.9199 0.0524 0.0064 
 12       12   (0)      3 :  0.0036 0.0053 0.0012 0.0023 0.0029 0.9769 0.0058 0.0020 
 13       13   (0)      3 :  0.0005 0.0008 0.0001 0.0003 0.0001 0.9963 0.0013 0.0006 
 14       14   (0)      3 :  0.0018 0.0035 0.0010 0.0015 0.0013 0.9791 0.0103 0.0015 
 15       15   (0)      3 :  0.0010 0.0014 0.0009 0.0010 0.0010 0.9925 0.0011 0.0011 
 16       16   (0)      3 :  0.0010 0.0020 0.0000 0.0005 0.0010 0.9899 0.0047 0.0009 
 17       17   (0)      3 :  0.0010 0.0131 0.0009 0.0004 0.0011 0.9735 0.0016 0.0084 
 18       18   (0)      3 :  0.0071 0.0231 0.0129 0.0073 0.0023 0.9397 0.0017 0.0059 
 19       19   (0)      3 :  0.0008 0.0010 0.0002 0.0006 0.0007 0.9945 0.0014 0.0008 
 20       20   (0)      3 :  0.0011 0.0021 0.0009 0.0010 0.0009 0.9908 0.0018 0.0014 
 21       21   (0)      3 :  0.0021 0.0039 0.0010 0.0012 0.0012 0.9873 0.0016 0.0017 
 22       22   (0)      3 :  0.0036 0.0051 0.0022 0.0017 0.0016 0.9716 0.0089 0.0053 
 23       23   (0)      3 :  0.0010 0.0014 0.0004 0.0006 0.0008 0.9927 0.0022 0.0009 
 24       24   (0)      3 :  0.0009 0.0014 0.0006 0.0010 0.0006 0.9924 0.0020 0.0011 
 25       25   (0)      3 :  0.0021 0.0022 0.0010 0.0014 0.0011 0.9891 0.0018 0.0013 
 26       26   (0)      3 :  0.0015 0.0010 0.0009 0.0010 0.0006 0.9924 0.0013 0.0013 
 27       27   (0)      3 :  0.0011 0.0011 0.0008 0.0008 0.0007 0.9934 0.0010 0.0011 
 28       28   (0)      3 :  0.0016 0.0027 0.0010 0.0031 0.0012 0.9828 0.0054 0.0022 
 29       29   (0)      3 :  0.0011 0.0017 0.0006 0.0005 0.0010 0.9926 0.0013 0.0012 
 30       30   (0)      3 :  0.0010 0.0009 0.0001 0.0008 0.0001 0.9952 0.0009 0.0010 
 31       31   (0)      3 :  0.0047 0.0045 0.0026 0.0018 0.0012 0.9680 0.0138 0.0034 
 32       32   (0)      3 :  0.0021 0.0029 0.0011 0.0012 0.0010 0.9839 0.0043 0.0035 
 33       33   (0)      3 :  0.0007 0.0010 0.0004 0.0001 0.0008 0.9944 0.0017 0.0009 
 34       34   (0)      3 :  0.0007 0.0010 0.0001 0.0008 0.0003 0.9946 0.0015 0.0010 
 35       35   (0)      3 :  0.0010 0.0017 0.0008 0.0010 0.0010 0.9920 0.0017 0.0008 
 36       36   (0)      5 :  0.5252 0.1871 0.0073 0.0239 0.0104 0.0286 0.0040 0.2135 
 37       37   (0)      5 :  0.8875 0.0074 0.0199 0.0159 0.0026 0.0039 0.0033 0.0595 
 38       38   (0)      6 :  0.0012 0.6363 0.0015 0.0015 0.0018 0.0094 0.3459 0.0024 
 39       39   (0)      6 :  0.0046 0.3948 0.0010 0.0015 0.0017 0.0214 0.0013 0.5737 
 40       40   (0)      6 :  0.0048 0.3429 0.0015 0.0062 0.0022 0.1305 0.0022 0.5097 
 41       41   (0)      6 :  0.0541 0.8109 0.0023 0.0117 0.0023 0.0077 0.0206 0.0903 
 42       42   (0)      6 :  0.0575 0.5464 0.0109 0.0135 0.0015 0.0102 0.3455 0.0146 
 43       43   (0)      5 :  0.4677 0.0046 0.0828 0.0017 0.0023 0.0010 0.0012 0.4386 
 44       44   (0)      5 :  0.0376 0.7808 0.0065 0.0077 0.0016 0.0281 0.1115 0.0262 
 45       45   (0)      5 :  0.8815 0.0023 0.0263 0.0084 0.0473 0.0010 0.0017 0.0315 
 46       46   (0)      5 :  0.9261 0.0032 0.0114 0.0200 0.0025 0.0015 0.0023 0.0330 
 47       47   (0)      5 :  0.6374 0.1019 0.0078 0.0805 0.0027 0.0069 0.0384 0.1244 
 48       48   (0)      5 :  0.0876 0.3483 0.0084 0.0105 0.0029 0.0103 0.0021 0.5299 
 49       49   (0)      5 :  0.1373 0.7188 0.0153 0.0047 0.0035 0.0114 0.0140 0.0950 
 50       50   (0)      5 :  0.6855 0.0223 0.0828 0.1490 0.0023 0.0020 0.0017 0.0545 
 51       51   (0)      5 :  0.8856 0.0114 0.0098 0.0112 0.0094 0.0020 0.0046 0.0661 
 52       52   (0)      6 :  0.0033 0.8918 0.0011 0.0017 0.0015 0.0442 0.0530 0.0034 
 53       53   (0)      6 :  0.0076 0.8267 0.0111 0.0028 0.0065 0.0847 0.0117 0.0489 
 54       54   (0)      6 :  0.0071 0.7613 0.0030 0.0048 0.0021 0.0372 0.1365 0.0479 
 55       55   (0)      6 :  0.0107 0.5164 0.0138 0.0608 0.0082 0.0057 0.0067 0.3778 
 56       56   (0)      6 :  0.0014 0.0022 0.0008 0.0011 0.0011 0.0138 0.9782 0.0014 
 57       57   (0)      6 :  0.0074 0.5711 0.0014 0.0020 0.0010 0.0326 0.0072 0.3773 
 58       58   (0)      6 :  0.0050 0.4335 0.0071 0.0192 0.0230 0.0077 0.4962 0.0083 
 59       59   (0)      6 :  0.0163 0.4062 0.0228 0.0510 0.0053 0.0302 0.0057 0.4625 
 60       60   (0)      6 :  0.0012 0.0014 0.0010 0.0009 0.0011 0.0014 0.9909 0.0021 
 61       61   (0)      6 :  0.0013 0.0016 0.0010 0.0011 0.0010 0.0017 0.9913 0.0010 
 62       62   (0)      6 :  0.0045 0.9177 0.0017 0.0014 0.0011 0.0055 0.0621 0.0060 
 63       63   (0)      6 :  0.0013 0.9704 0.0010 0.0016 0.0015 0.0078 0.0136 0.0028 
 64       64   (0)      6 :  0.0016 0.5433 0.0051 0.0035 0.0070 0.4309 0.0046 0.0040 
 65       65   (0)      6 :  0.0055 0.4146 0.0016 0.0026 0.0041 0.4104 0.0094 0.1518 
 66       66   (0)      6 :  0.1687 0.2957 0.0036 0.0394 0.0011 0.4752 0.0040 0.0123 
 67       67   (0)      6 :  0.1806 0.1981 0.0185 0.0334 0.0013 0.5062 0.0312 0.0305 
 68       68   (0)      6 :  0.0014 0.0010 0.0010 0.0009 0.0009 0.0015 0.9921 0.0012 
 69       69   (0)      6 :  0.0202 0.5325 0.0036 0.0055 0.0030 0.4202 0.0029 0.0121 
 70       70   (0)      6 :  0.0033 0.0103 0.0022 0.0023 0.0025 0.0080 0.9684 0.0030 
 71       71   (0)      6 :  0.0013 0.0046 0.0010 0.0010 0.0013 0.0082 0.9809 0.0017 
 72       72   (0)      6 :  0.0022 0.0016 0.0013 0.0011 0.0013 0.0023 0.9890 0.0012 
 73       73   (0)      6 :  0.0036 0.1668 0.0117 0.0759 0.0167 0.0133 0.7087 0.0032 
 74       74   (0)      6 :  0.0034 0.9735 0.0018 0.0024 0.0041 0.0079 0.0046 0.0023 
 75       75   (0)      6 :  0.0039 0.9463 0.0013 0.0025 0.0010 0.0122 0.0030 0.0298 
 76       76   (0)      6 :  0.0075 0.9526 0.0123 0.0061 0.0034 0.0052 0.0048 0.0081 
 77       77   (0)      6 :  0.0088 0.0768 0.0166 0.0104 0.1734 0.0163 0.6610 0.0367 
 78       78   (0)      6 :  0.0023 0.8249 0.0013 0.0018 0.0029 0.0192 0.1439 0.0037 
 79       79   (0)      6 :  0.0028 0.9462 0.0051 0.0013 0.0025 0.0057 0.0025 0.0339 
 80       80   (0)      6 :  0.0019 0.8148 0.0021 0.0017 0.0019 0.0113 0.1630 0.0033 
 81       81   (0)      6 :  0.0019 0.9775 0.0010 0.0016 0.0021 0.0068 0.0054 0.0037 
 82       82   (0)      6 :  0.0134 0.8051 0.0194 0.0107 0.0033 0.1015 0.0241 0.0225 
 83       83   (0)      6 :  0.0047 0.3061 0.0086 0.0029 0.0071 0.0095 0.6482 0.0129 
 84       84   (0)      6 :  0.0020 0.6167 0.0018 0.0015 0.0016 0.0105 0.3637 0.0022 
 85       85   (0)      6 :  0.0016 0.0018 0.0010 0.0011 0.0010 0.0021 0.9899 0.0015 
 86       86   (0)      6 :  0.0055 0.3936 0.0043 0.0101 0.0131 0.0025 0.0046 0.5663 
 87       87   (0)      6 :  0.0052 0.7817 0.0040 0.0042 0.0089 0.0719 0.0628 0.0614 
 88       88   (0)      5 :  0.4557 0.0059 0.0901 0.0017 0.0023 0.0010 0.0015 0.4418 
 89       89   (0)      5 :  0.8601 0.0031 0.0228 0.1005 0.0068 0.0017 0.0019 0.0031 
 90       90   (0)      5 :  0.8865 0.0017 0.0044 0.0998 0.0012 0.0012 0.0020 0.0032 
 91       91   (0)      5 :  0.4074 0.4989 0.0035 0.0154 0.0037 0.0095 0.0089 0.0527 
 92       92   (0)      5 :  0.9000 0.0101 0.0042 0.0032 0.0018 0.0014 0.0036 0.0757 
 93       93   (0)      5 :  0.7591 0.0024 0.1488 0.0819 0.0019 0.0013 0.0010 0.0037 
 94       94   (2)      1 :  0.0030 0.0064 0.0745 0.8272 0.0630 0.0047 0.0078 0.0134 
 95       95   (3)      1 :  0.0019 0.0022 0.0996 0.8900 0.0015 0.0014 0.0021 0.0013 
 96       96   (2)      1 :  0.0020 0.0013 0.1000 0.8912 0.0010 0.0011 0.0011 0.0023 
 97       97   (0)      1 :  0.0019 0.0012 0.1016 0.8860 0.0058 0.0010 0.0010 0.0015 
 98       98   (1)      1 :  0.0044 0.0164 0.0903 0.8487 0.0181 0.0133 0.0026 0.0062 
 99       99   (6)      1 :  0.0016 0.0019 0.1042 0.8854 0.0011 0.0017 0.0022 0.0019 
100      100  (11)      1 :  0.0028 0.0015 0.0998 0.8874 0.0027 0.0018 0.0018 0.0022 
101      101   (3)      1 :  0.0015 0.0012 0.0997 0.8900 0.0034 0.0017 0.0011 0.0014 
102      102   (2)      1 :  0.0060 0.0054 0.0902 0.8700 0.0165 0.0035 0.0045 0.0039 
103      103   (5)      1 :  0.0053 0.0033 0.0950 0.8620 0.0280 0.0014 0.0016 0.0034 
104      104   (1)      1 :  0.0017 0.0013 0.1004 0.8901 0.0034 0.0010 0.0010 0.0011 
105      105   (0)      1 :  0.0199 0.0047 0.0735 0.8205 0.0694 0.0032 0.0037 0.0051 
106      106   (1)      1 :  0.0032 0.0044 0.1041 0.8695 0.0015 0.0061 0.0013 0.0099 
107      107   (6)      1 :  0.0044 0.0028 0.0988 0.8849 0.0015 0.0026 0.0027 0.0023 
108      108   (1)      1 :  0.0397 0.0101 0.0981 0.8367 0.0023 0.0016 0.0022 0.0093 
109      109  (18)      1 :  0.0032 0.0047 0.0960 0.8625 0.0260 0.0012 0.0016 0.0048 
110      110   (2)      1 :  0.0033 0.0037 0.0992 0.8781 0.0083 0.0019 0.0033 0.0022 
111      111   (1)      1 :  0.0012 0.0010 0.1001 0.8923 0.0015 0.0011 0.0011 0.0017 
112      112   (2)      1 :  0.0012 0.0010 0.0971 0.8910 0.0068 0.0009 0.0010 0.0010 
113      113   (2)      1 :  0.0030 0.0013 0.1019 0.8870 0.0029 0.0011 0.0011 0.0017 
114      114   (3)      1 :  0.0033 0.0022 0.0970 0.8842 0.0063 0.0030 0.0013 0.0027 
115      115   (2)      1 :  0.0021 0.0010 0.1012 0.8906 0.0014 0.0010 0.0010 0.0017 
116      116   (1)      1 :  0.0010 0.0010 0.1017 0.8922 0.0016 0.0005 0.0010 0.0010 
117      117   (1)      1 :  0.0019 0.0013 0.1007 0.8880 0.0039 0.0013 0.0013 0.0016 
118      118   (3)      1 :  0.0090 0.0154 0.0859 0.8305 0.0374 0.0057 0.0030 0.0131 
119      119   (2)      1 :  0.0590 0.0181 0.1137 0.7623 0.0115 0.0110 0.0076 0.0168 
120      120   (3)      1 :  0.0020 0.0011 0.1059 0.8856 0.0014 0.0012 0.0014 0.0014 
121      121   (0)      1 :  0.0016 0.0014 0.0991 0.8912 0.0023 0.0014 0.0014 0.0016 
122      122   (1)      1 :  0.0037 0.0101 0.0938 0.8653 0.0026 0.0088 0.0044 0.0113 
123      123   (3)      1 :  0.0017 0.0020 0.0963 0.8848 0.0081 0.0018 0.0026 0.0027 
124      124   (3)      1 :  0.0037 0.0018 0.0991 0.8782 0.0128 0.0010 0.0012 0.0022 
125      125   (2)      1 :  0.0022 0.0018 0.2548 0.7279 0.0097 0.0010 0.0010 0.0016 
126      126   (3)      1 :  0.0022 0.0027 0.0967 0.8835 0.0054 0.0041 0.0026 0.0028 
127      127   (1)      1 :  0.0016 0.0015 0.0984 0.8908 0.0035 0.0014 0.0014 0.0014 
128      128   (5)      1 :  0.0011 0.0010 0.1051 0.8880 0.0010 0.0010 0.0015 0.0013 
129      129   (1)      1 :  0.0015 0.0011 0.0995 0.8906 0.0041 0.0011 0.0009 0.0012 
130      130   (5)      1 :  0.0013 0.0012 0.0988 0.8931 0.0022 0.0012 0.0011 0.0011 
131      131  (10)      1 :  0.0048 0.0052 0.1154 0.8194 0.0295 0.0041 0.0049 0.0167 
132      132   (2)      1 :  0.0090 0.0107 0.1107 0.8486 0.0052 0.0052 0.0043 0.0063 
133      133   (4)      1 :  0.0154 0.0027 0.1583 0.8140 0.0032 0.0010 0.0013 0.0041 
134      134   (2)      1 :  0.0030 0.0070 0.0872 0.8571 0.0049 0.0172 0.0192 0.0044 
135      135  (18)      1 :  0.0019 0.0015 0.1059 0.8833 0.0032 0.0010 0.0018 0.0014 
136      136   (3)      1 :  0.0019 0.0013 0.1177 0.8691 0.0048 0.0017 0.0016 0.0019 
137      137   (0)      1 :  0.0126 0.2943 0.0036 0.0042 0.0032 0.1555 0.0881 0.4386 
138      138   (6)      1 :  0.0077 0.4012 0.0017 0.0025 0.0082 0.0392 0.0147 0.5248 
139      139  (17)      2 :  0.0070 0.0021 0.9772 0.0040 0.0037 0.0020 0.0013 0.0027 
140      140   (2)      2 :  0.0017 0.0011 0.9857 0.0067 0.0016 0.0010 0.0011 0.0011 
141      141   (3)      2 :  0.0017 0.0008 0.9935 0.0013 0.0010 0.0001 0.0005 0.0011 
142      142   (0)      2 :  0.0055 0.0012 0.9787 0.0034 0.0032 0.0012 0.0022 0.0046 
143      143   (4)      2 :  0.0038 0.0044 0.9799 0.0026 0.0024 0.0029 0.0018 0.0022 
144      144   (1)      2 :  0.0119 0.0038 0.9651 0.0085 0.0013 0.0024 0.0031 0.0039 
145      145   (8)      2 :  0.0025 0.0019 0.9834 0.0033 0.0045 0.0011 0.0018 0.0015 
146      146   (4)      2 :  0.0031 0.0010 0.9866 0.0045 0.0012 0.0005 0.0010 0.0021 
147      147   (1)      2 :  0.0029 0.0042 0.9675 0.0140 0.0035 0.0032 0.0019 0.0028 
148      148  (17)      2 :  0.0017 0.0011 0.9917 0.0011 0.0010 0.0010 0.0010 0.0014 
149      149   (8)      2 :  0.0047 0.0021 0.9735 0.0094 0.0036 0.0014 0.0031 0.0022 
150      150   (3)      2 :  0.0054 0.0032 0.9777 0.0034 0.0024 0.0017 0.0029 0.0033 
151      151   (0)      2 :  0.0020 0.0014 0.9874 0.0031 0.0015 0.0010 0.0016 0.0020 
152      152   (0)      2 :  0.0019 0.0013 0.9860 0.0039 0.0032 0.0010 0.0011 0.0016 
153      153   (3)      2 :  0.0030 0.0013 0.9846 0.0062 0.0022 0.0009 0.0008 0.0010 
154      154   (1)      2 :  0.0060 0.0015 0.9757 0.0053 0.0039 0.0009 0.0011 0.0056 
155      155   (1)      2 :  0.0020 0.0019 0.9861 0.0023 0.0017 0.0021 0.0028 0.0011 
156      156  (15)      2 :  0.0029 0.0021 0.9857 0.0020 0.0015 0.0016 0.0014 0.0028 
157      157   (3)      2 :  0.0080 0.0015 0.9820 0.0033 0.0011 0.0009 0.0014 0.0018 
158      158   (2)      2 :  0.0311 0.0033 0.9386 0.0114 0.0022 0.0022 0.0062 0.0050 
159      159   (7)      2 :  0.0161 0.0088 0.9262 0.0106 0.0046 0.0058 0.0044 0.0235 
160      160   (4)      2 :  0.0042 0.0254 0.9448 0.0057 0.0029 0.0033 0.0076 0.0061 
161      161   (1)      2 :  0.0042 0.0020 0.9794 0.0043 0.0047 0.0023 0.0010 0.0021 
162      162  (14)      2 :  0.0015 0.0010 0.9902 0.0019 0.0016 0.0010 0.0009 0.0019 
163      163  (15)      2 :  0.0052 0.0057 0.9744 0.0045 0.0024 0.0028 0.0012 0.0038 
164      164  (11)      2 :  0.0013 0.0009 0.9906 0.0030 0.0012 0.0010 0.0010 0.0010 
165      165   (1)      2 :  0.0052 0.0017 0.9763 0.0083 0.0029 0.0013 0.0014 0.0029 
166      166   (8)      2 :  0.0095 0.0122 0.9481 0.0068 0.0022 0.0036 0.0095 0.0081 
167      167   (6)      2 :  0.0291 0.0022 0.9413 0.0048 0.0088 0.0040 0.0043 0.0055 
168      168   (3)      2 :  0.0088 0.0188 0.8783 0.0093 0.0551 0.0060 0.0157 0.0080 
169      169   (6)      2 :  0.0048 0.0061 0.9045 0.0096 0.0629 0.0013 0.0049 0.0059 
170      170   (4)      2 :  0.0089 0.0019 0.9710 0.0036 0.0044 0.0010 0.0014 0.0078 
171      171   (2)      2 :  0.0162 0.0117 0.9424 0.0052 0.0025 0.0062 0.0071 0.0087 
172      172   (6)      2 :  0.0077 0.0030 0.9501 0.0036 0.0300 0.0011 0.0015 0.0030 
173      173   (1)      2 :  0.0071 0.0015 0.9762 0.0044 0.0053 0.0011 0.0014 0.0030 
174      174   (3)      2 :  0.0055 0.0017 0.9812 0.0028 0.0036 0.0010 0.0011 0.0031 
175      175   (2)      2 :  0.0014 0.0023 0.9594 0.0259 0.0055 0.0010 0.0030 0.0015 
176      176   (4)      2 :  0.0019 0.0018 0.9305 0.0355 0.0257 0.0011 0.0018 0.0017 
177      177   (2)      2 :  0.0057 0.0017 0.8690 0.0396 0.0756 0.0018 0.0032 0.0034 
178      178   (3)      2 :  0.0016 0.0010 0.9898 0.0033 0.0012 0.0009 0.0010 0.0012 
179      179   (1)      2 :  0.0016 0.0012 0.9879 0.0031 0.0024 0.0010 0.0016 0.0012 
180      180   (7)      2 :  0.0038 0.0023 0.9823 0.0037 0.0027 0.0012 0.0012 0.0028 
181      181   (0)      2 :  0.0038 0.0016 0.9818 0.0052 0.0026 0.0015 0.0018 0.0017 
182      182   (0)      7 :  0.9566 0.0031 0.0043 0.0100 0.0022 0.0017 0.0024 0.0197 
183      183   (0)      7 :  0.8952 0.0109 0.0298 0.0189 0.0032 0.0026 0.0123 0.0271 
184      184   (1)      7 :  0.9175 0.0037 0.0089 0.0396 0.0140 0.0030 0.0069 0.0064 
185      185   (0)      7 :  0.8974 0.0204 0.0038 0.0162 0.0044 0.0041 0.0033 0.0504 
186      186   (2)      7 :  0.8334 0.0129 0.0058 0.0934 0.0341 0.0042 0.0076 0.0086 
187      187   (0)      7 :  0.8717 0.0092 0.0121 0.0053 0.0056 0.0096 0.0060 0.0805 
188      188   (1)      7 :  0.9354 0.0068 0.0038 0.0055 0.0019 0.0022 0.0044 0.0400 
189      189   (1)      7 :  0.4079 0.3534 0.1616 0.0036 0.0026 0.0028 0.0030 0.0651 
190      190   (0)      7 :  0.8813 0.0027 0.0083 0.0713 0.0041 0.0017 0.0033 0.0273 
191      191   (0)      7 :  0.9403 0.0056 0.0026 0.0380 0.0022 0.0028 0.0027 0.0058 
192      192   (2)      7 :  0.7213 0.0038 0.0116 0.0182 0.1827 0.0028 0.0339 0.0257 
193      193   (1)      7 :  0.9464 0.0031 0.0073 0.0262 0.0030 0.0027 0.0016 0.0097 
194      194   (1)      7 :  0.8478 0.0135 0.0015 0.0932 0.0104 0.0116 0.0123 0.0097 
195      195   (0)      7 :  0.8958 0.0017 0.0271 0.0506 0.0161 0.0014 0.0024 0.0048 
196      196   (0)      7 :  0.8802 0.0022 0.0035 0.0975 0.0011 0.0027 0.0032 0.0096 
197      197   (1)      7 :  0.8705 0.0084 0.0033 0.1007 0.0024 0.0058 0.0026 0.0063 
198      198   (1)      7 :  0.8864 0.0026 0.0027 0.0998 0.0010 0.0018 0.0017 0.0040 
199      199   (0)      7 :  0.9427 0.0171 0.0019 0.0121 0.0011 0.0078 0.0036 0.0137 
200      200   (0)      7 :  0.5958 0.0098 0.0125 0.3026 0.0604 0.0042 0.0032 0.0115 
201      201   (1)      7 :  0.6321 0.0027 0.2943 0.0422 0.0024 0.0042 0.0032 0.0189 
202      202   (0)      7 :  0.8983 0.0014 0.0025 0.0924 0.0010 0.0012 0.0012 0.0020 
203      203   (1)      7 :  0.9545 0.0020 0.0062 0.0046 0.0022 0.0029 0.0017 0.0259 
204      204   (1)      7 :  0.5738 0.0322 0.0531 0.2782 0.0129 0.0275 0.0045 0.0178 
205      205   (0)      7 :  0.8950 0.0116 0.0044 0.0664 0.0038 0.0079 0.0040 0.0069 
206      206   (2)      7 :  0.6795 0.0032 0.2424 0.0205 0.0066 0.0042 0.0037 0.0399 
207      207   (2)      7 :  0.8362 0.0099 0.0017 0.0974 0.0013 0.0344 0.0075 0.0116 
208      208   (2)      7 :  0.6852 0.1184 0.0196 0.0363 0.0294 0.0050 0.0087 0.0974 
209      209   (0)      7 :  0.7891 0.0329 0.0137 0.0939 0.0011 0.0541 0.0043 0.0109 
210      210   (1)      7 :  0.8761 0.0034 0.0022 0.1026 0.0027 0.0039 0.0059 0.0032 
211      211   (0)      7 :  0.9427 0.0017 0.0069 0.0029 0.0023 0.0026 0.0017 0.0392 
212      212  (10)      7 :  0.8168 0.0038 0.0730 0.0948 0.0038 0.0019 0.0036 0.0023 
213      213   (1)      7 :  0.9312 0.0044 0.0068 0.0409 0.0010 0.0033 0.0049 0.0075 
214      214   (0)      7 :  0.8845 0.0100 0.0160 0.0622 0.0035 0.0024 0.0070 0.0144 
215      215   (2)      7 :  0.5144 0.0022 0.0542 0.2946 0.1245 0.0025 0.0026 0.0050 
216      216   (1)      4 :  0.0010 0.0008 0.0010 0.0010 0.9938 0.0007 0.0008 0.0009 
217      217   (1)      4 :  0.0017 0.0028 0.0018 0.0011 0.9876 0.0023 0.0011 0.0016 
218      218   (1)      4 :  0.0009 0.0010 0.0009 0.0015 0.9929 0.0009 0.0010 0.0009 
219      219   (1)      4 :  0.0008 0.0009 0.0009 0.0010 0.9939 0.0009 0.0007 0.0009 
220      220   (1)      4 :  0.0118 0.0032 0.2306 0.0309 0.7166 0.0021 0.0017 0.0031 
221      221   (1)      4 :  0.0018 0.0026 0.0014 0.0027 0.9868 0.0012 0.0014 0.0021 
222      222  (10)      4 :  0.0017 0.0022 0.0056 0.0045 0.9760 0.0013 0.0066 0.0021 
223      223   (2)      4 :  0.0010 0.0010 0.0017 0.0031 0.9906 0.0007 0.0008 0.0011 
224      224   (0)      4 :  0.0021 0.0013 0.0015 0.0067 0.9828 0.0016 0.0015 0.0025 
225      225   (2)      4 :  0.0009 0.0009 0.0010 0.0010 0.9939 0.0009 0.0005 0.0009 
226      226   (0)      4 :  0.0010 0.0009 0.0011 0.0018 0.9928 0.0005 0.0009 0.0010 
